

================================================================
== Vivado HLS Report for 'AXIvideo2Mat'
================================================================
* Date:           Thu Jul 29 09:33:25 2021

* Version:        2018.2 (Build 2258646 on Thu Jun 14 20:25:20 MDT 2018)
* Project:        opencv_prj
* Solution:       solution1
* Product family: zynq
* Target device:  xc7z020clg400-1


================================================================
== Performance Estimates
================================================================
+ Timing (ns): 
    * Summary: 
    +--------+-------+----------+------------+
    |  Clock | Target| Estimated| Uncertainty|
    +--------+-------+----------+------------+
    |ap_clk  |  10.00|     5.403|        1.25|
    +--------+-------+----------+------------+

+ Latency (clock cycles): 
    * Summary: 
    +-----+---------+-----+---------+---------+
    |    Latency    |    Interval   | Pipeline|
    | min |   max   | min |   max   |   Type  |
    +-----+---------+-----+---------+---------+
    |    3|  2080083|    3|  2080083|   none  |
    +-----+---------+-----+---------+---------+

    + Detail: 
        * Instance: 
        N/A

        * Loop: 
        +-----------------------+-----+---------+----------+-----------+-----------+----------+----------+
        |                       |    Latency    | Iteration|  Initiation Interval  |   Trip   |          |
        |       Loop Name       | min |   max   |  Latency |  achieved |   target  |   Count  | Pipelined|
        +-----------------------+-----+---------+----------+-----------+-----------+----------+----------+
        |- loop_wait_for_start  |    0|        0|         1|          1|          1|         0|    yes   |
        |- loop_height          |    0|  2080080| 6 ~ 1926 |          -|          -| 0 ~ 1080 |    no    |
        | + loop_width          |    1|     1921|         3|          1|          1| 0 ~ 1920 |    yes   |
        | + loop_wait_for_eol   |    0|        0|         1|          1|          1|         0|    yes   |
        +-----------------------+-----+---------+----------+-----------+-----------+----------+----------+



================================================================
== Utilization Estimates
================================================================
* Summary: 
+-----------------+---------+-------+--------+-------+
|       Name      | BRAM_18K| DSP48E|   FF   |  LUT  |
+-----------------+---------+-------+--------+-------+
|DSP              |        -|      -|       -|      -|
|Expression       |        -|      -|       0|    134|
|FIFO             |        -|      -|       -|      -|
|Instance         |        -|      -|       -|      -|
|Memory           |        -|      -|       -|      -|
|Multiplexer      |        -|      -|       -|    311|
|Register         |        -|      -|     885|      -|
+-----------------+---------+-------+--------+-------+
|Total            |        0|      0|     885|    445|
+-----------------+---------+-------+--------+-------+
|Available        |      280|    220|  106400|  53200|
+-----------------+---------+-------+--------+-------+
|Utilization (%)  |        0|      0|   ~0   |   ~0  |
+-----------------+---------+-------+--------+-------+

+ Detail: 
    * Instance: 
    N/A

    * DSP48: 
    N/A

    * Memory: 
    N/A

    * FIFO: 
    N/A

    * Expression: 
    +----------------------------------+----------+-------+---+----+------------+------------+
    |           Variable Name          | Operation| DSP48E| FF| LUT| Bitwidth P0| Bitwidth P1|
    +----------------------------------+----------+-------+---+----+------------+------------+
    |i_V_fu_287_p2                     |     +    |      0|  0|  39|          32|           1|
    |j_V_fu_298_p2                     |     +    |      0|  0|  39|          32|           1|
    |AXI_video_strm_V_id_V0_status     |    and   |      0|  0|   2|           1|           1|
    |ap_block_state6_pp1_stage0_iter1  |    and   |      0|  0|   2|           1|           1|
    |ap_block_state9                   |    and   |      0|  0|   2|           1|           1|
    |ap_condition_234                  |    and   |      0|  0|   2|           1|           1|
    |ap_condition_274                  |    and   |      0|  0|   2|           1|           1|
    |ap_predicate_op58_read_state6     |    and   |      0|  0|   2|           1|           1|
    |exitcond6_fu_282_p2               |   icmp   |      0|  0|  18|          32|          32|
    |exitcond_fu_293_p2                |   icmp   |      0|  0|  18|          32|          32|
    |ap_block_pp1_stage0_01001         |    or    |      0|  0|   2|           1|           1|
    |ap_block_state7_pp1_stage0_iter2  |    or    |      0|  0|   2|           1|           1|
    |brmerge_fu_307_p2                 |    or    |      0|  0|   2|           1|           1|
    |ap_enable_pp1                     |    xor   |      0|  0|   2|           1|           2|
    +----------------------------------+----------+-------+---+----+------------+------------+
    |Total                             |          |      0|  0| 134|         138|          77|
    +----------------------------------+----------+-------+---+----+------------+------------+

    * Multiplexer: 
    +---------------------------------------+----+-----------+-----+-----------+
    |                  Name                 | LUT| Input Size| Bits| Total Bits|
    +---------------------------------------+----+-----------+-----+-----------+
    |AXI_video_strm_V_data_V_blk_n          |   9|          2|    1|          2|
    |AXI_video_strm_V_dest_V_blk_n          |   9|          2|    1|          2|
    |AXI_video_strm_V_id_V_blk_n            |   9|          2|    1|          2|
    |AXI_video_strm_V_keep_V_blk_n          |   9|          2|    1|          2|
    |AXI_video_strm_V_last_V_blk_n          |   9|          2|    1|          2|
    |AXI_video_strm_V_strb_V_blk_n          |   9|          2|    1|          2|
    |AXI_video_strm_V_user_V_blk_n          |   9|          2|    1|          2|
    |ap_NS_fsm                              |  44|          9|    1|          9|
    |ap_enable_reg_pp1_iter1                |   9|          2|    1|          2|
    |ap_enable_reg_pp1_iter2                |  15|          3|    1|          3|
    |ap_phi_mux_axi_data_V_1_phi_fu_184_p4  |   9|          2|  128|        256|
    |ap_phi_mux_eol_1_phi_fu_173_p4         |   9|          2|    1|          2|
    |ap_phi_mux_eol_phi_fu_196_p4           |   9|          2|    1|          2|
    |ap_phi_mux_p_Val2_s_phi_fu_221_p4      |  15|          3|  128|        384|
    |axi_data_V1_reg_138                    |   9|          2|  128|        256|
    |axi_data_V_1_reg_181                   |   9|          2|  128|        256|
    |axi_data_V_3_reg_241                   |   9|          2|  128|        256|
    |axi_last_V1_reg_128                    |   9|          2|    1|          2|
    |axi_last_V_2_reg_204                   |  15|          3|    1|          3|
    |axi_last_V_3_reg_229                   |   9|          2|    1|          2|
    |eol_1_reg_170                          |   9|          2|    1|          2|
    |eol_2_reg_253                          |   9|          2|    1|          2|
    |eol_reg_192                            |   9|          2|    1|          2|
    |img_data_stream_0_V_blk_n              |   9|          2|    1|          2|
    |img_data_stream_1_V_blk_n              |   9|          2|    1|          2|
    |p_Val2_s_reg_217                       |  15|          3|  128|        384|
    |t_V_6_reg_159                          |   9|          2|   32|         64|
    |t_V_reg_148                            |   9|          2|   32|         64|
    +---------------------------------------+----+-----------+-----+-----------+
    |Total                                  | 311|         67|  852|       1969|
    +---------------------------------------+----+-----------+-----+-----------+

    * Register: 
    +--------------------------------+-----+----+-----+-----------+
    |              Name              |  FF | LUT| Bits| Const Bits|
    +--------------------------------+-----+----+-----+-----------+
    |ap_CS_fsm                       |    8|   0|    8|          0|
    |ap_enable_reg_pp1_iter0         |    1|   0|    1|          0|
    |ap_enable_reg_pp1_iter1         |    1|   0|    1|          0|
    |ap_enable_reg_pp1_iter2         |    1|   0|    1|          0|
    |axi_data_V1_reg_138             |  128|   0|  128|          0|
    |axi_data_V_1_reg_181            |  128|   0|  128|          0|
    |axi_data_V_3_reg_241            |  128|   0|  128|          0|
    |axi_last_V1_reg_128             |    1|   0|    1|          0|
    |axi_last_V_2_reg_204            |    1|   0|    1|          0|
    |axi_last_V_3_reg_229            |    1|   0|    1|          0|
    |eol_1_reg_170                   |    1|   0|    1|          0|
    |eol_2_reg_253                   |    1|   0|    1|          0|
    |eol_reg_192                     |    1|   0|    1|          0|
    |exitcond_reg_379                |    1|   0|    1|          0|
    |exitcond_reg_379_pp1_iter1_reg  |    1|   0|    1|          0|
    |i_V_reg_374                     |   32|   0|   32|          0|
    |p_Result_1_reg_397              |   64|   0|   64|          0|
    |p_Result_s_reg_392              |   64|   0|   64|          0|
    |p_Val2_s_reg_217                |  128|   0|  128|          0|
    |sof_1_fu_80                     |    1|   0|    1|          0|
    |t_V_6_reg_159                   |   32|   0|   32|          0|
    |t_V_reg_148                     |   32|   0|   32|          0|
    |tmp_data_V_reg_350              |  128|   0|  128|          0|
    |tmp_last_V_reg_358              |    1|   0|    1|          0|
    +--------------------------------+-----+----+-----+-----------+
    |Total                           |  885|   0|  885|          0|
    +--------------------------------+-----+----+-----+-----------+



================================================================
== Interface
================================================================
* Summary: 
+---------------------------------+-----+-----+------------+-------------------------+--------------+
|            RTL Ports            | Dir | Bits|  Protocol  |      Source Object      |    C Type    |
+---------------------------------+-----+-----+------------+-------------------------+--------------+
|ap_clk                           |  in |    1| ap_ctrl_hs |       AXIvideo2Mat      | return value |
|ap_rst                           |  in |    1| ap_ctrl_hs |       AXIvideo2Mat      | return value |
|ap_start                         |  in |    1| ap_ctrl_hs |       AXIvideo2Mat      | return value |
|ap_done                          | out |    1| ap_ctrl_hs |       AXIvideo2Mat      | return value |
|ap_idle                          | out |    1| ap_ctrl_hs |       AXIvideo2Mat      | return value |
|ap_ready                         | out |    1| ap_ctrl_hs |       AXIvideo2Mat      | return value |
|AXI_video_strm_V_data_V_dout     |  in |  128|   ap_fifo  | AXI_video_strm_V_data_V |    pointer   |
|AXI_video_strm_V_data_V_empty_n  |  in |    1|   ap_fifo  | AXI_video_strm_V_data_V |    pointer   |
|AXI_video_strm_V_data_V_read     | out |    1|   ap_fifo  | AXI_video_strm_V_data_V |    pointer   |
|AXI_video_strm_V_keep_V_dout     |  in |   16|   ap_fifo  | AXI_video_strm_V_keep_V |    pointer   |
|AXI_video_strm_V_keep_V_empty_n  |  in |    1|   ap_fifo  | AXI_video_strm_V_keep_V |    pointer   |
|AXI_video_strm_V_keep_V_read     | out |    1|   ap_fifo  | AXI_video_strm_V_keep_V |    pointer   |
|AXI_video_strm_V_strb_V_dout     |  in |   16|   ap_fifo  | AXI_video_strm_V_strb_V |    pointer   |
|AXI_video_strm_V_strb_V_empty_n  |  in |    1|   ap_fifo  | AXI_video_strm_V_strb_V |    pointer   |
|AXI_video_strm_V_strb_V_read     | out |    1|   ap_fifo  | AXI_video_strm_V_strb_V |    pointer   |
|AXI_video_strm_V_user_V_dout     |  in |    1|   ap_fifo  | AXI_video_strm_V_user_V |    pointer   |
|AXI_video_strm_V_user_V_empty_n  |  in |    1|   ap_fifo  | AXI_video_strm_V_user_V |    pointer   |
|AXI_video_strm_V_user_V_read     | out |    1|   ap_fifo  | AXI_video_strm_V_user_V |    pointer   |
|AXI_video_strm_V_last_V_dout     |  in |    1|   ap_fifo  | AXI_video_strm_V_last_V |    pointer   |
|AXI_video_strm_V_last_V_empty_n  |  in |    1|   ap_fifo  | AXI_video_strm_V_last_V |    pointer   |
|AXI_video_strm_V_last_V_read     | out |    1|   ap_fifo  | AXI_video_strm_V_last_V |    pointer   |
|AXI_video_strm_V_id_V_dout       |  in |    1|   ap_fifo  |  AXI_video_strm_V_id_V  |    pointer   |
|AXI_video_strm_V_id_V_empty_n    |  in |    1|   ap_fifo  |  AXI_video_strm_V_id_V  |    pointer   |
|AXI_video_strm_V_id_V_read       | out |    1|   ap_fifo  |  AXI_video_strm_V_id_V  |    pointer   |
|AXI_video_strm_V_dest_V_dout     |  in |    1|   ap_fifo  | AXI_video_strm_V_dest_V |    pointer   |
|AXI_video_strm_V_dest_V_empty_n  |  in |    1|   ap_fifo  | AXI_video_strm_V_dest_V |    pointer   |
|AXI_video_strm_V_dest_V_read     | out |    1|   ap_fifo  | AXI_video_strm_V_dest_V |    pointer   |
|img_rows_V_read                  |  in |   32|   ap_none  |     img_rows_V_read     |    scalar    |
|img_cols_V_read                  |  in |   32|   ap_none  |     img_cols_V_read     |    scalar    |
|img_data_stream_0_V_din          | out |   64|   ap_fifo  |   img_data_stream_0_V   |    pointer   |
|img_data_stream_0_V_full_n       |  in |    1|   ap_fifo  |   img_data_stream_0_V   |    pointer   |
|img_data_stream_0_V_write        | out |    1|   ap_fifo  |   img_data_stream_0_V   |    pointer   |
|img_data_stream_1_V_din          | out |   64|   ap_fifo  |   img_data_stream_1_V   |    pointer   |
|img_data_stream_1_V_full_n       |  in |    1|   ap_fifo  |   img_data_stream_1_V   |    pointer   |
|img_data_stream_1_V_write        | out |    1|   ap_fifo  |   img_data_stream_1_V   |    pointer   |
+---------------------------------+-----+-----+------------+-------------------------+--------------+

