

================================================================
== Vivado HLS Report for 'AddWeighted'
================================================================
* Date:           Thu Jul 29 09:33:24 2021

* Version:        2018.2 (Build 2258646 on Thu Jun 14 20:25:20 MDT 2018)
* Project:        opencv_prj
* Solution:       solution1
* Product family: zynq
* Target device:  xc7z020clg400-1


================================================================
== Performance Estimates
================================================================
+ Timing (ns): 
    * Summary: 
    +--------+-------+----------+------------+
    |  Clock | Target| Estimated| Uncertainty|
    +--------+-------+----------+------------+
    |ap_clk  |  10.00|     8.232|        1.25|
    +--------+-------+----------+------------+

+ Latency (clock cycles): 
    * Summary: 
    +-----+---------+-----+---------+---------+
    |    Latency    |    Interval   | Pipeline|
    | min |   max   | min |   max   |   Type  |
    +-----+---------+-----+---------+---------+
    |    1|  2088721|    1|  2088721|   none  |
    +-----+---------+-----+---------+---------+

    + Detail: 
        * Instance: 
        N/A

        * Loop: 
        +---------------+-----+---------+----------+-----------+-----------+----------+----------+
        |               |    Latency    | Iteration|  Initiation Interval  |   Trip   |          |
        |   Loop Name   | min |   max   |  Latency |  achieved |   target  |   Count  | Pipelined|
        +---------------+-----+---------+----------+-----------+-----------+----------+----------+
        |- loop_height  |    0|  2088720| 3 ~ 1934 |          -|          -| 0 ~ 1080 |    no    |
        | + loop_width  |    0|     1931|        13|          1|          1| 0 ~ 1920 |    yes   |
        +---------------+-----+---------+----------+-----------+-----------+----------+----------+

============================================================
+ Verbose Summary: Synthesis Manager
============================================================
InlineROM: 1
ExposeGlobal: 0
============================================================
+ Verbose Summary: CDFG Model
============================================================
IsTopModel: 0
ResetActiveHigh: 1
IsCombinational: 0
IsDatapathOnly: 0
HasWiredReturn: 1
HasMFsm: 0
HasVarLatency: 1
IsPipeline: 0
IsRtlPipelined: 0
IsInstanceOverlapped: 0
IsDontTouch: 0
HasImplIP: 0
IsGatedGlobalClock: 0

+ Individual pipeline summary: 
  * Pipeline-0: initiation interval (II) = 1, depth = 13


============================================================
+ Verbose Summary: Schedule
============================================================
* Number of FSM states : 16
* Pipeline : 1
  Pipeline-0 : II = 1, D = 13, States = { 3 4 5 6 7 8 9 10 11 12 13 14 15 }
* Dataflow Pipeline: 0

* FSM state transitions: 
1 --> 
	2  / true
2 --> 
	3  / (!exitcond2_i)
3 --> 
	16  / (exitcond_i)
	4  / (!exitcond_i)
4 --> 
	5  / true
5 --> 
	6  / true
6 --> 
	7  / true
7 --> 
	8  / true
8 --> 
	9  / true
9 --> 
	10  / true
10 --> 
	11  / true
11 --> 
	12  / true
12 --> 
	13  / true
13 --> 
	14  / true
14 --> 
	15  / true
15 --> 
	3  / true
16 --> 
	2  / true

* FSM state operations: 

State 1 <SV = 0> <Delay = 1.76>
ST_1 : Operation 17 [1/1] (0.00ns)   --->   "%empty = call i32 (...)* @_ssdm_op_SpecInterface(double* %dst_data_stream_V, [8 x i8]* @ap_fifo_str, i32 0, i32 0, [1 x i8]* @p_str, i32 0, i32 0, [1 x i8]* @p_str, [1 x i8]* @p_str, [1 x i8]* @p_str, i32 2, i32 2, i32 16, i32 16, [1 x i8]* @p_str, [1 x i8]* @p_str)"   --->   Operation 17 'specinterface' 'empty' <Predicate = true> <Delay = 0.00>
ST_1 : Operation 18 [1/1] (0.00ns)   --->   "%empty_108 = call i32 (...)* @_ssdm_op_SpecInterface(double* %src2_data_stream_V, [8 x i8]* @ap_fifo_str, i32 0, i32 0, [1 x i8]* @p_str, i32 0, i32 0, [1 x i8]* @p_str, [1 x i8]* @p_str, [1 x i8]* @p_str, i32 2, i32 2, i32 16, i32 16, [1 x i8]* @p_str, [1 x i8]* @p_str)"   --->   Operation 18 'specinterface' 'empty_108' <Predicate = true> <Delay = 0.00>
ST_1 : Operation 19 [1/1] (0.00ns)   --->   "%empty_109 = call i32 (...)* @_ssdm_op_SpecInterface(double* %src1_data_stream_V, [8 x i8]* @ap_fifo_str, i32 0, i32 0, [1 x i8]* @p_str, i32 0, i32 0, [1 x i8]* @p_str, [1 x i8]* @p_str, [1 x i8]* @p_str, i32 2, i32 2, i32 16, i32 16, [1 x i8]* @p_str, [1 x i8]* @p_str)"   --->   Operation 19 'specinterface' 'empty_109' <Predicate = true> <Delay = 0.00>
ST_1 : Operation 20 [1/1] (0.00ns)   --->   "%src1_cols_V_read_2 = call i32 @_ssdm_op_Read.ap_auto.i32(i32 %src1_cols_V_read)"   --->   Operation 20 'read' 'src1_cols_V_read_2' <Predicate = true> <Delay = 0.00>
ST_1 : Operation 21 [1/1] (0.00ns)   --->   "%src1_rows_V_read_2 = call i32 @_ssdm_op_Read.ap_auto.i32(i32 %src1_rows_V_read)"   --->   Operation 21 'read' 'src1_rows_V_read_2' <Predicate = true> <Delay = 0.00>
ST_1 : Operation 22 [1/1] (1.76ns)   --->   "br label %0" [D:/Xilinx/Vivado/2018.2/common/technology/autopilot/hls/hls_video_arithm.h:354->D:/Xilinx/Vivado/2018.2/common/technology/autopilot/hls/hls_video_arithm.h:853]   --->   Operation 22 'br' <Predicate = true> <Delay = 1.76>

State 2 <SV = 1> <Delay = 3.45>
ST_2 : Operation 23 [1/1] (0.00ns)   --->   "%t_V = phi i32 [ 0, %._crit_edge3 ], [ %i_V, %3 ]"   --->   Operation 23 'phi' 't_V' <Predicate = true> <Delay = 0.00>
ST_2 : Operation 24 [1/1] (2.47ns)   --->   "%exitcond2_i = icmp eq i32 %t_V, %src1_rows_V_read_2" [D:/Xilinx/Vivado/2018.2/common/technology/autopilot/hls/hls_video_arithm.h:354->D:/Xilinx/Vivado/2018.2/common/technology/autopilot/hls/hls_video_arithm.h:853]   --->   Operation 24 'icmp' 'exitcond2_i' <Predicate = true> <Delay = 2.47> <Core = "Cmp">   --->   Core 25 'Cmp' <Latency = 0> <II = 1> <Delay = 2.47> <FuncUnit> <Opcode : 'icmp'> <InPorts = 2> <OutPorts = 1>
ST_2 : Operation 25 [1/1] (0.00ns)   --->   "call void (...)* @_ssdm_op_SpecLoopTripCount(i64 0, i64 1080, i64 0)"   --->   Operation 25 'speclooptripcount' <Predicate = true> <Delay = 0.00>
ST_2 : Operation 26 [1/1] (2.55ns)   --->   "%i_V = add i32 %t_V, 1" [D:/Xilinx/Vivado/2018.2/common/technology/autopilot/hls/hls_video_arithm.h:354->D:/Xilinx/Vivado/2018.2/common/technology/autopilot/hls/hls_video_arithm.h:853]   --->   Operation 26 'add' 'i_V' <Predicate = true> <Delay = 2.55> <Core = "AddSub">   --->   Core 14 'AddSub' <Latency = 0> <II = 1> <Delay = 2.55> <FuncUnit> <Opcode : 'add' 'sub'> <InPorts = 2> <OutPorts = 1>
ST_2 : Operation 27 [1/1] (0.00ns)   --->   "br i1 %exitcond2_i, label %"arithm_pro<kernel_addWeighted, 1080, 1920, 6, 6, 6, int, int, int>.exit", label %1" [D:/Xilinx/Vivado/2018.2/common/technology/autopilot/hls/hls_video_arithm.h:354->D:/Xilinx/Vivado/2018.2/common/technology/autopilot/hls/hls_video_arithm.h:853]   --->   Operation 27 'br' <Predicate = true> <Delay = 0.00>
ST_2 : Operation 28 [1/1] (0.00ns)   --->   "call void (...)* @_ssdm_op_SpecLoopName([12 x i8]* @p_str6) nounwind" [D:/Xilinx/Vivado/2018.2/common/technology/autopilot/hls/hls_video_arithm.h:354->D:/Xilinx/Vivado/2018.2/common/technology/autopilot/hls/hls_video_arithm.h:853]   --->   Operation 28 'specloopname' <Predicate = (!exitcond2_i)> <Delay = 0.00>
ST_2 : Operation 29 [1/1] (0.00ns)   --->   "%tmp_i = call i32 (...)* @_ssdm_op_SpecRegionBegin([12 x i8]* @p_str6)" [D:/Xilinx/Vivado/2018.2/common/technology/autopilot/hls/hls_video_arithm.h:354->D:/Xilinx/Vivado/2018.2/common/technology/autopilot/hls/hls_video_arithm.h:853]   --->   Operation 29 'specregionbegin' 'tmp_i' <Predicate = (!exitcond2_i)> <Delay = 0.00>
ST_2 : Operation 30 [1/1] (1.76ns)   --->   "br label %2" [D:/Xilinx/Vivado/2018.2/common/technology/autopilot/hls/hls_video_arithm.h:355->D:/Xilinx/Vivado/2018.2/common/technology/autopilot/hls/hls_video_arithm.h:853]   --->   Operation 30 'br' <Predicate = (!exitcond2_i)> <Delay = 1.76>
ST_2 : Operation 31 [1/1] (0.00ns)   --->   "ret void" [D:/Xilinx/Vivado/2018.2/common/technology/autopilot/hls/hls_video_arithm.h:854]   --->   Operation 31 'ret' <Predicate = (exitcond2_i)> <Delay = 0.00>

State 3 <SV = 2> <Delay = 2.55>
ST_3 : Operation 32 [1/1] (0.00ns)   --->   "%t_V_4 = phi i32 [ 0, %1 ], [ %j_V, %.critedge.i ]"   --->   Operation 32 'phi' 't_V_4' <Predicate = true> <Delay = 0.00>
ST_3 : Operation 33 [1/1] (2.47ns)   --->   "%exitcond_i = icmp eq i32 %t_V_4, %src1_cols_V_read_2" [D:/Xilinx/Vivado/2018.2/common/technology/autopilot/hls/hls_video_arithm.h:355->D:/Xilinx/Vivado/2018.2/common/technology/autopilot/hls/hls_video_arithm.h:853]   --->   Operation 33 'icmp' 'exitcond_i' <Predicate = true> <Delay = 2.47> <Core = "Cmp">   --->   Core 25 'Cmp' <Latency = 0> <II = 1> <Delay = 2.47> <FuncUnit> <Opcode : 'icmp'> <InPorts = 2> <OutPorts = 1>
ST_3 : Operation 34 [1/1] (0.00ns)   --->   "call void (...)* @_ssdm_op_SpecLoopTripCount(i64 0, i64 1920, i64 0)"   --->   Operation 34 'speclooptripcount' <Predicate = true> <Delay = 0.00>
ST_3 : Operation 35 [1/1] (2.55ns)   --->   "%j_V = add i32 %t_V_4, 1" [D:/Xilinx/Vivado/2018.2/common/technology/autopilot/hls/hls_video_arithm.h:355->D:/Xilinx/Vivado/2018.2/common/technology/autopilot/hls/hls_video_arithm.h:853]   --->   Operation 35 'add' 'j_V' <Predicate = true> <Delay = 2.55> <Core = "AddSub">   --->   Core 14 'AddSub' <Latency = 0> <II = 1> <Delay = 2.55> <FuncUnit> <Opcode : 'add' 'sub'> <InPorts = 2> <OutPorts = 1>
ST_3 : Operation 36 [1/1] (0.00ns)   --->   "br i1 %exitcond_i, label %3, label %.critedge.i" [D:/Xilinx/Vivado/2018.2/common/technology/autopilot/hls/hls_video_arithm.h:355->D:/Xilinx/Vivado/2018.2/common/technology/autopilot/hls/hls_video_arithm.h:853]   --->   Operation 36 'br' <Predicate = true> <Delay = 0.00>

State 4 <SV = 3> <Delay = 3.63>
ST_4 : Operation 37 [1/1] (0.00ns)   --->   "%tmp_11_i = call i32 (...)* @_ssdm_op_SpecRegionBegin([12 x i8]* @p_str18)" [D:/Xilinx/Vivado/2018.2/common/technology/autopilot/hls/hls_video_core.h:617->D:/Xilinx/Vivado/2018.2/common/technology/autopilot/hls/hls_video_core.h:656->D:/Xilinx/Vivado/2018.2/common/technology/autopilot/hls/hls_video_arithm.h:358->D:/Xilinx/Vivado/2018.2/common/technology/autopilot/hls/hls_video_arithm.h:853]   --->   Operation 37 'specregionbegin' 'tmp_11_i' <Predicate = (!exitcond_i)> <Delay = 0.00>
ST_4 : Operation 38 [1/1] (0.00ns)   --->   "call void (...)* @_ssdm_op_SpecProtocol(i32 0, [1 x i8]* @p_str) nounwind" [D:/Xilinx/Vivado/2018.2/common/technology/autopilot/hls/hls_video_core.h:621->D:/Xilinx/Vivado/2018.2/common/technology/autopilot/hls/hls_video_core.h:656->D:/Xilinx/Vivado/2018.2/common/technology/autopilot/hls/hls_video_arithm.h:358->D:/Xilinx/Vivado/2018.2/common/technology/autopilot/hls/hls_video_arithm.h:853]   --->   Operation 38 'specprotocol' <Predicate = (!exitcond_i)> <Delay = 0.00>
ST_4 : Operation 39 [1/1] (3.63ns)   --->   "%tmp_14 = call double @_ssdm_op_Read.ap_fifo.volatile.doubleP(double* %src1_data_stream_V)" [D:/Xilinx/Vivado/2018.2/common/technology/autopilot/hls/hls_video_core.h:624->D:/Xilinx/Vivado/2018.2/common/technology/autopilot/hls/hls_video_core.h:656->D:/Xilinx/Vivado/2018.2/common/technology/autopilot/hls/hls_video_arithm.h:358->D:/Xilinx/Vivado/2018.2/common/technology/autopilot/hls/hls_video_arithm.h:853]   --->   Operation 39 'read' 'tmp_14' <Predicate = (!exitcond_i)> <Delay = 3.63> <Core = "FIFO">   --->   Core 32 'FIFO' <Latency = 0> <II = 1> <Delay = 3.63> <Storage> <Opcode : 'read' 'write' 'nbread' 'nbwrite'> <Ports = 0> <Width = 64> <Depth = 4> <FIFO>
ST_4 : Operation 40 [1/1] (0.00ns)   --->   "%empty_110 = call i32 (...)* @_ssdm_op_SpecRegionEnd([12 x i8]* @p_str18, i32 %tmp_11_i)" [D:/Xilinx/Vivado/2018.2/common/technology/autopilot/hls/hls_video_core.h:626->D:/Xilinx/Vivado/2018.2/common/technology/autopilot/hls/hls_video_core.h:656->D:/Xilinx/Vivado/2018.2/common/technology/autopilot/hls/hls_video_arithm.h:358->D:/Xilinx/Vivado/2018.2/common/technology/autopilot/hls/hls_video_arithm.h:853]   --->   Operation 40 'specregionend' 'empty_110' <Predicate = (!exitcond_i)> <Delay = 0.00>
ST_4 : Operation 41 [1/1] (0.00ns)   --->   "%tmp_12_i = call i32 (...)* @_ssdm_op_SpecRegionBegin([12 x i8]* @p_str18)" [D:/Xilinx/Vivado/2018.2/common/technology/autopilot/hls/hls_video_core.h:617->D:/Xilinx/Vivado/2018.2/common/technology/autopilot/hls/hls_video_core.h:656->D:/Xilinx/Vivado/2018.2/common/technology/autopilot/hls/hls_video_arithm.h:359->D:/Xilinx/Vivado/2018.2/common/technology/autopilot/hls/hls_video_arithm.h:853]   --->   Operation 41 'specregionbegin' 'tmp_12_i' <Predicate = (!exitcond_i)> <Delay = 0.00>
ST_4 : Operation 42 [1/1] (0.00ns)   --->   "call void (...)* @_ssdm_op_SpecProtocol(i32 0, [1 x i8]* @p_str) nounwind" [D:/Xilinx/Vivado/2018.2/common/technology/autopilot/hls/hls_video_core.h:621->D:/Xilinx/Vivado/2018.2/common/technology/autopilot/hls/hls_video_core.h:656->D:/Xilinx/Vivado/2018.2/common/technology/autopilot/hls/hls_video_arithm.h:359->D:/Xilinx/Vivado/2018.2/common/technology/autopilot/hls/hls_video_arithm.h:853]   --->   Operation 42 'specprotocol' <Predicate = (!exitcond_i)> <Delay = 0.00>
ST_4 : Operation 43 [1/1] (3.63ns)   --->   "%tmp_15 = call double @_ssdm_op_Read.ap_fifo.volatile.doubleP(double* %src2_data_stream_V)" [D:/Xilinx/Vivado/2018.2/common/technology/autopilot/hls/hls_video_core.h:624->D:/Xilinx/Vivado/2018.2/common/technology/autopilot/hls/hls_video_core.h:656->D:/Xilinx/Vivado/2018.2/common/technology/autopilot/hls/hls_video_arithm.h:359->D:/Xilinx/Vivado/2018.2/common/technology/autopilot/hls/hls_video_arithm.h:853]   --->   Operation 43 'read' 'tmp_15' <Predicate = (!exitcond_i)> <Delay = 3.63> <Core = "FIFO">   --->   Core 32 'FIFO' <Latency = 0> <II = 1> <Delay = 3.63> <Storage> <Opcode : 'read' 'write' 'nbread' 'nbwrite'> <Ports = 0> <Width = 64> <Depth = 4> <FIFO>
ST_4 : Operation 44 [1/1] (0.00ns)   --->   "%empty_111 = call i32 (...)* @_ssdm_op_SpecRegionEnd([12 x i8]* @p_str18, i32 %tmp_12_i)" [D:/Xilinx/Vivado/2018.2/common/technology/autopilot/hls/hls_video_core.h:626->D:/Xilinx/Vivado/2018.2/common/technology/autopilot/hls/hls_video_core.h:656->D:/Xilinx/Vivado/2018.2/common/technology/autopilot/hls/hls_video_arithm.h:359->D:/Xilinx/Vivado/2018.2/common/technology/autopilot/hls/hls_video_arithm.h:853]   --->   Operation 44 'specregionend' 'empty_111' <Predicate = (!exitcond_i)> <Delay = 0.00>

State 5 <SV = 4> <Delay = 8.23>
ST_5 : Operation 45 [5/5] (8.23ns)   --->   "%tmp_i_112 = fadd double %tmp_14, %tmp_15" [D:/Xilinx/Vivado/2018.2/common/technology/autopilot/hls/hls_video_arithm.h:280->D:/Xilinx/Vivado/2018.2/common/technology/autopilot/hls/hls_video_arithm.h:361->D:/Xilinx/Vivado/2018.2/common/technology/autopilot/hls/hls_video_arithm.h:853]   --->   Operation 45 'dadd' 'tmp_i_112' <Predicate = (!exitcond_i)> <Delay = 8.23> <Core = "DAddSub">   --->   Core 109 'DAddSub' <Latency = 4> <II = 1> <Delay = 8.23> <FuncUnit> <Opcode : 'dadd' 'dsub'> <InPorts = 2> <OutPorts = 1>

State 6 <SV = 5> <Delay = 8.23>
ST_6 : Operation 46 [4/5] (8.23ns)   --->   "%tmp_i_112 = fadd double %tmp_14, %tmp_15" [D:/Xilinx/Vivado/2018.2/common/technology/autopilot/hls/hls_video_arithm.h:280->D:/Xilinx/Vivado/2018.2/common/technology/autopilot/hls/hls_video_arithm.h:361->D:/Xilinx/Vivado/2018.2/common/technology/autopilot/hls/hls_video_arithm.h:853]   --->   Operation 46 'dadd' 'tmp_i_112' <Predicate = (!exitcond_i)> <Delay = 8.23> <Core = "DAddSub">   --->   Core 109 'DAddSub' <Latency = 4> <II = 1> <Delay = 8.23> <FuncUnit> <Opcode : 'dadd' 'dsub'> <InPorts = 2> <OutPorts = 1>

State 7 <SV = 6> <Delay = 8.23>
ST_7 : Operation 47 [3/5] (8.23ns)   --->   "%tmp_i_112 = fadd double %tmp_14, %tmp_15" [D:/Xilinx/Vivado/2018.2/common/technology/autopilot/hls/hls_video_arithm.h:280->D:/Xilinx/Vivado/2018.2/common/technology/autopilot/hls/hls_video_arithm.h:361->D:/Xilinx/Vivado/2018.2/common/technology/autopilot/hls/hls_video_arithm.h:853]   --->   Operation 47 'dadd' 'tmp_i_112' <Predicate = (!exitcond_i)> <Delay = 8.23> <Core = "DAddSub">   --->   Core 109 'DAddSub' <Latency = 4> <II = 1> <Delay = 8.23> <FuncUnit> <Opcode : 'dadd' 'dsub'> <InPorts = 2> <OutPorts = 1>

State 8 <SV = 7> <Delay = 8.23>
ST_8 : Operation 48 [2/5] (8.23ns)   --->   "%tmp_i_112 = fadd double %tmp_14, %tmp_15" [D:/Xilinx/Vivado/2018.2/common/technology/autopilot/hls/hls_video_arithm.h:280->D:/Xilinx/Vivado/2018.2/common/technology/autopilot/hls/hls_video_arithm.h:361->D:/Xilinx/Vivado/2018.2/common/technology/autopilot/hls/hls_video_arithm.h:853]   --->   Operation 48 'dadd' 'tmp_i_112' <Predicate = (!exitcond_i)> <Delay = 8.23> <Core = "DAddSub">   --->   Core 109 'DAddSub' <Latency = 4> <II = 1> <Delay = 8.23> <FuncUnit> <Opcode : 'dadd' 'dsub'> <InPorts = 2> <OutPorts = 1>

State 9 <SV = 8> <Delay = 8.23>
ST_9 : Operation 49 [1/5] (8.23ns)   --->   "%tmp_i_112 = fadd double %tmp_14, %tmp_15" [D:/Xilinx/Vivado/2018.2/common/technology/autopilot/hls/hls_video_arithm.h:280->D:/Xilinx/Vivado/2018.2/common/technology/autopilot/hls/hls_video_arithm.h:361->D:/Xilinx/Vivado/2018.2/common/technology/autopilot/hls/hls_video_arithm.h:853]   --->   Operation 49 'dadd' 'tmp_i_112' <Predicate = (!exitcond_i)> <Delay = 8.23> <Core = "DAddSub">   --->   Core 109 'DAddSub' <Latency = 4> <II = 1> <Delay = 8.23> <FuncUnit> <Opcode : 'dadd' 'dsub'> <InPorts = 2> <OutPorts = 1>

State 10 <SV = 9> <Delay = 8.23>
ST_10 : Operation 50 [5/5] (8.23ns)   --->   "%sum = fadd double %tmp_i_112, 0.000000e+00" [D:/Xilinx/Vivado/2018.2/common/technology/autopilot/hls/hls_video_arithm.h:280->D:/Xilinx/Vivado/2018.2/common/technology/autopilot/hls/hls_video_arithm.h:361->D:/Xilinx/Vivado/2018.2/common/technology/autopilot/hls/hls_video_arithm.h:853]   --->   Operation 50 'dadd' 'sum' <Predicate = (!exitcond_i)> <Delay = 8.23> <Core = "DAddSub">   --->   Core 109 'DAddSub' <Latency = 4> <II = 1> <Delay = 8.23> <FuncUnit> <Opcode : 'dadd' 'dsub'> <InPorts = 2> <OutPorts = 1>

State 11 <SV = 10> <Delay = 8.23>
ST_11 : Operation 51 [4/5] (8.23ns)   --->   "%sum = fadd double %tmp_i_112, 0.000000e+00" [D:/Xilinx/Vivado/2018.2/common/technology/autopilot/hls/hls_video_arithm.h:280->D:/Xilinx/Vivado/2018.2/common/technology/autopilot/hls/hls_video_arithm.h:361->D:/Xilinx/Vivado/2018.2/common/technology/autopilot/hls/hls_video_arithm.h:853]   --->   Operation 51 'dadd' 'sum' <Predicate = (!exitcond_i)> <Delay = 8.23> <Core = "DAddSub">   --->   Core 109 'DAddSub' <Latency = 4> <II = 1> <Delay = 8.23> <FuncUnit> <Opcode : 'dadd' 'dsub'> <InPorts = 2> <OutPorts = 1>

State 12 <SV = 11> <Delay = 8.23>
ST_12 : Operation 52 [3/5] (8.23ns)   --->   "%sum = fadd double %tmp_i_112, 0.000000e+00" [D:/Xilinx/Vivado/2018.2/common/technology/autopilot/hls/hls_video_arithm.h:280->D:/Xilinx/Vivado/2018.2/common/technology/autopilot/hls/hls_video_arithm.h:361->D:/Xilinx/Vivado/2018.2/common/technology/autopilot/hls/hls_video_arithm.h:853]   --->   Operation 52 'dadd' 'sum' <Predicate = (!exitcond_i)> <Delay = 8.23> <Core = "DAddSub">   --->   Core 109 'DAddSub' <Latency = 4> <II = 1> <Delay = 8.23> <FuncUnit> <Opcode : 'dadd' 'dsub'> <InPorts = 2> <OutPorts = 1>

State 13 <SV = 12> <Delay = 8.23>
ST_13 : Operation 53 [2/5] (8.23ns)   --->   "%sum = fadd double %tmp_i_112, 0.000000e+00" [D:/Xilinx/Vivado/2018.2/common/technology/autopilot/hls/hls_video_arithm.h:280->D:/Xilinx/Vivado/2018.2/common/technology/autopilot/hls/hls_video_arithm.h:361->D:/Xilinx/Vivado/2018.2/common/technology/autopilot/hls/hls_video_arithm.h:853]   --->   Operation 53 'dadd' 'sum' <Predicate = (!exitcond_i)> <Delay = 8.23> <Core = "DAddSub">   --->   Core 109 'DAddSub' <Latency = 4> <II = 1> <Delay = 8.23> <FuncUnit> <Opcode : 'dadd' 'dsub'> <InPorts = 2> <OutPorts = 1>

State 14 <SV = 13> <Delay = 8.23>
ST_14 : Operation 54 [1/5] (8.23ns)   --->   "%sum = fadd double %tmp_i_112, 0.000000e+00" [D:/Xilinx/Vivado/2018.2/common/technology/autopilot/hls/hls_video_arithm.h:280->D:/Xilinx/Vivado/2018.2/common/technology/autopilot/hls/hls_video_arithm.h:361->D:/Xilinx/Vivado/2018.2/common/technology/autopilot/hls/hls_video_arithm.h:853]   --->   Operation 54 'dadd' 'sum' <Predicate = (!exitcond_i)> <Delay = 8.23> <Core = "DAddSub">   --->   Core 109 'DAddSub' <Latency = 4> <II = 1> <Delay = 8.23> <FuncUnit> <Opcode : 'dadd' 'dsub'> <InPorts = 2> <OutPorts = 1>

State 15 <SV = 14> <Delay = 3.63>
ST_15 : Operation 55 [1/1] (0.00ns)   --->   "call void (...)* @_ssdm_op_SpecLoopName([11 x i8]* @p_str7) nounwind" [D:/Xilinx/Vivado/2018.2/common/technology/autopilot/hls/hls_video_arithm.h:355->D:/Xilinx/Vivado/2018.2/common/technology/autopilot/hls/hls_video_arithm.h:853]   --->   Operation 55 'specloopname' <Predicate = (!exitcond_i)> <Delay = 0.00>
ST_15 : Operation 56 [1/1] (0.00ns)   --->   "%tmp_10_i = call i32 (...)* @_ssdm_op_SpecRegionBegin([11 x i8]* @p_str7)" [D:/Xilinx/Vivado/2018.2/common/technology/autopilot/hls/hls_video_arithm.h:355->D:/Xilinx/Vivado/2018.2/common/technology/autopilot/hls/hls_video_arithm.h:853]   --->   Operation 56 'specregionbegin' 'tmp_10_i' <Predicate = (!exitcond_i)> <Delay = 0.00>
ST_15 : Operation 57 [1/1] (0.00ns)   --->   "call void (...)* @_ssdm_op_SpecPipeline(i32 1, i32 1, i32 1, i32 0, [1 x i8]* @p_str) nounwind" [D:/Xilinx/Vivado/2018.2/common/technology/autopilot/hls/hls_video_arithm.h:357->D:/Xilinx/Vivado/2018.2/common/technology/autopilot/hls/hls_video_arithm.h:853]   --->   Operation 57 'specpipeline' <Predicate = (!exitcond_i)> <Delay = 0.00>
ST_15 : Operation 58 [1/1] (0.00ns)   --->   "call void (...)* @_ssdm_op_SpecLoopName([14 x i8]* @p_str8) nounwind" [D:/Xilinx/Vivado/2018.2/common/technology/autopilot/hls/hls_video_arithm.h:360->D:/Xilinx/Vivado/2018.2/common/technology/autopilot/hls/hls_video_arithm.h:853]   --->   Operation 58 'specloopname' <Predicate = (!exitcond_i)> <Delay = 0.00>
ST_15 : Operation 59 [1/1] (0.00ns)   --->   "%tmp_13_i = call i32 (...)* @_ssdm_op_SpecRegionBegin([12 x i8]* @p_str21)" [D:/Xilinx/Vivado/2018.2/common/technology/autopilot/hls/hls_video_core.h:641->D:/Xilinx/Vivado/2018.2/common/technology/autopilot/hls/hls_video_core.h:662->D:/Xilinx/Vivado/2018.2/common/technology/autopilot/hls/hls_video_arithm.h:363->D:/Xilinx/Vivado/2018.2/common/technology/autopilot/hls/hls_video_arithm.h:853]   --->   Operation 59 'specregionbegin' 'tmp_13_i' <Predicate = (!exitcond_i)> <Delay = 0.00>
ST_15 : Operation 60 [1/1] (0.00ns)   --->   "call void (...)* @_ssdm_op_SpecProtocol(i32 0, [1 x i8]* @p_str) nounwind" [D:/Xilinx/Vivado/2018.2/common/technology/autopilot/hls/hls_video_core.h:645->D:/Xilinx/Vivado/2018.2/common/technology/autopilot/hls/hls_video_core.h:662->D:/Xilinx/Vivado/2018.2/common/technology/autopilot/hls/hls_video_arithm.h:363->D:/Xilinx/Vivado/2018.2/common/technology/autopilot/hls/hls_video_arithm.h:853]   --->   Operation 60 'specprotocol' <Predicate = (!exitcond_i)> <Delay = 0.00>
ST_15 : Operation 61 [1/1] (3.63ns)   --->   "call void @_ssdm_op_Write.ap_fifo.volatile.doubleP(double* %dst_data_stream_V, double %sum)" [D:/Xilinx/Vivado/2018.2/common/technology/autopilot/hls/hls_video_core.h:648->D:/Xilinx/Vivado/2018.2/common/technology/autopilot/hls/hls_video_core.h:662->D:/Xilinx/Vivado/2018.2/common/technology/autopilot/hls/hls_video_arithm.h:363->D:/Xilinx/Vivado/2018.2/common/technology/autopilot/hls/hls_video_arithm.h:853]   --->   Operation 61 'write' <Predicate = (!exitcond_i)> <Delay = 3.63> <Core = "FIFO">   --->   Core 32 'FIFO' <Latency = 0> <II = 1> <Delay = 3.63> <Storage> <Opcode : 'read' 'write' 'nbread' 'nbwrite'> <Ports = 0> <Width = 64> <Depth = 4> <FIFO>
ST_15 : Operation 62 [1/1] (0.00ns)   --->   "%empty_113 = call i32 (...)* @_ssdm_op_SpecRegionEnd([12 x i8]* @p_str21, i32 %tmp_13_i)" [D:/Xilinx/Vivado/2018.2/common/technology/autopilot/hls/hls_video_core.h:650->D:/Xilinx/Vivado/2018.2/common/technology/autopilot/hls/hls_video_core.h:662->D:/Xilinx/Vivado/2018.2/common/technology/autopilot/hls/hls_video_arithm.h:363->D:/Xilinx/Vivado/2018.2/common/technology/autopilot/hls/hls_video_arithm.h:853]   --->   Operation 62 'specregionend' 'empty_113' <Predicate = (!exitcond_i)> <Delay = 0.00>
ST_15 : Operation 63 [1/1] (0.00ns)   --->   "%empty_114 = call i32 (...)* @_ssdm_op_SpecRegionEnd([11 x i8]* @p_str7, i32 %tmp_10_i)" [D:/Xilinx/Vivado/2018.2/common/technology/autopilot/hls/hls_video_arithm.h:364->D:/Xilinx/Vivado/2018.2/common/technology/autopilot/hls/hls_video_arithm.h:853]   --->   Operation 63 'specregionend' 'empty_114' <Predicate = (!exitcond_i)> <Delay = 0.00>
ST_15 : Operation 64 [1/1] (0.00ns)   --->   "br label %2" [D:/Xilinx/Vivado/2018.2/common/technology/autopilot/hls/hls_video_arithm.h:355->D:/Xilinx/Vivado/2018.2/common/technology/autopilot/hls/hls_video_arithm.h:853]   --->   Operation 64 'br' <Predicate = (!exitcond_i)> <Delay = 0.00>

State 16 <SV = 3> <Delay = 0.00>
ST_16 : Operation 65 [1/1] (0.00ns)   --->   "%empty_115 = call i32 (...)* @_ssdm_op_SpecRegionEnd([12 x i8]* @p_str6, i32 %tmp_i)" [D:/Xilinx/Vivado/2018.2/common/technology/autopilot/hls/hls_video_arithm.h:365->D:/Xilinx/Vivado/2018.2/common/technology/autopilot/hls/hls_video_arithm.h:853]   --->   Operation 65 'specregionend' 'empty_115' <Predicate = true> <Delay = 0.00>
ST_16 : Operation 66 [1/1] (0.00ns)   --->   "br label %0" [D:/Xilinx/Vivado/2018.2/common/technology/autopilot/hls/hls_video_arithm.h:354->D:/Xilinx/Vivado/2018.2/common/technology/autopilot/hls/hls_video_arithm.h:853]   --->   Operation 66 'br' <Predicate = true> <Delay = 0.00>


============================================================
+ Verbose Summary: Timing violations
============================================================
Target clock period: 10ns, clock uncertainty: 1.25ns.

 <State 1>: 1.77ns
The critical path consists of the following:
	multiplexor before 'phi' operation ('i.V') with incoming values : ('i.V', D:/Xilinx/Vivado/2018.2/common/technology/autopilot/hls/hls_video_arithm.h:354->D:/Xilinx/Vivado/2018.2/common/technology/autopilot/hls/hls_video_arithm.h:853) [13]  (1.77 ns)

 <State 2>: 3.45ns
The critical path consists of the following:
	'icmp' operation ('exitcond2_i', D:/Xilinx/Vivado/2018.2/common/technology/autopilot/hls/hls_video_arithm.h:354->D:/Xilinx/Vivado/2018.2/common/technology/autopilot/hls/hls_video_arithm.h:853) [14]  (2.47 ns)
	blocking operation 0.978 ns on control path)

 <State 3>: 2.55ns
The critical path consists of the following:
	'phi' operation ('j.V') with incoming values : ('j.V', D:/Xilinx/Vivado/2018.2/common/technology/autopilot/hls/hls_video_arithm.h:355->D:/Xilinx/Vivado/2018.2/common/technology/autopilot/hls/hls_video_arithm.h:853) [23]  (0 ns)
	'add' operation ('j.V', D:/Xilinx/Vivado/2018.2/common/technology/autopilot/hls/hls_video_arithm.h:355->D:/Xilinx/Vivado/2018.2/common/technology/autopilot/hls/hls_video_arithm.h:853) [26]  (2.55 ns)

 <State 4>: 3.63ns
The critical path consists of the following:
	fifo read on port 'src1_data_stream_V' (D:/Xilinx/Vivado/2018.2/common/technology/autopilot/hls/hls_video_core.h:624->D:/Xilinx/Vivado/2018.2/common/technology/autopilot/hls/hls_video_core.h:656->D:/Xilinx/Vivado/2018.2/common/technology/autopilot/hls/hls_video_arithm.h:358->D:/Xilinx/Vivado/2018.2/common/technology/autopilot/hls/hls_video_arithm.h:853) [34]  (3.63 ns)

 <State 5>: 8.23ns
The critical path consists of the following:
	'dadd' operation ('tmp_i_112', D:/Xilinx/Vivado/2018.2/common/technology/autopilot/hls/hls_video_arithm.h:280->D:/Xilinx/Vivado/2018.2/common/technology/autopilot/hls/hls_video_arithm.h:361->D:/Xilinx/Vivado/2018.2/common/technology/autopilot/hls/hls_video_arithm.h:853) [41]  (8.23 ns)

 <State 6>: 8.23ns
The critical path consists of the following:
	'dadd' operation ('tmp_i_112', D:/Xilinx/Vivado/2018.2/common/technology/autopilot/hls/hls_video_arithm.h:280->D:/Xilinx/Vivado/2018.2/common/technology/autopilot/hls/hls_video_arithm.h:361->D:/Xilinx/Vivado/2018.2/common/technology/autopilot/hls/hls_video_arithm.h:853) [41]  (8.23 ns)

 <State 7>: 8.23ns
The critical path consists of the following:
	'dadd' operation ('tmp_i_112', D:/Xilinx/Vivado/2018.2/common/technology/autopilot/hls/hls_video_arithm.h:280->D:/Xilinx/Vivado/2018.2/common/technology/autopilot/hls/hls_video_arithm.h:361->D:/Xilinx/Vivado/2018.2/common/technology/autopilot/hls/hls_video_arithm.h:853) [41]  (8.23 ns)

 <State 8>: 8.23ns
The critical path consists of the following:
	'dadd' operation ('tmp_i_112', D:/Xilinx/Vivado/2018.2/common/technology/autopilot/hls/hls_video_arithm.h:280->D:/Xilinx/Vivado/2018.2/common/technology/autopilot/hls/hls_video_arithm.h:361->D:/Xilinx/Vivado/2018.2/common/technology/autopilot/hls/hls_video_arithm.h:853) [41]  (8.23 ns)

 <State 9>: 8.23ns
The critical path consists of the following:
	'dadd' operation ('tmp_i_112', D:/Xilinx/Vivado/2018.2/common/technology/autopilot/hls/hls_video_arithm.h:280->D:/Xilinx/Vivado/2018.2/common/technology/autopilot/hls/hls_video_arithm.h:361->D:/Xilinx/Vivado/2018.2/common/technology/autopilot/hls/hls_video_arithm.h:853) [41]  (8.23 ns)

 <State 10>: 8.23ns
The critical path consists of the following:
	'dadd' operation ('sum', D:/Xilinx/Vivado/2018.2/common/technology/autopilot/hls/hls_video_arithm.h:280->D:/Xilinx/Vivado/2018.2/common/technology/autopilot/hls/hls_video_arithm.h:361->D:/Xilinx/Vivado/2018.2/common/technology/autopilot/hls/hls_video_arithm.h:853) [42]  (8.23 ns)

 <State 11>: 8.23ns
The critical path consists of the following:
	'dadd' operation ('sum', D:/Xilinx/Vivado/2018.2/common/technology/autopilot/hls/hls_video_arithm.h:280->D:/Xilinx/Vivado/2018.2/common/technology/autopilot/hls/hls_video_arithm.h:361->D:/Xilinx/Vivado/2018.2/common/technology/autopilot/hls/hls_video_arithm.h:853) [42]  (8.23 ns)

 <State 12>: 8.23ns
The critical path consists of the following:
	'dadd' operation ('sum', D:/Xilinx/Vivado/2018.2/common/technology/autopilot/hls/hls_video_arithm.h:280->D:/Xilinx/Vivado/2018.2/common/technology/autopilot/hls/hls_video_arithm.h:361->D:/Xilinx/Vivado/2018.2/common/technology/autopilot/hls/hls_video_arithm.h:853) [42]  (8.23 ns)

 <State 13>: 8.23ns
The critical path consists of the following:
	'dadd' operation ('sum', D:/Xilinx/Vivado/2018.2/common/technology/autopilot/hls/hls_video_arithm.h:280->D:/Xilinx/Vivado/2018.2/common/technology/autopilot/hls/hls_video_arithm.h:361->D:/Xilinx/Vivado/2018.2/common/technology/autopilot/hls/hls_video_arithm.h:853) [42]  (8.23 ns)

 <State 14>: 8.23ns
The critical path consists of the following:
	'dadd' operation ('sum', D:/Xilinx/Vivado/2018.2/common/technology/autopilot/hls/hls_video_arithm.h:280->D:/Xilinx/Vivado/2018.2/common/technology/autopilot/hls/hls_video_arithm.h:361->D:/Xilinx/Vivado/2018.2/common/technology/autopilot/hls/hls_video_arithm.h:853) [42]  (8.23 ns)

 <State 15>: 3.63ns
The critical path consists of the following:
	fifo write on port 'dst_data_stream_V' (D:/Xilinx/Vivado/2018.2/common/technology/autopilot/hls/hls_video_core.h:648->D:/Xilinx/Vivado/2018.2/common/technology/autopilot/hls/hls_video_core.h:662->D:/Xilinx/Vivado/2018.2/common/technology/autopilot/hls/hls_video_arithm.h:363->D:/Xilinx/Vivado/2018.2/common/technology/autopilot/hls/hls_video_arithm.h:853) [45]  (3.63 ns)

 <State 16>: 0ns
The critical path consists of the following:


============================================================
+ Verbose Summary: Binding
============================================================
N/A
* FSMD analyzer results:
  - Output states:
 - Input state : 
  - Chain level:
	State 1
	State 2
	State 3
	State 4
	State 5
	State 6
	State 7
	State 8
	State 9
	State 10
	State 11
	State 12
	State 13
	State 14
	State 15
	State 16


============================================================
+ Verbose Summary: Datapath Resource usage 
============================================================
N/A
