

================================================================
== Vivado HLS Report for 'Split'
================================================================
* Date:           Thu Jul 29 09:33:24 2021

* Version:        2018.2 (Build 2258646 on Thu Jun 14 20:25:20 MDT 2018)
* Project:        opencv_prj
* Solution:       solution1
* Product family: zynq
* Target device:  xc7z020clg400-1


================================================================
== Performance Estimates
================================================================
+ Timing (ns): 
    * Summary: 
    +--------+-------+----------+------------+
    |  Clock | Target| Estimated| Uncertainty|
    +--------+-------+----------+------------+
    |ap_clk  |  10.00|     7.268|        1.25|
    +--------+-------+----------+------------+

+ Latency (clock cycles): 
    * Summary: 
    +-----+---------+-----+---------+---------+
    |    Latency    |    Interval   | Pipeline|
    | min |   max   | min |   max   |   Type  |
    +-----+---------+-----+---------+---------+
    |    1|  2076841|    1|  2076841|   none  |
    +-----+---------+-----+---------+---------+

    + Detail: 
        * Instance: 
        N/A

        * Loop: 
        +---------------+-----+---------+----------+-----------+-----------+----------+----------+
        |               |    Latency    | Iteration|  Initiation Interval  |   Trip   |          |
        |   Loop Name   | min |   max   |  Latency |  achieved |   target  |   Count  | Pipelined|
        +---------------+-----+---------+----------+-----------+-----------+----------+----------+
        |- loop_height  |    0|  2076840| 3 ~ 1923 |          -|          -| 0 ~ 1080 |    no    |
        | + loop_width  |    0|     1920|         2|          1|          1| 0 ~ 1920 |    yes   |
        +---------------+-----+---------+----------+-----------+-----------+----------+----------+

============================================================
+ Verbose Summary: Synthesis Manager
============================================================
InlineROM: 1
ExposeGlobal: 0
============================================================
+ Verbose Summary: CDFG Model
============================================================
IsTopModel: 0
ResetActiveHigh: 1
IsCombinational: 0
IsDatapathOnly: 0
HasWiredReturn: 1
HasMFsm: 0
HasVarLatency: 1
IsPipeline: 0
IsRtlPipelined: 0
IsInstanceOverlapped: 0
IsDontTouch: 0
HasImplIP: 0
IsGatedGlobalClock: 0

+ Individual pipeline summary: 
  * Pipeline-0: initiation interval (II) = 1, depth = 2


============================================================
+ Verbose Summary: Schedule
============================================================
* Number of FSM states : 5
* Pipeline : 1
  Pipeline-0 : II = 1, D = 2, States = { 3 4 }
* Dataflow Pipeline: 0

* FSM state transitions: 
1 --> 
	2  / true
2 --> 
	3  / (!exitcond3)
3 --> 
	5  / (exitcond)
	4  / (!exitcond)
4 --> 
	3  / true
5 --> 
	2  / true

* FSM state operations: 

State 1 <SV = 0> <Delay = 1.76>
ST_1 : Operation 6 [1/1] (0.00ns)   --->   "%empty = call i32 (...)* @_ssdm_op_SpecInterface(double* %dst1_data_stream_V, [8 x i8]* @ap_fifo_str, i32 0, i32 0, [1 x i8]* @p_str, i32 0, i32 0, [1 x i8]* @p_str, [1 x i8]* @p_str, [1 x i8]* @p_str, i32 2, i32 2, i32 16, i32 16, [1 x i8]* @p_str, [1 x i8]* @p_str)"   --->   Operation 6 'specinterface' 'empty' <Predicate = true> <Delay = 0.00>
ST_1 : Operation 7 [1/1] (0.00ns)   --->   "%empty_82 = call i32 (...)* @_ssdm_op_SpecInterface(double* %dst0_data_stream_V, [8 x i8]* @ap_fifo_str, i32 0, i32 0, [1 x i8]* @p_str, i32 0, i32 0, [1 x i8]* @p_str, [1 x i8]* @p_str, [1 x i8]* @p_str, i32 2, i32 2, i32 16, i32 16, [1 x i8]* @p_str, [1 x i8]* @p_str)"   --->   Operation 7 'specinterface' 'empty_82' <Predicate = true> <Delay = 0.00>
ST_1 : Operation 8 [1/1] (0.00ns)   --->   "%empty_83 = call i32 (...)* @_ssdm_op_SpecInterface(double* %src_data_stream_1_V, [8 x i8]* @ap_fifo_str, i32 0, i32 0, [1 x i8]* @p_str, i32 0, i32 0, [1 x i8]* @p_str, [1 x i8]* @p_str, [1 x i8]* @p_str, i32 2, i32 2, i32 16, i32 16, [1 x i8]* @p_str, [1 x i8]* @p_str)"   --->   Operation 8 'specinterface' 'empty_83' <Predicate = true> <Delay = 0.00>
ST_1 : Operation 9 [1/1] (0.00ns)   --->   "%empty_84 = call i32 (...)* @_ssdm_op_SpecInterface(double* %src_data_stream_0_V, [8 x i8]* @ap_fifo_str, i32 0, i32 0, [1 x i8]* @p_str, i32 0, i32 0, [1 x i8]* @p_str, [1 x i8]* @p_str, [1 x i8]* @p_str, i32 2, i32 2, i32 16, i32 16, [1 x i8]* @p_str, [1 x i8]* @p_str)"   --->   Operation 9 'specinterface' 'empty_84' <Predicate = true> <Delay = 0.00>
ST_1 : Operation 10 [1/1] (0.00ns)   --->   "%src_cols_V_read_1 = call i32 @_ssdm_op_Read.ap_auto.i32(i32 %src_cols_V_read)"   --->   Operation 10 'read' 'src_cols_V_read_1' <Predicate = true> <Delay = 0.00>
ST_1 : Operation 11 [1/1] (0.00ns)   --->   "%src_rows_V_read_1 = call i32 @_ssdm_op_Read.ap_auto.i32(i32 %src_rows_V_read)"   --->   Operation 11 'read' 'src_rows_V_read_1' <Predicate = true> <Delay = 0.00>
ST_1 : Operation 12 [1/1] (1.76ns)   --->   "br label %0" [D:/Xilinx/Vivado/2018.2/common/technology/autopilot/hls/hls_video_arithm.h:1530]   --->   Operation 12 'br' <Predicate = true> <Delay = 1.76>

State 2 <SV = 1> <Delay = 3.45>
ST_2 : Operation 13 [1/1] (0.00ns)   --->   "%t_V = phi i32 [ 0, %._crit_edge81 ], [ %i_V, %3 ]"   --->   Operation 13 'phi' 't_V' <Predicate = true> <Delay = 0.00>
ST_2 : Operation 14 [1/1] (2.47ns)   --->   "%exitcond3 = icmp eq i32 %t_V, %src_rows_V_read_1" [D:/Xilinx/Vivado/2018.2/common/technology/autopilot/hls/hls_video_arithm.h:1530]   --->   Operation 14 'icmp' 'exitcond3' <Predicate = true> <Delay = 2.47> <Core = "Cmp">   --->   Core 25 'Cmp' <Latency = 0> <II = 1> <Delay = 2.47> <FuncUnit> <Opcode : 'icmp'> <InPorts = 2> <OutPorts = 1>
ST_2 : Operation 15 [1/1] (0.00ns)   --->   "call void (...)* @_ssdm_op_SpecLoopTripCount(i64 0, i64 1080, i64 0)"   --->   Operation 15 'speclooptripcount' <Predicate = true> <Delay = 0.00>
ST_2 : Operation 16 [1/1] (2.55ns)   --->   "%i_V = add i32 %t_V, 1" [D:/Xilinx/Vivado/2018.2/common/technology/autopilot/hls/hls_video_arithm.h:1530]   --->   Operation 16 'add' 'i_V' <Predicate = true> <Delay = 2.55> <Core = "AddSub">   --->   Core 14 'AddSub' <Latency = 0> <II = 1> <Delay = 2.55> <FuncUnit> <Opcode : 'add' 'sub'> <InPorts = 2> <OutPorts = 1>
ST_2 : Operation 17 [1/1] (0.00ns)   --->   "br i1 %exitcond3, label %4, label %1" [D:/Xilinx/Vivado/2018.2/common/technology/autopilot/hls/hls_video_arithm.h:1530]   --->   Operation 17 'br' <Predicate = true> <Delay = 0.00>
ST_2 : Operation 18 [1/1] (0.00ns)   --->   "call void (...)* @_ssdm_op_SpecLoopName([12 x i8]* @p_str6) nounwind" [D:/Xilinx/Vivado/2018.2/common/technology/autopilot/hls/hls_video_arithm.h:1530]   --->   Operation 18 'specloopname' <Predicate = (!exitcond3)> <Delay = 0.00>
ST_2 : Operation 19 [1/1] (0.00ns)   --->   "%tmp = call i32 (...)* @_ssdm_op_SpecRegionBegin([12 x i8]* @p_str6)" [D:/Xilinx/Vivado/2018.2/common/technology/autopilot/hls/hls_video_arithm.h:1530]   --->   Operation 19 'specregionbegin' 'tmp' <Predicate = (!exitcond3)> <Delay = 0.00>
ST_2 : Operation 20 [1/1] (1.76ns)   --->   "br label %2" [D:/Xilinx/Vivado/2018.2/common/technology/autopilot/hls/hls_video_arithm.h:1531]   --->   Operation 20 'br' <Predicate = (!exitcond3)> <Delay = 1.76>
ST_2 : Operation 21 [1/1] (0.00ns)   --->   "ret void" [D:/Xilinx/Vivado/2018.2/common/technology/autopilot/hls/hls_video_arithm.h:1539]   --->   Operation 21 'ret' <Predicate = (exitcond3)> <Delay = 0.00>

State 3 <SV = 2> <Delay = 2.55>
ST_3 : Operation 22 [1/1] (0.00ns)   --->   "%t_V_1 = phi i32 [ 0, %1 ], [ %j_V, %"operator>>.exit" ]"   --->   Operation 22 'phi' 't_V_1' <Predicate = true> <Delay = 0.00>
ST_3 : Operation 23 [1/1] (2.47ns)   --->   "%exitcond = icmp eq i32 %t_V_1, %src_cols_V_read_1" [D:/Xilinx/Vivado/2018.2/common/technology/autopilot/hls/hls_video_arithm.h:1531]   --->   Operation 23 'icmp' 'exitcond' <Predicate = true> <Delay = 2.47> <Core = "Cmp">   --->   Core 25 'Cmp' <Latency = 0> <II = 1> <Delay = 2.47> <FuncUnit> <Opcode : 'icmp'> <InPorts = 2> <OutPorts = 1>
ST_3 : Operation 24 [1/1] (0.00ns)   --->   "call void (...)* @_ssdm_op_SpecLoopTripCount(i64 0, i64 1920, i64 0)"   --->   Operation 24 'speclooptripcount' <Predicate = true> <Delay = 0.00>
ST_3 : Operation 25 [1/1] (2.55ns)   --->   "%j_V = add i32 %t_V_1, 1" [D:/Xilinx/Vivado/2018.2/common/technology/autopilot/hls/hls_video_arithm.h:1531]   --->   Operation 25 'add' 'j_V' <Predicate = true> <Delay = 2.55> <Core = "AddSub">   --->   Core 14 'AddSub' <Latency = 0> <II = 1> <Delay = 2.55> <FuncUnit> <Opcode : 'add' 'sub'> <InPorts = 2> <OutPorts = 1>
ST_3 : Operation 26 [1/1] (0.00ns)   --->   "br i1 %exitcond, label %3, label %"operator>>.exit"" [D:/Xilinx/Vivado/2018.2/common/technology/autopilot/hls/hls_video_arithm.h:1531]   --->   Operation 26 'br' <Predicate = true> <Delay = 0.00>

State 4 <SV = 3> <Delay = 7.26>
ST_4 : Operation 27 [1/1] (0.00ns)   --->   "call void (...)* @_ssdm_op_SpecLoopName([11 x i8]* @p_str7) nounwind" [D:/Xilinx/Vivado/2018.2/common/technology/autopilot/hls/hls_video_arithm.h:1531]   --->   Operation 27 'specloopname' <Predicate = (!exitcond)> <Delay = 0.00>
ST_4 : Operation 28 [1/1] (0.00ns)   --->   "%tmp_s = call i32 (...)* @_ssdm_op_SpecRegionBegin([11 x i8]* @p_str7)" [D:/Xilinx/Vivado/2018.2/common/technology/autopilot/hls/hls_video_arithm.h:1531]   --->   Operation 28 'specregionbegin' 'tmp_s' <Predicate = (!exitcond)> <Delay = 0.00>
ST_4 : Operation 29 [1/1] (0.00ns)   --->   "call void (...)* @_ssdm_op_SpecPipeline(i32 1, i32 1, i32 1, i32 0, [1 x i8]* @p_str) nounwind" [D:/Xilinx/Vivado/2018.2/common/technology/autopilot/hls/hls_video_arithm.h:1533]   --->   Operation 29 'specpipeline' <Predicate = (!exitcond)> <Delay = 0.00>
ST_4 : Operation 30 [1/1] (0.00ns)   --->   "%tmp_1 = call i32 (...)* @_ssdm_op_SpecRegionBegin([12 x i8]* @p_str11)" [D:/Xilinx/Vivado/2018.2/common/technology/autopilot/hls/hls_video_core.h:617->D:/Xilinx/Vivado/2018.2/common/technology/autopilot/hls/hls_video_core.h:656->D:/Xilinx/Vivado/2018.2/common/technology/autopilot/hls/hls_video_arithm.h:1534]   --->   Operation 30 'specregionbegin' 'tmp_1' <Predicate = (!exitcond)> <Delay = 0.00>
ST_4 : Operation 31 [1/1] (0.00ns)   --->   "call void (...)* @_ssdm_op_SpecProtocol(i32 0, [1 x i8]* @p_str) nounwind" [D:/Xilinx/Vivado/2018.2/common/technology/autopilot/hls/hls_video_core.h:621->D:/Xilinx/Vivado/2018.2/common/technology/autopilot/hls/hls_video_core.h:656->D:/Xilinx/Vivado/2018.2/common/technology/autopilot/hls/hls_video_arithm.h:1534]   --->   Operation 31 'specprotocol' <Predicate = (!exitcond)> <Delay = 0.00>
ST_4 : Operation 32 [1/1] (3.63ns)   --->   "%tmp_5 = call double @_ssdm_op_Read.ap_fifo.volatile.doubleP(double* %src_data_stream_0_V)" [D:/Xilinx/Vivado/2018.2/common/technology/autopilot/hls/hls_video_core.h:624->D:/Xilinx/Vivado/2018.2/common/technology/autopilot/hls/hls_video_core.h:656->D:/Xilinx/Vivado/2018.2/common/technology/autopilot/hls/hls_video_arithm.h:1534]   --->   Operation 32 'read' 'tmp_5' <Predicate = (!exitcond)> <Delay = 3.63> <Core = "FIFO">   --->   Core 32 'FIFO' <Latency = 0> <II = 1> <Delay = 3.63> <Storage> <Opcode : 'read' 'write' 'nbread' 'nbwrite'> <Ports = 0> <Width = 64> <Depth = 4> <FIFO>
ST_4 : Operation 33 [1/1] (3.63ns)   --->   "%tmp_4 = call double @_ssdm_op_Read.ap_fifo.volatile.doubleP(double* %src_data_stream_1_V)" [D:/Xilinx/Vivado/2018.2/common/technology/autopilot/hls/hls_video_core.h:624->D:/Xilinx/Vivado/2018.2/common/technology/autopilot/hls/hls_video_core.h:656->D:/Xilinx/Vivado/2018.2/common/technology/autopilot/hls/hls_video_arithm.h:1534]   --->   Operation 33 'read' 'tmp_4' <Predicate = (!exitcond)> <Delay = 3.63> <Core = "FIFO">   --->   Core 32 'FIFO' <Latency = 0> <II = 1> <Delay = 3.63> <Storage> <Opcode : 'read' 'write' 'nbread' 'nbwrite'> <Ports = 0> <Width = 64> <Depth = 4> <FIFO>
ST_4 : Operation 34 [1/1] (0.00ns)   --->   "%empty_85 = call i32 (...)* @_ssdm_op_SpecRegionEnd([12 x i8]* @p_str11, i32 %tmp_1)" [D:/Xilinx/Vivado/2018.2/common/technology/autopilot/hls/hls_video_core.h:626->D:/Xilinx/Vivado/2018.2/common/technology/autopilot/hls/hls_video_core.h:656->D:/Xilinx/Vivado/2018.2/common/technology/autopilot/hls/hls_video_arithm.h:1534]   --->   Operation 34 'specregionend' 'empty_85' <Predicate = (!exitcond)> <Delay = 0.00>
ST_4 : Operation 35 [1/1] (0.00ns)   --->   "%tmp_3 = call i32 (...)* @_ssdm_op_SpecRegionBegin([12 x i8]* @p_str21)" [D:/Xilinx/Vivado/2018.2/common/technology/autopilot/hls/hls_video_core.h:641->D:/Xilinx/Vivado/2018.2/common/technology/autopilot/hls/hls_video_core.h:662->D:/Xilinx/Vivado/2018.2/common/technology/autopilot/hls/hls_video_arithm.h:1535]   --->   Operation 35 'specregionbegin' 'tmp_3' <Predicate = (!exitcond)> <Delay = 0.00>
ST_4 : Operation 36 [1/1] (0.00ns)   --->   "call void (...)* @_ssdm_op_SpecProtocol(i32 0, [1 x i8]* @p_str) nounwind" [D:/Xilinx/Vivado/2018.2/common/technology/autopilot/hls/hls_video_core.h:645->D:/Xilinx/Vivado/2018.2/common/technology/autopilot/hls/hls_video_core.h:662->D:/Xilinx/Vivado/2018.2/common/technology/autopilot/hls/hls_video_arithm.h:1535]   --->   Operation 36 'specprotocol' <Predicate = (!exitcond)> <Delay = 0.00>
ST_4 : Operation 37 [1/1] (3.63ns)   --->   "call void @_ssdm_op_Write.ap_fifo.volatile.doubleP(double* %dst0_data_stream_V, double %tmp_5)" [D:/Xilinx/Vivado/2018.2/common/technology/autopilot/hls/hls_video_core.h:648->D:/Xilinx/Vivado/2018.2/common/technology/autopilot/hls/hls_video_core.h:662->D:/Xilinx/Vivado/2018.2/common/technology/autopilot/hls/hls_video_arithm.h:1535]   --->   Operation 37 'write' <Predicate = (!exitcond)> <Delay = 3.63> <Core = "FIFO">   --->   Core 32 'FIFO' <Latency = 0> <II = 1> <Delay = 3.63> <Storage> <Opcode : 'read' 'write' 'nbread' 'nbwrite'> <Ports = 0> <Width = 64> <Depth = 4> <FIFO>
ST_4 : Operation 38 [1/1] (0.00ns)   --->   "%empty_86 = call i32 (...)* @_ssdm_op_SpecRegionEnd([12 x i8]* @p_str21, i32 %tmp_3)" [D:/Xilinx/Vivado/2018.2/common/technology/autopilot/hls/hls_video_core.h:650->D:/Xilinx/Vivado/2018.2/common/technology/autopilot/hls/hls_video_core.h:662->D:/Xilinx/Vivado/2018.2/common/technology/autopilot/hls/hls_video_arithm.h:1535]   --->   Operation 38 'specregionend' 'empty_86' <Predicate = (!exitcond)> <Delay = 0.00>
ST_4 : Operation 39 [1/1] (0.00ns)   --->   "%tmp_6 = call i32 (...)* @_ssdm_op_SpecRegionBegin([12 x i8]* @p_str21)" [D:/Xilinx/Vivado/2018.2/common/technology/autopilot/hls/hls_video_core.h:641->D:/Xilinx/Vivado/2018.2/common/technology/autopilot/hls/hls_video_core.h:662->D:/Xilinx/Vivado/2018.2/common/technology/autopilot/hls/hls_video_arithm.h:1536]   --->   Operation 39 'specregionbegin' 'tmp_6' <Predicate = (!exitcond)> <Delay = 0.00>
ST_4 : Operation 40 [1/1] (0.00ns)   --->   "call void (...)* @_ssdm_op_SpecProtocol(i32 0, [1 x i8]* @p_str) nounwind" [D:/Xilinx/Vivado/2018.2/common/technology/autopilot/hls/hls_video_core.h:645->D:/Xilinx/Vivado/2018.2/common/technology/autopilot/hls/hls_video_core.h:662->D:/Xilinx/Vivado/2018.2/common/technology/autopilot/hls/hls_video_arithm.h:1536]   --->   Operation 40 'specprotocol' <Predicate = (!exitcond)> <Delay = 0.00>
ST_4 : Operation 41 [1/1] (3.63ns)   --->   "call void @_ssdm_op_Write.ap_fifo.volatile.doubleP(double* %dst1_data_stream_V, double %tmp_4)" [D:/Xilinx/Vivado/2018.2/common/technology/autopilot/hls/hls_video_core.h:648->D:/Xilinx/Vivado/2018.2/common/technology/autopilot/hls/hls_video_core.h:662->D:/Xilinx/Vivado/2018.2/common/technology/autopilot/hls/hls_video_arithm.h:1536]   --->   Operation 41 'write' <Predicate = (!exitcond)> <Delay = 3.63> <Core = "FIFO">   --->   Core 32 'FIFO' <Latency = 0> <II = 1> <Delay = 3.63> <Storage> <Opcode : 'read' 'write' 'nbread' 'nbwrite'> <Ports = 0> <Width = 64> <Depth = 4> <FIFO>
ST_4 : Operation 42 [1/1] (0.00ns)   --->   "%empty_87 = call i32 (...)* @_ssdm_op_SpecRegionEnd([12 x i8]* @p_str21, i32 %tmp_6)" [D:/Xilinx/Vivado/2018.2/common/technology/autopilot/hls/hls_video_core.h:650->D:/Xilinx/Vivado/2018.2/common/technology/autopilot/hls/hls_video_core.h:662->D:/Xilinx/Vivado/2018.2/common/technology/autopilot/hls/hls_video_arithm.h:1536]   --->   Operation 42 'specregionend' 'empty_87' <Predicate = (!exitcond)> <Delay = 0.00>
ST_4 : Operation 43 [1/1] (0.00ns)   --->   "%empty_88 = call i32 (...)* @_ssdm_op_SpecRegionEnd([11 x i8]* @p_str7, i32 %tmp_s)" [D:/Xilinx/Vivado/2018.2/common/technology/autopilot/hls/hls_video_arithm.h:1537]   --->   Operation 43 'specregionend' 'empty_88' <Predicate = (!exitcond)> <Delay = 0.00>
ST_4 : Operation 44 [1/1] (0.00ns)   --->   "br label %2" [D:/Xilinx/Vivado/2018.2/common/technology/autopilot/hls/hls_video_arithm.h:1531]   --->   Operation 44 'br' <Predicate = (!exitcond)> <Delay = 0.00>

State 5 <SV = 3> <Delay = 0.00>
ST_5 : Operation 45 [1/1] (0.00ns)   --->   "%empty_89 = call i32 (...)* @_ssdm_op_SpecRegionEnd([12 x i8]* @p_str6, i32 %tmp)" [D:/Xilinx/Vivado/2018.2/common/technology/autopilot/hls/hls_video_arithm.h:1538]   --->   Operation 45 'specregionend' 'empty_89' <Predicate = true> <Delay = 0.00>
ST_5 : Operation 46 [1/1] (0.00ns)   --->   "br label %0" [D:/Xilinx/Vivado/2018.2/common/technology/autopilot/hls/hls_video_arithm.h:1530]   --->   Operation 46 'br' <Predicate = true> <Delay = 0.00>


============================================================
+ Verbose Summary: Binding
============================================================
STG Binding: 
---------------- STG Properties BEGIN ----------------
- Is combinational: 0
- Is one-state seq: 0
- Is datapath-only: 0
- Is pipelined: 0
- Is top level: 0
Port [ Return ] is wired: 1; IO mode=ap_ctrl_hs:ce=0
Port [ src_rows_V_read]:  wired=1; compound=0; hidden=0; nouse=0; global=0; static=0; extern=0; dir=0; type=0; pingpong=0; private_global=0; IO mode=ap_none:ce=0
Port [ src_cols_V_read]:  wired=1; compound=0; hidden=0; nouse=0; global=0; static=0; extern=0; dir=0; type=0; pingpong=0; private_global=0; IO mode=ap_none:ce=0
Port [ src_data_stream_0_V]:  wired=1; compound=1; hidden=0; nouse=0; global=0; static=0; extern=0; dir=0; type=3; pingpong=0; private_global=0; IO mode=ap_fifo:ce=0
Port [ src_data_stream_1_V]:  wired=1; compound=1; hidden=0; nouse=0; global=0; static=0; extern=0; dir=0; type=3; pingpong=0; private_global=0; IO mode=ap_fifo:ce=0
Port [ dst0_data_stream_V]:  wired=1; compound=1; hidden=0; nouse=0; global=0; static=0; extern=0; dir=1; type=3; pingpong=0; private_global=0; IO mode=ap_fifo:ce=0
Port [ dst1_data_stream_V]:  wired=1; compound=1; hidden=0; nouse=0; global=0; static=0; extern=0; dir=1; type=3; pingpong=0; private_global=0; IO mode=ap_fifo:ce=0
---------------- STG Properties END ------------------

---------------- Datapath Model BEGIN ----------------

<LifeTime>
<method=bitvector/>
empty             (specinterface    ) [ 000000]
empty_82          (specinterface    ) [ 000000]
empty_83          (specinterface    ) [ 000000]
empty_84          (specinterface    ) [ 000000]
src_cols_V_read_1 (read             ) [ 001111]
src_rows_V_read_1 (read             ) [ 001111]
StgValue_12       (br               ) [ 011111]
t_V               (phi              ) [ 001000]
exitcond3         (icmp             ) [ 001111]
StgValue_15       (speclooptripcount) [ 000000]
i_V               (add              ) [ 011111]
StgValue_17       (br               ) [ 000000]
StgValue_18       (specloopname     ) [ 000000]
tmp               (specregionbegin  ) [ 000111]
StgValue_20       (br               ) [ 001111]
StgValue_21       (ret              ) [ 000000]
t_V_1             (phi              ) [ 000100]
exitcond          (icmp             ) [ 001111]
StgValue_24       (speclooptripcount) [ 000000]
j_V               (add              ) [ 001111]
StgValue_26       (br               ) [ 000000]
StgValue_27       (specloopname     ) [ 000000]
tmp_s             (specregionbegin  ) [ 000000]
StgValue_29       (specpipeline     ) [ 000000]
tmp_1             (specregionbegin  ) [ 000000]
StgValue_31       (specprotocol     ) [ 000000]
tmp_5             (read             ) [ 000000]
tmp_4             (read             ) [ 000000]
empty_85          (specregionend    ) [ 000000]
tmp_3             (specregionbegin  ) [ 000000]
StgValue_36       (specprotocol     ) [ 000000]
StgValue_37       (write            ) [ 000000]
empty_86          (specregionend    ) [ 000000]
tmp_6             (specregionbegin  ) [ 000000]
StgValue_40       (specprotocol     ) [ 000000]
StgValue_41       (write            ) [ 000000]
empty_87          (specregionend    ) [ 000000]
empty_88          (specregionend    ) [ 000000]
StgValue_44       (br               ) [ 001111]
empty_89          (specregionend    ) [ 000000]
StgValue_46       (br               ) [ 011111]
</LifeTime>

<model>

<comp_list>
<comp id="0" class="1000" name="src_rows_V_read">
<pin_list>
<pin id="1" dir="1" index="0" bw="1" slack="0"/>
</pin_list>
<bind>
<StgValue><ssdm name="src_rows_V_read"/></StgValue>
</bind>
</comp>

<comp id="2" class="1000" name="src_cols_V_read">
<pin_list>
<pin id="3" dir="1" index="0" bw="1" slack="0"/>
</pin_list>
<bind>
<StgValue><ssdm name="src_cols_V_read"/></StgValue>
</bind>
</comp>

<comp id="4" class="1000" name="src_data_stream_0_V">
<pin_list>
<pin id="5" dir="1" index="0" bw="1" slack="0"/>
</pin_list>
<bind>
<StgValue><ssdm name="src_data_stream_0_V"/></StgValue>
</bind>
</comp>

<comp id="6" class="1000" name="src_data_stream_1_V">
<pin_list>
<pin id="7" dir="1" index="0" bw="1" slack="0"/>
</pin_list>
<bind>
<StgValue><ssdm name="src_data_stream_1_V"/></StgValue>
</bind>
</comp>

<comp id="8" class="1000" name="dst0_data_stream_V">
<pin_list>
<pin id="9" dir="1" index="0" bw="1" slack="0"/>
</pin_list>
<bind>
<StgValue><ssdm name="dst0_data_stream_V"/></StgValue>
</bind>
</comp>

<comp id="10" class="1000" name="dst1_data_stream_V">
<pin_list>
<pin id="11" dir="1" index="0" bw="1" slack="0"/>
</pin_list>
<bind>
<StgValue><ssdm name="dst1_data_stream_V"/></StgValue>
</bind>
</comp>

<comp id="12" class="1001" name="const_12">
<pin_list>
<pin id="13" dir="1" index="0" bw="1" slack="2147483647"/>
</pin_list>
<bind>
<StgValue><ssdm name="_ssdm_op_SpecInterface"/></StgValue>
</bind>
</comp>

<comp id="14" class="1001" name="const_14">
<pin_list>
<pin id="15" dir="1" index="0" bw="1" slack="2147483647"/>
</pin_list>
<bind>
<StgValue><ssdm name="ap_fifo_str"/></StgValue>
</bind>
</comp>

<comp id="16" class="1001" name="const_16">
<pin_list>
<pin id="17" dir="1" index="0" bw="1" slack="1"/>
</pin_list>
<bind>
<StgValue><ssdm name=""/></StgValue>
</bind>
</comp>

<comp id="18" class="1001" name="const_18">
<pin_list>
<pin id="19" dir="1" index="0" bw="1" slack="2147483647"/>
</pin_list>
<bind>
<StgValue><ssdm name="p_str"/></StgValue>
</bind>
</comp>

<comp id="20" class="1001" name="const_20">
<pin_list>
<pin id="21" dir="1" index="0" bw="1" slack="2147483647"/>
</pin_list>
<bind>
<StgValue><ssdm name=""/></StgValue>
</bind>
</comp>

<comp id="22" class="1001" name="const_22">
<pin_list>
<pin id="23" dir="1" index="0" bw="1" slack="2147483647"/>
</pin_list>
<bind>
<StgValue><ssdm name=""/></StgValue>
</bind>
</comp>

<comp id="24" class="1001" name="const_24">
<pin_list>
<pin id="25" dir="1" index="0" bw="1" slack="0"/>
</pin_list>
<bind>
<StgValue><ssdm name="_ssdm_op_Read.ap_auto.i32"/></StgValue>
</bind>
</comp>

<comp id="26" class="1001" name="const_26">
<pin_list>
<pin id="27" dir="1" index="0" bw="1" slack="2147483647"/>
</pin_list>
<bind>
<StgValue><ssdm name="_ssdm_op_SpecLoopTripCount"/></StgValue>
</bind>
</comp>

<comp id="28" class="1001" name="const_28">
<pin_list>
<pin id="29" dir="1" index="0" bw="1" slack="2147483647"/>
</pin_list>
<bind>
<StgValue><ssdm name=""/></StgValue>
</bind>
</comp>

<comp id="30" class="1001" name="const_30">
<pin_list>
<pin id="31" dir="1" index="0" bw="1" slack="2147483647"/>
</pin_list>
<bind>
<StgValue><ssdm name=""/></StgValue>
</bind>
</comp>

<comp id="32" class="1001" name="const_32">
<pin_list>
<pin id="33" dir="1" index="0" bw="1" slack="0"/>
</pin_list>
<bind>
<StgValue><ssdm name=""/></StgValue>
</bind>
</comp>

<comp id="34" class="1001" name="const_34">
<pin_list>
<pin id="35" dir="1" index="0" bw="1" slack="2147483647"/>
</pin_list>
<bind>
<StgValue><ssdm name="_ssdm_op_SpecLoopName"/></StgValue>
</bind>
</comp>

<comp id="36" class="1001" name="const_36">
<pin_list>
<pin id="37" dir="1" index="0" bw="1" slack="2147483647"/>
</pin_list>
<bind>
<StgValue><ssdm name="p_str6"/></StgValue>
</bind>
</comp>

<comp id="38" class="1001" name="const_38">
<pin_list>
<pin id="39" dir="1" index="0" bw="1" slack="2147483647"/>
</pin_list>
<bind>
<StgValue><ssdm name="_ssdm_op_SpecRegionBegin"/></StgValue>
</bind>
</comp>

<comp id="40" class="1001" name="const_40">
<pin_list>
<pin id="41" dir="1" index="0" bw="1" slack="2147483647"/>
</pin_list>
<bind>
<StgValue><ssdm name=""/></StgValue>
</bind>
</comp>

<comp id="42" class="1001" name="const_42">
<pin_list>
<pin id="43" dir="1" index="0" bw="1" slack="2147483647"/>
</pin_list>
<bind>
<StgValue><ssdm name="p_str7"/></StgValue>
</bind>
</comp>

<comp id="44" class="1001" name="const_44">
<pin_list>
<pin id="45" dir="1" index="0" bw="1" slack="2147483647"/>
</pin_list>
<bind>
<StgValue><ssdm name="_ssdm_op_SpecPipeline"/></StgValue>
</bind>
</comp>

<comp id="46" class="1001" name="const_46">
<pin_list>
<pin id="47" dir="1" index="0" bw="1" slack="2147483647"/>
</pin_list>
<bind>
<StgValue><ssdm name="p_str11"/></StgValue>
</bind>
</comp>

<comp id="48" class="1001" name="const_48">
<pin_list>
<pin id="49" dir="1" index="0" bw="1" slack="2147483647"/>
</pin_list>
<bind>
<StgValue><ssdm name="_ssdm_op_SpecProtocol"/></StgValue>
</bind>
</comp>

<comp id="50" class="1001" name="const_50">
<pin_list>
<pin id="51" dir="1" index="0" bw="1" slack="0"/>
</pin_list>
<bind>
<StgValue><ssdm name="_ssdm_op_Read.ap_fifo.volatile.doubleP"/></StgValue>
</bind>
</comp>

<comp id="52" class="1001" name="const_52">
<pin_list>
<pin id="53" dir="1" index="0" bw="1" slack="2147483647"/>
</pin_list>
<bind>
<StgValue><ssdm name="_ssdm_op_SpecRegionEnd"/></StgValue>
</bind>
</comp>

<comp id="54" class="1001" name="const_54">
<pin_list>
<pin id="55" dir="1" index="0" bw="1" slack="2147483647"/>
</pin_list>
<bind>
<StgValue><ssdm name="p_str21"/></StgValue>
</bind>
</comp>

<comp id="56" class="1001" name="const_56">
<pin_list>
<pin id="57" dir="1" index="0" bw="1" slack="0"/>
</pin_list>
<bind>
<StgValue><ssdm name="_ssdm_op_Write.ap_fifo.volatile.doubleP"/></StgValue>
</bind>
</comp>

<comp id="58" class="1004" name="src_cols_V_read_1_read_fu_58">
<pin_list>
<pin id="59" dir="0" index="0" bw="32" slack="0"/>
<pin id="60" dir="0" index="1" bw="32" slack="0"/>
<pin id="61" dir="1" index="2" bw="32" slack="2"/>
</pin_list>
<bind>
<opcode="read(1150) " fcode="read"/>
<opset="src_cols_V_read_1/1 "/>
</bind>
</comp>

<comp id="64" class="1004" name="src_rows_V_read_1_read_fu_64">
<pin_list>
<pin id="65" dir="0" index="0" bw="32" slack="0"/>
<pin id="66" dir="0" index="1" bw="32" slack="0"/>
<pin id="67" dir="1" index="2" bw="32" slack="1"/>
</pin_list>
<bind>
<opcode="read(1150) " fcode="read"/>
<opset="src_rows_V_read_1/1 "/>
</bind>
</comp>

<comp id="70" class="1004" name="tmp_5_read_fu_70">
<pin_list>
<pin id="71" dir="0" index="0" bw="64" slack="0"/>
<pin id="72" dir="0" index="1" bw="64" slack="0"/>
<pin id="73" dir="1" index="2" bw="64" slack="0"/>
</pin_list>
<bind>
<opcode="read(1150) " fcode="read"/>
<opset="tmp_5/4 "/>
</bind>
</comp>

<comp id="76" class="1004" name="tmp_4_read_fu_76">
<pin_list>
<pin id="77" dir="0" index="0" bw="64" slack="0"/>
<pin id="78" dir="0" index="1" bw="64" slack="0"/>
<pin id="79" dir="1" index="2" bw="64" slack="0"/>
</pin_list>
<bind>
<opcode="read(1150) " fcode="read"/>
<opset="tmp_4/4 "/>
</bind>
</comp>

<comp id="82" class="1004" name="StgValue_37_write_fu_82">
<pin_list>
<pin id="83" dir="0" index="0" bw="0" slack="0"/>
<pin id="84" dir="0" index="1" bw="64" slack="0"/>
<pin id="85" dir="0" index="2" bw="64" slack="0"/>
<pin id="86" dir="1" index="3" bw="0" slack="2147483647"/>
</pin_list>
<bind>
<opcode="write(1151) " fcode="write"/>
<opset="StgValue_37/4 "/>
</bind>
</comp>

<comp id="90" class="1004" name="StgValue_41_write_fu_90">
<pin_list>
<pin id="91" dir="0" index="0" bw="0" slack="0"/>
<pin id="92" dir="0" index="1" bw="64" slack="0"/>
<pin id="93" dir="0" index="2" bw="64" slack="0"/>
<pin id="94" dir="1" index="3" bw="0" slack="2147483647"/>
</pin_list>
<bind>
<opcode="write(1151) " fcode="write"/>
<opset="StgValue_41/4 "/>
</bind>
</comp>

<comp id="98" class="1005" name="t_V_reg_98">
<pin_list>
<pin id="99" dir="0" index="0" bw="32" slack="1"/>
<pin id="100" dir="1" index="1" bw="32" slack="1"/>
</pin_list>
<bind>
<opset="t_V (phireg) "/>
</bind>
</comp>

<comp id="102" class="1004" name="t_V_phi_fu_102">
<pin_list>
<pin id="103" dir="0" index="0" bw="1" slack="1"/>
<pin id="104" dir="0" index="1" bw="0" slack="2147483647"/>
<pin id="105" dir="0" index="2" bw="32" slack="0"/>
<pin id="106" dir="0" index="3" bw="0" slack="2147483647"/>
<pin id="107" dir="1" index="4" bw="32" slack="0"/>
</pin_list>
<bind>
<opcode="phi(47) " fcode="phi"/>
<opset="t_V/2 "/>
</bind>
</comp>

<comp id="109" class="1005" name="t_V_1_reg_109">
<pin_list>
<pin id="110" dir="0" index="0" bw="32" slack="1"/>
<pin id="111" dir="1" index="1" bw="32" slack="1"/>
</pin_list>
<bind>
<opset="t_V_1 (phireg) "/>
</bind>
</comp>

<comp id="113" class="1004" name="t_V_1_phi_fu_113">
<pin_list>
<pin id="114" dir="0" index="0" bw="1" slack="1"/>
<pin id="115" dir="0" index="1" bw="0" slack="2147483647"/>
<pin id="116" dir="0" index="2" bw="32" slack="0"/>
<pin id="117" dir="0" index="3" bw="0" slack="2147483647"/>
<pin id="118" dir="1" index="4" bw="32" slack="0"/>
</pin_list>
<bind>
<opcode="phi(47) " fcode="phi"/>
<opset="t_V_1/3 "/>
</bind>
</comp>

<comp id="120" class="1004" name="exitcond3_fu_120">
<pin_list>
<pin id="121" dir="0" index="0" bw="32" slack="0"/>
<pin id="122" dir="0" index="1" bw="32" slack="1"/>
<pin id="123" dir="1" index="2" bw="1" slack="1"/>
</pin_list>
<bind>
<opcode="icmp(45) " fcode="icmp"/>
<opset="exitcond3/2 "/>
</bind>
</comp>

<comp id="125" class="1004" name="i_V_fu_125">
<pin_list>
<pin id="126" dir="0" index="0" bw="32" slack="0"/>
<pin id="127" dir="0" index="1" bw="1" slack="0"/>
<pin id="128" dir="1" index="2" bw="32" slack="0"/>
</pin_list>
<bind>
<opcode="add(8) " fcode="add"/>
<opset="i_V/2 "/>
</bind>
</comp>

<comp id="131" class="1004" name="exitcond_fu_131">
<pin_list>
<pin id="132" dir="0" index="0" bw="32" slack="0"/>
<pin id="133" dir="0" index="1" bw="32" slack="2"/>
<pin id="134" dir="1" index="2" bw="1" slack="1"/>
</pin_list>
<bind>
<opcode="icmp(45) " fcode="icmp"/>
<opset="exitcond/3 "/>
</bind>
</comp>

<comp id="136" class="1004" name="j_V_fu_136">
<pin_list>
<pin id="137" dir="0" index="0" bw="32" slack="0"/>
<pin id="138" dir="0" index="1" bw="1" slack="0"/>
<pin id="139" dir="1" index="2" bw="32" slack="0"/>
</pin_list>
<bind>
<opcode="add(8) " fcode="add"/>
<opset="j_V/3 "/>
</bind>
</comp>

<comp id="142" class="1005" name="src_cols_V_read_1_reg_142">
<pin_list>
<pin id="143" dir="0" index="0" bw="32" slack="2"/>
<pin id="144" dir="1" index="1" bw="32" slack="2"/>
</pin_list>
<bind>
<opset="src_cols_V_read_1 "/>
</bind>
</comp>

<comp id="147" class="1005" name="src_rows_V_read_1_reg_147">
<pin_list>
<pin id="148" dir="0" index="0" bw="32" slack="1"/>
<pin id="149" dir="1" index="1" bw="32" slack="1"/>
</pin_list>
<bind>
<opset="src_rows_V_read_1 "/>
</bind>
</comp>

<comp id="152" class="1005" name="exitcond3_reg_152">
<pin_list>
<pin id="153" dir="0" index="0" bw="1" slack="1"/>
<pin id="154" dir="1" index="1" bw="1" slack="2147483647"/>
</pin_list>
<bind>
<opset="exitcond3 "/>
</bind>
</comp>

<comp id="156" class="1005" name="i_V_reg_156">
<pin_list>
<pin id="157" dir="0" index="0" bw="32" slack="0"/>
<pin id="158" dir="1" index="1" bw="32" slack="0"/>
</pin_list>
<bind>
<opset="i_V "/>
</bind>
</comp>

<comp id="161" class="1005" name="exitcond_reg_161">
<pin_list>
<pin id="162" dir="0" index="0" bw="1" slack="1"/>
<pin id="163" dir="1" index="1" bw="1" slack="2147483647"/>
</pin_list>
<bind>
<opset="exitcond "/>
</bind>
</comp>

<comp id="165" class="1005" name="j_V_reg_165">
<pin_list>
<pin id="166" dir="0" index="0" bw="32" slack="0"/>
<pin id="167" dir="1" index="1" bw="32" slack="0"/>
</pin_list>
<bind>
<opset="j_V "/>
</bind>
</comp>

</comp_list>

<net_list>
<net id="62"><net_src comp="24" pin="0"/><net_sink comp="58" pin=0"/></net>

<net id="63"><net_src comp="2" pin="0"/><net_sink comp="58" pin=1"/></net>

<net id="68"><net_src comp="24" pin="0"/><net_sink comp="64" pin=0"/></net>

<net id="69"><net_src comp="0" pin="0"/><net_sink comp="64" pin=1"/></net>

<net id="74"><net_src comp="50" pin="0"/><net_sink comp="70" pin=0"/></net>

<net id="75"><net_src comp="4" pin="0"/><net_sink comp="70" pin=1"/></net>

<net id="80"><net_src comp="50" pin="0"/><net_sink comp="76" pin=0"/></net>

<net id="81"><net_src comp="6" pin="0"/><net_sink comp="76" pin=1"/></net>

<net id="87"><net_src comp="56" pin="0"/><net_sink comp="82" pin=0"/></net>

<net id="88"><net_src comp="8" pin="0"/><net_sink comp="82" pin=1"/></net>

<net id="89"><net_src comp="70" pin="2"/><net_sink comp="82" pin=2"/></net>

<net id="95"><net_src comp="56" pin="0"/><net_sink comp="90" pin=0"/></net>

<net id="96"><net_src comp="10" pin="0"/><net_sink comp="90" pin=1"/></net>

<net id="97"><net_src comp="76" pin="2"/><net_sink comp="90" pin=2"/></net>

<net id="101"><net_src comp="16" pin="0"/><net_sink comp="98" pin=0"/></net>

<net id="108"><net_src comp="98" pin="1"/><net_sink comp="102" pin=0"/></net>

<net id="112"><net_src comp="16" pin="0"/><net_sink comp="109" pin=0"/></net>

<net id="119"><net_src comp="109" pin="1"/><net_sink comp="113" pin=0"/></net>

<net id="124"><net_src comp="102" pin="4"/><net_sink comp="120" pin=0"/></net>

<net id="129"><net_src comp="102" pin="4"/><net_sink comp="125" pin=0"/></net>

<net id="130"><net_src comp="32" pin="0"/><net_sink comp="125" pin=1"/></net>

<net id="135"><net_src comp="113" pin="4"/><net_sink comp="131" pin=0"/></net>

<net id="140"><net_src comp="113" pin="4"/><net_sink comp="136" pin=0"/></net>

<net id="141"><net_src comp="32" pin="0"/><net_sink comp="136" pin=1"/></net>

<net id="145"><net_src comp="58" pin="2"/><net_sink comp="142" pin=0"/></net>

<net id="146"><net_src comp="142" pin="1"/><net_sink comp="131" pin=1"/></net>

<net id="150"><net_src comp="64" pin="2"/><net_sink comp="147" pin=0"/></net>

<net id="151"><net_src comp="147" pin="1"/><net_sink comp="120" pin=1"/></net>

<net id="155"><net_src comp="120" pin="2"/><net_sink comp="152" pin=0"/></net>

<net id="159"><net_src comp="125" pin="2"/><net_sink comp="156" pin=0"/></net>

<net id="160"><net_src comp="156" pin="1"/><net_sink comp="102" pin=2"/></net>

<net id="164"><net_src comp="131" pin="2"/><net_sink comp="161" pin=0"/></net>

<net id="168"><net_src comp="136" pin="2"/><net_sink comp="165" pin=0"/></net>

<net id="169"><net_src comp="165" pin="1"/><net_sink comp="113" pin=2"/></net>

</net_list>

</model> 
---------------- Datapath Model END ------------------

* FSMD analyzer results:
  - Output states:
	Port: dst0_data_stream_V | {4 }
	Port: dst1_data_stream_V | {4 }
 - Input state : 
	Port: Split : src_rows_V_read | {1 }
	Port: Split : src_cols_V_read | {1 }
	Port: Split : src_data_stream_0_V | {4 }
	Port: Split : src_data_stream_1_V | {4 }
  - Chain level:
	State 1
	State 2
		exitcond3 : 1
		i_V : 1
		StgValue_17 : 2
	State 3
		exitcond : 1
		j_V : 1
		StgValue_26 : 2
	State 4
		empty_85 : 1
		empty_86 : 1
		empty_87 : 1
		empty_88 : 1
	State 5


============================================================
+ Verbose Summary: Datapath Resource usage 
============================================================

* Functional unit list:
|----------|------------------------------|---------|---------|
| Operation|        Functional Unit       |    FF   |   LUT   |
|----------|------------------------------|---------|---------|
|    add   |          i_V_fu_125          |    0    |    39   |
|          |          j_V_fu_136          |    0    |    39   |
|----------|------------------------------|---------|---------|
|   icmp   |       exitcond3_fu_120       |    0    |    18   |
|          |        exitcond_fu_131       |    0    |    18   |
|----------|------------------------------|---------|---------|
|          | src_cols_V_read_1_read_fu_58 |    0    |    0    |
|   read   | src_rows_V_read_1_read_fu_64 |    0    |    0    |
|          |       tmp_5_read_fu_70       |    0    |    0    |
|          |       tmp_4_read_fu_76       |    0    |    0    |
|----------|------------------------------|---------|---------|
|   write  |    StgValue_37_write_fu_82   |    0    |    0    |
|          |    StgValue_41_write_fu_90   |    0    |    0    |
|----------|------------------------------|---------|---------|
|   Total  |                              |    0    |   114   |
|----------|------------------------------|---------|---------|

Memories:
N/A

* Register list:
+-------------------------+--------+
|                         |   FF   |
+-------------------------+--------+
|    exitcond3_reg_152    |    1   |
|     exitcond_reg_161    |    1   |
|       i_V_reg_156       |   32   |
|       j_V_reg_165       |   32   |
|src_cols_V_read_1_reg_142|   32   |
|src_rows_V_read_1_reg_147|   32   |
|      t_V_1_reg_109      |   32   |
|        t_V_reg_98       |   32   |
+-------------------------+--------+
|          Total          |   194  |
+-------------------------+--------+

* Multiplexer (MUX) list: 
|--------|------|------|------|--------|
|  Comp  |  Pin | Size |  BW  | S x BW |
|--------|------|------|------|--------|
|  Total |      |      |      |    0   |
|--------|------|------|------|--------|



* Summary:
+-----------+--------+--------+
|           |   FF   |   LUT  |
+-----------+--------+--------+
|  Function |    0   |   114  |
|   Memory  |    -   |    -   |
|Multiplexer|    -   |    -   |
|  Register |   194  |    -   |
+-----------+--------+--------+
|   Total   |   194  |   114  |
+-----------+--------+--------+
