

================================================================
== Vivado HLS Report for 'AXIvideo2Mat'
================================================================
* Date:           Wed Jul 28 22:30:23 2021

* Version:        2018.2 (Build 2258646 on Thu Jun 14 20:25:20 MDT 2018)
* Project:        image_filter_prj
* Solution:       solution1
* Product family: artix7
* Target device:  xc7a75tfgg484-1


================================================================
== Performance Estimates
================================================================
+ Timing (ns): 
    * Summary: 
    +--------+-------+----------+------------+
    |  Clock | Target| Estimated| Uncertainty|
    +--------+-------+----------+------------+
    |ap_clk  |  10.00|     5.572|        0.12|
    +--------+-------+----------+------------+

+ Latency (clock cycles): 
    * Summary: 
    +-----+---------+-----+---------+---------+
    |    Latency    |    Interval   | Pipeline|
    | min |   max   | min |   max   |   Type  |
    +-----+---------+-----+---------+---------+
    |    3|  2081163|    3|  2081163|   none  |
    +-----+---------+-----+---------+---------+

    + Detail: 
        * Instance: 
        N/A

        * Loop: 
        +-----------------------+-----+---------+----------+-----------+-----------+----------+----------+
        |                       |    Latency    | Iteration|  Initiation Interval  |   Trip   |          |
        |       Loop Name       | min |   max   |  Latency |  achieved |   target  |   Count  | Pipelined|
        +-----------------------+-----+---------+----------+-----------+-----------+----------+----------+
        |- loop_wait_for_start  |    0|        0|         1|          1|          1|         0|    yes   |
        |- loop_height          |    0|  2081160| 7 ~ 1927 |          -|          -| 0 ~ 1080 |    no    |
        | + loop_width          |    1|     1921|         2|          1|          1| 0 ~ 1920 |    yes   |
        | + loop_wait_for_eol   |    1|        1|         2|          1|          1|         0|    yes   |
        +-----------------------+-----+---------+----------+-----------+-----------+----------+----------+

============================================================
+ Verbose Summary: Synthesis Manager
============================================================
InlineROM: 1
ExposeGlobal: 0
============================================================
+ Verbose Summary: CDFG Model
============================================================
IsTopModel: 0
ResetActiveHigh: 1
IsCombinational: 2
IsDatapathOnly: 0
HasWiredReturn: 1
HasMFsm: 0
HasVarLatency: 1
IsPipeline: 0
IsRtlPipelined: 0
IsInstanceOverlapped: 0
IsDontTouch: 0
HasImplIP: 0
IsGatedGlobalClock: 0

+ Individual pipeline summary: 
  * Pipeline-0: initiation interval (II) = 1, depth = 1
  * Pipeline-1: initiation interval (II) = 1, depth = 2
  * Pipeline-2: initiation interval (II) = 1, depth = 2


============================================================
+ Verbose Summary: Schedule
============================================================
* Number of FSM states : 10
* Pipeline : 3
  Pipeline-0 : II = 1, D = 1, States = { 2 }
  Pipeline-1 : II = 1, D = 2, States = { 5 6 }
  Pipeline-2 : II = 1, D = 2, States = { 8 9 }
* Dataflow Pipeline: 0

* FSM state transitions: 
1 --> 
	2  / true
2 --> 
	3  / (tmp_user_V)
	2  / (!tmp_user_V)
3 --> 
	4  / true
4 --> 
	5  / (!exitcond7)
5 --> 
	6  / true
6 --> 
	7  / (exitcond)
	5  / (!exitcond)
7 --> 
	8  / true
8 --> 
	9  / true
9 --> 
	10  / (eol_2)
	8  / (!eol_2)
10 --> 
	4  / true

* FSM state operations: 

State 1 <SV = 0> <Delay = 0.00>
ST_1 : Operation 11 [1/1] (0.00ns)   --->   "call void (...)* @_ssdm_op_SpecIFCore(i32 %img_cols_V, [1 x i8]* @p_str3, [10 x i8]* @p_str4, [1 x i8]* @p_str3, i32 -1, [1 x i8]* @p_str3, [1 x i8]* @p_str3, [1 x i8]* @p_str3, [1 x i8]* @p_str3, [24 x i8]* @p_str5)"   --->   Operation 11 'specifcore' <Predicate = true> <Delay = 0.00>
ST_1 : Operation 12 [1/1] (0.00ns)   --->   "call void (...)* @_ssdm_op_SpecIFCore(i32 %img_rows_V, [1 x i8]* @p_str3, [10 x i8]* @p_str4, [1 x i8]* @p_str3, i32 -1, [1 x i8]* @p_str3, [1 x i8]* @p_str3, [1 x i8]* @p_str3, [1 x i8]* @p_str3, [24 x i8]* @p_str5)"   --->   Operation 12 'specifcore' <Predicate = true> <Delay = 0.00>
ST_1 : Operation 13 [1/1] (0.00ns)   --->   "call void (...)* @_ssdm_op_SpecInterface(i8* %img_data_stream_2_V, [8 x i8]* @ap_fifo_str, i32 0, i32 0, [1 x i8]* @p_str248, i32 0, i32 0, [1 x i8]* @p_str249, [1 x i8]* @p_str250, [1 x i8]* @p_str251, i32 2, i32 2, i32 16, i32 16, [1 x i8]* @p_str252, [1 x i8]* @p_str253)"   --->   Operation 13 'specinterface' <Predicate = true> <Delay = 0.00>
ST_1 : Operation 14 [1/1] (0.00ns)   --->   "call void (...)* @_ssdm_op_SpecInterface(i8* %img_data_stream_1_V, [8 x i8]* @ap_fifo_str, i32 0, i32 0, [1 x i8]* @p_str241, i32 0, i32 0, [1 x i8]* @p_str242, [1 x i8]* @p_str243, [1 x i8]* @p_str244, i32 2, i32 2, i32 16, i32 16, [1 x i8]* @p_str245, [1 x i8]* @p_str246)"   --->   Operation 14 'specinterface' <Predicate = true> <Delay = 0.00>
ST_1 : Operation 15 [1/1] (0.00ns)   --->   "call void (...)* @_ssdm_op_SpecInterface(i8* %img_data_stream_0_V, [8 x i8]* @ap_fifo_str, i32 0, i32 0, [1 x i8]* @p_str234, i32 0, i32 0, [1 x i8]* @p_str235, [1 x i8]* @p_str236, [1 x i8]* @p_str237, i32 2, i32 2, i32 16, i32 16, [1 x i8]* @p_str238, [1 x i8]* @p_str239)"   --->   Operation 15 'specinterface' <Predicate = true> <Delay = 0.00>
ST_1 : Operation 16 [1/1] (0.00ns)   --->   "call void (...)* @_ssdm_op_SpecInterface(i32 %img_cols_V, [10 x i8]* @ap_stable_str, i32 0, i32 0, [1 x i8]* @p_str161, i32 0, i32 0, [1 x i8]* @p_str162, [1 x i8]* @p_str163, [1 x i8]* @p_str164, i32 2, i32 2, i32 16, i32 16, [1 x i8]* @p_str165, [1 x i8]* @p_str166)"   --->   Operation 16 'specinterface' <Predicate = true> <Delay = 0.00>
ST_1 : Operation 17 [1/1] (0.00ns)   --->   "call void (...)* @_ssdm_op_SpecInterface(i32 %img_rows_V, [10 x i8]* @ap_stable_str, i32 0, i32 0, [1 x i8]* @p_str167, i32 0, i32 0, [1 x i8]* @p_str168, [1 x i8]* @p_str169, [1 x i8]* @p_str170, i32 2, i32 2, i32 16, i32 16, [1 x i8]* @p_str171, [1 x i8]* @p_str172)"   --->   Operation 17 'specinterface' <Predicate = true> <Delay = 0.00>
ST_1 : Operation 18 [1/1] (0.00ns)   --->   "call void (...)* @_ssdm_op_SpecInterface(i32* %AXI_video_strm_V_data_V, i4* %AXI_video_strm_V_keep_V, i4* %AXI_video_strm_V_strb_V, i1* %AXI_video_strm_V_user_V, i1* %AXI_video_strm_V_last_V, i1* %AXI_video_strm_V_id_V, i1* %AXI_video_strm_V_dest_V, [5 x i8]* @p_str, i32 1, i32 1, [5 x i8]* @p_str2, i32 0, i32 0, [1 x i8]* @p_str3, [1 x i8]* @p_str3, [1 x i8]* @p_str3, i32 0, i32 0, i32 0, i32 0, [1 x i8]* @p_str3, [1 x i8]* @p_str3) nounwind"   --->   Operation 18 'specinterface' <Predicate = true> <Delay = 0.00>
ST_1 : Operation 19 [1/1] (0.00ns)   --->   "%img_cols_V_read = call i32 @_ssdm_op_Read.ap_stable.i32(i32 %img_cols_V)"   --->   Operation 19 'read' 'img_cols_V_read' <Predicate = true> <Delay = 0.00> <Core = "AXI4LiteS">   --->   Core 6 'AXI4LiteS' <Latency = 0> <II = 1> <Delay = 1.00> <Adapter> <Opcode : >
ST_1 : Operation 20 [1/1] (0.00ns)   --->   "%img_rows_V_read = call i32 @_ssdm_op_Read.ap_stable.i32(i32 %img_rows_V)"   --->   Operation 20 'read' 'img_rows_V_read' <Predicate = true> <Delay = 0.00> <Core = "AXI4LiteS">   --->   Core 6 'AXI4LiteS' <Latency = 0> <II = 1> <Delay = 1.00> <Adapter> <Opcode : >
ST_1 : Operation 21 [1/1] (0.00ns)   --->   "br label %._crit_edge1" [D:/Xilinx/Vivado/2018.2/common/technology/autopilot/hls/hls_video_io.h:63]   --->   Operation 21 'br' <Predicate = true> <Delay = 0.00>

State 2 <SV = 1> <Delay = 0.00>
ST_2 : Operation 22 [1/1] (0.00ns)   --->   "call void (...)* @_ssdm_op_SpecLoopName([20 x i8]* @p_str47) nounwind" [D:/Xilinx/Vivado/2018.2/common/technology/autopilot/hls/hls_video_io.h:65]   --->   Operation 22 'specloopname' <Predicate = true> <Delay = 0.00>
ST_2 : Operation 23 [1/1] (0.00ns)   --->   "%tmp = call i32 (...)* @_ssdm_op_SpecRegionBegin([20 x i8]* @p_str47)" [D:/Xilinx/Vivado/2018.2/common/technology/autopilot/hls/hls_video_io.h:65]   --->   Operation 23 'specregionbegin' 'tmp' <Predicate = true> <Delay = 0.00>
ST_2 : Operation 24 [1/1] (0.00ns)   --->   "call void (...)* @_ssdm_op_SpecPipeline(i32 1, i32 1, i32 1, i32 0, [1 x i8]* @p_str3) nounwind" [D:/Xilinx/Vivado/2018.2/common/technology/autopilot/hls/hls_video_io.h:66]   --->   Operation 24 'specpipeline' <Predicate = true> <Delay = 0.00>
ST_2 : Operation 25 [1/1] (0.00ns)   --->   "call void (...)* @_ssdm_op_SpecLoopTripCount(i32 0, i32 0, i32 0, [1 x i8]* @p_str3) nounwind" [D:/Xilinx/Vivado/2018.2/common/technology/autopilot/hls/hls_video_io.h:67]   --->   Operation 25 'speclooptripcount' <Predicate = true> <Delay = 0.00>
ST_2 : Operation 26 [1/1] (0.00ns)   --->   "%empty = call { i32, i4, i4, i1, i1, i1, i1 } @_ssdm_op_Read.axis.volatile.i32P.i4P.i4P.i1P.i1P.i1P.i1P(i32* %AXI_video_strm_V_data_V, i4* %AXI_video_strm_V_keep_V, i4* %AXI_video_strm_V_strb_V, i1* %AXI_video_strm_V_user_V, i1* %AXI_video_strm_V_last_V, i1* %AXI_video_strm_V_id_V, i1* %AXI_video_strm_V_dest_V)" [D:/Xilinx/Vivado/2018.2/common/technology/autopilot/hls/hls_video_io.h:68]   --->   Operation 26 'read' 'empty' <Predicate = true> <Delay = 0.00> <Core = "AXI4Stream">   --->   Core 5 'AXI4Stream' <Latency = 0> <II = 1> <Delay = 1.00> <Adapter> <Opcode : >
ST_2 : Operation 27 [1/1] (0.00ns)   --->   "%tmp_data_V = extractvalue { i32, i4, i4, i1, i1, i1, i1 } %empty, 0" [D:/Xilinx/Vivado/2018.2/common/technology/autopilot/hls/hls_video_io.h:68]   --->   Operation 27 'extractvalue' 'tmp_data_V' <Predicate = true> <Delay = 0.00>
ST_2 : Operation 28 [1/1] (0.00ns)   --->   "%tmp_user_V = extractvalue { i32, i4, i4, i1, i1, i1, i1 } %empty, 3" [D:/Xilinx/Vivado/2018.2/common/technology/autopilot/hls/hls_video_io.h:68]   --->   Operation 28 'extractvalue' 'tmp_user_V' <Predicate = true> <Delay = 0.00>
ST_2 : Operation 29 [1/1] (0.00ns)   --->   "%tmp_last_V = extractvalue { i32, i4, i4, i1, i1, i1, i1 } %empty, 4" [D:/Xilinx/Vivado/2018.2/common/technology/autopilot/hls/hls_video_io.h:68]   --->   Operation 29 'extractvalue' 'tmp_last_V' <Predicate = true> <Delay = 0.00>
ST_2 : Operation 30 [1/1] (0.00ns)   --->   "%empty_73 = call i32 (...)* @_ssdm_op_SpecRegionEnd([20 x i8]* @p_str47, i32 %tmp)" [D:/Xilinx/Vivado/2018.2/common/technology/autopilot/hls/hls_video_io.h:70]   --->   Operation 30 'specregionend' 'empty_73' <Predicate = true> <Delay = 0.00>
ST_2 : Operation 31 [1/1] (0.00ns)   --->   "br i1 %tmp_user_V, label %.preheader186.preheader, label %._crit_edge1" [D:/Xilinx/Vivado/2018.2/common/technology/autopilot/hls/hls_video_io.h:65]   --->   Operation 31 'br' <Predicate = true> <Delay = 0.00>

State 3 <SV = 2> <Delay = 1.66>
ST_3 : Operation 32 [1/1] (0.00ns)   --->   "%sof_1 = alloca i1"   --->   Operation 32 'alloca' 'sof_1' <Predicate = true> <Delay = 0.00>
ST_3 : Operation 33 [1/1] (1.66ns)   --->   "store i1 true, i1* %sof_1"   --->   Operation 33 'store' <Predicate = true> <Delay = 1.66>
ST_3 : Operation 34 [1/1] (1.66ns)   --->   "br label %.preheader186" [D:/Xilinx/Vivado/2018.2/common/technology/autopilot/hls/hls_video_io.h:71]   --->   Operation 34 'br' <Predicate = true> <Delay = 1.66>

State 4 <SV = 3> <Delay = 3.41>
ST_4 : Operation 35 [1/1] (0.00ns)   --->   "%axi_last_V1 = phi i1 [ %axi_last_V_3, %5 ], [ %tmp_last_V, %.preheader186.preheader ]"   --->   Operation 35 'phi' 'axi_last_V1' <Predicate = true> <Delay = 0.00>
ST_4 : Operation 36 [1/1] (0.00ns)   --->   "%axi_data_V1 = phi i32 [ %axi_data_V_3, %5 ], [ %tmp_data_V, %.preheader186.preheader ]"   --->   Operation 36 'phi' 'axi_data_V1' <Predicate = true> <Delay = 0.00>
ST_4 : Operation 37 [1/1] (0.00ns)   --->   "%t_V = phi i32 [ %i_V, %5 ], [ 0, %.preheader186.preheader ]"   --->   Operation 37 'phi' 't_V' <Predicate = true> <Delay = 0.00>
ST_4 : Operation 38 [1/1] (2.43ns)   --->   "%exitcond7 = icmp eq i32 %t_V, %img_rows_V_read" [D:/Xilinx/Vivado/2018.2/common/technology/autopilot/hls/hls_video_io.h:71]   --->   Operation 38 'icmp' 'exitcond7' <Predicate = true> <Delay = 2.43> <Core = "Cmp">   --->   Core 25 'Cmp' <Latency = 0> <II = 1> <Delay = 2.43> <FuncUnit> <Opcode : 'icmp'> <InPorts = 2> <OutPorts = 1>
ST_4 : Operation 39 [1/1] (0.00ns)   --->   "call void (...)* @_ssdm_op_SpecLoopTripCount(i64 0, i64 1080, i64 0)"   --->   Operation 39 'speclooptripcount' <Predicate = true> <Delay = 0.00>
ST_4 : Operation 40 [1/1] (2.70ns)   --->   "%i_V = add i32 %t_V, 1" [D:/Xilinx/Vivado/2018.2/common/technology/autopilot/hls/hls_video_io.h:71]   --->   Operation 40 'add' 'i_V' <Predicate = true> <Delay = 2.70> <Core = "AddSub">   --->   Core 14 'AddSub' <Latency = 0> <II = 1> <Delay = 2.70> <FuncUnit> <Opcode : 'add' 'sub'> <InPorts = 2> <OutPorts = 1>
ST_4 : Operation 41 [1/1] (0.00ns)   --->   "br i1 %exitcond7, label %6, label %0" [D:/Xilinx/Vivado/2018.2/common/technology/autopilot/hls/hls_video_io.h:71]   --->   Operation 41 'br' <Predicate = true> <Delay = 0.00>
ST_4 : Operation 42 [1/1] (0.00ns)   --->   "call void (...)* @_ssdm_op_SpecLoopName([12 x i8]* @p_str11) nounwind" [D:/Xilinx/Vivado/2018.2/common/technology/autopilot/hls/hls_video_io.h:71]   --->   Operation 42 'specloopname' <Predicate = (!exitcond7)> <Delay = 0.00>
ST_4 : Operation 43 [1/1] (0.00ns)   --->   "%tmp_s = call i32 (...)* @_ssdm_op_SpecRegionBegin([12 x i8]* @p_str11)" [D:/Xilinx/Vivado/2018.2/common/technology/autopilot/hls/hls_video_io.h:71]   --->   Operation 43 'specregionbegin' 'tmp_s' <Predicate = (!exitcond7)> <Delay = 0.00>
ST_4 : Operation 44 [1/1] (1.66ns)   --->   "br label %1" [D:/Xilinx/Vivado/2018.2/common/technology/autopilot/hls/hls_video_io.h:73]   --->   Operation 44 'br' <Predicate = (!exitcond7)> <Delay = 1.66>
ST_4 : Operation 45 [1/1] (0.00ns)   --->   "ret void"   --->   Operation 45 'ret' <Predicate = (exitcond7)> <Delay = 0.00>

State 5 <SV = 4> <Delay = 3.41>
ST_5 : Operation 46 [1/1] (0.00ns)   --->   "%t_V_7 = phi i32 [ 0, %0 ], [ %j_V, %._crit_edge2 ]"   --->   Operation 46 'phi' 't_V_7' <Predicate = true> <Delay = 0.00>
ST_5 : Operation 47 [1/1] (0.00ns)   --->   "%eol = phi i1 [ false, %0 ], [ %axi_last_V_2, %._crit_edge2 ]" [D:/Xilinx/Vivado/2018.2/common/technology/autopilot/hls/hls_video_io.h:81]   --->   Operation 47 'phi' 'eol' <Predicate = true> <Delay = 0.00>
ST_5 : Operation 48 [1/1] (2.43ns)   --->   "%exitcond = icmp eq i32 %t_V_7, %img_cols_V_read" [D:/Xilinx/Vivado/2018.2/common/technology/autopilot/hls/hls_video_io.h:73]   --->   Operation 48 'icmp' 'exitcond' <Predicate = true> <Delay = 2.43> <Core = "Cmp">   --->   Core 25 'Cmp' <Latency = 0> <II = 1> <Delay = 2.43> <FuncUnit> <Opcode : 'icmp'> <InPorts = 2> <OutPorts = 1>
ST_5 : Operation 49 [1/1] (2.70ns)   --->   "%j_V = add i32 %t_V_7, 1" [D:/Xilinx/Vivado/2018.2/common/technology/autopilot/hls/hls_video_io.h:73]   --->   Operation 49 'add' 'j_V' <Predicate = true> <Delay = 2.70> <Core = "AddSub">   --->   Core 14 'AddSub' <Latency = 0> <II = 1> <Delay = 2.70> <FuncUnit> <Opcode : 'add' 'sub'> <InPorts = 2> <OutPorts = 1>
ST_5 : Operation 50 [1/1] (0.00ns)   --->   "%sof_1_load = load i1* %sof_1" [D:/Xilinx/Vivado/2018.2/common/technology/autopilot/hls/hls_video_io.h:76]   --->   Operation 50 'load' 'sof_1_load' <Predicate = (!exitcond)> <Delay = 0.00>
ST_5 : Operation 51 [1/1] (0.97ns)   --->   "%brmerge = or i1 %sof_1_load, %eol" [D:/Xilinx/Vivado/2018.2/common/technology/autopilot/hls/hls_video_io.h:76]   --->   Operation 51 'or' 'brmerge' <Predicate = (!exitcond)> <Delay = 0.97> <Core = "LogicGate">   --->   Core 27 'LogicGate' <Latency = 0> <II = 1> <Delay = 0.97> <FuncUnit> <Opcode : 'and' 'or' 'xor'> <InPorts = 2> <OutPorts = 1>
ST_5 : Operation 52 [2/2] (0.00ns)   --->   "%empty_74 = call { i32, i4, i4, i1, i1, i1, i1 } @_ssdm_op_Read.axis.volatile.i32P.i4P.i4P.i1P.i1P.i1P.i1P(i32* %AXI_video_strm_V_data_V, i4* %AXI_video_strm_V_keep_V, i4* %AXI_video_strm_V_strb_V, i1* %AXI_video_strm_V_user_V, i1* %AXI_video_strm_V_last_V, i1* %AXI_video_strm_V_id_V, i1* %AXI_video_strm_V_dest_V)" [D:/Xilinx/Vivado/2018.2/common/technology/autopilot/hls/hls_video_io.h:81]   --->   Operation 52 'read' 'empty_74' <Predicate = (!exitcond & !brmerge)> <Delay = 0.00> <Core = "AXI4Stream">   --->   Core 5 'AXI4Stream' <Latency = 0> <II = 1> <Delay = 1.00> <Adapter> <Opcode : >
ST_5 : Operation 53 [1/1] (1.66ns)   --->   "store i1 false, i1* %sof_1"   --->   Operation 53 'store' <Predicate = (!exitcond)> <Delay = 1.66>

State 6 <SV = 5> <Delay = 5.57>
ST_6 : Operation 54 [1/1] (0.00ns)   --->   "%eol_1 = phi i1 [ %axi_last_V1, %0 ], [ %axi_last_V_2, %._crit_edge2 ]" [D:/Xilinx/Vivado/2018.2/common/technology/autopilot/hls/hls_video_io.h:100]   --->   Operation 54 'phi' 'eol_1' <Predicate = true> <Delay = 0.00>
ST_6 : Operation 55 [1/1] (0.00ns)   --->   "%axi_data_V_1 = phi i32 [ %axi_data_V1, %0 ], [ %p_Val2_s, %._crit_edge2 ]"   --->   Operation 55 'phi' 'axi_data_V_1' <Predicate = true> <Delay = 0.00>
ST_6 : Operation 56 [1/1] (0.00ns)   --->   "call void (...)* @_ssdm_op_SpecLoopTripCount(i64 0, i64 1920, i64 0)"   --->   Operation 56 'speclooptripcount' <Predicate = true> <Delay = 0.00>
ST_6 : Operation 57 [1/1] (0.00ns)   --->   "br i1 %exitcond, label %.preheader.preheader, label %2" [D:/Xilinx/Vivado/2018.2/common/technology/autopilot/hls/hls_video_io.h:73]   --->   Operation 57 'br' <Predicate = true> <Delay = 0.00>
ST_6 : Operation 58 [1/1] (0.00ns)   --->   "call void (...)* @_ssdm_op_SpecLoopName([11 x i8]* @p_str12) nounwind" [D:/Xilinx/Vivado/2018.2/common/technology/autopilot/hls/hls_video_io.h:73]   --->   Operation 58 'specloopname' <Predicate = (!exitcond)> <Delay = 0.00>
ST_6 : Operation 59 [1/1] (0.00ns)   --->   "%tmp_66 = call i32 (...)* @_ssdm_op_SpecRegionBegin([11 x i8]* @p_str12)" [D:/Xilinx/Vivado/2018.2/common/technology/autopilot/hls/hls_video_io.h:73]   --->   Operation 59 'specregionbegin' 'tmp_66' <Predicate = (!exitcond)> <Delay = 0.00>
ST_6 : Operation 60 [1/1] (0.00ns)   --->   "call void (...)* @_ssdm_op_SpecPipeline(i32 1, i32 1, i32 1, i32 0, [1 x i8]* @p_str3) nounwind" [D:/Xilinx/Vivado/2018.2/common/technology/autopilot/hls/hls_video_io.h:75]   --->   Operation 60 'specpipeline' <Predicate = (!exitcond)> <Delay = 0.00>
ST_6 : Operation 61 [1/1] (1.66ns)   --->   "br i1 %brmerge, label %._crit_edge2, label %3" [D:/Xilinx/Vivado/2018.2/common/technology/autopilot/hls/hls_video_io.h:76]   --->   Operation 61 'br' <Predicate = (!exitcond)> <Delay = 1.66>
ST_6 : Operation 62 [1/2] (0.00ns)   --->   "%empty_74 = call { i32, i4, i4, i1, i1, i1, i1 } @_ssdm_op_Read.axis.volatile.i32P.i4P.i4P.i1P.i1P.i1P.i1P(i32* %AXI_video_strm_V_data_V, i4* %AXI_video_strm_V_keep_V, i4* %AXI_video_strm_V_strb_V, i1* %AXI_video_strm_V_user_V, i1* %AXI_video_strm_V_last_V, i1* %AXI_video_strm_V_id_V, i1* %AXI_video_strm_V_dest_V)" [D:/Xilinx/Vivado/2018.2/common/technology/autopilot/hls/hls_video_io.h:81]   --->   Operation 62 'read' 'empty_74' <Predicate = (!exitcond & !brmerge)> <Delay = 0.00> <Core = "AXI4Stream">   --->   Core 5 'AXI4Stream' <Latency = 0> <II = 1> <Delay = 1.00> <Adapter> <Opcode : >
ST_6 : Operation 63 [1/1] (0.00ns)   --->   "%tmp_data_V_1 = extractvalue { i32, i4, i4, i1, i1, i1, i1 } %empty_74, 0" [D:/Xilinx/Vivado/2018.2/common/technology/autopilot/hls/hls_video_io.h:81]   --->   Operation 63 'extractvalue' 'tmp_data_V_1' <Predicate = (!exitcond & !brmerge)> <Delay = 0.00>
ST_6 : Operation 64 [1/1] (0.00ns)   --->   "%tmp_last_V_1 = extractvalue { i32, i4, i4, i1, i1, i1, i1 } %empty_74, 4" [D:/Xilinx/Vivado/2018.2/common/technology/autopilot/hls/hls_video_io.h:81]   --->   Operation 64 'extractvalue' 'tmp_last_V_1' <Predicate = (!exitcond & !brmerge)> <Delay = 0.00>
ST_6 : Operation 65 [1/1] (1.66ns)   --->   "br label %._crit_edge2"   --->   Operation 65 'br' <Predicate = (!exitcond & !brmerge)> <Delay = 1.66>
ST_6 : Operation 66 [1/1] (0.00ns)   --->   "%axi_last_V_2 = phi i1 [ %tmp_last_V_1, %3 ], [ %eol_1, %2 ]"   --->   Operation 66 'phi' 'axi_last_V_2' <Predicate = (!exitcond)> <Delay = 0.00>
ST_6 : Operation 67 [1/1] (0.00ns)   --->   "%p_Val2_s = phi i32 [ %tmp_data_V_1, %3 ], [ %axi_data_V_1, %2 ]"   --->   Operation 67 'phi' 'p_Val2_s' <Predicate = (!exitcond)> <Delay = 0.00>
ST_6 : Operation 68 [1/1] (0.00ns)   --->   "%tmp_127 = trunc i32 %p_Val2_s to i8" [D:/Xilinx/Vivado/2018.2/common/technology/autopilot/hls/hls_axi_io.h:49->D:/Xilinx/Vivado/2018.2/common/technology/autopilot/hls/hls_axi_io.h:71->D:/Xilinx/Vivado/2018.2/common/technology/autopilot/hls/hls_video_io.h:92]   --->   Operation 68 'trunc' 'tmp_127' <Predicate = (!exitcond)> <Delay = 0.00>
ST_6 : Operation 69 [1/1] (0.00ns)   --->   "%tmp_64 = call i8 @_ssdm_op_PartSelect.i8.i32.i32.i32(i32 %p_Val2_s, i32 8, i32 15)" [D:/Xilinx/Vivado/2018.2/common/technology/autopilot/hls/hls_axi_io.h:49->D:/Xilinx/Vivado/2018.2/common/technology/autopilot/hls/hls_axi_io.h:71->D:/Xilinx/Vivado/2018.2/common/technology/autopilot/hls/hls_video_io.h:92]   --->   Operation 69 'partselect' 'tmp_64' <Predicate = (!exitcond)> <Delay = 0.00>
ST_6 : Operation 70 [1/1] (0.00ns)   --->   "%tmp_65 = call i8 @_ssdm_op_PartSelect.i8.i32.i32.i32(i32 %p_Val2_s, i32 16, i32 23)" [D:/Xilinx/Vivado/2018.2/common/technology/autopilot/hls/hls_axi_io.h:49->D:/Xilinx/Vivado/2018.2/common/technology/autopilot/hls/hls_axi_io.h:71->D:/Xilinx/Vivado/2018.2/common/technology/autopilot/hls/hls_video_io.h:92]   --->   Operation 70 'partselect' 'tmp_65' <Predicate = (!exitcond)> <Delay = 0.00>
ST_6 : Operation 71 [1/1] (0.00ns)   --->   "%tmp_68 = call i32 (...)* @_ssdm_op_SpecRegionBegin([12 x i8]* @p_str45)" [D:/Xilinx/Vivado/2018.2/common/technology/autopilot/hls/hls_video_core.h:641->D:/Xilinx/Vivado/2018.2/common/technology/autopilot/hls/hls_video_core.h:662->D:/Xilinx/Vivado/2018.2/common/technology/autopilot/hls/hls_video_io.h:94]   --->   Operation 71 'specregionbegin' 'tmp_68' <Predicate = (!exitcond)> <Delay = 0.00>
ST_6 : Operation 72 [1/1] (0.00ns)   --->   "call void (...)* @_ssdm_op_SpecProtocol(i32 0, [1 x i8]* @p_str3) nounwind" [D:/Xilinx/Vivado/2018.2/common/technology/autopilot/hls/hls_video_core.h:645->D:/Xilinx/Vivado/2018.2/common/technology/autopilot/hls/hls_video_core.h:662->D:/Xilinx/Vivado/2018.2/common/technology/autopilot/hls/hls_video_io.h:94]   --->   Operation 72 'specprotocol' <Predicate = (!exitcond)> <Delay = 0.00>
ST_6 : Operation 73 [1/1] (3.90ns)   --->   "call void @_ssdm_op_Write.ap_fifo.volatile.i8P(i8* %img_data_stream_0_V, i8 %tmp_127)" [D:/Xilinx/Vivado/2018.2/common/technology/autopilot/hls/hls_video_core.h:648->D:/Xilinx/Vivado/2018.2/common/technology/autopilot/hls/hls_video_core.h:662->D:/Xilinx/Vivado/2018.2/common/technology/autopilot/hls/hls_video_io.h:94]   --->   Operation 73 'write' <Predicate = (!exitcond)> <Delay = 3.90> <Core = "FIFO">   --->   Core 32 'FIFO' <Latency = 0> <II = 1> <Delay = 3.90> <Storage> <Opcode : 'read' 'write' 'nbread' 'nbwrite'> <Ports = 0> <Width = 8> <Depth = 2> <FIFO>
ST_6 : Operation 74 [1/1] (3.90ns)   --->   "call void @_ssdm_op_Write.ap_fifo.volatile.i8P(i8* %img_data_stream_1_V, i8 %tmp_64)" [D:/Xilinx/Vivado/2018.2/common/technology/autopilot/hls/hls_video_core.h:648->D:/Xilinx/Vivado/2018.2/common/technology/autopilot/hls/hls_video_core.h:662->D:/Xilinx/Vivado/2018.2/common/technology/autopilot/hls/hls_video_io.h:94]   --->   Operation 74 'write' <Predicate = (!exitcond)> <Delay = 3.90> <Core = "FIFO">   --->   Core 32 'FIFO' <Latency = 0> <II = 1> <Delay = 3.90> <Storage> <Opcode : 'read' 'write' 'nbread' 'nbwrite'> <Ports = 0> <Width = 8> <Depth = 2> <FIFO>
ST_6 : Operation 75 [1/1] (3.90ns)   --->   "call void @_ssdm_op_Write.ap_fifo.volatile.i8P(i8* %img_data_stream_2_V, i8 %tmp_65)" [D:/Xilinx/Vivado/2018.2/common/technology/autopilot/hls/hls_video_core.h:648->D:/Xilinx/Vivado/2018.2/common/technology/autopilot/hls/hls_video_core.h:662->D:/Xilinx/Vivado/2018.2/common/technology/autopilot/hls/hls_video_io.h:94]   --->   Operation 75 'write' <Predicate = (!exitcond)> <Delay = 3.90> <Core = "FIFO">   --->   Core 32 'FIFO' <Latency = 0> <II = 1> <Delay = 3.90> <Storage> <Opcode : 'read' 'write' 'nbread' 'nbwrite'> <Ports = 0> <Width = 8> <Depth = 2> <FIFO>
ST_6 : Operation 76 [1/1] (0.00ns)   --->   "%empty_75 = call i32 (...)* @_ssdm_op_SpecRegionEnd([12 x i8]* @p_str45, i32 %tmp_68)" [D:/Xilinx/Vivado/2018.2/common/technology/autopilot/hls/hls_video_core.h:650->D:/Xilinx/Vivado/2018.2/common/technology/autopilot/hls/hls_video_core.h:662->D:/Xilinx/Vivado/2018.2/common/technology/autopilot/hls/hls_video_io.h:94]   --->   Operation 76 'specregionend' 'empty_75' <Predicate = (!exitcond)> <Delay = 0.00>
ST_6 : Operation 77 [1/1] (0.00ns)   --->   "%empty_76 = call i32 (...)* @_ssdm_op_SpecRegionEnd([11 x i8]* @p_str12, i32 %tmp_66)" [D:/Xilinx/Vivado/2018.2/common/technology/autopilot/hls/hls_video_io.h:95]   --->   Operation 77 'specregionend' 'empty_76' <Predicate = (!exitcond)> <Delay = 0.00>
ST_6 : Operation 78 [1/1] (0.00ns)   --->   "br label %1" [D:/Xilinx/Vivado/2018.2/common/technology/autopilot/hls/hls_video_io.h:73]   --->   Operation 78 'br' <Predicate = (!exitcond)> <Delay = 0.00>

State 7 <SV = 6> <Delay = 1.66>
ST_7 : Operation 79 [1/1] (1.66ns)   --->   "br label %.preheader" [D:/Xilinx/Vivado/2018.2/common/technology/autopilot/hls/hls_video_io.h:96]   --->   Operation 79 'br' <Predicate = true> <Delay = 1.66>

State 8 <SV = 7> <Delay = 0.97>
ST_8 : Operation 80 [1/1] (0.00ns)   --->   "%eol_2 = phi i1 [ %tmp_last_V_2, %4 ], [ %eol, %.preheader.preheader ]"   --->   Operation 80 'phi' 'eol_2' <Predicate = true> <Delay = 0.00>
ST_8 : Operation 81 [2/2] (0.00ns)   --->   "%empty_77 = call { i32, i4, i4, i1, i1, i1, i1 } @_ssdm_op_Read.axis.volatile.i32P.i4P.i4P.i1P.i1P.i1P.i1P(i32* %AXI_video_strm_V_data_V, i4* %AXI_video_strm_V_keep_V, i4* %AXI_video_strm_V_strb_V, i1* %AXI_video_strm_V_user_V, i1* %AXI_video_strm_V_last_V, i1* %AXI_video_strm_V_id_V, i1* %AXI_video_strm_V_dest_V)" [D:/Xilinx/Vivado/2018.2/common/technology/autopilot/hls/hls_video_io.h:100]   --->   Operation 81 'read' 'empty_77' <Predicate = (!eol_2)> <Delay = 0.00> <Core = "AXI4Stream">   --->   Core 5 'AXI4Stream' <Latency = 0> <II = 1> <Delay = 1.00> <Adapter> <Opcode : >

State 9 <SV = 8> <Delay = 0.00>
ST_9 : Operation 82 [1/1] (0.00ns)   --->   "%axi_last_V_3 = phi i1 [ %tmp_last_V_2, %4 ], [ %eol_1, %.preheader.preheader ]"   --->   Operation 82 'phi' 'axi_last_V_3' <Predicate = true> <Delay = 0.00>
ST_9 : Operation 83 [1/1] (0.00ns)   --->   "%axi_data_V_3 = phi i32 [ %tmp_data_V_2, %4 ], [ %axi_data_V_1, %.preheader.preheader ]"   --->   Operation 83 'phi' 'axi_data_V_3' <Predicate = true> <Delay = 0.00>
ST_9 : Operation 84 [1/1] (0.00ns)   --->   "br i1 %eol_2, label %5, label %4" [D:/Xilinx/Vivado/2018.2/common/technology/autopilot/hls/hls_video_io.h:96]   --->   Operation 84 'br' <Predicate = true> <Delay = 0.00>
ST_9 : Operation 85 [1/1] (0.00ns)   --->   "call void (...)* @_ssdm_op_SpecLoopName([18 x i8]* @p_str48) nounwind" [D:/Xilinx/Vivado/2018.2/common/technology/autopilot/hls/hls_video_io.h:96]   --->   Operation 85 'specloopname' <Predicate = (!eol_2)> <Delay = 0.00>
ST_9 : Operation 86 [1/1] (0.00ns)   --->   "%tmp_67 = call i32 (...)* @_ssdm_op_SpecRegionBegin([18 x i8]* @p_str48)" [D:/Xilinx/Vivado/2018.2/common/technology/autopilot/hls/hls_video_io.h:96]   --->   Operation 86 'specregionbegin' 'tmp_67' <Predicate = (!eol_2)> <Delay = 0.00>
ST_9 : Operation 87 [1/1] (0.00ns)   --->   "call void (...)* @_ssdm_op_SpecPipeline(i32 1, i32 1, i32 1, i32 0, [1 x i8]* @p_str3) nounwind" [D:/Xilinx/Vivado/2018.2/common/technology/autopilot/hls/hls_video_io.h:97]   --->   Operation 87 'specpipeline' <Predicate = (!eol_2)> <Delay = 0.00>
ST_9 : Operation 88 [1/1] (0.00ns)   --->   "call void (...)* @_ssdm_op_SpecLoopTripCount(i32 0, i32 0, i32 0, [1 x i8]* @p_str3) nounwind" [D:/Xilinx/Vivado/2018.2/common/technology/autopilot/hls/hls_video_io.h:98]   --->   Operation 88 'speclooptripcount' <Predicate = (!eol_2)> <Delay = 0.00>
ST_9 : Operation 89 [1/2] (0.00ns)   --->   "%empty_77 = call { i32, i4, i4, i1, i1, i1, i1 } @_ssdm_op_Read.axis.volatile.i32P.i4P.i4P.i1P.i1P.i1P.i1P(i32* %AXI_video_strm_V_data_V, i4* %AXI_video_strm_V_keep_V, i4* %AXI_video_strm_V_strb_V, i1* %AXI_video_strm_V_user_V, i1* %AXI_video_strm_V_last_V, i1* %AXI_video_strm_V_id_V, i1* %AXI_video_strm_V_dest_V)" [D:/Xilinx/Vivado/2018.2/common/technology/autopilot/hls/hls_video_io.h:100]   --->   Operation 89 'read' 'empty_77' <Predicate = (!eol_2)> <Delay = 0.00> <Core = "AXI4Stream">   --->   Core 5 'AXI4Stream' <Latency = 0> <II = 1> <Delay = 1.00> <Adapter> <Opcode : >
ST_9 : Operation 90 [1/1] (0.00ns)   --->   "%tmp_data_V_2 = extractvalue { i32, i4, i4, i1, i1, i1, i1 } %empty_77, 0" [D:/Xilinx/Vivado/2018.2/common/technology/autopilot/hls/hls_video_io.h:100]   --->   Operation 90 'extractvalue' 'tmp_data_V_2' <Predicate = (!eol_2)> <Delay = 0.00>
ST_9 : Operation 91 [1/1] (0.00ns)   --->   "%tmp_last_V_2 = extractvalue { i32, i4, i4, i1, i1, i1, i1 } %empty_77, 4" [D:/Xilinx/Vivado/2018.2/common/technology/autopilot/hls/hls_video_io.h:100]   --->   Operation 91 'extractvalue' 'tmp_last_V_2' <Predicate = (!eol_2)> <Delay = 0.00>
ST_9 : Operation 92 [1/1] (0.00ns)   --->   "%empty_78 = call i32 (...)* @_ssdm_op_SpecRegionEnd([18 x i8]* @p_str48, i32 %tmp_67)" [D:/Xilinx/Vivado/2018.2/common/technology/autopilot/hls/hls_video_io.h:103]   --->   Operation 92 'specregionend' 'empty_78' <Predicate = (!eol_2)> <Delay = 0.00>
ST_9 : Operation 93 [1/1] (0.00ns)   --->   "br label %.preheader" [D:/Xilinx/Vivado/2018.2/common/technology/autopilot/hls/hls_video_io.h:103]   --->   Operation 93 'br' <Predicate = (!eol_2)> <Delay = 0.00>

State 10 <SV = 9> <Delay = 0.00>
ST_10 : Operation 94 [1/1] (0.00ns)   --->   "%empty_79 = call i32 (...)* @_ssdm_op_SpecRegionEnd([12 x i8]* @p_str11, i32 %tmp_s)" [D:/Xilinx/Vivado/2018.2/common/technology/autopilot/hls/hls_video_io.h:104]   --->   Operation 94 'specregionend' 'empty_79' <Predicate = true> <Delay = 0.00>
ST_10 : Operation 95 [1/1] (0.00ns)   --->   "br label %.preheader186" [D:/Xilinx/Vivado/2018.2/common/technology/autopilot/hls/hls_video_io.h:71]   --->   Operation 95 'br' <Predicate = true> <Delay = 0.00>


============================================================
+ Verbose Summary: Timing violations
============================================================
Target clock period: 10ns, clock uncertainty: 0.125ns.

 <State 1>: 0ns
The critical path consists of the following:

 <State 2>: 0ns
The critical path consists of the following:

 <State 3>: 1.66ns
The critical path consists of the following:
	'alloca' operation ('sof_1') [36]  (0 ns)
	'store' operation of constant 1 on local variable 'sof_1' [37]  (1.66 ns)

 <State 4>: 3.42ns
The critical path consists of the following:
	'icmp' operation ('exitcond7', D:/Xilinx/Vivado/2018.2/common/technology/autopilot/hls/hls_video_io.h:71) [43]  (2.44 ns)
	blocking operation 0.978 ns on control path)

 <State 5>: 3.42ns
The critical path consists of the following:
	'icmp' operation ('exitcond', D:/Xilinx/Vivado/2018.2/common/technology/autopilot/hls/hls_video_io.h:73) [56]  (2.44 ns)
	blocking operation 0.978 ns on control path)

 <State 6>: 5.57ns
The critical path consists of the following:
	'phi' operation ('eol', D:/Xilinx/Vivado/2018.2/common/technology/autopilot/hls/hls_video_io.h:100) with incoming values : ('tmp.last.V', D:/Xilinx/Vivado/2018.2/common/technology/autopilot/hls/hls_video_io.h:68) ('tmp.last.V', D:/Xilinx/Vivado/2018.2/common/technology/autopilot/hls/hls_video_io.h:81) ('tmp.last.V', D:/Xilinx/Vivado/2018.2/common/technology/autopilot/hls/hls_video_io.h:100) [52]  (0 ns)
	multiplexor before 'phi' operation ('axi.data.V') with incoming values : ('tmp.data.V', D:/Xilinx/Vivado/2018.2/common/technology/autopilot/hls/hls_video_io.h:68) ('tmp.data.V', D:/Xilinx/Vivado/2018.2/common/technology/autopilot/hls/hls_video_io.h:81) ('tmp.data.V', D:/Xilinx/Vivado/2018.2/common/technology/autopilot/hls/hls_video_io.h:100) [74]  (1.66 ns)
	'phi' operation ('axi.data.V') with incoming values : ('tmp.data.V', D:/Xilinx/Vivado/2018.2/common/technology/autopilot/hls/hls_video_io.h:68) ('tmp.data.V', D:/Xilinx/Vivado/2018.2/common/technology/autopilot/hls/hls_video_io.h:81) ('tmp.data.V', D:/Xilinx/Vivado/2018.2/common/technology/autopilot/hls/hls_video_io.h:100) [74]  (0 ns)
	fifo write on port 'img_data_stream_1_V' (D:/Xilinx/Vivado/2018.2/common/technology/autopilot/hls/hls_video_core.h:648->D:/Xilinx/Vivado/2018.2/common/technology/autopilot/hls/hls_video_core.h:662->D:/Xilinx/Vivado/2018.2/common/technology/autopilot/hls/hls_video_io.h:94) [81]  (3.91 ns)

 <State 7>: 1.66ns
The critical path consists of the following:
	multiplexor before 'phi' operation ('axi.last.V') with incoming values : ('tmp.last.V', D:/Xilinx/Vivado/2018.2/common/technology/autopilot/hls/hls_video_io.h:68) ('tmp.last.V', D:/Xilinx/Vivado/2018.2/common/technology/autopilot/hls/hls_video_io.h:81) ('tmp.last.V', D:/Xilinx/Vivado/2018.2/common/technology/autopilot/hls/hls_video_io.h:100) [90]  (1.66 ns)

 <State 8>: 0.978ns
The critical path consists of the following:
	'phi' operation ('axi.last.V') with incoming values : ('tmp.last.V', D:/Xilinx/Vivado/2018.2/common/technology/autopilot/hls/hls_video_io.h:68) ('tmp.last.V', D:/Xilinx/Vivado/2018.2/common/technology/autopilot/hls/hls_video_io.h:81) ('tmp.last.V', D:/Xilinx/Vivado/2018.2/common/technology/autopilot/hls/hls_video_io.h:100) [92]  (0 ns)
	blocking operation 0.978 ns on control path)

 <State 9>: 0ns
The critical path consists of the following:

 <State 10>: 0ns
The critical path consists of the following:


============================================================
+ Verbose Summary: Binding
============================================================
N/A
* FSMD analyzer results:
  - Output states:
 - Input state : 
  - Chain level:
	State 1
	State 2
	State 3
	State 4
	State 5
	State 6
	State 7
	State 8
	State 9
	State 10


============================================================
+ Verbose Summary: Datapath Resource usage 
============================================================
N/A
