

================================================================
== Vivado HLS Report for 'Mat2AXIvideo'
================================================================
* Date:           Wed Jul 28 22:30:28 2021

* Version:        2018.2 (Build 2258646 on Thu Jun 14 20:25:20 MDT 2018)
* Project:        image_filter_prj
* Solution:       solution1
* Product family: artix7
* Target device:  xc7a75tfgg484-1


================================================================
== Performance Estimates
================================================================
+ Timing (ns): 
    * Summary: 
    +--------+-------+----------+------------+
    |  Clock | Target| Estimated| Uncertainty|
    +--------+-------+----------+------------+
    |ap_clk  |  10.00|     3.908|        0.12|
    +--------+-------+----------+------------+

+ Latency (clock cycles): 
    * Summary: 
    +-----+---------+-----+---------+---------+
    |    Latency    |    Interval   | Pipeline|
    | min |   max   | min |   max   |   Type  |
    +-----+---------+-----+---------+---------+
    |    1|  2077921|    1|  2077921|   none  |
    +-----+---------+-----+---------+---------+

    + Detail: 
        * Instance: 
        N/A

        * Loop: 
        +---------------+-----+---------+----------+-----------+-----------+----------+----------+
        |               |    Latency    | Iteration|  Initiation Interval  |   Trip   |          |
        |   Loop Name   | min |   max   |  Latency |  achieved |   target  |   Count  | Pipelined|
        +---------------+-----+---------+----------+-----------+-----------+----------+----------+
        |- loop_height  |    0|  2077920| 3 ~ 1924 |          -|          -| 0 ~ 1080 |    no    |
        | + loop_width  |    0|     1921|         3|          1|          1| 0 ~ 1920 |    yes   |
        +---------------+-----+---------+----------+-----------+-----------+----------+----------+

============================================================
+ Verbose Summary: Synthesis Manager
============================================================
InlineROM: 1
ExposeGlobal: 0
============================================================
+ Verbose Summary: CDFG Model
============================================================
IsTopModel: 0
ResetActiveHigh: 1
IsCombinational: 2
IsDatapathOnly: 0
HasWiredReturn: 1
HasMFsm: 0
HasVarLatency: 1
IsPipeline: 0
IsRtlPipelined: 0
IsInstanceOverlapped: 0
IsDontTouch: 0
HasImplIP: 0
IsGatedGlobalClock: 0

+ Individual pipeline summary: 
  * Pipeline-0: initiation interval (II) = 1, depth = 3


============================================================
+ Verbose Summary: Schedule
============================================================
* Number of FSM states : 6
* Pipeline : 1
  Pipeline-0 : II = 1, D = 3, States = { 3 4 5 }
* Dataflow Pipeline: 0

* FSM state transitions: 
1 --> 
	2  / true
2 --> 
	3  / (!exitcond6)
3 --> 
	6  / (exitcond)
	4  / (!exitcond)
4 --> 
	5  / true
5 --> 
	3  / true
6 --> 
	2  / true

* FSM state operations: 

State 1 <SV = 0> <Delay = 2.70>
ST_1 : Operation 7 [1/1] (0.00ns)   --->   "%tmp_user_V = alloca i1"   --->   Operation 7 'alloca' 'tmp_user_V' <Predicate = true> <Delay = 0.00>
ST_1 : Operation 8 [1/1] (0.00ns)   --->   "call void (...)* @_ssdm_op_SpecIFCore(i32 %img_cols_V, [1 x i8]* @p_str3, [10 x i8]* @p_str4, [1 x i8]* @p_str3, i32 -1, [1 x i8]* @p_str3, [1 x i8]* @p_str3, [1 x i8]* @p_str3, [1 x i8]* @p_str3, [24 x i8]* @p_str5)"   --->   Operation 8 'specifcore' <Predicate = true> <Delay = 0.00>
ST_1 : Operation 9 [1/1] (0.00ns)   --->   "call void (...)* @_ssdm_op_SpecIFCore(i32 %img_rows_V, [1 x i8]* @p_str3, [10 x i8]* @p_str4, [1 x i8]* @p_str3, i32 -1, [1 x i8]* @p_str3, [1 x i8]* @p_str3, [1 x i8]* @p_str3, [1 x i8]* @p_str3, [24 x i8]* @p_str5)"   --->   Operation 9 'specifcore' <Predicate = true> <Delay = 0.00>
ST_1 : Operation 10 [1/1] (0.00ns)   --->   "call void (...)* @_ssdm_op_SpecInterface(i8* %img_data_stream_2_V, [8 x i8]* @ap_fifo_str, i32 0, i32 0, [1 x i8]* @p_str353, i32 0, i32 0, [1 x i8]* @p_str354, [1 x i8]* @p_str355, [1 x i8]* @p_str356, i32 2, i32 2, i32 16, i32 16, [1 x i8]* @p_str357, [1 x i8]* @p_str358)"   --->   Operation 10 'specinterface' <Predicate = true> <Delay = 0.00>
ST_1 : Operation 11 [1/1] (0.00ns)   --->   "call void (...)* @_ssdm_op_SpecInterface(i8* %img_data_stream_1_V, [8 x i8]* @ap_fifo_str, i32 0, i32 0, [1 x i8]* @p_str346, i32 0, i32 0, [1 x i8]* @p_str347, [1 x i8]* @p_str348, [1 x i8]* @p_str349, i32 2, i32 2, i32 16, i32 16, [1 x i8]* @p_str350, [1 x i8]* @p_str351)"   --->   Operation 11 'specinterface' <Predicate = true> <Delay = 0.00>
ST_1 : Operation 12 [1/1] (0.00ns)   --->   "call void (...)* @_ssdm_op_SpecInterface(i8* %img_data_stream_0_V, [8 x i8]* @ap_fifo_str, i32 0, i32 0, [1 x i8]* @p_str339, i32 0, i32 0, [1 x i8]* @p_str340, [1 x i8]* @p_str341, [1 x i8]* @p_str342, i32 2, i32 2, i32 16, i32 16, [1 x i8]* @p_str343, [1 x i8]* @p_str344)"   --->   Operation 12 'specinterface' <Predicate = true> <Delay = 0.00>
ST_1 : Operation 13 [1/1] (0.00ns)   --->   "call void (...)* @_ssdm_op_SpecInterface(i32 %img_cols_V, [10 x i8]* @ap_stable_str, i32 0, i32 0, [1 x i8]* @p_str221, i32 0, i32 0, [1 x i8]* @p_str222, [1 x i8]* @p_str223, [1 x i8]* @p_str224, i32 2, i32 2, i32 16, i32 16, [1 x i8]* @p_str225, [1 x i8]* @p_str226)"   --->   Operation 13 'specinterface' <Predicate = true> <Delay = 0.00>
ST_1 : Operation 14 [1/1] (0.00ns)   --->   "call void (...)* @_ssdm_op_SpecInterface(i32 %img_rows_V, [10 x i8]* @ap_stable_str, i32 0, i32 0, [1 x i8]* @p_str227, i32 0, i32 0, [1 x i8]* @p_str228, [1 x i8]* @p_str229, [1 x i8]* @p_str230, i32 2, i32 2, i32 16, i32 16, [1 x i8]* @p_str231, [1 x i8]* @p_str232)"   --->   Operation 14 'specinterface' <Predicate = true> <Delay = 0.00>
ST_1 : Operation 15 [1/1] (0.00ns)   --->   "call void (...)* @_ssdm_op_SpecInterface(i32* %AXI_video_strm_V_data_V, i4* %AXI_video_strm_V_keep_V, i4* %AXI_video_strm_V_strb_V, i1* %AXI_video_strm_V_user_V, i1* %AXI_video_strm_V_last_V, i1* %AXI_video_strm_V_id_V, i1* %AXI_video_strm_V_dest_V, [5 x i8]* @p_str, i32 1, i32 1, [5 x i8]* @p_str2, i32 0, i32 0, [1 x i8]* @p_str3, [1 x i8]* @p_str3, [1 x i8]* @p_str3, i32 0, i32 0, i32 0, i32 0, [1 x i8]* @p_str3, [1 x i8]* @p_str3) nounwind"   --->   Operation 15 'specinterface' <Predicate = true> <Delay = 0.00>
ST_1 : Operation 16 [1/1] (0.00ns)   --->   "%img_cols_V_read = call i32 @_ssdm_op_Read.ap_stable.i32(i32 %img_cols_V)"   --->   Operation 16 'read' 'img_cols_V_read' <Predicate = true> <Delay = 0.00> <Core = "AXI4LiteS">   --->   Core 6 'AXI4LiteS' <Latency = 0> <II = 1> <Delay = 1.00> <Adapter> <Opcode : >
ST_1 : Operation 17 [1/1] (0.00ns)   --->   "%img_rows_V_read = call i32 @_ssdm_op_Read.ap_stable.i32(i32 %img_rows_V)"   --->   Operation 17 'read' 'img_rows_V_read' <Predicate = true> <Delay = 0.00> <Core = "AXI4LiteS">   --->   Core 6 'AXI4LiteS' <Latency = 0> <II = 1> <Delay = 1.00> <Adapter> <Opcode : >
ST_1 : Operation 18 [1/1] (0.00ns)   --->   "%lhs_V_cast = zext i32 %img_cols_V_read to i33" [D:/Xilinx/Vivado/2018.2/common/technology/autopilot/hls/hls_video_io.h:135]   --->   Operation 18 'zext' 'lhs_V_cast' <Predicate = true> <Delay = 0.00>
ST_1 : Operation 19 [1/1] (2.70ns)   --->   "%r_V = add i33 %lhs_V_cast, -1" [D:/Xilinx/Vivado/2018.2/common/technology/autopilot/hls/hls_video_io.h:135]   --->   Operation 19 'add' 'r_V' <Predicate = true> <Delay = 2.70> <Core = "AddSub">   --->   Core 14 'AddSub' <Latency = 0> <II = 1> <Delay = 2.70> <FuncUnit> <Opcode : 'add' 'sub'> <InPorts = 2> <OutPorts = 1>
ST_1 : Operation 20 [1/1] (1.66ns)   --->   "store i1 true, i1* %tmp_user_V"   --->   Operation 20 'store' <Predicate = true> <Delay = 1.66>
ST_1 : Operation 21 [1/1] (1.66ns)   --->   "br label %0" [D:/Xilinx/Vivado/2018.2/common/technology/autopilot/hls/hls_video_io.h:125]   --->   Operation 21 'br' <Predicate = true> <Delay = 1.66>

State 2 <SV = 1> <Delay = 3.41>
ST_2 : Operation 22 [1/1] (0.00ns)   --->   "%t_V = phi i32 [ 0, %._crit_edge ], [ %i_V, %3 ]"   --->   Operation 22 'phi' 't_V' <Predicate = true> <Delay = 0.00>
ST_2 : Operation 23 [1/1] (2.43ns)   --->   "%exitcond6 = icmp eq i32 %t_V, %img_rows_V_read" [D:/Xilinx/Vivado/2018.2/common/technology/autopilot/hls/hls_video_io.h:125]   --->   Operation 23 'icmp' 'exitcond6' <Predicate = true> <Delay = 2.43> <Core = "Cmp">   --->   Core 25 'Cmp' <Latency = 0> <II = 1> <Delay = 2.46> <FuncUnit> <Opcode : 'icmp'> <InPorts = 2> <OutPorts = 1>
ST_2 : Operation 24 [1/1] (0.00ns)   --->   "call void (...)* @_ssdm_op_SpecLoopTripCount(i64 0, i64 1080, i64 0)"   --->   Operation 24 'speclooptripcount' <Predicate = true> <Delay = 0.00>
ST_2 : Operation 25 [1/1] (2.70ns)   --->   "%i_V = add i32 %t_V, 1" [D:/Xilinx/Vivado/2018.2/common/technology/autopilot/hls/hls_video_io.h:125]   --->   Operation 25 'add' 'i_V' <Predicate = true> <Delay = 2.70> <Core = "AddSub">   --->   Core 14 'AddSub' <Latency = 0> <II = 1> <Delay = 2.70> <FuncUnit> <Opcode : 'add' 'sub'> <InPorts = 2> <OutPorts = 1>
ST_2 : Operation 26 [1/1] (0.00ns)   --->   "br i1 %exitcond6, label %4, label %1" [D:/Xilinx/Vivado/2018.2/common/technology/autopilot/hls/hls_video_io.h:125]   --->   Operation 26 'br' <Predicate = true> <Delay = 0.00>
ST_2 : Operation 27 [1/1] (0.00ns)   --->   "call void (...)* @_ssdm_op_SpecLoopName([12 x i8]* @p_str11) nounwind" [D:/Xilinx/Vivado/2018.2/common/technology/autopilot/hls/hls_video_io.h:125]   --->   Operation 27 'specloopname' <Predicate = (!exitcond6)> <Delay = 0.00>
ST_2 : Operation 28 [1/1] (0.00ns)   --->   "%tmp = call i32 (...)* @_ssdm_op_SpecRegionBegin([12 x i8]* @p_str11)" [D:/Xilinx/Vivado/2018.2/common/technology/autopilot/hls/hls_video_io.h:125]   --->   Operation 28 'specregionbegin' 'tmp' <Predicate = (!exitcond6)> <Delay = 0.00>
ST_2 : Operation 29 [1/1] (1.66ns)   --->   "br label %2" [D:/Xilinx/Vivado/2018.2/common/technology/autopilot/hls/hls_video_io.h:126]   --->   Operation 29 'br' <Predicate = (!exitcond6)> <Delay = 1.66>
ST_2 : Operation 30 [1/1] (0.00ns)   --->   "ret void"   --->   Operation 30 'ret' <Predicate = (exitcond6)> <Delay = 0.00>

State 3 <SV = 2> <Delay = 3.41>
ST_3 : Operation 31 [1/1] (0.00ns)   --->   "%t_V_3 = phi i32 [ 0, %1 ], [ %j_V, %"operator>>.exit" ]"   --->   Operation 31 'phi' 't_V_3' <Predicate = true> <Delay = 0.00>
ST_3 : Operation 32 [1/1] (2.43ns)   --->   "%exitcond = icmp eq i32 %t_V_3, %img_cols_V_read" [D:/Xilinx/Vivado/2018.2/common/technology/autopilot/hls/hls_video_io.h:126]   --->   Operation 32 'icmp' 'exitcond' <Predicate = true> <Delay = 2.43> <Core = "Cmp">   --->   Core 25 'Cmp' <Latency = 0> <II = 1> <Delay = 2.46> <FuncUnit> <Opcode : 'icmp'> <InPorts = 2> <OutPorts = 1>
ST_3 : Operation 33 [1/1] (0.00ns)   --->   "call void (...)* @_ssdm_op_SpecLoopTripCount(i64 0, i64 1920, i64 0)"   --->   Operation 33 'speclooptripcount' <Predicate = true> <Delay = 0.00>
ST_3 : Operation 34 [1/1] (2.70ns)   --->   "%j_V = add i32 %t_V_3, 1" [D:/Xilinx/Vivado/2018.2/common/technology/autopilot/hls/hls_video_io.h:126]   --->   Operation 34 'add' 'j_V' <Predicate = true> <Delay = 2.70> <Core = "AddSub">   --->   Core 14 'AddSub' <Latency = 0> <II = 1> <Delay = 2.70> <FuncUnit> <Opcode : 'add' 'sub'> <InPorts = 2> <OutPorts = 1>
ST_3 : Operation 35 [1/1] (0.00ns)   --->   "br i1 %exitcond, label %3, label %"operator>>.exit"" [D:/Xilinx/Vivado/2018.2/common/technology/autopilot/hls/hls_video_io.h:126]   --->   Operation 35 'br' <Predicate = true> <Delay = 0.00>
ST_3 : Operation 36 [1/1] (0.00ns)   --->   "%tmp_cast = zext i32 %t_V_3 to i33" [D:/Xilinx/Vivado/2018.2/common/technology/autopilot/hls/hls_video_io.h:135]   --->   Operation 36 'zext' 'tmp_cast' <Predicate = (!exitcond)> <Delay = 0.00>
ST_3 : Operation 37 [1/1] (2.46ns)   --->   "%axi_last_V = icmp eq i33 %tmp_cast, %r_V" [D:/Xilinx/Vivado/2018.2/common/technology/autopilot/hls/hls_video_io.h:135]   --->   Operation 37 'icmp' 'axi_last_V' <Predicate = (!exitcond)> <Delay = 2.46> <Core = "Cmp">   --->   Core 25 'Cmp' <Latency = 0> <II = 1> <Delay = 2.46> <FuncUnit> <Opcode : 'icmp'> <InPorts = 2> <OutPorts = 1>

State 4 <SV = 3> <Delay = 3.90>
ST_4 : Operation 38 [1/1] (0.00ns)   --->   "%tmp_user_V_load = load i1* %tmp_user_V" [D:/Xilinx/Vivado/2018.2/common/technology/autopilot/hls/hls_video_io.h:146]   --->   Operation 38 'load' 'tmp_user_V_load' <Predicate = (!exitcond)> <Delay = 0.00>
ST_4 : Operation 39 [1/1] (0.00ns)   --->   "%tmp_3 = call i32 (...)* @_ssdm_op_SpecRegionBegin([12 x i8]* @p_str16)" [D:/Xilinx/Vivado/2018.2/common/technology/autopilot/hls/hls_video_core.h:617->D:/Xilinx/Vivado/2018.2/common/technology/autopilot/hls/hls_video_core.h:656->D:/Xilinx/Vivado/2018.2/common/technology/autopilot/hls/hls_video_io.h:140]   --->   Operation 39 'specregionbegin' 'tmp_3' <Predicate = (!exitcond)> <Delay = 0.00>
ST_4 : Operation 40 [1/1] (0.00ns)   --->   "call void (...)* @_ssdm_op_SpecProtocol(i32 0, [1 x i8]* @p_str3) nounwind" [D:/Xilinx/Vivado/2018.2/common/technology/autopilot/hls/hls_video_core.h:621->D:/Xilinx/Vivado/2018.2/common/technology/autopilot/hls/hls_video_core.h:656->D:/Xilinx/Vivado/2018.2/common/technology/autopilot/hls/hls_video_io.h:140]   --->   Operation 40 'specprotocol' <Predicate = (!exitcond)> <Delay = 0.00>
ST_4 : Operation 41 [1/1] (3.90ns)   --->   "%tmp_29 = call i8 @_ssdm_op_Read.ap_fifo.volatile.i8P(i8* %img_data_stream_0_V)" [D:/Xilinx/Vivado/2018.2/common/technology/autopilot/hls/hls_video_core.h:624->D:/Xilinx/Vivado/2018.2/common/technology/autopilot/hls/hls_video_core.h:656->D:/Xilinx/Vivado/2018.2/common/technology/autopilot/hls/hls_video_io.h:140]   --->   Operation 41 'read' 'tmp_29' <Predicate = (!exitcond)> <Delay = 3.90> <Core = "FIFO">   --->   Core 32 'FIFO' <Latency = 0> <II = 1> <Delay = 3.90> <Storage> <Opcode : 'read' 'write' 'nbread' 'nbwrite'> <Ports = 0> <Width = 8> <Depth = 2> <FIFO>
ST_4 : Operation 42 [1/1] (3.90ns)   --->   "%tmp_30 = call i8 @_ssdm_op_Read.ap_fifo.volatile.i8P(i8* %img_data_stream_1_V)" [D:/Xilinx/Vivado/2018.2/common/technology/autopilot/hls/hls_video_core.h:624->D:/Xilinx/Vivado/2018.2/common/technology/autopilot/hls/hls_video_core.h:656->D:/Xilinx/Vivado/2018.2/common/technology/autopilot/hls/hls_video_io.h:140]   --->   Operation 42 'read' 'tmp_30' <Predicate = (!exitcond)> <Delay = 3.90> <Core = "FIFO">   --->   Core 32 'FIFO' <Latency = 0> <II = 1> <Delay = 3.90> <Storage> <Opcode : 'read' 'write' 'nbread' 'nbwrite'> <Ports = 0> <Width = 8> <Depth = 2> <FIFO>
ST_4 : Operation 43 [1/1] (3.90ns)   --->   "%tmp_28 = call i8 @_ssdm_op_Read.ap_fifo.volatile.i8P(i8* %img_data_stream_2_V)" [D:/Xilinx/Vivado/2018.2/common/technology/autopilot/hls/hls_video_core.h:624->D:/Xilinx/Vivado/2018.2/common/technology/autopilot/hls/hls_video_core.h:656->D:/Xilinx/Vivado/2018.2/common/technology/autopilot/hls/hls_video_io.h:140]   --->   Operation 43 'read' 'tmp_28' <Predicate = (!exitcond)> <Delay = 3.90> <Core = "FIFO">   --->   Core 32 'FIFO' <Latency = 0> <II = 1> <Delay = 3.90> <Storage> <Opcode : 'read' 'write' 'nbread' 'nbwrite'> <Ports = 0> <Width = 8> <Depth = 2> <FIFO>
ST_4 : Operation 44 [1/1] (0.00ns)   --->   "%empty = call i32 (...)* @_ssdm_op_SpecRegionEnd([12 x i8]* @p_str16, i32 %tmp_3)" [D:/Xilinx/Vivado/2018.2/common/technology/autopilot/hls/hls_video_core.h:626->D:/Xilinx/Vivado/2018.2/common/technology/autopilot/hls/hls_video_core.h:656->D:/Xilinx/Vivado/2018.2/common/technology/autopilot/hls/hls_video_io.h:140]   --->   Operation 44 'specregionend' 'empty' <Predicate = (!exitcond)> <Delay = 0.00>
ST_4 : Operation 45 [1/1] (0.00ns)   --->   "%tmp_data_V = call i32 @_ssdm_op_BitConcatenate.i32.i8.i8.i8.i8(i8 -1, i8 %tmp_28, i8 %tmp_30, i8 %tmp_29)" [D:/Xilinx/Vivado/2018.2/common/technology/autopilot/hls/hls_axi_io.h:78->D:/Xilinx/Vivado/2018.2/common/technology/autopilot/hls/hls_axi_io.h:100->D:/Xilinx/Vivado/2018.2/common/technology/autopilot/hls/hls_video_io.h:143]   --->   Operation 45 'bitconcatenate' 'tmp_data_V' <Predicate = (!exitcond)> <Delay = 0.00>
ST_4 : Operation 46 [2/2] (0.00ns)   --->   "call void @_ssdm_op_Write.axis.volatile.i32P.i4P.i4P.i1P.i1P.i1P.i1P(i32* %AXI_video_strm_V_data_V, i4* %AXI_video_strm_V_keep_V, i4* %AXI_video_strm_V_strb_V, i1* %AXI_video_strm_V_user_V, i1* %AXI_video_strm_V_last_V, i1* %AXI_video_strm_V_id_V, i1* %AXI_video_strm_V_dest_V, i32 %tmp_data_V, i4 -1, i4 undef, i1 %tmp_user_V_load, i1 %axi_last_V, i1 undef, i1 undef)" [D:/Xilinx/Vivado/2018.2/common/technology/autopilot/hls/hls_video_io.h:146]   --->   Operation 46 'write' <Predicate = (!exitcond)> <Delay = 0.00> <Core = "AXI4Stream">   --->   Core 5 'AXI4Stream' <Latency = 0> <II = 1> <Delay = 1.00> <Adapter> <Opcode : >
ST_4 : Operation 47 [1/1] (1.66ns)   --->   "store i1 false, i1* %tmp_user_V"   --->   Operation 47 'store' <Predicate = (!exitcond)> <Delay = 1.66>

State 5 <SV = 4> <Delay = 0.00>
ST_5 : Operation 48 [1/1] (0.00ns)   --->   "call void (...)* @_ssdm_op_SpecLoopName([11 x i8]* @p_str12) nounwind" [D:/Xilinx/Vivado/2018.2/common/technology/autopilot/hls/hls_video_io.h:126]   --->   Operation 48 'specloopname' <Predicate = (!exitcond)> <Delay = 0.00>
ST_5 : Operation 49 [1/1] (0.00ns)   --->   "%tmp_s = call i32 (...)* @_ssdm_op_SpecRegionBegin([11 x i8]* @p_str12)" [D:/Xilinx/Vivado/2018.2/common/technology/autopilot/hls/hls_video_io.h:126]   --->   Operation 49 'specregionbegin' 'tmp_s' <Predicate = (!exitcond)> <Delay = 0.00>
ST_5 : Operation 50 [1/1] (0.00ns)   --->   "call void (...)* @_ssdm_op_SpecPipeline(i32 1, i32 1, i32 1, i32 0, [1 x i8]* @p_str3) nounwind" [D:/Xilinx/Vivado/2018.2/common/technology/autopilot/hls/hls_video_io.h:128]   --->   Operation 50 'specpipeline' <Predicate = (!exitcond)> <Delay = 0.00>
ST_5 : Operation 51 [1/2] (0.00ns)   --->   "call void @_ssdm_op_Write.axis.volatile.i32P.i4P.i4P.i1P.i1P.i1P.i1P(i32* %AXI_video_strm_V_data_V, i4* %AXI_video_strm_V_keep_V, i4* %AXI_video_strm_V_strb_V, i1* %AXI_video_strm_V_user_V, i1* %AXI_video_strm_V_last_V, i1* %AXI_video_strm_V_id_V, i1* %AXI_video_strm_V_dest_V, i32 %tmp_data_V, i4 -1, i4 undef, i1 %tmp_user_V_load, i1 %axi_last_V, i1 undef, i1 undef)" [D:/Xilinx/Vivado/2018.2/common/technology/autopilot/hls/hls_video_io.h:146]   --->   Operation 51 'write' <Predicate = (!exitcond)> <Delay = 0.00> <Core = "AXI4Stream">   --->   Core 5 'AXI4Stream' <Latency = 0> <II = 1> <Delay = 1.00> <Adapter> <Opcode : >
ST_5 : Operation 52 [1/1] (0.00ns)   --->   "%empty_65 = call i32 (...)* @_ssdm_op_SpecRegionEnd([11 x i8]* @p_str12, i32 %tmp_s)" [D:/Xilinx/Vivado/2018.2/common/technology/autopilot/hls/hls_video_io.h:147]   --->   Operation 52 'specregionend' 'empty_65' <Predicate = (!exitcond)> <Delay = 0.00>
ST_5 : Operation 53 [1/1] (0.00ns)   --->   "br label %2" [D:/Xilinx/Vivado/2018.2/common/technology/autopilot/hls/hls_video_io.h:126]   --->   Operation 53 'br' <Predicate = (!exitcond)> <Delay = 0.00>

State 6 <SV = 3> <Delay = 0.00>
ST_6 : Operation 54 [1/1] (0.00ns)   --->   "%empty_66 = call i32 (...)* @_ssdm_op_SpecRegionEnd([12 x i8]* @p_str11, i32 %tmp)" [D:/Xilinx/Vivado/2018.2/common/technology/autopilot/hls/hls_video_io.h:148]   --->   Operation 54 'specregionend' 'empty_66' <Predicate = true> <Delay = 0.00>
ST_6 : Operation 55 [1/1] (0.00ns)   --->   "br label %0" [D:/Xilinx/Vivado/2018.2/common/technology/autopilot/hls/hls_video_io.h:125]   --->   Operation 55 'br' <Predicate = true> <Delay = 0.00>


============================================================
+ Verbose Summary: Binding
============================================================
STG Binding: 
---------------- STG Properties BEGIN ----------------
- Is combinational: 0
- Is one-state seq: 0
- Is datapath-only: 0
- Is pipelined: 0
- Is top level: 0
Port [ Return ] is wired: 1; IO mode=ap_ctrl_hs:ce=0
Port [ img_rows_V]:  wired=1; compound=0; hidden=0; nouse=0; global=0; static=0; extern=0; dir=0; type=0; pingpong=0; private_global=0; IO mode=ap_stable:ce=0
Port [ img_cols_V]:  wired=1; compound=0; hidden=0; nouse=0; global=0; static=0; extern=0; dir=0; type=0; pingpong=0; private_global=0; IO mode=ap_stable:ce=0
Port [ img_data_stream_0_V]:  wired=1; compound=1; hidden=0; nouse=0; global=0; static=0; extern=0; dir=0; type=3; pingpong=0; private_global=0; IO mode=ap_fifo:ce=0
Port [ img_data_stream_1_V]:  wired=1; compound=1; hidden=0; nouse=0; global=0; static=0; extern=0; dir=0; type=3; pingpong=0; private_global=0; IO mode=ap_fifo:ce=0
Port [ img_data_stream_2_V]:  wired=1; compound=1; hidden=0; nouse=0; global=0; static=0; extern=0; dir=0; type=3; pingpong=0; private_global=0; IO mode=ap_fifo:ce=0
Port [ AXI_video_strm_V_data_V]:  wired=1; compound=1; hidden=0; nouse=0; global=0; static=0; extern=0; dir=1; type=0; pingpong=0; private_global=0; IO mode=axis:ce=0
Port [ AXI_video_strm_V_keep_V]:  wired=1; compound=1; hidden=0; nouse=0; global=0; static=0; extern=0; dir=1; type=0; pingpong=0; private_global=0; IO mode=axis:ce=0
Port [ AXI_video_strm_V_strb_V]:  wired=1; compound=1; hidden=0; nouse=0; global=0; static=0; extern=0; dir=1; type=0; pingpong=0; private_global=0; IO mode=axis:ce=0
Port [ AXI_video_strm_V_user_V]:  wired=1; compound=1; hidden=0; nouse=0; global=0; static=0; extern=0; dir=1; type=0; pingpong=0; private_global=0; IO mode=axis:ce=0
Port [ AXI_video_strm_V_last_V]:  wired=1; compound=1; hidden=0; nouse=0; global=0; static=0; extern=0; dir=1; type=0; pingpong=0; private_global=0; IO mode=axis:ce=0
Port [ AXI_video_strm_V_id_V]:  wired=1; compound=1; hidden=0; nouse=0; global=0; static=0; extern=0; dir=1; type=0; pingpong=0; private_global=0; IO mode=axis:ce=0
Port [ AXI_video_strm_V_dest_V]:  wired=1; compound=1; hidden=0; nouse=0; global=0; static=0; extern=0; dir=1; type=0; pingpong=0; private_global=0; IO mode=axis:ce=0
---------------- STG Properties END ------------------

---------------- Datapath Model BEGIN ----------------

<LifeTime>
<method=bitvector/>
tmp_user_V      (alloca           ) [ 0111111]
StgValue_8      (specifcore       ) [ 0000000]
StgValue_9      (specifcore       ) [ 0000000]
StgValue_10     (specinterface    ) [ 0000000]
StgValue_11     (specinterface    ) [ 0000000]
StgValue_12     (specinterface    ) [ 0000000]
StgValue_13     (specinterface    ) [ 0000000]
StgValue_14     (specinterface    ) [ 0000000]
StgValue_15     (specinterface    ) [ 0000000]
img_cols_V_read (read             ) [ 0011111]
img_rows_V_read (read             ) [ 0011111]
lhs_V_cast      (zext             ) [ 0000000]
r_V             (add              ) [ 0011111]
StgValue_20     (store            ) [ 0000000]
StgValue_21     (br               ) [ 0111111]
t_V             (phi              ) [ 0010000]
exitcond6       (icmp             ) [ 0011111]
StgValue_24     (speclooptripcount) [ 0000000]
i_V             (add              ) [ 0111111]
StgValue_26     (br               ) [ 0000000]
StgValue_27     (specloopname     ) [ 0000000]
tmp             (specregionbegin  ) [ 0001111]
StgValue_29     (br               ) [ 0011111]
StgValue_30     (ret              ) [ 0000000]
t_V_3           (phi              ) [ 0001000]
exitcond        (icmp             ) [ 0011111]
StgValue_33     (speclooptripcount) [ 0000000]
j_V             (add              ) [ 0011111]
StgValue_35     (br               ) [ 0000000]
tmp_cast        (zext             ) [ 0000000]
axi_last_V      (icmp             ) [ 0001110]
tmp_user_V_load (load             ) [ 0001010]
tmp_3           (specregionbegin  ) [ 0000000]
StgValue_40     (specprotocol     ) [ 0000000]
tmp_29          (read             ) [ 0000000]
tmp_30          (read             ) [ 0000000]
tmp_28          (read             ) [ 0000000]
empty           (specregionend    ) [ 0000000]
tmp_data_V      (bitconcatenate   ) [ 0001010]
StgValue_47     (store            ) [ 0000000]
StgValue_48     (specloopname     ) [ 0000000]
tmp_s           (specregionbegin  ) [ 0000000]
StgValue_50     (specpipeline     ) [ 0000000]
StgValue_51     (write            ) [ 0000000]
empty_65        (specregionend    ) [ 0000000]
StgValue_53     (br               ) [ 0011111]
empty_66        (specregionend    ) [ 0000000]
StgValue_55     (br               ) [ 0111111]
</LifeTime>

<model>

<comp_list>
<comp id="0" class="1000" name="img_rows_V">
<pin_list>
<pin id="1" dir="1" index="0" bw="1" slack="0"/>
</pin_list>
<bind>
<StgValue><ssdm name="img_rows_V"/></StgValue>
</bind>
</comp>

<comp id="2" class="1000" name="img_cols_V">
<pin_list>
<pin id="3" dir="1" index="0" bw="1" slack="0"/>
</pin_list>
<bind>
<StgValue><ssdm name="img_cols_V"/></StgValue>
</bind>
</comp>

<comp id="4" class="1000" name="img_data_stream_0_V">
<pin_list>
<pin id="5" dir="1" index="0" bw="1" slack="0"/>
</pin_list>
<bind>
<StgValue><ssdm name="img_data_stream_0_V"/></StgValue>
</bind>
</comp>

<comp id="6" class="1000" name="img_data_stream_1_V">
<pin_list>
<pin id="7" dir="1" index="0" bw="1" slack="0"/>
</pin_list>
<bind>
<StgValue><ssdm name="img_data_stream_1_V"/></StgValue>
</bind>
</comp>

<comp id="8" class="1000" name="img_data_stream_2_V">
<pin_list>
<pin id="9" dir="1" index="0" bw="1" slack="0"/>
</pin_list>
<bind>
<StgValue><ssdm name="img_data_stream_2_V"/></StgValue>
</bind>
</comp>

<comp id="10" class="1000" name="AXI_video_strm_V_data_V">
<pin_list>
<pin id="11" dir="1" index="0" bw="1" slack="0"/>
</pin_list>
<bind>
<StgValue><ssdm name="AXI_video_strm_V_data_V"/></StgValue>
</bind>
</comp>

<comp id="12" class="1000" name="AXI_video_strm_V_keep_V">
<pin_list>
<pin id="13" dir="1" index="0" bw="1" slack="0"/>
</pin_list>
<bind>
<StgValue><ssdm name="AXI_video_strm_V_keep_V"/></StgValue>
</bind>
</comp>

<comp id="14" class="1000" name="AXI_video_strm_V_strb_V">
<pin_list>
<pin id="15" dir="1" index="0" bw="1" slack="0"/>
</pin_list>
<bind>
<StgValue><ssdm name="AXI_video_strm_V_strb_V"/></StgValue>
</bind>
</comp>

<comp id="16" class="1000" name="AXI_video_strm_V_user_V">
<pin_list>
<pin id="17" dir="1" index="0" bw="1" slack="0"/>
</pin_list>
<bind>
<StgValue><ssdm name="AXI_video_strm_V_user_V"/></StgValue>
</bind>
</comp>

<comp id="18" class="1000" name="AXI_video_strm_V_last_V">
<pin_list>
<pin id="19" dir="1" index="0" bw="1" slack="0"/>
</pin_list>
<bind>
<StgValue><ssdm name="AXI_video_strm_V_last_V"/></StgValue>
</bind>
</comp>

<comp id="20" class="1000" name="AXI_video_strm_V_id_V">
<pin_list>
<pin id="21" dir="1" index="0" bw="1" slack="0"/>
</pin_list>
<bind>
<StgValue><ssdm name="AXI_video_strm_V_id_V"/></StgValue>
</bind>
</comp>

<comp id="22" class="1000" name="AXI_video_strm_V_dest_V">
<pin_list>
<pin id="23" dir="1" index="0" bw="1" slack="0"/>
</pin_list>
<bind>
<StgValue><ssdm name="AXI_video_strm_V_dest_V"/></StgValue>
</bind>
</comp>

<comp id="24" class="1001" name="const_24">
<pin_list>
<pin id="25" dir="1" index="0" bw="1" slack="0"/>
</pin_list>
<bind>
<StgValue><ssdm name=""/></StgValue>
</bind>
</comp>

<comp id="26" class="1001" name="const_26">
<pin_list>
<pin id="27" dir="1" index="0" bw="1" slack="2147483647"/>
</pin_list>
<bind>
<StgValue><ssdm name="_ssdm_op_SpecIFCore"/></StgValue>
</bind>
</comp>

<comp id="28" class="1001" name="const_28">
<pin_list>
<pin id="29" dir="1" index="0" bw="1" slack="2147483647"/>
</pin_list>
<bind>
<StgValue><ssdm name="p_str3"/></StgValue>
</bind>
</comp>

<comp id="30" class="1001" name="const_30">
<pin_list>
<pin id="31" dir="1" index="0" bw="1" slack="2147483647"/>
</pin_list>
<bind>
<StgValue><ssdm name="p_str4"/></StgValue>
</bind>
</comp>

<comp id="32" class="1001" name="const_32">
<pin_list>
<pin id="33" dir="1" index="0" bw="1" slack="2147483647"/>
</pin_list>
<bind>
<StgValue><ssdm name=""/></StgValue>
</bind>
</comp>

<comp id="34" class="1001" name="const_34">
<pin_list>
<pin id="35" dir="1" index="0" bw="1" slack="2147483647"/>
</pin_list>
<bind>
<StgValue><ssdm name="p_str5"/></StgValue>
</bind>
</comp>

<comp id="36" class="1001" name="const_36">
<pin_list>
<pin id="37" dir="1" index="0" bw="1" slack="2147483647"/>
</pin_list>
<bind>
<StgValue><ssdm name="_ssdm_op_SpecInterface"/></StgValue>
</bind>
</comp>

<comp id="38" class="1001" name="const_38">
<pin_list>
<pin id="39" dir="1" index="0" bw="1" slack="2147483647"/>
</pin_list>
<bind>
<StgValue><ssdm name="ap_fifo_str"/></StgValue>
</bind>
</comp>

<comp id="40" class="1001" name="const_40">
<pin_list>
<pin id="41" dir="1" index="0" bw="1" slack="1"/>
</pin_list>
<bind>
<StgValue><ssdm name=""/></StgValue>
</bind>
</comp>

<comp id="42" class="1001" name="const_42">
<pin_list>
<pin id="43" dir="1" index="0" bw="1" slack="2147483647"/>
</pin_list>
<bind>
<StgValue><ssdm name="p_str353"/></StgValue>
</bind>
</comp>

<comp id="44" class="1001" name="const_44">
<pin_list>
<pin id="45" dir="1" index="0" bw="1" slack="2147483647"/>
</pin_list>
<bind>
<StgValue><ssdm name="p_str354"/></StgValue>
</bind>
</comp>

<comp id="46" class="1001" name="const_46">
<pin_list>
<pin id="47" dir="1" index="0" bw="1" slack="2147483647"/>
</pin_list>
<bind>
<StgValue><ssdm name="p_str355"/></StgValue>
</bind>
</comp>

<comp id="48" class="1001" name="const_48">
<pin_list>
<pin id="49" dir="1" index="0" bw="1" slack="2147483647"/>
</pin_list>
<bind>
<StgValue><ssdm name="p_str356"/></StgValue>
</bind>
</comp>

<comp id="50" class="1001" name="const_50">
<pin_list>
<pin id="51" dir="1" index="0" bw="1" slack="2147483647"/>
</pin_list>
<bind>
<StgValue><ssdm name=""/></StgValue>
</bind>
</comp>

<comp id="52" class="1001" name="const_52">
<pin_list>
<pin id="53" dir="1" index="0" bw="1" slack="2147483647"/>
</pin_list>
<bind>
<StgValue><ssdm name=""/></StgValue>
</bind>
</comp>

<comp id="54" class="1001" name="const_54">
<pin_list>
<pin id="55" dir="1" index="0" bw="1" slack="2147483647"/>
</pin_list>
<bind>
<StgValue><ssdm name="p_str357"/></StgValue>
</bind>
</comp>

<comp id="56" class="1001" name="const_56">
<pin_list>
<pin id="57" dir="1" index="0" bw="1" slack="2147483647"/>
</pin_list>
<bind>
<StgValue><ssdm name="p_str358"/></StgValue>
</bind>
</comp>

<comp id="58" class="1001" name="const_58">
<pin_list>
<pin id="59" dir="1" index="0" bw="1" slack="2147483647"/>
</pin_list>
<bind>
<StgValue><ssdm name="p_str346"/></StgValue>
</bind>
</comp>

<comp id="60" class="1001" name="const_60">
<pin_list>
<pin id="61" dir="1" index="0" bw="1" slack="2147483647"/>
</pin_list>
<bind>
<StgValue><ssdm name="p_str347"/></StgValue>
</bind>
</comp>

<comp id="62" class="1001" name="const_62">
<pin_list>
<pin id="63" dir="1" index="0" bw="1" slack="2147483647"/>
</pin_list>
<bind>
<StgValue><ssdm name="p_str348"/></StgValue>
</bind>
</comp>

<comp id="64" class="1001" name="const_64">
<pin_list>
<pin id="65" dir="1" index="0" bw="1" slack="2147483647"/>
</pin_list>
<bind>
<StgValue><ssdm name="p_str349"/></StgValue>
</bind>
</comp>

<comp id="66" class="1001" name="const_66">
<pin_list>
<pin id="67" dir="1" index="0" bw="1" slack="2147483647"/>
</pin_list>
<bind>
<StgValue><ssdm name="p_str350"/></StgValue>
</bind>
</comp>

<comp id="68" class="1001" name="const_68">
<pin_list>
<pin id="69" dir="1" index="0" bw="1" slack="2147483647"/>
</pin_list>
<bind>
<StgValue><ssdm name="p_str351"/></StgValue>
</bind>
</comp>

<comp id="70" class="1001" name="const_70">
<pin_list>
<pin id="71" dir="1" index="0" bw="1" slack="2147483647"/>
</pin_list>
<bind>
<StgValue><ssdm name="p_str339"/></StgValue>
</bind>
</comp>

<comp id="72" class="1001" name="const_72">
<pin_list>
<pin id="73" dir="1" index="0" bw="1" slack="2147483647"/>
</pin_list>
<bind>
<StgValue><ssdm name="p_str340"/></StgValue>
</bind>
</comp>

<comp id="74" class="1001" name="const_74">
<pin_list>
<pin id="75" dir="1" index="0" bw="1" slack="2147483647"/>
</pin_list>
<bind>
<StgValue><ssdm name="p_str341"/></StgValue>
</bind>
</comp>

<comp id="76" class="1001" name="const_76">
<pin_list>
<pin id="77" dir="1" index="0" bw="1" slack="2147483647"/>
</pin_list>
<bind>
<StgValue><ssdm name="p_str342"/></StgValue>
</bind>
</comp>

<comp id="78" class="1001" name="const_78">
<pin_list>
<pin id="79" dir="1" index="0" bw="1" slack="2147483647"/>
</pin_list>
<bind>
<StgValue><ssdm name="p_str343"/></StgValue>
</bind>
</comp>

<comp id="80" class="1001" name="const_80">
<pin_list>
<pin id="81" dir="1" index="0" bw="1" slack="2147483647"/>
</pin_list>
<bind>
<StgValue><ssdm name="p_str344"/></StgValue>
</bind>
</comp>

<comp id="82" class="1001" name="const_82">
<pin_list>
<pin id="83" dir="1" index="0" bw="1" slack="2147483647"/>
</pin_list>
<bind>
<StgValue><ssdm name="ap_stable_str"/></StgValue>
</bind>
</comp>

<comp id="84" class="1001" name="const_84">
<pin_list>
<pin id="85" dir="1" index="0" bw="1" slack="2147483647"/>
</pin_list>
<bind>
<StgValue><ssdm name="p_str221"/></StgValue>
</bind>
</comp>

<comp id="86" class="1001" name="const_86">
<pin_list>
<pin id="87" dir="1" index="0" bw="1" slack="2147483647"/>
</pin_list>
<bind>
<StgValue><ssdm name="p_str222"/></StgValue>
</bind>
</comp>

<comp id="88" class="1001" name="const_88">
<pin_list>
<pin id="89" dir="1" index="0" bw="1" slack="2147483647"/>
</pin_list>
<bind>
<StgValue><ssdm name="p_str223"/></StgValue>
</bind>
</comp>

<comp id="90" class="1001" name="const_90">
<pin_list>
<pin id="91" dir="1" index="0" bw="1" slack="2147483647"/>
</pin_list>
<bind>
<StgValue><ssdm name="p_str224"/></StgValue>
</bind>
</comp>

<comp id="92" class="1001" name="const_92">
<pin_list>
<pin id="93" dir="1" index="0" bw="1" slack="2147483647"/>
</pin_list>
<bind>
<StgValue><ssdm name="p_str225"/></StgValue>
</bind>
</comp>

<comp id="94" class="1001" name="const_94">
<pin_list>
<pin id="95" dir="1" index="0" bw="1" slack="2147483647"/>
</pin_list>
<bind>
<StgValue><ssdm name="p_str226"/></StgValue>
</bind>
</comp>

<comp id="96" class="1001" name="const_96">
<pin_list>
<pin id="97" dir="1" index="0" bw="1" slack="2147483647"/>
</pin_list>
<bind>
<StgValue><ssdm name="p_str227"/></StgValue>
</bind>
</comp>

<comp id="98" class="1001" name="const_98">
<pin_list>
<pin id="99" dir="1" index="0" bw="1" slack="2147483647"/>
</pin_list>
<bind>
<StgValue><ssdm name="p_str228"/></StgValue>
</bind>
</comp>

<comp id="100" class="1001" name="const_100">
<pin_list>
<pin id="101" dir="1" index="0" bw="1" slack="2147483647"/>
</pin_list>
<bind>
<StgValue><ssdm name="p_str229"/></StgValue>
</bind>
</comp>

<comp id="102" class="1001" name="const_102">
<pin_list>
<pin id="103" dir="1" index="0" bw="1" slack="2147483647"/>
</pin_list>
<bind>
<StgValue><ssdm name="p_str230"/></StgValue>
</bind>
</comp>

<comp id="104" class="1001" name="const_104">
<pin_list>
<pin id="105" dir="1" index="0" bw="1" slack="2147483647"/>
</pin_list>
<bind>
<StgValue><ssdm name="p_str231"/></StgValue>
</bind>
</comp>

<comp id="106" class="1001" name="const_106">
<pin_list>
<pin id="107" dir="1" index="0" bw="1" slack="2147483647"/>
</pin_list>
<bind>
<StgValue><ssdm name="p_str232"/></StgValue>
</bind>
</comp>

<comp id="108" class="1001" name="const_108">
<pin_list>
<pin id="109" dir="1" index="0" bw="1" slack="2147483647"/>
</pin_list>
<bind>
<StgValue><ssdm name="p_str"/></StgValue>
</bind>
</comp>

<comp id="110" class="1001" name="const_110">
<pin_list>
<pin id="111" dir="1" index="0" bw="1" slack="2147483647"/>
</pin_list>
<bind>
<StgValue><ssdm name="p_str2"/></StgValue>
</bind>
</comp>

<comp id="112" class="1001" name="const_112">
<pin_list>
<pin id="113" dir="1" index="0" bw="1" slack="0"/>
</pin_list>
<bind>
<StgValue><ssdm name="_ssdm_op_Read.ap_stable.i32"/></StgValue>
</bind>
</comp>

<comp id="114" class="1001" name="const_114">
<pin_list>
<pin id="115" dir="1" index="0" bw="1" slack="0"/>
</pin_list>
<bind>
<StgValue><ssdm name=""/></StgValue>
</bind>
</comp>

<comp id="116" class="1001" name="const_116">
<pin_list>
<pin id="117" dir="1" index="0" bw="1" slack="0"/>
</pin_list>
<bind>
<StgValue><ssdm name=""/></StgValue>
</bind>
</comp>

<comp id="118" class="1001" name="const_118">
<pin_list>
<pin id="119" dir="1" index="0" bw="1" slack="2147483647"/>
</pin_list>
<bind>
<StgValue><ssdm name="_ssdm_op_SpecLoopTripCount"/></StgValue>
</bind>
</comp>

<comp id="120" class="1001" name="const_120">
<pin_list>
<pin id="121" dir="1" index="0" bw="1" slack="2147483647"/>
</pin_list>
<bind>
<StgValue><ssdm name=""/></StgValue>
</bind>
</comp>

<comp id="122" class="1001" name="const_122">
<pin_list>
<pin id="123" dir="1" index="0" bw="1" slack="2147483647"/>
</pin_list>
<bind>
<StgValue><ssdm name=""/></StgValue>
</bind>
</comp>

<comp id="124" class="1001" name="const_124">
<pin_list>
<pin id="125" dir="1" index="0" bw="1" slack="2147483647"/>
</pin_list>
<bind>
<StgValue><ssdm name="_ssdm_op_SpecLoopName"/></StgValue>
</bind>
</comp>

<comp id="126" class="1001" name="const_126">
<pin_list>
<pin id="127" dir="1" index="0" bw="1" slack="2147483647"/>
</pin_list>
<bind>
<StgValue><ssdm name="p_str11"/></StgValue>
</bind>
</comp>

<comp id="128" class="1001" name="const_128">
<pin_list>
<pin id="129" dir="1" index="0" bw="1" slack="2147483647"/>
</pin_list>
<bind>
<StgValue><ssdm name="_ssdm_op_SpecRegionBegin"/></StgValue>
</bind>
</comp>

<comp id="130" class="1001" name="const_130">
<pin_list>
<pin id="131" dir="1" index="0" bw="1" slack="2147483647"/>
</pin_list>
<bind>
<StgValue><ssdm name=""/></StgValue>
</bind>
</comp>

<comp id="132" class="1001" name="const_132">
<pin_list>
<pin id="133" dir="1" index="0" bw="1" slack="2147483647"/>
</pin_list>
<bind>
<StgValue><ssdm name="p_str16"/></StgValue>
</bind>
</comp>

<comp id="134" class="1001" name="const_134">
<pin_list>
<pin id="135" dir="1" index="0" bw="1" slack="2147483647"/>
</pin_list>
<bind>
<StgValue><ssdm name="_ssdm_op_SpecProtocol"/></StgValue>
</bind>
</comp>

<comp id="136" class="1001" name="const_136">
<pin_list>
<pin id="137" dir="1" index="0" bw="1" slack="0"/>
</pin_list>
<bind>
<StgValue><ssdm name="_ssdm_op_Read.ap_fifo.volatile.i8P"/></StgValue>
</bind>
</comp>

<comp id="138" class="1001" name="const_138">
<pin_list>
<pin id="139" dir="1" index="0" bw="1" slack="2147483647"/>
</pin_list>
<bind>
<StgValue><ssdm name="_ssdm_op_SpecRegionEnd"/></StgValue>
</bind>
</comp>

<comp id="140" class="1001" name="const_140">
<pin_list>
<pin id="141" dir="1" index="0" bw="1" slack="0"/>
</pin_list>
<bind>
<StgValue><ssdm name="_ssdm_op_BitConcatenate.i32.i8.i8.i8.i8"/></StgValue>
</bind>
</comp>

<comp id="142" class="1001" name="const_142">
<pin_list>
<pin id="143" dir="1" index="0" bw="1" slack="0"/>
</pin_list>
<bind>
<StgValue><ssdm name=""/></StgValue>
</bind>
</comp>

<comp id="144" class="1001" name="const_144">
<pin_list>
<pin id="145" dir="1" index="0" bw="1" slack="0"/>
</pin_list>
<bind>
<StgValue><ssdm name="_ssdm_op_Write.axis.volatile.i32P.i4P.i4P.i1P.i1P.i1P.i1P"/></StgValue>
</bind>
</comp>

<comp id="146" class="1001" name="const_146">
<pin_list>
<pin id="147" dir="1" index="0" bw="1" slack="0"/>
</pin_list>
<bind>
<StgValue><ssdm name=""/></StgValue>
</bind>
</comp>

<comp id="148" class="1001" name="const_148">
<pin_list>
<pin id="149" dir="1" index="0" bw="1" slack="0"/>
</pin_list>
<bind>
<StgValue><ssdm name=""/></StgValue>
</bind>
</comp>

<comp id="150" class="1001" name="const_150">
<pin_list>
<pin id="151" dir="1" index="0" bw="1" slack="0"/>
</pin_list>
<bind>
<StgValue><ssdm name=""/></StgValue>
</bind>
</comp>

<comp id="152" class="1001" name="const_152">
<pin_list>
<pin id="153" dir="1" index="0" bw="1" slack="0"/>
</pin_list>
<bind>
<StgValue><ssdm name=""/></StgValue>
</bind>
</comp>

<comp id="154" class="1001" name="const_154">
<pin_list>
<pin id="155" dir="1" index="0" bw="1" slack="2147483647"/>
</pin_list>
<bind>
<StgValue><ssdm name="p_str12"/></StgValue>
</bind>
</comp>

<comp id="156" class="1001" name="const_156">
<pin_list>
<pin id="157" dir="1" index="0" bw="1" slack="2147483647"/>
</pin_list>
<bind>
<StgValue><ssdm name="_ssdm_op_SpecPipeline"/></StgValue>
</bind>
</comp>

<comp id="158" class="1004" name="tmp_user_V_fu_158">
<pin_list>
<pin id="159" dir="0" index="0" bw="1" slack="0"/>
<pin id="160" dir="1" index="1" bw="1" slack="0"/>
</pin_list>
<bind>
<opcode="alloca(26) " fcode="alloca"/>
<opset="tmp_user_V/1 "/>
</bind>
</comp>

<comp id="162" class="1004" name="img_cols_V_read_read_fu_162">
<pin_list>
<pin id="163" dir="0" index="0" bw="32" slack="0"/>
<pin id="164" dir="0" index="1" bw="32" slack="0"/>
<pin id="165" dir="1" index="2" bw="32" slack="0"/>
</pin_list>
<bind>
<opcode="read(1150) " fcode="read"/>
<opset="img_cols_V_read/1 "/>
</bind>
</comp>

<comp id="168" class="1004" name="img_rows_V_read_read_fu_168">
<pin_list>
<pin id="169" dir="0" index="0" bw="32" slack="0"/>
<pin id="170" dir="0" index="1" bw="32" slack="0"/>
<pin id="171" dir="1" index="2" bw="32" slack="1"/>
</pin_list>
<bind>
<opcode="read(1150) " fcode="read"/>
<opset="img_rows_V_read/1 "/>
</bind>
</comp>

<comp id="174" class="1004" name="tmp_29_read_fu_174">
<pin_list>
<pin id="175" dir="0" index="0" bw="8" slack="0"/>
<pin id="176" dir="0" index="1" bw="8" slack="0"/>
<pin id="177" dir="1" index="2" bw="8" slack="0"/>
</pin_list>
<bind>
<opcode="read(1150) " fcode="read"/>
<opset="tmp_29/4 "/>
</bind>
</comp>

<comp id="180" class="1004" name="tmp_30_read_fu_180">
<pin_list>
<pin id="181" dir="0" index="0" bw="8" slack="0"/>
<pin id="182" dir="0" index="1" bw="8" slack="0"/>
<pin id="183" dir="1" index="2" bw="8" slack="0"/>
</pin_list>
<bind>
<opcode="read(1150) " fcode="read"/>
<opset="tmp_30/4 "/>
</bind>
</comp>

<comp id="186" class="1004" name="tmp_28_read_fu_186">
<pin_list>
<pin id="187" dir="0" index="0" bw="8" slack="0"/>
<pin id="188" dir="0" index="1" bw="8" slack="0"/>
<pin id="189" dir="1" index="2" bw="8" slack="0"/>
</pin_list>
<bind>
<opcode="read(1150) " fcode="read"/>
<opset="tmp_28/4 "/>
</bind>
</comp>

<comp id="192" class="1004" name="grp_write_fu_192">
<pin_list>
<pin id="193" dir="0" index="0" bw="0" slack="0"/>
<pin id="194" dir="0" index="1" bw="32" slack="0"/>
<pin id="195" dir="0" index="2" bw="4" slack="0"/>
<pin id="196" dir="0" index="3" bw="4" slack="0"/>
<pin id="197" dir="0" index="4" bw="1" slack="0"/>
<pin id="198" dir="0" index="5" bw="1" slack="0"/>
<pin id="199" dir="0" index="6" bw="1" slack="0"/>
<pin id="200" dir="0" index="7" bw="1" slack="0"/>
<pin id="201" dir="0" index="8" bw="32" slack="0"/>
<pin id="202" dir="0" index="9" bw="1" slack="0"/>
<pin id="203" dir="0" index="10" bw="1" slack="0"/>
<pin id="204" dir="0" index="11" bw="1" slack="0"/>
<pin id="205" dir="0" index="12" bw="1" slack="1"/>
<pin id="206" dir="0" index="13" bw="1" slack="0"/>
<pin id="207" dir="0" index="14" bw="1" slack="0"/>
<pin id="208" dir="1" index="15" bw="0" slack="2147483647"/>
</pin_list>
<bind>
<opcode="write(1151) " fcode="write"/>
<opset="StgValue_46/4 "/>
</bind>
</comp>

<comp id="221" class="1005" name="t_V_reg_221">
<pin_list>
<pin id="222" dir="0" index="0" bw="32" slack="1"/>
<pin id="223" dir="1" index="1" bw="32" slack="1"/>
</pin_list>
<bind>
<opset="t_V (phireg) "/>
</bind>
</comp>

<comp id="225" class="1004" name="t_V_phi_fu_225">
<pin_list>
<pin id="226" dir="0" index="0" bw="1" slack="1"/>
<pin id="227" dir="0" index="1" bw="0" slack="2147483647"/>
<pin id="228" dir="0" index="2" bw="32" slack="0"/>
<pin id="229" dir="0" index="3" bw="0" slack="2147483647"/>
<pin id="230" dir="1" index="4" bw="32" slack="0"/>
</pin_list>
<bind>
<opcode="phi(47) " fcode="phi"/>
<opset="t_V/2 "/>
</bind>
</comp>

<comp id="232" class="1005" name="t_V_3_reg_232">
<pin_list>
<pin id="233" dir="0" index="0" bw="32" slack="1"/>
<pin id="234" dir="1" index="1" bw="32" slack="1"/>
</pin_list>
<bind>
<opset="t_V_3 (phireg) "/>
</bind>
</comp>

<comp id="236" class="1004" name="t_V_3_phi_fu_236">
<pin_list>
<pin id="237" dir="0" index="0" bw="1" slack="1"/>
<pin id="238" dir="0" index="1" bw="0" slack="2147483647"/>
<pin id="239" dir="0" index="2" bw="32" slack="0"/>
<pin id="240" dir="0" index="3" bw="0" slack="2147483647"/>
<pin id="241" dir="1" index="4" bw="32" slack="0"/>
</pin_list>
<bind>
<opcode="phi(47) " fcode="phi"/>
<opset="t_V_3/3 "/>
</bind>
</comp>

<comp id="243" class="1004" name="lhs_V_cast_fu_243">
<pin_list>
<pin id="244" dir="0" index="0" bw="32" slack="0"/>
<pin id="245" dir="1" index="1" bw="33" slack="0"/>
</pin_list>
<bind>
<opcode="zext(34) " fcode="zext"/>
<opset="lhs_V_cast/1 "/>
</bind>
</comp>

<comp id="247" class="1004" name="r_V_fu_247">
<pin_list>
<pin id="248" dir="0" index="0" bw="32" slack="0"/>
<pin id="249" dir="0" index="1" bw="1" slack="0"/>
<pin id="250" dir="1" index="2" bw="33" slack="2"/>
</pin_list>
<bind>
<opcode="add(8) " fcode="add"/>
<opset="r_V/1 "/>
</bind>
</comp>

<comp id="253" class="1004" name="StgValue_20_store_fu_253">
<pin_list>
<pin id="254" dir="0" index="0" bw="1" slack="0"/>
<pin id="255" dir="0" index="1" bw="1" slack="0"/>
<pin id="256" dir="1" index="2" bw="0" slack="2147483647"/>
</pin_list>
<bind>
<opcode="store(28) " fcode="store"/>
<opset="StgValue_20/1 "/>
</bind>
</comp>

<comp id="258" class="1004" name="exitcond6_fu_258">
<pin_list>
<pin id="259" dir="0" index="0" bw="32" slack="0"/>
<pin id="260" dir="0" index="1" bw="32" slack="1"/>
<pin id="261" dir="1" index="2" bw="1" slack="1"/>
</pin_list>
<bind>
<opcode="icmp(45) " fcode="icmp"/>
<opset="exitcond6/2 "/>
</bind>
</comp>

<comp id="263" class="1004" name="i_V_fu_263">
<pin_list>
<pin id="264" dir="0" index="0" bw="32" slack="0"/>
<pin id="265" dir="0" index="1" bw="1" slack="0"/>
<pin id="266" dir="1" index="2" bw="32" slack="0"/>
</pin_list>
<bind>
<opcode="add(8) " fcode="add"/>
<opset="i_V/2 "/>
</bind>
</comp>

<comp id="269" class="1004" name="exitcond_fu_269">
<pin_list>
<pin id="270" dir="0" index="0" bw="32" slack="0"/>
<pin id="271" dir="0" index="1" bw="32" slack="2"/>
<pin id="272" dir="1" index="2" bw="1" slack="1"/>
</pin_list>
<bind>
<opcode="icmp(45) " fcode="icmp"/>
<opset="exitcond/3 "/>
</bind>
</comp>

<comp id="274" class="1004" name="j_V_fu_274">
<pin_list>
<pin id="275" dir="0" index="0" bw="32" slack="0"/>
<pin id="276" dir="0" index="1" bw="1" slack="0"/>
<pin id="277" dir="1" index="2" bw="32" slack="0"/>
</pin_list>
<bind>
<opcode="add(8) " fcode="add"/>
<opset="j_V/3 "/>
</bind>
</comp>

<comp id="280" class="1004" name="tmp_cast_fu_280">
<pin_list>
<pin id="281" dir="0" index="0" bw="32" slack="0"/>
<pin id="282" dir="1" index="1" bw="33" slack="0"/>
</pin_list>
<bind>
<opcode="zext(34) " fcode="zext"/>
<opset="tmp_cast/3 "/>
</bind>
</comp>

<comp id="284" class="1004" name="axi_last_V_fu_284">
<pin_list>
<pin id="285" dir="0" index="0" bw="32" slack="0"/>
<pin id="286" dir="0" index="1" bw="33" slack="2"/>
<pin id="287" dir="1" index="2" bw="1" slack="1"/>
</pin_list>
<bind>
<opcode="icmp(45) " fcode="icmp"/>
<opset="axi_last_V/3 "/>
</bind>
</comp>

<comp id="289" class="1004" name="tmp_user_V_load_load_fu_289">
<pin_list>
<pin id="290" dir="0" index="0" bw="1" slack="3"/>
<pin id="291" dir="1" index="1" bw="1" slack="0"/>
</pin_list>
<bind>
<opcode="load(27) " fcode="load"/>
<opset="tmp_user_V_load/4 "/>
</bind>
</comp>

<comp id="293" class="1004" name="tmp_data_V_fu_293">
<pin_list>
<pin id="294" dir="0" index="0" bw="32" slack="0"/>
<pin id="295" dir="0" index="1" bw="1" slack="0"/>
<pin id="296" dir="0" index="2" bw="8" slack="0"/>
<pin id="297" dir="0" index="3" bw="8" slack="0"/>
<pin id="298" dir="0" index="4" bw="8" slack="0"/>
<pin id="299" dir="1" index="5" bw="32" slack="0"/>
</pin_list>
<bind>
<opcode="bitconcatenate(1004) " fcode="bitconcatenate"/>
<opset="tmp_data_V/4 "/>
</bind>
</comp>

<comp id="306" class="1004" name="StgValue_47_store_fu_306">
<pin_list>
<pin id="307" dir="0" index="0" bw="1" slack="0"/>
<pin id="308" dir="0" index="1" bw="1" slack="3"/>
<pin id="309" dir="1" index="2" bw="0" slack="2147483647"/>
</pin_list>
<bind>
<opcode="store(28) " fcode="store"/>
<opset="StgValue_47/4 "/>
</bind>
</comp>

<comp id="311" class="1005" name="tmp_user_V_reg_311">
<pin_list>
<pin id="312" dir="0" index="0" bw="1" slack="0"/>
<pin id="313" dir="1" index="1" bw="1" slack="0"/>
</pin_list>
<bind>
<opset="tmp_user_V "/>
</bind>
</comp>

<comp id="318" class="1005" name="img_cols_V_read_reg_318">
<pin_list>
<pin id="319" dir="0" index="0" bw="32" slack="2"/>
<pin id="320" dir="1" index="1" bw="32" slack="2"/>
</pin_list>
<bind>
<opset="img_cols_V_read "/>
</bind>
</comp>

<comp id="323" class="1005" name="img_rows_V_read_reg_323">
<pin_list>
<pin id="324" dir="0" index="0" bw="32" slack="1"/>
<pin id="325" dir="1" index="1" bw="32" slack="1"/>
</pin_list>
<bind>
<opset="img_rows_V_read "/>
</bind>
</comp>

<comp id="328" class="1005" name="r_V_reg_328">
<pin_list>
<pin id="329" dir="0" index="0" bw="33" slack="2"/>
<pin id="330" dir="1" index="1" bw="33" slack="2"/>
</pin_list>
<bind>
<opset="r_V "/>
</bind>
</comp>

<comp id="333" class="1005" name="exitcond6_reg_333">
<pin_list>
<pin id="334" dir="0" index="0" bw="1" slack="1"/>
<pin id="335" dir="1" index="1" bw="1" slack="2147483647"/>
</pin_list>
<bind>
<opset="exitcond6 "/>
</bind>
</comp>

<comp id="337" class="1005" name="i_V_reg_337">
<pin_list>
<pin id="338" dir="0" index="0" bw="32" slack="0"/>
<pin id="339" dir="1" index="1" bw="32" slack="0"/>
</pin_list>
<bind>
<opset="i_V "/>
</bind>
</comp>

<comp id="342" class="1005" name="exitcond_reg_342">
<pin_list>
<pin id="343" dir="0" index="0" bw="1" slack="1"/>
<pin id="344" dir="1" index="1" bw="1" slack="2147483647"/>
</pin_list>
<bind>
<opset="exitcond "/>
</bind>
</comp>

<comp id="346" class="1005" name="j_V_reg_346">
<pin_list>
<pin id="347" dir="0" index="0" bw="32" slack="0"/>
<pin id="348" dir="1" index="1" bw="32" slack="0"/>
</pin_list>
<bind>
<opset="j_V "/>
</bind>
</comp>

<comp id="351" class="1005" name="axi_last_V_reg_351">
<pin_list>
<pin id="352" dir="0" index="0" bw="1" slack="1"/>
<pin id="353" dir="1" index="1" bw="1" slack="1"/>
</pin_list>
<bind>
<opset="axi_last_V "/>
</bind>
</comp>

<comp id="356" class="1005" name="tmp_user_V_load_reg_356">
<pin_list>
<pin id="357" dir="0" index="0" bw="1" slack="1"/>
<pin id="358" dir="1" index="1" bw="1" slack="1"/>
</pin_list>
<bind>
<opset="tmp_user_V_load "/>
</bind>
</comp>

<comp id="361" class="1005" name="tmp_data_V_reg_361">
<pin_list>
<pin id="362" dir="0" index="0" bw="32" slack="1"/>
<pin id="363" dir="1" index="1" bw="32" slack="1"/>
</pin_list>
<bind>
<opset="tmp_data_V "/>
</bind>
</comp>

</comp_list>

<net_list>
<net id="161"><net_src comp="24" pin="0"/><net_sink comp="158" pin=0"/></net>

<net id="166"><net_src comp="112" pin="0"/><net_sink comp="162" pin=0"/></net>

<net id="167"><net_src comp="2" pin="0"/><net_sink comp="162" pin=1"/></net>

<net id="172"><net_src comp="112" pin="0"/><net_sink comp="168" pin=0"/></net>

<net id="173"><net_src comp="0" pin="0"/><net_sink comp="168" pin=1"/></net>

<net id="178"><net_src comp="136" pin="0"/><net_sink comp="174" pin=0"/></net>

<net id="179"><net_src comp="4" pin="0"/><net_sink comp="174" pin=1"/></net>

<net id="184"><net_src comp="136" pin="0"/><net_sink comp="180" pin=0"/></net>

<net id="185"><net_src comp="6" pin="0"/><net_sink comp="180" pin=1"/></net>

<net id="190"><net_src comp="136" pin="0"/><net_sink comp="186" pin=0"/></net>

<net id="191"><net_src comp="8" pin="0"/><net_sink comp="186" pin=1"/></net>

<net id="209"><net_src comp="144" pin="0"/><net_sink comp="192" pin=0"/></net>

<net id="210"><net_src comp="10" pin="0"/><net_sink comp="192" pin=1"/></net>

<net id="211"><net_src comp="12" pin="0"/><net_sink comp="192" pin=2"/></net>

<net id="212"><net_src comp="14" pin="0"/><net_sink comp="192" pin=3"/></net>

<net id="213"><net_src comp="16" pin="0"/><net_sink comp="192" pin=4"/></net>

<net id="214"><net_src comp="18" pin="0"/><net_sink comp="192" pin=5"/></net>

<net id="215"><net_src comp="20" pin="0"/><net_sink comp="192" pin=6"/></net>

<net id="216"><net_src comp="22" pin="0"/><net_sink comp="192" pin=7"/></net>

<net id="217"><net_src comp="146" pin="0"/><net_sink comp="192" pin=9"/></net>

<net id="218"><net_src comp="148" pin="0"/><net_sink comp="192" pin=10"/></net>

<net id="219"><net_src comp="150" pin="0"/><net_sink comp="192" pin=13"/></net>

<net id="220"><net_src comp="150" pin="0"/><net_sink comp="192" pin=14"/></net>

<net id="224"><net_src comp="40" pin="0"/><net_sink comp="221" pin=0"/></net>

<net id="231"><net_src comp="221" pin="1"/><net_sink comp="225" pin=0"/></net>

<net id="235"><net_src comp="40" pin="0"/><net_sink comp="232" pin=0"/></net>

<net id="242"><net_src comp="232" pin="1"/><net_sink comp="236" pin=0"/></net>

<net id="246"><net_src comp="162" pin="2"/><net_sink comp="243" pin=0"/></net>

<net id="251"><net_src comp="243" pin="1"/><net_sink comp="247" pin=0"/></net>

<net id="252"><net_src comp="114" pin="0"/><net_sink comp="247" pin=1"/></net>

<net id="257"><net_src comp="116" pin="0"/><net_sink comp="253" pin=0"/></net>

<net id="262"><net_src comp="225" pin="4"/><net_sink comp="258" pin=0"/></net>

<net id="267"><net_src comp="225" pin="4"/><net_sink comp="263" pin=0"/></net>

<net id="268"><net_src comp="24" pin="0"/><net_sink comp="263" pin=1"/></net>

<net id="273"><net_src comp="236" pin="4"/><net_sink comp="269" pin=0"/></net>

<net id="278"><net_src comp="236" pin="4"/><net_sink comp="274" pin=0"/></net>

<net id="279"><net_src comp="24" pin="0"/><net_sink comp="274" pin=1"/></net>

<net id="283"><net_src comp="236" pin="4"/><net_sink comp="280" pin=0"/></net>

<net id="288"><net_src comp="280" pin="1"/><net_sink comp="284" pin=0"/></net>

<net id="292"><net_src comp="289" pin="1"/><net_sink comp="192" pin=11"/></net>

<net id="300"><net_src comp="140" pin="0"/><net_sink comp="293" pin=0"/></net>

<net id="301"><net_src comp="142" pin="0"/><net_sink comp="293" pin=1"/></net>

<net id="302"><net_src comp="186" pin="2"/><net_sink comp="293" pin=2"/></net>

<net id="303"><net_src comp="180" pin="2"/><net_sink comp="293" pin=3"/></net>

<net id="304"><net_src comp="174" pin="2"/><net_sink comp="293" pin=4"/></net>

<net id="305"><net_src comp="293" pin="5"/><net_sink comp="192" pin=8"/></net>

<net id="310"><net_src comp="152" pin="0"/><net_sink comp="306" pin=0"/></net>

<net id="314"><net_src comp="158" pin="1"/><net_sink comp="311" pin=0"/></net>

<net id="315"><net_src comp="311" pin="1"/><net_sink comp="253" pin=1"/></net>

<net id="316"><net_src comp="311" pin="1"/><net_sink comp="289" pin=0"/></net>

<net id="317"><net_src comp="311" pin="1"/><net_sink comp="306" pin=1"/></net>

<net id="321"><net_src comp="162" pin="2"/><net_sink comp="318" pin=0"/></net>

<net id="322"><net_src comp="318" pin="1"/><net_sink comp="269" pin=1"/></net>

<net id="326"><net_src comp="168" pin="2"/><net_sink comp="323" pin=0"/></net>

<net id="327"><net_src comp="323" pin="1"/><net_sink comp="258" pin=1"/></net>

<net id="331"><net_src comp="247" pin="2"/><net_sink comp="328" pin=0"/></net>

<net id="332"><net_src comp="328" pin="1"/><net_sink comp="284" pin=1"/></net>

<net id="336"><net_src comp="258" pin="2"/><net_sink comp="333" pin=0"/></net>

<net id="340"><net_src comp="263" pin="2"/><net_sink comp="337" pin=0"/></net>

<net id="341"><net_src comp="337" pin="1"/><net_sink comp="225" pin=2"/></net>

<net id="345"><net_src comp="269" pin="2"/><net_sink comp="342" pin=0"/></net>

<net id="349"><net_src comp="274" pin="2"/><net_sink comp="346" pin=0"/></net>

<net id="350"><net_src comp="346" pin="1"/><net_sink comp="236" pin=2"/></net>

<net id="354"><net_src comp="284" pin="2"/><net_sink comp="351" pin=0"/></net>

<net id="355"><net_src comp="351" pin="1"/><net_sink comp="192" pin=12"/></net>

<net id="359"><net_src comp="289" pin="1"/><net_sink comp="356" pin=0"/></net>

<net id="360"><net_src comp="356" pin="1"/><net_sink comp="192" pin=11"/></net>

<net id="364"><net_src comp="293" pin="5"/><net_sink comp="361" pin=0"/></net>

<net id="365"><net_src comp="361" pin="1"/><net_sink comp="192" pin=8"/></net>

</net_list>

</model> 
---------------- Datapath Model END ------------------

* FSMD analyzer results:
  - Output states:
	Port: AXI_video_strm_V_data_V | {5 }
	Port: AXI_video_strm_V_keep_V | {5 }
	Port: AXI_video_strm_V_strb_V | {5 }
	Port: AXI_video_strm_V_user_V | {5 }
	Port: AXI_video_strm_V_last_V | {5 }
	Port: AXI_video_strm_V_id_V | {5 }
	Port: AXI_video_strm_V_dest_V | {5 }
 - Input state : 
	Port: Mat2AXIvideo : img_rows_V | {1 }
	Port: Mat2AXIvideo : img_cols_V | {1 }
	Port: Mat2AXIvideo : img_data_stream_0_V | {4 }
	Port: Mat2AXIvideo : img_data_stream_1_V | {4 }
	Port: Mat2AXIvideo : img_data_stream_2_V | {4 }
  - Chain level:
	State 1
		r_V : 1
		StgValue_20 : 1
	State 2
		exitcond6 : 1
		i_V : 1
		StgValue_26 : 2
	State 3
		exitcond : 1
		j_V : 1
		StgValue_35 : 2
		tmp_cast : 1
		axi_last_V : 2
	State 4
		empty : 1
		StgValue_46 : 1
	State 5
		empty_65 : 1
	State 6


============================================================
+ Verbose Summary: Datapath Resource usage 
============================================================

* Functional unit list:
|----------|-----------------------------|---------|---------|
| Operation|       Functional Unit       |    FF   |   LUT   |
|----------|-----------------------------|---------|---------|
|          |          r_V_fu_247         |    0    |    39   |
|    add   |          i_V_fu_263         |    0    |    39   |
|          |          j_V_fu_274         |    0    |    39   |
|----------|-----------------------------|---------|---------|
|          |       exitcond6_fu_258      |    0    |    18   |
|   icmp   |       exitcond_fu_269       |    0    |    18   |
|          |      axi_last_V_fu_284      |    0    |    21   |
|----------|-----------------------------|---------|---------|
|          | img_cols_V_read_read_fu_162 |    0    |    0    |
|          | img_rows_V_read_read_fu_168 |    0    |    0    |
|   read   |      tmp_29_read_fu_174     |    0    |    0    |
|          |      tmp_30_read_fu_180     |    0    |    0    |
|          |      tmp_28_read_fu_186     |    0    |    0    |
|----------|-----------------------------|---------|---------|
|   write  |       grp_write_fu_192      |    0    |    0    |
|----------|-----------------------------|---------|---------|
|   zext   |      lhs_V_cast_fu_243      |    0    |    0    |
|          |       tmp_cast_fu_280       |    0    |    0    |
|----------|-----------------------------|---------|---------|
|bitconcatenate|      tmp_data_V_fu_293      |    0    |    0    |
|----------|-----------------------------|---------|---------|
|   Total  |                             |    0    |   174   |
|----------|-----------------------------|---------|---------|

Memories:
N/A

* Register list:
+-----------------------+--------+
|                       |   FF   |
+-----------------------+--------+
|   axi_last_V_reg_351  |    1   |
|   exitcond6_reg_333   |    1   |
|    exitcond_reg_342   |    1   |
|      i_V_reg_337      |   32   |
|img_cols_V_read_reg_318|   32   |
|img_rows_V_read_reg_323|   32   |
|      j_V_reg_346      |   32   |
|      r_V_reg_328      |   33   |
|     t_V_3_reg_232     |   32   |
|      t_V_reg_221      |   32   |
|   tmp_data_V_reg_361  |   32   |
|tmp_user_V_load_reg_356|    1   |
|   tmp_user_V_reg_311  |    1   |
+-----------------------+--------+
|         Total         |   262  |
+-----------------------+--------+

* Multiplexer (MUX) list: 
|------------------|------|------|------|--------||---------||---------|
|       Comp       |  Pin | Size |  BW  | S x BW ||  Delay  ||   LUT   |
|------------------|------|------|------|--------||---------||---------|
| grp_write_fu_192 |  p8  |   2  |  32  |   64   ||    9    |
| grp_write_fu_192 |  p11 |   2  |   1  |    2   ||    9    |
|------------------|------|------|------|--------||---------||---------|
|       Total      |      |      |      |   66   ||  3.328  ||    18   |
|------------------|------|------|------|--------||---------||---------|



* Summary:
+-----------+--------+--------+--------+
|           |  Delay |   FF   |   LUT  |
+-----------+--------+--------+--------+
|  Function |    -   |    0   |   174  |
|   Memory  |    -   |    -   |    -   |
|Multiplexer|    3   |    -   |   18   |
|  Register |    -   |   262  |    -   |
+-----------+--------+--------+--------+
|   Total   |    3   |   262  |   192  |
+-----------+--------+--------+--------+
