

================================================================
== Vivado HLS Report for 'Mat2AXIvideo'
================================================================
* Date:           Wed Jul 28 22:30:28 2021

* Version:        2018.2 (Build 2258646 on Thu Jun 14 20:25:20 MDT 2018)
* Project:        image_filter_prj
* Solution:       solution1
* Product family: artix7
* Target device:  xc7a75tfgg484-1


================================================================
== Performance Estimates
================================================================
+ Timing (ns): 
    * Summary: 
    +--------+-------+----------+------------+
    |  Clock | Target| Estimated| Uncertainty|
    +--------+-------+----------+------------+
    |ap_clk  |  10.00|     3.908|        0.12|
    +--------+-------+----------+------------+

+ Latency (clock cycles): 
    * Summary: 
    +-----+---------+-----+---------+---------+
    |    Latency    |    Interval   | Pipeline|
    | min |   max   | min |   max   |   Type  |
    +-----+---------+-----+---------+---------+
    |    1|  2077921|    1|  2077921|   none  |
    +-----+---------+-----+---------+---------+

    + Detail: 
        * Instance: 
        N/A

        * Loop: 
        +---------------+-----+---------+----------+-----------+-----------+----------+----------+
        |               |    Latency    | Iteration|  Initiation Interval  |   Trip   |          |
        |   Loop Name   | min |   max   |  Latency |  achieved |   target  |   Count  | Pipelined|
        +---------------+-----+---------+----------+-----------+-----------+----------+----------+
        |- loop_height  |    0|  2077920| 3 ~ 1924 |          -|          -| 0 ~ 1080 |    no    |
        | + loop_width  |    0|     1921|         3|          1|          1| 0 ~ 1920 |    yes   |
        +---------------+-----+---------+----------+-----------+-----------+----------+----------+

============================================================
+ Verbose Summary: Synthesis Manager
============================================================
InlineROM: 1
ExposeGlobal: 0
============================================================
+ Verbose Summary: CDFG Model
============================================================
IsTopModel: 0
ResetActiveHigh: 1
IsCombinational: 2
IsDatapathOnly: 0
HasWiredReturn: 1
HasMFsm: 0
HasVarLatency: 1
IsPipeline: 0
IsRtlPipelined: 0
IsInstanceOverlapped: 0
IsDontTouch: 0
HasImplIP: 0
IsGatedGlobalClock: 0

+ Individual pipeline summary: 
  * Pipeline-0: initiation interval (II) = 1, depth = 3


============================================================
+ Verbose Summary: Schedule
============================================================
* Number of FSM states : 6
* Pipeline : 1
  Pipeline-0 : II = 1, D = 3, States = { 3 4 5 }
* Dataflow Pipeline: 0

* FSM state transitions: 
1 --> 
	2  / true
2 --> 
	3  / (!exitcond6)
3 --> 
	6  / (exitcond)
	4  / (!exitcond)
4 --> 
	5  / true
5 --> 
	3  / true
6 --> 
	2  / true

* FSM state operations: 

State 1 <SV = 0> <Delay = 2.70>
ST_1 : Operation 7 [1/1] (0.00ns)   --->   "%tmp_user_V = alloca i1"   --->   Operation 7 'alloca' 'tmp_user_V' <Predicate = true> <Delay = 0.00>
ST_1 : Operation 8 [1/1] (0.00ns)   --->   "call void (...)* @_ssdm_op_SpecIFCore(i32 %img_cols_V, [1 x i8]* @p_str3, [10 x i8]* @p_str4, [1 x i8]* @p_str3, i32 -1, [1 x i8]* @p_str3, [1 x i8]* @p_str3, [1 x i8]* @p_str3, [1 x i8]* @p_str3, [24 x i8]* @p_str5)"   --->   Operation 8 'specifcore' <Predicate = true> <Delay = 0.00>
ST_1 : Operation 9 [1/1] (0.00ns)   --->   "call void (...)* @_ssdm_op_SpecIFCore(i32 %img_rows_V, [1 x i8]* @p_str3, [10 x i8]* @p_str4, [1 x i8]* @p_str3, i32 -1, [1 x i8]* @p_str3, [1 x i8]* @p_str3, [1 x i8]* @p_str3, [1 x i8]* @p_str3, [24 x i8]* @p_str5)"   --->   Operation 9 'specifcore' <Predicate = true> <Delay = 0.00>
ST_1 : Operation 10 [1/1] (0.00ns)   --->   "call void (...)* @_ssdm_op_SpecInterface(i8* %img_data_stream_2_V, [8 x i8]* @ap_fifo_str, i32 0, i32 0, [1 x i8]* @p_str353, i32 0, i32 0, [1 x i8]* @p_str354, [1 x i8]* @p_str355, [1 x i8]* @p_str356, i32 2, i32 2, i32 16, i32 16, [1 x i8]* @p_str357, [1 x i8]* @p_str358)"   --->   Operation 10 'specinterface' <Predicate = true> <Delay = 0.00>
ST_1 : Operation 11 [1/1] (0.00ns)   --->   "call void (...)* @_ssdm_op_SpecInterface(i8* %img_data_stream_1_V, [8 x i8]* @ap_fifo_str, i32 0, i32 0, [1 x i8]* @p_str346, i32 0, i32 0, [1 x i8]* @p_str347, [1 x i8]* @p_str348, [1 x i8]* @p_str349, i32 2, i32 2, i32 16, i32 16, [1 x i8]* @p_str350, [1 x i8]* @p_str351)"   --->   Operation 11 'specinterface' <Predicate = true> <Delay = 0.00>
ST_1 : Operation 12 [1/1] (0.00ns)   --->   "call void (...)* @_ssdm_op_SpecInterface(i8* %img_data_stream_0_V, [8 x i8]* @ap_fifo_str, i32 0, i32 0, [1 x i8]* @p_str339, i32 0, i32 0, [1 x i8]* @p_str340, [1 x i8]* @p_str341, [1 x i8]* @p_str342, i32 2, i32 2, i32 16, i32 16, [1 x i8]* @p_str343, [1 x i8]* @p_str344)"   --->   Operation 12 'specinterface' <Predicate = true> <Delay = 0.00>
ST_1 : Operation 13 [1/1] (0.00ns)   --->   "call void (...)* @_ssdm_op_SpecInterface(i32 %img_cols_V, [10 x i8]* @ap_stable_str, i32 0, i32 0, [1 x i8]* @p_str221, i32 0, i32 0, [1 x i8]* @p_str222, [1 x i8]* @p_str223, [1 x i8]* @p_str224, i32 2, i32 2, i32 16, i32 16, [1 x i8]* @p_str225, [1 x i8]* @p_str226)"   --->   Operation 13 'specinterface' <Predicate = true> <Delay = 0.00>
ST_1 : Operation 14 [1/1] (0.00ns)   --->   "call void (...)* @_ssdm_op_SpecInterface(i32 %img_rows_V, [10 x i8]* @ap_stable_str, i32 0, i32 0, [1 x i8]* @p_str227, i32 0, i32 0, [1 x i8]* @p_str228, [1 x i8]* @p_str229, [1 x i8]* @p_str230, i32 2, i32 2, i32 16, i32 16, [1 x i8]* @p_str231, [1 x i8]* @p_str232)"   --->   Operation 14 'specinterface' <Predicate = true> <Delay = 0.00>
ST_1 : Operation 15 [1/1] (0.00ns)   --->   "call void (...)* @_ssdm_op_SpecInterface(i32* %AXI_video_strm_V_data_V, i4* %AXI_video_strm_V_keep_V, i4* %AXI_video_strm_V_strb_V, i1* %AXI_video_strm_V_user_V, i1* %AXI_video_strm_V_last_V, i1* %AXI_video_strm_V_id_V, i1* %AXI_video_strm_V_dest_V, [5 x i8]* @p_str, i32 1, i32 1, [5 x i8]* @p_str2, i32 0, i32 0, [1 x i8]* @p_str3, [1 x i8]* @p_str3, [1 x i8]* @p_str3, i32 0, i32 0, i32 0, i32 0, [1 x i8]* @p_str3, [1 x i8]* @p_str3) nounwind"   --->   Operation 15 'specinterface' <Predicate = true> <Delay = 0.00>
ST_1 : Operation 16 [1/1] (0.00ns)   --->   "%img_cols_V_read = call i32 @_ssdm_op_Read.ap_stable.i32(i32 %img_cols_V)"   --->   Operation 16 'read' 'img_cols_V_read' <Predicate = true> <Delay = 0.00> <Core = "AXI4LiteS">   --->   Core 6 'AXI4LiteS' <Latency = 0> <II = 1> <Delay = 1.00> <Adapter> <Opcode : >
ST_1 : Operation 17 [1/1] (0.00ns)   --->   "%img_rows_V_read = call i32 @_ssdm_op_Read.ap_stable.i32(i32 %img_rows_V)"   --->   Operation 17 'read' 'img_rows_V_read' <Predicate = true> <Delay = 0.00> <Core = "AXI4LiteS">   --->   Core 6 'AXI4LiteS' <Latency = 0> <II = 1> <Delay = 1.00> <Adapter> <Opcode : >
ST_1 : Operation 18 [1/1] (0.00ns)   --->   "%lhs_V_cast = zext i32 %img_cols_V_read to i33" [D:/Xilinx/Vivado/2018.2/common/technology/autopilot/hls/hls_video_io.h:135]   --->   Operation 18 'zext' 'lhs_V_cast' <Predicate = true> <Delay = 0.00>
ST_1 : Operation 19 [1/1] (2.70ns)   --->   "%r_V = add i33 %lhs_V_cast, -1" [D:/Xilinx/Vivado/2018.2/common/technology/autopilot/hls/hls_video_io.h:135]   --->   Operation 19 'add' 'r_V' <Predicate = true> <Delay = 2.70> <Core = "AddSub">   --->   Core 14 'AddSub' <Latency = 0> <II = 1> <Delay = 2.70> <FuncUnit> <Opcode : 'add' 'sub'> <InPorts = 2> <OutPorts = 1>
ST_1 : Operation 20 [1/1] (1.66ns)   --->   "store i1 true, i1* %tmp_user_V"   --->   Operation 20 'store' <Predicate = true> <Delay = 1.66>
ST_1 : Operation 21 [1/1] (1.66ns)   --->   "br label %0" [D:/Xilinx/Vivado/2018.2/common/technology/autopilot/hls/hls_video_io.h:125]   --->   Operation 21 'br' <Predicate = true> <Delay = 1.66>

State 2 <SV = 1> <Delay = 3.41>
ST_2 : Operation 22 [1/1] (0.00ns)   --->   "%t_V = phi i32 [ 0, %._crit_edge ], [ %i_V, %3 ]"   --->   Operation 22 'phi' 't_V' <Predicate = true> <Delay = 0.00>
ST_2 : Operation 23 [1/1] (2.43ns)   --->   "%exitcond6 = icmp eq i32 %t_V, %img_rows_V_read" [D:/Xilinx/Vivado/2018.2/common/technology/autopilot/hls/hls_video_io.h:125]   --->   Operation 23 'icmp' 'exitcond6' <Predicate = true> <Delay = 2.43> <Core = "Cmp">   --->   Core 25 'Cmp' <Latency = 0> <II = 1> <Delay = 2.43> <FuncUnit> <Opcode : 'icmp'> <InPorts = 2> <OutPorts = 1>
ST_2 : Operation 24 [1/1] (0.00ns)   --->   "call void (...)* @_ssdm_op_SpecLoopTripCount(i64 0, i64 1080, i64 0)"   --->   Operation 24 'speclooptripcount' <Predicate = true> <Delay = 0.00>
ST_2 : Operation 25 [1/1] (2.70ns)   --->   "%i_V = add i32 %t_V, 1" [D:/Xilinx/Vivado/2018.2/common/technology/autopilot/hls/hls_video_io.h:125]   --->   Operation 25 'add' 'i_V' <Predicate = true> <Delay = 2.70> <Core = "AddSub">   --->   Core 14 'AddSub' <Latency = 0> <II = 1> <Delay = 2.70> <FuncUnit> <Opcode : 'add' 'sub'> <InPorts = 2> <OutPorts = 1>
ST_2 : Operation 26 [1/1] (0.00ns)   --->   "br i1 %exitcond6, label %4, label %1" [D:/Xilinx/Vivado/2018.2/common/technology/autopilot/hls/hls_video_io.h:125]   --->   Operation 26 'br' <Predicate = true> <Delay = 0.00>
ST_2 : Operation 27 [1/1] (0.00ns)   --->   "call void (...)* @_ssdm_op_SpecLoopName([12 x i8]* @p_str11) nounwind" [D:/Xilinx/Vivado/2018.2/common/technology/autopilot/hls/hls_video_io.h:125]   --->   Operation 27 'specloopname' <Predicate = (!exitcond6)> <Delay = 0.00>
ST_2 : Operation 28 [1/1] (0.00ns)   --->   "%tmp = call i32 (...)* @_ssdm_op_SpecRegionBegin([12 x i8]* @p_str11)" [D:/Xilinx/Vivado/2018.2/common/technology/autopilot/hls/hls_video_io.h:125]   --->   Operation 28 'specregionbegin' 'tmp' <Predicate = (!exitcond6)> <Delay = 0.00>
ST_2 : Operation 29 [1/1] (1.66ns)   --->   "br label %2" [D:/Xilinx/Vivado/2018.2/common/technology/autopilot/hls/hls_video_io.h:126]   --->   Operation 29 'br' <Predicate = (!exitcond6)> <Delay = 1.66>
ST_2 : Operation 30 [1/1] (0.00ns)   --->   "ret void"   --->   Operation 30 'ret' <Predicate = (exitcond6)> <Delay = 0.00>

State 3 <SV = 2> <Delay = 3.41>
ST_3 : Operation 31 [1/1] (0.00ns)   --->   "%t_V_3 = phi i32 [ 0, %1 ], [ %j_V, %"operator>>.exit" ]"   --->   Operation 31 'phi' 't_V_3' <Predicate = true> <Delay = 0.00>
ST_3 : Operation 32 [1/1] (2.43ns)   --->   "%exitcond = icmp eq i32 %t_V_3, %img_cols_V_read" [D:/Xilinx/Vivado/2018.2/common/technology/autopilot/hls/hls_video_io.h:126]   --->   Operation 32 'icmp' 'exitcond' <Predicate = true> <Delay = 2.43> <Core = "Cmp">   --->   Core 25 'Cmp' <Latency = 0> <II = 1> <Delay = 2.43> <FuncUnit> <Opcode : 'icmp'> <InPorts = 2> <OutPorts = 1>
ST_3 : Operation 33 [1/1] (0.00ns)   --->   "call void (...)* @_ssdm_op_SpecLoopTripCount(i64 0, i64 1920, i64 0)"   --->   Operation 33 'speclooptripcount' <Predicate = true> <Delay = 0.00>
ST_3 : Operation 34 [1/1] (2.70ns)   --->   "%j_V = add i32 %t_V_3, 1" [D:/Xilinx/Vivado/2018.2/common/technology/autopilot/hls/hls_video_io.h:126]   --->   Operation 34 'add' 'j_V' <Predicate = true> <Delay = 2.70> <Core = "AddSub">   --->   Core 14 'AddSub' <Latency = 0> <II = 1> <Delay = 2.70> <FuncUnit> <Opcode : 'add' 'sub'> <InPorts = 2> <OutPorts = 1>
ST_3 : Operation 35 [1/1] (0.00ns)   --->   "br i1 %exitcond, label %3, label %"operator>>.exit"" [D:/Xilinx/Vivado/2018.2/common/technology/autopilot/hls/hls_video_io.h:126]   --->   Operation 35 'br' <Predicate = true> <Delay = 0.00>
ST_3 : Operation 36 [1/1] (0.00ns)   --->   "%tmp_cast = zext i32 %t_V_3 to i33" [D:/Xilinx/Vivado/2018.2/common/technology/autopilot/hls/hls_video_io.h:135]   --->   Operation 36 'zext' 'tmp_cast' <Predicate = (!exitcond)> <Delay = 0.00>
ST_3 : Operation 37 [1/1] (2.46ns)   --->   "%axi_last_V = icmp eq i33 %tmp_cast, %r_V" [D:/Xilinx/Vivado/2018.2/common/technology/autopilot/hls/hls_video_io.h:135]   --->   Operation 37 'icmp' 'axi_last_V' <Predicate = (!exitcond)> <Delay = 2.46> <Core = "Cmp">   --->   Core 25 'Cmp' <Latency = 0> <II = 1> <Delay = 2.43> <FuncUnit> <Opcode : 'icmp'> <InPorts = 2> <OutPorts = 1>

State 4 <SV = 3> <Delay = 3.90>
ST_4 : Operation 38 [1/1] (0.00ns)   --->   "%tmp_user_V_load = load i1* %tmp_user_V" [D:/Xilinx/Vivado/2018.2/common/technology/autopilot/hls/hls_video_io.h:146]   --->   Operation 38 'load' 'tmp_user_V_load' <Predicate = (!exitcond)> <Delay = 0.00>
ST_4 : Operation 39 [1/1] (0.00ns)   --->   "%tmp_3 = call i32 (...)* @_ssdm_op_SpecRegionBegin([12 x i8]* @p_str16)" [D:/Xilinx/Vivado/2018.2/common/technology/autopilot/hls/hls_video_core.h:617->D:/Xilinx/Vivado/2018.2/common/technology/autopilot/hls/hls_video_core.h:656->D:/Xilinx/Vivado/2018.2/common/technology/autopilot/hls/hls_video_io.h:140]   --->   Operation 39 'specregionbegin' 'tmp_3' <Predicate = (!exitcond)> <Delay = 0.00>
ST_4 : Operation 40 [1/1] (0.00ns)   --->   "call void (...)* @_ssdm_op_SpecProtocol(i32 0, [1 x i8]* @p_str3) nounwind" [D:/Xilinx/Vivado/2018.2/common/technology/autopilot/hls/hls_video_core.h:621->D:/Xilinx/Vivado/2018.2/common/technology/autopilot/hls/hls_video_core.h:656->D:/Xilinx/Vivado/2018.2/common/technology/autopilot/hls/hls_video_io.h:140]   --->   Operation 40 'specprotocol' <Predicate = (!exitcond)> <Delay = 0.00>
ST_4 : Operation 41 [1/1] (3.90ns)   --->   "%tmp_29 = call i8 @_ssdm_op_Read.ap_fifo.volatile.i8P(i8* %img_data_stream_0_V)" [D:/Xilinx/Vivado/2018.2/common/technology/autopilot/hls/hls_video_core.h:624->D:/Xilinx/Vivado/2018.2/common/technology/autopilot/hls/hls_video_core.h:656->D:/Xilinx/Vivado/2018.2/common/technology/autopilot/hls/hls_video_io.h:140]   --->   Operation 41 'read' 'tmp_29' <Predicate = (!exitcond)> <Delay = 3.90> <Core = "FIFO">   --->   Core 32 'FIFO' <Latency = 0> <II = 1> <Delay = 3.90> <Storage> <Opcode : 'read' 'write' 'nbread' 'nbwrite'> <Ports = 0> <Width = 8> <Depth = 2> <FIFO>
ST_4 : Operation 42 [1/1] (3.90ns)   --->   "%tmp_30 = call i8 @_ssdm_op_Read.ap_fifo.volatile.i8P(i8* %img_data_stream_1_V)" [D:/Xilinx/Vivado/2018.2/common/technology/autopilot/hls/hls_video_core.h:624->D:/Xilinx/Vivado/2018.2/common/technology/autopilot/hls/hls_video_core.h:656->D:/Xilinx/Vivado/2018.2/common/technology/autopilot/hls/hls_video_io.h:140]   --->   Operation 42 'read' 'tmp_30' <Predicate = (!exitcond)> <Delay = 3.90> <Core = "FIFO">   --->   Core 32 'FIFO' <Latency = 0> <II = 1> <Delay = 3.90> <Storage> <Opcode : 'read' 'write' 'nbread' 'nbwrite'> <Ports = 0> <Width = 8> <Depth = 2> <FIFO>
ST_4 : Operation 43 [1/1] (3.90ns)   --->   "%tmp_28 = call i8 @_ssdm_op_Read.ap_fifo.volatile.i8P(i8* %img_data_stream_2_V)" [D:/Xilinx/Vivado/2018.2/common/technology/autopilot/hls/hls_video_core.h:624->D:/Xilinx/Vivado/2018.2/common/technology/autopilot/hls/hls_video_core.h:656->D:/Xilinx/Vivado/2018.2/common/technology/autopilot/hls/hls_video_io.h:140]   --->   Operation 43 'read' 'tmp_28' <Predicate = (!exitcond)> <Delay = 3.90> <Core = "FIFO">   --->   Core 32 'FIFO' <Latency = 0> <II = 1> <Delay = 3.90> <Storage> <Opcode : 'read' 'write' 'nbread' 'nbwrite'> <Ports = 0> <Width = 8> <Depth = 2> <FIFO>
ST_4 : Operation 44 [1/1] (0.00ns)   --->   "%empty = call i32 (...)* @_ssdm_op_SpecRegionEnd([12 x i8]* @p_str16, i32 %tmp_3)" [D:/Xilinx/Vivado/2018.2/common/technology/autopilot/hls/hls_video_core.h:626->D:/Xilinx/Vivado/2018.2/common/technology/autopilot/hls/hls_video_core.h:656->D:/Xilinx/Vivado/2018.2/common/technology/autopilot/hls/hls_video_io.h:140]   --->   Operation 44 'specregionend' 'empty' <Predicate = (!exitcond)> <Delay = 0.00>
ST_4 : Operation 45 [1/1] (0.00ns)   --->   "%tmp_data_V = call i32 @_ssdm_op_BitConcatenate.i32.i8.i8.i8.i8(i8 -1, i8 %tmp_28, i8 %tmp_30, i8 %tmp_29)" [D:/Xilinx/Vivado/2018.2/common/technology/autopilot/hls/hls_axi_io.h:78->D:/Xilinx/Vivado/2018.2/common/technology/autopilot/hls/hls_axi_io.h:100->D:/Xilinx/Vivado/2018.2/common/technology/autopilot/hls/hls_video_io.h:143]   --->   Operation 45 'bitconcatenate' 'tmp_data_V' <Predicate = (!exitcond)> <Delay = 0.00>
ST_4 : Operation 46 [2/2] (0.00ns)   --->   "call void @_ssdm_op_Write.axis.volatile.i32P.i4P.i4P.i1P.i1P.i1P.i1P(i32* %AXI_video_strm_V_data_V, i4* %AXI_video_strm_V_keep_V, i4* %AXI_video_strm_V_strb_V, i1* %AXI_video_strm_V_user_V, i1* %AXI_video_strm_V_last_V, i1* %AXI_video_strm_V_id_V, i1* %AXI_video_strm_V_dest_V, i32 %tmp_data_V, i4 -1, i4 undef, i1 %tmp_user_V_load, i1 %axi_last_V, i1 undef, i1 undef)" [D:/Xilinx/Vivado/2018.2/common/technology/autopilot/hls/hls_video_io.h:146]   --->   Operation 46 'write' <Predicate = (!exitcond)> <Delay = 0.00> <Core = "AXI4Stream">   --->   Core 5 'AXI4Stream' <Latency = 0> <II = 1> <Delay = 1.00> <Adapter> <Opcode : >
ST_4 : Operation 47 [1/1] (1.66ns)   --->   "store i1 false, i1* %tmp_user_V"   --->   Operation 47 'store' <Predicate = (!exitcond)> <Delay = 1.66>

State 5 <SV = 4> <Delay = 0.00>
ST_5 : Operation 48 [1/1] (0.00ns)   --->   "call void (...)* @_ssdm_op_SpecLoopName([11 x i8]* @p_str12) nounwind" [D:/Xilinx/Vivado/2018.2/common/technology/autopilot/hls/hls_video_io.h:126]   --->   Operation 48 'specloopname' <Predicate = (!exitcond)> <Delay = 0.00>
ST_5 : Operation 49 [1/1] (0.00ns)   --->   "%tmp_s = call i32 (...)* @_ssdm_op_SpecRegionBegin([11 x i8]* @p_str12)" [D:/Xilinx/Vivado/2018.2/common/technology/autopilot/hls/hls_video_io.h:126]   --->   Operation 49 'specregionbegin' 'tmp_s' <Predicate = (!exitcond)> <Delay = 0.00>
ST_5 : Operation 50 [1/1] (0.00ns)   --->   "call void (...)* @_ssdm_op_SpecPipeline(i32 1, i32 1, i32 1, i32 0, [1 x i8]* @p_str3) nounwind" [D:/Xilinx/Vivado/2018.2/common/technology/autopilot/hls/hls_video_io.h:128]   --->   Operation 50 'specpipeline' <Predicate = (!exitcond)> <Delay = 0.00>
ST_5 : Operation 51 [1/2] (0.00ns)   --->   "call void @_ssdm_op_Write.axis.volatile.i32P.i4P.i4P.i1P.i1P.i1P.i1P(i32* %AXI_video_strm_V_data_V, i4* %AXI_video_strm_V_keep_V, i4* %AXI_video_strm_V_strb_V, i1* %AXI_video_strm_V_user_V, i1* %AXI_video_strm_V_last_V, i1* %AXI_video_strm_V_id_V, i1* %AXI_video_strm_V_dest_V, i32 %tmp_data_V, i4 -1, i4 undef, i1 %tmp_user_V_load, i1 %axi_last_V, i1 undef, i1 undef)" [D:/Xilinx/Vivado/2018.2/common/technology/autopilot/hls/hls_video_io.h:146]   --->   Operation 51 'write' <Predicate = (!exitcond)> <Delay = 0.00> <Core = "AXI4Stream">   --->   Core 5 'AXI4Stream' <Latency = 0> <II = 1> <Delay = 1.00> <Adapter> <Opcode : >
ST_5 : Operation 52 [1/1] (0.00ns)   --->   "%empty_65 = call i32 (...)* @_ssdm_op_SpecRegionEnd([11 x i8]* @p_str12, i32 %tmp_s)" [D:/Xilinx/Vivado/2018.2/common/technology/autopilot/hls/hls_video_io.h:147]   --->   Operation 52 'specregionend' 'empty_65' <Predicate = (!exitcond)> <Delay = 0.00>
ST_5 : Operation 53 [1/1] (0.00ns)   --->   "br label %2" [D:/Xilinx/Vivado/2018.2/common/technology/autopilot/hls/hls_video_io.h:126]   --->   Operation 53 'br' <Predicate = (!exitcond)> <Delay = 0.00>

State 6 <SV = 3> <Delay = 0.00>
ST_6 : Operation 54 [1/1] (0.00ns)   --->   "%empty_66 = call i32 (...)* @_ssdm_op_SpecRegionEnd([12 x i8]* @p_str11, i32 %tmp)" [D:/Xilinx/Vivado/2018.2/common/technology/autopilot/hls/hls_video_io.h:148]   --->   Operation 54 'specregionend' 'empty_66' <Predicate = true> <Delay = 0.00>
ST_6 : Operation 55 [1/1] (0.00ns)   --->   "br label %0" [D:/Xilinx/Vivado/2018.2/common/technology/autopilot/hls/hls_video_io.h:125]   --->   Operation 55 'br' <Predicate = true> <Delay = 0.00>


============================================================
+ Verbose Summary: Timing violations
============================================================
Target clock period: 10ns, clock uncertainty: 0.125ns.

 <State 1>: 2.7ns
The critical path consists of the following:
	wire read on port 'img_cols_V' [22]  (0 ns)
	'add' operation ('r.V', D:/Xilinx/Vivado/2018.2/common/technology/autopilot/hls/hls_video_io.h:135) [25]  (2.7 ns)

 <State 2>: 3.42ns
The critical path consists of the following:
	'icmp' operation ('exitcond6', D:/Xilinx/Vivado/2018.2/common/technology/autopilot/hls/hls_video_io.h:125) [30]  (2.44 ns)
	blocking operation 0.978 ns on control path)

 <State 3>: 3.42ns
The critical path consists of the following:
	'icmp' operation ('exitcond', D:/Xilinx/Vivado/2018.2/common/technology/autopilot/hls/hls_video_io.h:126) [40]  (2.44 ns)
	blocking operation 0.978 ns on control path)

 <State 4>: 3.91ns
The critical path consists of the following:
	fifo read on port 'img_data_stream_0_V' (D:/Xilinx/Vivado/2018.2/common/technology/autopilot/hls/hls_video_core.h:624->D:/Xilinx/Vivado/2018.2/common/technology/autopilot/hls/hls_video_core.h:656->D:/Xilinx/Vivado/2018.2/common/technology/autopilot/hls/hls_video_io.h:140) [53]  (3.91 ns)

 <State 5>: 0ns
The critical path consists of the following:

 <State 6>: 0ns
The critical path consists of the following:


============================================================
+ Verbose Summary: Binding
============================================================
N/A
* FSMD analyzer results:
  - Output states:
 - Input state : 
  - Chain level:
	State 1
	State 2
	State 3
	State 4
	State 5
	State 6


============================================================
+ Verbose Summary: Datapath Resource usage 
============================================================
N/A
