

================================================================
== Vivado HLS Report for 'SubS'
================================================================
* Date:           Wed Jul 28 22:30:25 2021

* Version:        2018.2 (Build 2258646 on Thu Jun 14 20:25:20 MDT 2018)
* Project:        image_filter_prj
* Solution:       solution1
* Product family: artix7
* Target device:  xc7a75tfgg484-1


================================================================
== Performance Estimates
================================================================
+ Timing (ns): 
    * Summary: 
    +--------+-------+----------+------------+
    |  Clock | Target| Estimated| Uncertainty|
    +--------+-------+----------+------------+
    |ap_clk  |  10.00|     7.064|        0.12|
    +--------+-------+----------+------------+

+ Latency (clock cycles): 
    * Summary: 
    +-----+---------+-----+---------+---------+
    |    Latency    |    Interval   | Pipeline|
    | min |   max   | min |   max   |   Type  |
    +-----+---------+-----+---------+---------+
    |    1|  2077921|    1|  2077921|   none  |
    +-----+---------+-----+---------+---------+

    + Detail: 
        * Instance: 
        N/A

        * Loop: 
        +---------------+-----+---------+----------+-----------+-----------+----------+----------+
        |               |    Latency    | Iteration|  Initiation Interval  |   Trip   |          |
        |   Loop Name   | min |   max   |  Latency |  achieved |   target  |   Count  | Pipelined|
        +---------------+-----+---------+----------+-----------+-----------+----------+----------+
        |- loop_height  |    0|  2077920| 3 ~ 1924 |          -|          -| 0 ~ 1080 |    no    |
        | + loop_width  |    0|     1921|         3|          1|          1| 0 ~ 1920 |    yes   |
        +---------------+-----+---------+----------+-----------+-----------+----------+----------+

============================================================
+ Verbose Summary: Synthesis Manager
============================================================
InlineROM: 1
ExposeGlobal: 0
============================================================
+ Verbose Summary: CDFG Model
============================================================
IsTopModel: 0
ResetActiveHigh: 1
IsCombinational: 2
IsDatapathOnly: 0
HasWiredReturn: 1
HasMFsm: 0
HasVarLatency: 1
IsPipeline: 0
IsRtlPipelined: 0
IsInstanceOverlapped: 0
IsDontTouch: 0
HasImplIP: 0
IsGatedGlobalClock: 0

+ Individual pipeline summary: 
  * Pipeline-0: initiation interval (II) = 1, depth = 3


============================================================
+ Verbose Summary: Schedule
============================================================
* Number of FSM states : 6
* Pipeline : 1
  Pipeline-0 : II = 1, D = 3, States = { 3 4 5 }
* Dataflow Pipeline: 0

* FSM state transitions: 
1 --> 
	2  / true
2 --> 
	3  / (!exitcond1_i)
3 --> 
	6  / (exitcond_i)
	4  / (!exitcond_i)
4 --> 
	5  / true
5 --> 
	3  / true
6 --> 
	2  / true

* FSM state operations: 

State 1 <SV = 0> <Delay = 1.66>
ST_1 : Operation 7 [1/1] (0.00ns)   --->   "call void (...)* @_ssdm_op_SpecIFCore(i32 %src_cols_V, [1 x i8]* @p_str3, [10 x i8]* @p_str4, [1 x i8]* @p_str3, i32 -1, [1 x i8]* @p_str3, [1 x i8]* @p_str3, [1 x i8]* @p_str3, [1 x i8]* @p_str3, [24 x i8]* @p_str5)"   --->   Operation 7 'specifcore' <Predicate = true> <Delay = 0.00>
ST_1 : Operation 8 [1/1] (0.00ns)   --->   "call void (...)* @_ssdm_op_SpecIFCore(i32 %src_rows_V, [1 x i8]* @p_str3, [10 x i8]* @p_str4, [1 x i8]* @p_str3, i32 -1, [1 x i8]* @p_str3, [1 x i8]* @p_str3, [1 x i8]* @p_str3, [1 x i8]* @p_str3, [24 x i8]* @p_str5)"   --->   Operation 8 'specifcore' <Predicate = true> <Delay = 0.00>
ST_1 : Operation 9 [1/1] (0.00ns)   --->   "call void (...)* @_ssdm_op_SpecInterface(i8* %dst_data_stream_2_V, [8 x i8]* @ap_fifo_str, i32 0, i32 0, [1 x i8]* @p_str290, i32 0, i32 0, [1 x i8]* @p_str291, [1 x i8]* @p_str292, [1 x i8]* @p_str293, i32 2, i32 2, i32 16, i32 16, [1 x i8]* @p_str294, [1 x i8]* @p_str295)"   --->   Operation 9 'specinterface' <Predicate = true> <Delay = 0.00>
ST_1 : Operation 10 [1/1] (0.00ns)   --->   "call void (...)* @_ssdm_op_SpecInterface(i8* %dst_data_stream_1_V, [8 x i8]* @ap_fifo_str, i32 0, i32 0, [1 x i8]* @p_str283, i32 0, i32 0, [1 x i8]* @p_str284, [1 x i8]* @p_str285, [1 x i8]* @p_str286, i32 2, i32 2, i32 16, i32 16, [1 x i8]* @p_str287, [1 x i8]* @p_str288)"   --->   Operation 10 'specinterface' <Predicate = true> <Delay = 0.00>
ST_1 : Operation 11 [1/1] (0.00ns)   --->   "call void (...)* @_ssdm_op_SpecInterface(i8* %dst_data_stream_0_V, [8 x i8]* @ap_fifo_str, i32 0, i32 0, [1 x i8]* @p_str276, i32 0, i32 0, [1 x i8]* @p_str277, [1 x i8]* @p_str278, [1 x i8]* @p_str279, i32 2, i32 2, i32 16, i32 16, [1 x i8]* @p_str280, [1 x i8]* @p_str281)"   --->   Operation 11 'specinterface' <Predicate = true> <Delay = 0.00>
ST_1 : Operation 12 [1/1] (0.00ns)   --->   "call void (...)* @_ssdm_op_SpecInterface(i8* %src_data_stream_2_V, [8 x i8]* @ap_fifo_str, i32 0, i32 0, [1 x i8]* @p_str269, i32 0, i32 0, [1 x i8]* @p_str270, [1 x i8]* @p_str271, [1 x i8]* @p_str272, i32 2, i32 2, i32 16, i32 16, [1 x i8]* @p_str273, [1 x i8]* @p_str274)"   --->   Operation 12 'specinterface' <Predicate = true> <Delay = 0.00>
ST_1 : Operation 13 [1/1] (0.00ns)   --->   "call void (...)* @_ssdm_op_SpecInterface(i8* %src_data_stream_1_V, [8 x i8]* @ap_fifo_str, i32 0, i32 0, [1 x i8]* @p_str262, i32 0, i32 0, [1 x i8]* @p_str263, [1 x i8]* @p_str264, [1 x i8]* @p_str265, i32 2, i32 2, i32 16, i32 16, [1 x i8]* @p_str266, [1 x i8]* @p_str267)"   --->   Operation 13 'specinterface' <Predicate = true> <Delay = 0.00>
ST_1 : Operation 14 [1/1] (0.00ns)   --->   "call void (...)* @_ssdm_op_SpecInterface(i8* %src_data_stream_0_V, [8 x i8]* @ap_fifo_str, i32 0, i32 0, [1 x i8]* @p_str255, i32 0, i32 0, [1 x i8]* @p_str256, [1 x i8]* @p_str257, [1 x i8]* @p_str258, i32 2, i32 2, i32 16, i32 16, [1 x i8]* @p_str259, [1 x i8]* @p_str260)"   --->   Operation 14 'specinterface' <Predicate = true> <Delay = 0.00>
ST_1 : Operation 15 [1/1] (0.00ns)   --->   "call void (...)* @_ssdm_op_SpecInterface(i32 %src_cols_V, [10 x i8]* @ap_stable_str, i32 0, i32 0, [1 x i8]* @p_str173, i32 0, i32 0, [1 x i8]* @p_str174, [1 x i8]* @p_str175, [1 x i8]* @p_str176, i32 2, i32 2, i32 16, i32 16, [1 x i8]* @p_str177, [1 x i8]* @p_str178)"   --->   Operation 15 'specinterface' <Predicate = true> <Delay = 0.00>
ST_1 : Operation 16 [1/1] (0.00ns)   --->   "call void (...)* @_ssdm_op_SpecInterface(i32 %src_rows_V, [10 x i8]* @ap_stable_str, i32 0, i32 0, [1 x i8]* @p_str179, i32 0, i32 0, [1 x i8]* @p_str180, [1 x i8]* @p_str181, [1 x i8]* @p_str182, i32 2, i32 2, i32 16, i32 16, [1 x i8]* @p_str183, [1 x i8]* @p_str184)"   --->   Operation 16 'specinterface' <Predicate = true> <Delay = 0.00>
ST_1 : Operation 17 [1/1] (0.00ns)   --->   "%src_cols_V_read = call i32 @_ssdm_op_Read.ap_stable.i32(i32 %src_cols_V)"   --->   Operation 17 'read' 'src_cols_V_read' <Predicate = true> <Delay = 0.00> <Core = "AXI4LiteS">   --->   Core 6 'AXI4LiteS' <Latency = 0> <II = 1> <Delay = 1.00> <Adapter> <Opcode : >
ST_1 : Operation 18 [1/1] (0.00ns)   --->   "%src_rows_V_read = call i32 @_ssdm_op_Read.ap_stable.i32(i32 %src_rows_V)"   --->   Operation 18 'read' 'src_rows_V_read' <Predicate = true> <Delay = 0.00> <Core = "AXI4LiteS">   --->   Core 6 'AXI4LiteS' <Latency = 0> <II = 1> <Delay = 1.00> <Adapter> <Opcode : >
ST_1 : Operation 19 [1/1] (1.66ns)   --->   "br label %0" [D:/Xilinx/Vivado/2018.2/common/technology/autopilot/hls/hls_video_arithm.h:426->D:/Xilinx/Vivado/2018.2/common/technology/autopilot/hls/hls_video_arithm.h:761]   --->   Operation 19 'br' <Predicate = true> <Delay = 1.66>

State 2 <SV = 1> <Delay = 3.41>
ST_2 : Operation 20 [1/1] (0.00ns)   --->   "%t_V = phi i32 [ 0, %._crit_edge4 ], [ %i_V, %3 ]"   --->   Operation 20 'phi' 't_V' <Predicate = true> <Delay = 0.00>
ST_2 : Operation 21 [1/1] (2.43ns)   --->   "%exitcond1_i = icmp eq i32 %t_V, %src_rows_V_read" [D:/Xilinx/Vivado/2018.2/common/technology/autopilot/hls/hls_video_arithm.h:426->D:/Xilinx/Vivado/2018.2/common/technology/autopilot/hls/hls_video_arithm.h:761]   --->   Operation 21 'icmp' 'exitcond1_i' <Predicate = true> <Delay = 2.43> <Core = "Cmp">   --->   Core 25 'Cmp' <Latency = 0> <II = 1> <Delay = 2.43> <FuncUnit> <Opcode : 'icmp'> <InPorts = 2> <OutPorts = 1>
ST_2 : Operation 22 [1/1] (0.00ns)   --->   "call void (...)* @_ssdm_op_SpecLoopTripCount(i64 0, i64 1080, i64 0)"   --->   Operation 22 'speclooptripcount' <Predicate = true> <Delay = 0.00>
ST_2 : Operation 23 [1/1] (2.70ns)   --->   "%i_V = add i32 %t_V, 1" [D:/Xilinx/Vivado/2018.2/common/technology/autopilot/hls/hls_video_arithm.h:426->D:/Xilinx/Vivado/2018.2/common/technology/autopilot/hls/hls_video_arithm.h:761]   --->   Operation 23 'add' 'i_V' <Predicate = true> <Delay = 2.70> <Core = "AddSub">   --->   Core 14 'AddSub' <Latency = 0> <II = 1> <Delay = 2.11> <FuncUnit> <Opcode : 'add' 'sub'> <InPorts = 2> <OutPorts = 1>
ST_2 : Operation 24 [1/1] (0.00ns)   --->   "br i1 %exitcond1_i, label %"arithm_pro<kernel_sub, 1080, 1920, 4096, unsigned char, 4096, int, int, int>.exit", label %1" [D:/Xilinx/Vivado/2018.2/common/technology/autopilot/hls/hls_video_arithm.h:426->D:/Xilinx/Vivado/2018.2/common/technology/autopilot/hls/hls_video_arithm.h:761]   --->   Operation 24 'br' <Predicate = true> <Delay = 0.00>
ST_2 : Operation 25 [1/1] (0.00ns)   --->   "call void (...)* @_ssdm_op_SpecLoopName([12 x i8]* @p_str11) nounwind" [D:/Xilinx/Vivado/2018.2/common/technology/autopilot/hls/hls_video_arithm.h:426->D:/Xilinx/Vivado/2018.2/common/technology/autopilot/hls/hls_video_arithm.h:761]   --->   Operation 25 'specloopname' <Predicate = (!exitcond1_i)> <Delay = 0.00>
ST_2 : Operation 26 [1/1] (0.00ns)   --->   "%tmp_i = call i32 (...)* @_ssdm_op_SpecRegionBegin([12 x i8]* @p_str11)" [D:/Xilinx/Vivado/2018.2/common/technology/autopilot/hls/hls_video_arithm.h:426->D:/Xilinx/Vivado/2018.2/common/technology/autopilot/hls/hls_video_arithm.h:761]   --->   Operation 26 'specregionbegin' 'tmp_i' <Predicate = (!exitcond1_i)> <Delay = 0.00>
ST_2 : Operation 27 [1/1] (1.66ns)   --->   "br label %2" [D:/Xilinx/Vivado/2018.2/common/technology/autopilot/hls/hls_video_arithm.h:427->D:/Xilinx/Vivado/2018.2/common/technology/autopilot/hls/hls_video_arithm.h:761]   --->   Operation 27 'br' <Predicate = (!exitcond1_i)> <Delay = 1.66>
ST_2 : Operation 28 [1/1] (0.00ns)   --->   "ret void" [D:/Xilinx/Vivado/2018.2/common/technology/autopilot/hls/hls_video_arithm.h:762]   --->   Operation 28 'ret' <Predicate = (exitcond1_i)> <Delay = 0.00>

State 3 <SV = 2> <Delay = 2.70>
ST_3 : Operation 29 [1/1] (0.00ns)   --->   "%t_V_2 = phi i32 [ 0, %1 ], [ %j_V, %"operator>>.exit.i" ]"   --->   Operation 29 'phi' 't_V_2' <Predicate = true> <Delay = 0.00>
ST_3 : Operation 30 [1/1] (2.43ns)   --->   "%exitcond_i = icmp eq i32 %t_V_2, %src_cols_V_read" [D:/Xilinx/Vivado/2018.2/common/technology/autopilot/hls/hls_video_arithm.h:427->D:/Xilinx/Vivado/2018.2/common/technology/autopilot/hls/hls_video_arithm.h:761]   --->   Operation 30 'icmp' 'exitcond_i' <Predicate = true> <Delay = 2.43> <Core = "Cmp">   --->   Core 25 'Cmp' <Latency = 0> <II = 1> <Delay = 2.43> <FuncUnit> <Opcode : 'icmp'> <InPorts = 2> <OutPorts = 1>
ST_3 : Operation 31 [1/1] (0.00ns)   --->   "call void (...)* @_ssdm_op_SpecLoopTripCount(i64 0, i64 1920, i64 0)"   --->   Operation 31 'speclooptripcount' <Predicate = true> <Delay = 0.00>
ST_3 : Operation 32 [1/1] (2.70ns)   --->   "%j_V = add i32 %t_V_2, 1" [D:/Xilinx/Vivado/2018.2/common/technology/autopilot/hls/hls_video_arithm.h:427->D:/Xilinx/Vivado/2018.2/common/technology/autopilot/hls/hls_video_arithm.h:761]   --->   Operation 32 'add' 'j_V' <Predicate = true> <Delay = 2.70> <Core = "AddSub">   --->   Core 14 'AddSub' <Latency = 0> <II = 1> <Delay = 2.11> <FuncUnit> <Opcode : 'add' 'sub'> <InPorts = 2> <OutPorts = 1>
ST_3 : Operation 33 [1/1] (0.00ns)   --->   "br i1 %exitcond_i, label %3, label %"operator>>.exit.i"" [D:/Xilinx/Vivado/2018.2/common/technology/autopilot/hls/hls_video_arithm.h:427->D:/Xilinx/Vivado/2018.2/common/technology/autopilot/hls/hls_video_arithm.h:761]   --->   Operation 33 'br' <Predicate = true> <Delay = 0.00>

State 4 <SV = 3> <Delay = 3.90>
ST_4 : Operation 34 [1/1] (0.00ns)   --->   "%tmp_3_i = call i32 (...)* @_ssdm_op_SpecRegionBegin([12 x i8]* @p_str16)" [D:/Xilinx/Vivado/2018.2/common/technology/autopilot/hls/hls_video_core.h:617->D:/Xilinx/Vivado/2018.2/common/technology/autopilot/hls/hls_video_core.h:656->D:/Xilinx/Vivado/2018.2/common/technology/autopilot/hls/hls_video_arithm.h:430->D:/Xilinx/Vivado/2018.2/common/technology/autopilot/hls/hls_video_arithm.h:761]   --->   Operation 34 'specregionbegin' 'tmp_3_i' <Predicate = (!exitcond_i)> <Delay = 0.00>
ST_4 : Operation 35 [1/1] (0.00ns)   --->   "call void (...)* @_ssdm_op_SpecProtocol(i32 0, [1 x i8]* @p_str3) nounwind" [D:/Xilinx/Vivado/2018.2/common/technology/autopilot/hls/hls_video_core.h:621->D:/Xilinx/Vivado/2018.2/common/technology/autopilot/hls/hls_video_core.h:656->D:/Xilinx/Vivado/2018.2/common/technology/autopilot/hls/hls_video_arithm.h:430->D:/Xilinx/Vivado/2018.2/common/technology/autopilot/hls/hls_video_arithm.h:761]   --->   Operation 35 'specprotocol' <Predicate = (!exitcond_i)> <Delay = 0.00>
ST_4 : Operation 36 [1/1] (3.90ns)   --->   "%tmp_23 = call i8 @_ssdm_op_Read.ap_fifo.volatile.i8P(i8* %src_data_stream_0_V)" [D:/Xilinx/Vivado/2018.2/common/technology/autopilot/hls/hls_video_core.h:624->D:/Xilinx/Vivado/2018.2/common/technology/autopilot/hls/hls_video_core.h:656->D:/Xilinx/Vivado/2018.2/common/technology/autopilot/hls/hls_video_arithm.h:430->D:/Xilinx/Vivado/2018.2/common/technology/autopilot/hls/hls_video_arithm.h:761]   --->   Operation 36 'read' 'tmp_23' <Predicate = (!exitcond_i)> <Delay = 3.90> <Core = "FIFO">   --->   Core 32 'FIFO' <Latency = 0> <II = 1> <Delay = 3.90> <Storage> <Opcode : 'read' 'write' 'nbread' 'nbwrite'> <Ports = 0> <Width = 8> <Depth = 2> <FIFO>
ST_4 : Operation 37 [1/1] (3.90ns)   --->   "%tmp_24 = call i8 @_ssdm_op_Read.ap_fifo.volatile.i8P(i8* %src_data_stream_1_V)" [D:/Xilinx/Vivado/2018.2/common/technology/autopilot/hls/hls_video_core.h:624->D:/Xilinx/Vivado/2018.2/common/technology/autopilot/hls/hls_video_core.h:656->D:/Xilinx/Vivado/2018.2/common/technology/autopilot/hls/hls_video_arithm.h:430->D:/Xilinx/Vivado/2018.2/common/technology/autopilot/hls/hls_video_arithm.h:761]   --->   Operation 37 'read' 'tmp_24' <Predicate = (!exitcond_i)> <Delay = 3.90> <Core = "FIFO">   --->   Core 32 'FIFO' <Latency = 0> <II = 1> <Delay = 3.90> <Storage> <Opcode : 'read' 'write' 'nbread' 'nbwrite'> <Ports = 0> <Width = 8> <Depth = 2> <FIFO>
ST_4 : Operation 38 [1/1] (3.90ns)   --->   "%tmp_25 = call i8 @_ssdm_op_Read.ap_fifo.volatile.i8P(i8* %src_data_stream_2_V)" [D:/Xilinx/Vivado/2018.2/common/technology/autopilot/hls/hls_video_core.h:624->D:/Xilinx/Vivado/2018.2/common/technology/autopilot/hls/hls_video_core.h:656->D:/Xilinx/Vivado/2018.2/common/technology/autopilot/hls/hls_video_arithm.h:430->D:/Xilinx/Vivado/2018.2/common/technology/autopilot/hls/hls_video_arithm.h:761]   --->   Operation 38 'read' 'tmp_25' <Predicate = (!exitcond_i)> <Delay = 3.90> <Core = "FIFO">   --->   Core 32 'FIFO' <Latency = 0> <II = 1> <Delay = 3.90> <Storage> <Opcode : 'read' 'write' 'nbread' 'nbwrite'> <Ports = 0> <Width = 8> <Depth = 2> <FIFO>
ST_4 : Operation 39 [1/1] (0.00ns)   --->   "%empty = call i32 (...)* @_ssdm_op_SpecRegionEnd([12 x i8]* @p_str16, i32 %tmp_3_i)" [D:/Xilinx/Vivado/2018.2/common/technology/autopilot/hls/hls_video_core.h:626->D:/Xilinx/Vivado/2018.2/common/technology/autopilot/hls/hls_video_core.h:656->D:/Xilinx/Vivado/2018.2/common/technology/autopilot/hls/hls_video_arithm.h:430->D:/Xilinx/Vivado/2018.2/common/technology/autopilot/hls/hls_video_arithm.h:761]   --->   Operation 39 'specregionend' 'empty' <Predicate = (!exitcond_i)> <Delay = 0.00>

State 5 <SV = 4> <Delay = 7.06>
ST_5 : Operation 40 [1/1] (0.00ns)   --->   "call void (...)* @_ssdm_op_SpecLoopName([11 x i8]* @p_str12) nounwind" [D:/Xilinx/Vivado/2018.2/common/technology/autopilot/hls/hls_video_arithm.h:427->D:/Xilinx/Vivado/2018.2/common/technology/autopilot/hls/hls_video_arithm.h:761]   --->   Operation 40 'specloopname' <Predicate = (!exitcond_i)> <Delay = 0.00>
ST_5 : Operation 41 [1/1] (0.00ns)   --->   "%tmp_1_i = call i32 (...)* @_ssdm_op_SpecRegionBegin([11 x i8]* @p_str12)" [D:/Xilinx/Vivado/2018.2/common/technology/autopilot/hls/hls_video_arithm.h:427->D:/Xilinx/Vivado/2018.2/common/technology/autopilot/hls/hls_video_arithm.h:761]   --->   Operation 41 'specregionbegin' 'tmp_1_i' <Predicate = (!exitcond_i)> <Delay = 0.00>
ST_5 : Operation 42 [1/1] (0.00ns)   --->   "call void (...)* @_ssdm_op_SpecPipeline(i32 1, i32 1, i32 1, i32 0, [1 x i8]* @p_str3) nounwind" [D:/Xilinx/Vivado/2018.2/common/technology/autopilot/hls/hls_video_arithm.h:429->D:/Xilinx/Vivado/2018.2/common/technology/autopilot/hls/hls_video_arithm.h:761]   --->   Operation 42 'specpipeline' <Predicate = (!exitcond_i)> <Delay = 0.00>
ST_5 : Operation 43 [1/1] (0.00ns)   --->   "%lhs_V_i = zext i8 %tmp_23 to i9" [D:/Xilinx/Vivado/2018.2/common/technology/autopilot/hls/hls_video_arithm.h:229->D:/Xilinx/Vivado/2018.2/common/technology/autopilot/hls/hls_video_arithm.h:433->D:/Xilinx/Vivado/2018.2/common/technology/autopilot/hls/hls_video_arithm.h:761]   --->   Operation 43 'zext' 'lhs_V_i' <Predicate = (!exitcond_i)> <Delay = 0.00>
ST_5 : Operation 44 [1/1] (2.11ns)   --->   "%p_Val2_10 = add i9 %lhs_V_i, -50" [D:/Xilinx/Vivado/2018.2/common/technology/autopilot/hls/hls_video_arithm.h:229->D:/Xilinx/Vivado/2018.2/common/technology/autopilot/hls/hls_video_arithm.h:433->D:/Xilinx/Vivado/2018.2/common/technology/autopilot/hls/hls_video_arithm.h:761]   --->   Operation 44 'add' 'p_Val2_10' <Predicate = (!exitcond_i)> <Delay = 2.11> <Core = "AddSub">   --->   Core 14 'AddSub' <Latency = 0> <II = 1> <Delay = 2.11> <FuncUnit> <Opcode : 'add' 'sub'> <InPorts = 2> <OutPorts = 1>
ST_5 : Operation 45 [1/1] (0.00ns)   --->   "%tmp = call i1 @_ssdm_op_BitSelect.i1.i9.i32(i9 %p_Val2_10, i32 8)" [D:/Xilinx/Vivado/2018.2/common/technology/autopilot/hls/hls_video_types.h:401->D:/Xilinx/Vivado/2018.2/common/technology/autopilot/hls/hls_video_types.h:500->D:/Xilinx/Vivado/2018.2/common/technology/autopilot/hls/hls_video_arithm.h:230->D:/Xilinx/Vivado/2018.2/common/technology/autopilot/hls/hls_video_arithm.h:433->D:/Xilinx/Vivado/2018.2/common/technology/autopilot/hls/hls_video_arithm.h:761]   --->   Operation 45 'bitselect' 'tmp' <Predicate = (!exitcond_i)> <Delay = 0.00>
ST_5 : Operation 46 [1/1] (2.11ns)   --->   "%p_Val2_9 = add i8 %tmp_23, -50" [D:/Xilinx/Vivado/2018.2/common/technology/autopilot/hls/hls_video_types.h:401->D:/Xilinx/Vivado/2018.2/common/technology/autopilot/hls/hls_video_types.h:500->D:/Xilinx/Vivado/2018.2/common/technology/autopilot/hls/hls_video_arithm.h:230->D:/Xilinx/Vivado/2018.2/common/technology/autopilot/hls/hls_video_arithm.h:433->D:/Xilinx/Vivado/2018.2/common/technology/autopilot/hls/hls_video_arithm.h:761]   --->   Operation 46 'add' 'p_Val2_9' <Predicate = (!exitcond_i)> <Delay = 2.11> <Core = "AddSub">   --->   Core 14 'AddSub' <Latency = 0> <II = 1> <Delay = 2.11> <FuncUnit> <Opcode : 'add' 'sub'> <InPorts = 2> <OutPorts = 1>
ST_5 : Operation 47 [1/1] (1.04ns)   --->   "%p_Val2_17 = select i1 %tmp, i8 0, i8 %p_Val2_9" [D:/Xilinx/Vivado/2018.2/common/technology/autopilot/hls/hls_video_types.h:401->D:/Xilinx/Vivado/2018.2/common/technology/autopilot/hls/hls_video_types.h:500->D:/Xilinx/Vivado/2018.2/common/technology/autopilot/hls/hls_video_arithm.h:230->D:/Xilinx/Vivado/2018.2/common/technology/autopilot/hls/hls_video_arithm.h:433->D:/Xilinx/Vivado/2018.2/common/technology/autopilot/hls/hls_video_arithm.h:761]   --->   Operation 47 'select' 'p_Val2_17' <Predicate = (!exitcond_i)> <Delay = 1.04> <Core = "Sel">   --->   Core 26 'Sel' <Latency = 0> <II = 1> <Delay = 1.04> <FuncUnit> <Opcode : 'select'> <InPorts = 3> <OutPorts = 1>
ST_5 : Operation 48 [1/1] (0.00ns)   --->   "%lhs_V_1_i = zext i8 %tmp_24 to i9" [D:/Xilinx/Vivado/2018.2/common/technology/autopilot/hls/hls_video_arithm.h:229->D:/Xilinx/Vivado/2018.2/common/technology/autopilot/hls/hls_video_arithm.h:433->D:/Xilinx/Vivado/2018.2/common/technology/autopilot/hls/hls_video_arithm.h:761]   --->   Operation 48 'zext' 'lhs_V_1_i' <Predicate = (!exitcond_i)> <Delay = 0.00>
ST_5 : Operation 49 [1/1] (2.11ns)   --->   "%p_Val2_12 = add i9 %lhs_V_1_i, -50" [D:/Xilinx/Vivado/2018.2/common/technology/autopilot/hls/hls_video_arithm.h:229->D:/Xilinx/Vivado/2018.2/common/technology/autopilot/hls/hls_video_arithm.h:433->D:/Xilinx/Vivado/2018.2/common/technology/autopilot/hls/hls_video_arithm.h:761]   --->   Operation 49 'add' 'p_Val2_12' <Predicate = (!exitcond_i)> <Delay = 2.11> <Core = "AddSub">   --->   Core 14 'AddSub' <Latency = 0> <II = 1> <Delay = 2.11> <FuncUnit> <Opcode : 'add' 'sub'> <InPorts = 2> <OutPorts = 1>
ST_5 : Operation 50 [1/1] (0.00ns)   --->   "%tmp_18 = call i1 @_ssdm_op_BitSelect.i1.i9.i32(i9 %p_Val2_12, i32 8)" [D:/Xilinx/Vivado/2018.2/common/technology/autopilot/hls/hls_video_types.h:401->D:/Xilinx/Vivado/2018.2/common/technology/autopilot/hls/hls_video_types.h:500->D:/Xilinx/Vivado/2018.2/common/technology/autopilot/hls/hls_video_arithm.h:230->D:/Xilinx/Vivado/2018.2/common/technology/autopilot/hls/hls_video_arithm.h:433->D:/Xilinx/Vivado/2018.2/common/technology/autopilot/hls/hls_video_arithm.h:761]   --->   Operation 50 'bitselect' 'tmp_18' <Predicate = (!exitcond_i)> <Delay = 0.00>
ST_5 : Operation 51 [1/1] (2.11ns)   --->   "%p_Val2_13 = add i8 %tmp_24, -50" [D:/Xilinx/Vivado/2018.2/common/technology/autopilot/hls/hls_video_types.h:401->D:/Xilinx/Vivado/2018.2/common/technology/autopilot/hls/hls_video_types.h:500->D:/Xilinx/Vivado/2018.2/common/technology/autopilot/hls/hls_video_arithm.h:230->D:/Xilinx/Vivado/2018.2/common/technology/autopilot/hls/hls_video_arithm.h:433->D:/Xilinx/Vivado/2018.2/common/technology/autopilot/hls/hls_video_arithm.h:761]   --->   Operation 51 'add' 'p_Val2_13' <Predicate = (!exitcond_i)> <Delay = 2.11> <Core = "AddSub">   --->   Core 14 'AddSub' <Latency = 0> <II = 1> <Delay = 2.11> <FuncUnit> <Opcode : 'add' 'sub'> <InPorts = 2> <OutPorts = 1>
ST_5 : Operation 52 [1/1] (1.04ns)   --->   "%p_Val2_18 = select i1 %tmp_18, i8 0, i8 %p_Val2_13" [D:/Xilinx/Vivado/2018.2/common/technology/autopilot/hls/hls_video_types.h:401->D:/Xilinx/Vivado/2018.2/common/technology/autopilot/hls/hls_video_types.h:500->D:/Xilinx/Vivado/2018.2/common/technology/autopilot/hls/hls_video_arithm.h:230->D:/Xilinx/Vivado/2018.2/common/technology/autopilot/hls/hls_video_arithm.h:433->D:/Xilinx/Vivado/2018.2/common/technology/autopilot/hls/hls_video_arithm.h:761]   --->   Operation 52 'select' 'p_Val2_18' <Predicate = (!exitcond_i)> <Delay = 1.04> <Core = "Sel">   --->   Core 26 'Sel' <Latency = 0> <II = 1> <Delay = 1.04> <FuncUnit> <Opcode : 'select'> <InPorts = 3> <OutPorts = 1>
ST_5 : Operation 53 [1/1] (0.00ns)   --->   "%lhs_V_2_i = zext i8 %tmp_25 to i9" [D:/Xilinx/Vivado/2018.2/common/technology/autopilot/hls/hls_video_arithm.h:229->D:/Xilinx/Vivado/2018.2/common/technology/autopilot/hls/hls_video_arithm.h:433->D:/Xilinx/Vivado/2018.2/common/technology/autopilot/hls/hls_video_arithm.h:761]   --->   Operation 53 'zext' 'lhs_V_2_i' <Predicate = (!exitcond_i)> <Delay = 0.00>
ST_5 : Operation 54 [1/1] (2.11ns)   --->   "%p_Val2_s = add i9 %lhs_V_2_i, -50" [D:/Xilinx/Vivado/2018.2/common/technology/autopilot/hls/hls_video_arithm.h:229->D:/Xilinx/Vivado/2018.2/common/technology/autopilot/hls/hls_video_arithm.h:433->D:/Xilinx/Vivado/2018.2/common/technology/autopilot/hls/hls_video_arithm.h:761]   --->   Operation 54 'add' 'p_Val2_s' <Predicate = (!exitcond_i)> <Delay = 2.11> <Core = "AddSub">   --->   Core 14 'AddSub' <Latency = 0> <II = 1> <Delay = 2.11> <FuncUnit> <Opcode : 'add' 'sub'> <InPorts = 2> <OutPorts = 1>
ST_5 : Operation 55 [1/1] (0.00ns)   --->   "%tmp_19 = call i1 @_ssdm_op_BitSelect.i1.i9.i32(i9 %p_Val2_s, i32 8)" [D:/Xilinx/Vivado/2018.2/common/technology/autopilot/hls/hls_video_types.h:401->D:/Xilinx/Vivado/2018.2/common/technology/autopilot/hls/hls_video_types.h:500->D:/Xilinx/Vivado/2018.2/common/technology/autopilot/hls/hls_video_arithm.h:230->D:/Xilinx/Vivado/2018.2/common/technology/autopilot/hls/hls_video_arithm.h:433->D:/Xilinx/Vivado/2018.2/common/technology/autopilot/hls/hls_video_arithm.h:761]   --->   Operation 55 'bitselect' 'tmp_19' <Predicate = (!exitcond_i)> <Delay = 0.00>
ST_5 : Operation 56 [1/1] (2.11ns)   --->   "%p_Val2_15 = add i8 %tmp_25, -50" [D:/Xilinx/Vivado/2018.2/common/technology/autopilot/hls/hls_video_types.h:401->D:/Xilinx/Vivado/2018.2/common/technology/autopilot/hls/hls_video_types.h:500->D:/Xilinx/Vivado/2018.2/common/technology/autopilot/hls/hls_video_arithm.h:230->D:/Xilinx/Vivado/2018.2/common/technology/autopilot/hls/hls_video_arithm.h:433->D:/Xilinx/Vivado/2018.2/common/technology/autopilot/hls/hls_video_arithm.h:761]   --->   Operation 56 'add' 'p_Val2_15' <Predicate = (!exitcond_i)> <Delay = 2.11> <Core = "AddSub">   --->   Core 14 'AddSub' <Latency = 0> <II = 1> <Delay = 2.11> <FuncUnit> <Opcode : 'add' 'sub'> <InPorts = 2> <OutPorts = 1>
ST_5 : Operation 57 [1/1] (1.04ns)   --->   "%p_Val2_19 = select i1 %tmp_19, i8 0, i8 %p_Val2_15" [D:/Xilinx/Vivado/2018.2/common/technology/autopilot/hls/hls_video_types.h:401->D:/Xilinx/Vivado/2018.2/common/technology/autopilot/hls/hls_video_types.h:500->D:/Xilinx/Vivado/2018.2/common/technology/autopilot/hls/hls_video_arithm.h:230->D:/Xilinx/Vivado/2018.2/common/technology/autopilot/hls/hls_video_arithm.h:433->D:/Xilinx/Vivado/2018.2/common/technology/autopilot/hls/hls_video_arithm.h:761]   --->   Operation 57 'select' 'p_Val2_19' <Predicate = (!exitcond_i)> <Delay = 1.04> <Core = "Sel">   --->   Core 26 'Sel' <Latency = 0> <II = 1> <Delay = 1.04> <FuncUnit> <Opcode : 'select'> <InPorts = 3> <OutPorts = 1>
ST_5 : Operation 58 [1/1] (0.00ns)   --->   "%tmp_4_i = call i32 (...)* @_ssdm_op_SpecRegionBegin([12 x i8]* @p_str45)" [D:/Xilinx/Vivado/2018.2/common/technology/autopilot/hls/hls_video_core.h:641->D:/Xilinx/Vivado/2018.2/common/technology/autopilot/hls/hls_video_core.h:662->D:/Xilinx/Vivado/2018.2/common/technology/autopilot/hls/hls_video_arithm.h:436->D:/Xilinx/Vivado/2018.2/common/technology/autopilot/hls/hls_video_arithm.h:761]   --->   Operation 58 'specregionbegin' 'tmp_4_i' <Predicate = (!exitcond_i)> <Delay = 0.00>
ST_5 : Operation 59 [1/1] (0.00ns)   --->   "call void (...)* @_ssdm_op_SpecProtocol(i32 0, [1 x i8]* @p_str3) nounwind" [D:/Xilinx/Vivado/2018.2/common/technology/autopilot/hls/hls_video_core.h:645->D:/Xilinx/Vivado/2018.2/common/technology/autopilot/hls/hls_video_core.h:662->D:/Xilinx/Vivado/2018.2/common/technology/autopilot/hls/hls_video_arithm.h:436->D:/Xilinx/Vivado/2018.2/common/technology/autopilot/hls/hls_video_arithm.h:761]   --->   Operation 59 'specprotocol' <Predicate = (!exitcond_i)> <Delay = 0.00>
ST_5 : Operation 60 [1/1] (3.90ns)   --->   "call void @_ssdm_op_Write.ap_fifo.volatile.i8P(i8* %dst_data_stream_0_V, i8 %p_Val2_17)" [D:/Xilinx/Vivado/2018.2/common/technology/autopilot/hls/hls_video_core.h:648->D:/Xilinx/Vivado/2018.2/common/technology/autopilot/hls/hls_video_core.h:662->D:/Xilinx/Vivado/2018.2/common/technology/autopilot/hls/hls_video_arithm.h:436->D:/Xilinx/Vivado/2018.2/common/technology/autopilot/hls/hls_video_arithm.h:761]   --->   Operation 60 'write' <Predicate = (!exitcond_i)> <Delay = 3.90> <Core = "FIFO">   --->   Core 32 'FIFO' <Latency = 0> <II = 1> <Delay = 3.90> <Storage> <Opcode : 'read' 'write' 'nbread' 'nbwrite'> <Ports = 0> <Width = 8> <Depth = 2> <FIFO>
ST_5 : Operation 61 [1/1] (3.90ns)   --->   "call void @_ssdm_op_Write.ap_fifo.volatile.i8P(i8* %dst_data_stream_1_V, i8 %p_Val2_18)" [D:/Xilinx/Vivado/2018.2/common/technology/autopilot/hls/hls_video_core.h:648->D:/Xilinx/Vivado/2018.2/common/technology/autopilot/hls/hls_video_core.h:662->D:/Xilinx/Vivado/2018.2/common/technology/autopilot/hls/hls_video_arithm.h:436->D:/Xilinx/Vivado/2018.2/common/technology/autopilot/hls/hls_video_arithm.h:761]   --->   Operation 61 'write' <Predicate = (!exitcond_i)> <Delay = 3.90> <Core = "FIFO">   --->   Core 32 'FIFO' <Latency = 0> <II = 1> <Delay = 3.90> <Storage> <Opcode : 'read' 'write' 'nbread' 'nbwrite'> <Ports = 0> <Width = 8> <Depth = 2> <FIFO>
ST_5 : Operation 62 [1/1] (3.90ns)   --->   "call void @_ssdm_op_Write.ap_fifo.volatile.i8P(i8* %dst_data_stream_2_V, i8 %p_Val2_19)" [D:/Xilinx/Vivado/2018.2/common/technology/autopilot/hls/hls_video_core.h:648->D:/Xilinx/Vivado/2018.2/common/technology/autopilot/hls/hls_video_core.h:662->D:/Xilinx/Vivado/2018.2/common/technology/autopilot/hls/hls_video_arithm.h:436->D:/Xilinx/Vivado/2018.2/common/technology/autopilot/hls/hls_video_arithm.h:761]   --->   Operation 62 'write' <Predicate = (!exitcond_i)> <Delay = 3.90> <Core = "FIFO">   --->   Core 32 'FIFO' <Latency = 0> <II = 1> <Delay = 3.90> <Storage> <Opcode : 'read' 'write' 'nbread' 'nbwrite'> <Ports = 0> <Width = 8> <Depth = 2> <FIFO>
ST_5 : Operation 63 [1/1] (0.00ns)   --->   "%empty_62 = call i32 (...)* @_ssdm_op_SpecRegionEnd([12 x i8]* @p_str45, i32 %tmp_4_i)" [D:/Xilinx/Vivado/2018.2/common/technology/autopilot/hls/hls_video_core.h:650->D:/Xilinx/Vivado/2018.2/common/technology/autopilot/hls/hls_video_core.h:662->D:/Xilinx/Vivado/2018.2/common/technology/autopilot/hls/hls_video_arithm.h:436->D:/Xilinx/Vivado/2018.2/common/technology/autopilot/hls/hls_video_arithm.h:761]   --->   Operation 63 'specregionend' 'empty_62' <Predicate = (!exitcond_i)> <Delay = 0.00>
ST_5 : Operation 64 [1/1] (0.00ns)   --->   "%empty_63 = call i32 (...)* @_ssdm_op_SpecRegionEnd([11 x i8]* @p_str12, i32 %tmp_1_i)" [D:/Xilinx/Vivado/2018.2/common/technology/autopilot/hls/hls_video_arithm.h:437->D:/Xilinx/Vivado/2018.2/common/technology/autopilot/hls/hls_video_arithm.h:761]   --->   Operation 64 'specregionend' 'empty_63' <Predicate = (!exitcond_i)> <Delay = 0.00>
ST_5 : Operation 65 [1/1] (0.00ns)   --->   "br label %2" [D:/Xilinx/Vivado/2018.2/common/technology/autopilot/hls/hls_video_arithm.h:427->D:/Xilinx/Vivado/2018.2/common/technology/autopilot/hls/hls_video_arithm.h:761]   --->   Operation 65 'br' <Predicate = (!exitcond_i)> <Delay = 0.00>

State 6 <SV = 3> <Delay = 0.00>
ST_6 : Operation 66 [1/1] (0.00ns)   --->   "%empty_64 = call i32 (...)* @_ssdm_op_SpecRegionEnd([12 x i8]* @p_str11, i32 %tmp_i)" [D:/Xilinx/Vivado/2018.2/common/technology/autopilot/hls/hls_video_arithm.h:438->D:/Xilinx/Vivado/2018.2/common/technology/autopilot/hls/hls_video_arithm.h:761]   --->   Operation 66 'specregionend' 'empty_64' <Predicate = true> <Delay = 0.00>
ST_6 : Operation 67 [1/1] (0.00ns)   --->   "br label %0" [D:/Xilinx/Vivado/2018.2/common/technology/autopilot/hls/hls_video_arithm.h:426->D:/Xilinx/Vivado/2018.2/common/technology/autopilot/hls/hls_video_arithm.h:761]   --->   Operation 67 'br' <Predicate = true> <Delay = 0.00>


============================================================
+ Verbose Summary: Binding
============================================================
STG Binding: 
---------------- STG Properties BEGIN ----------------
- Is combinational: 0
- Is one-state seq: 0
- Is datapath-only: 0
- Is pipelined: 0
- Is top level: 0
Port [ Return ] is wired: 1; IO mode=ap_ctrl_hs:ce=0
Port [ src_rows_V]:  wired=1; compound=0; hidden=0; nouse=0; global=0; static=0; extern=0; dir=0; type=0; pingpong=0; private_global=0; IO mode=ap_stable:ce=0
Port [ src_cols_V]:  wired=1; compound=0; hidden=0; nouse=0; global=0; static=0; extern=0; dir=0; type=0; pingpong=0; private_global=0; IO mode=ap_stable:ce=0
Port [ src_data_stream_0_V]:  wired=1; compound=1; hidden=0; nouse=0; global=0; static=0; extern=0; dir=0; type=3; pingpong=0; private_global=0; IO mode=ap_fifo:ce=0
Port [ src_data_stream_1_V]:  wired=1; compound=1; hidden=0; nouse=0; global=0; static=0; extern=0; dir=0; type=3; pingpong=0; private_global=0; IO mode=ap_fifo:ce=0
Port [ src_data_stream_2_V]:  wired=1; compound=1; hidden=0; nouse=0; global=0; static=0; extern=0; dir=0; type=3; pingpong=0; private_global=0; IO mode=ap_fifo:ce=0
Port [ dst_data_stream_0_V]:  wired=1; compound=1; hidden=0; nouse=0; global=0; static=0; extern=0; dir=1; type=3; pingpong=0; private_global=0; IO mode=ap_fifo:ce=0
Port [ dst_data_stream_1_V]:  wired=1; compound=1; hidden=0; nouse=0; global=0; static=0; extern=0; dir=1; type=3; pingpong=0; private_global=0; IO mode=ap_fifo:ce=0
Port [ dst_data_stream_2_V]:  wired=1; compound=1; hidden=0; nouse=0; global=0; static=0; extern=0; dir=1; type=3; pingpong=0; private_global=0; IO mode=ap_fifo:ce=0
---------------- STG Properties END ------------------

---------------- Datapath Model BEGIN ----------------

<LifeTime>
<method=bitvector/>
StgValue_7      (specifcore       ) [ 0000000]
StgValue_8      (specifcore       ) [ 0000000]
StgValue_9      (specinterface    ) [ 0000000]
StgValue_10     (specinterface    ) [ 0000000]
StgValue_11     (specinterface    ) [ 0000000]
StgValue_12     (specinterface    ) [ 0000000]
StgValue_13     (specinterface    ) [ 0000000]
StgValue_14     (specinterface    ) [ 0000000]
StgValue_15     (specinterface    ) [ 0000000]
StgValue_16     (specinterface    ) [ 0000000]
src_cols_V_read (read             ) [ 0011111]
src_rows_V_read (read             ) [ 0011111]
StgValue_19     (br               ) [ 0111111]
t_V             (phi              ) [ 0010000]
exitcond1_i     (icmp             ) [ 0011111]
StgValue_22     (speclooptripcount) [ 0000000]
i_V             (add              ) [ 0111111]
StgValue_24     (br               ) [ 0000000]
StgValue_25     (specloopname     ) [ 0000000]
tmp_i           (specregionbegin  ) [ 0001111]
StgValue_27     (br               ) [ 0011111]
StgValue_28     (ret              ) [ 0000000]
t_V_2           (phi              ) [ 0001000]
exitcond_i      (icmp             ) [ 0011111]
StgValue_31     (speclooptripcount) [ 0000000]
j_V             (add              ) [ 0011111]
StgValue_33     (br               ) [ 0000000]
tmp_3_i         (specregionbegin  ) [ 0000000]
StgValue_35     (specprotocol     ) [ 0000000]
tmp_23          (read             ) [ 0001010]
tmp_24          (read             ) [ 0001010]
tmp_25          (read             ) [ 0001010]
empty           (specregionend    ) [ 0000000]
StgValue_40     (specloopname     ) [ 0000000]
tmp_1_i         (specregionbegin  ) [ 0000000]
StgValue_42     (specpipeline     ) [ 0000000]
lhs_V_i         (zext             ) [ 0000000]
p_Val2_10       (add              ) [ 0000000]
tmp             (bitselect        ) [ 0000000]
p_Val2_9        (add              ) [ 0000000]
p_Val2_17       (select           ) [ 0000000]
lhs_V_1_i       (zext             ) [ 0000000]
p_Val2_12       (add              ) [ 0000000]
tmp_18          (bitselect        ) [ 0000000]
p_Val2_13       (add              ) [ 0000000]
p_Val2_18       (select           ) [ 0000000]
lhs_V_2_i       (zext             ) [ 0000000]
p_Val2_s        (add              ) [ 0000000]
tmp_19          (bitselect        ) [ 0000000]
p_Val2_15       (add              ) [ 0000000]
p_Val2_19       (select           ) [ 0000000]
tmp_4_i         (specregionbegin  ) [ 0000000]
StgValue_59     (specprotocol     ) [ 0000000]
StgValue_60     (write            ) [ 0000000]
StgValue_61     (write            ) [ 0000000]
StgValue_62     (write            ) [ 0000000]
empty_62        (specregionend    ) [ 0000000]
empty_63        (specregionend    ) [ 0000000]
StgValue_65     (br               ) [ 0011111]
empty_64        (specregionend    ) [ 0000000]
StgValue_67     (br               ) [ 0111111]
</LifeTime>

<model>

<comp_list>
<comp id="0" class="1000" name="src_rows_V">
<pin_list>
<pin id="1" dir="1" index="0" bw="1" slack="0"/>
</pin_list>
<bind>
<StgValue><ssdm name="src_rows_V"/></StgValue>
</bind>
</comp>

<comp id="2" class="1000" name="src_cols_V">
<pin_list>
<pin id="3" dir="1" index="0" bw="1" slack="0"/>
</pin_list>
<bind>
<StgValue><ssdm name="src_cols_V"/></StgValue>
</bind>
</comp>

<comp id="4" class="1000" name="src_data_stream_0_V">
<pin_list>
<pin id="5" dir="1" index="0" bw="1" slack="0"/>
</pin_list>
<bind>
<StgValue><ssdm name="src_data_stream_0_V"/></StgValue>
</bind>
</comp>

<comp id="6" class="1000" name="src_data_stream_1_V">
<pin_list>
<pin id="7" dir="1" index="0" bw="1" slack="0"/>
</pin_list>
<bind>
<StgValue><ssdm name="src_data_stream_1_V"/></StgValue>
</bind>
</comp>

<comp id="8" class="1000" name="src_data_stream_2_V">
<pin_list>
<pin id="9" dir="1" index="0" bw="1" slack="0"/>
</pin_list>
<bind>
<StgValue><ssdm name="src_data_stream_2_V"/></StgValue>
</bind>
</comp>

<comp id="10" class="1000" name="dst_data_stream_0_V">
<pin_list>
<pin id="11" dir="1" index="0" bw="1" slack="0"/>
</pin_list>
<bind>
<StgValue><ssdm name="dst_data_stream_0_V"/></StgValue>
</bind>
</comp>

<comp id="12" class="1000" name="dst_data_stream_1_V">
<pin_list>
<pin id="13" dir="1" index="0" bw="1" slack="0"/>
</pin_list>
<bind>
<StgValue><ssdm name="dst_data_stream_1_V"/></StgValue>
</bind>
</comp>

<comp id="14" class="1000" name="dst_data_stream_2_V">
<pin_list>
<pin id="15" dir="1" index="0" bw="1" slack="0"/>
</pin_list>
<bind>
<StgValue><ssdm name="dst_data_stream_2_V"/></StgValue>
</bind>
</comp>

<comp id="16" class="1001" name="const_16">
<pin_list>
<pin id="17" dir="1" index="0" bw="1" slack="2147483647"/>
</pin_list>
<bind>
<StgValue><ssdm name="_ssdm_op_SpecIFCore"/></StgValue>
</bind>
</comp>

<comp id="18" class="1001" name="const_18">
<pin_list>
<pin id="19" dir="1" index="0" bw="1" slack="2147483647"/>
</pin_list>
<bind>
<StgValue><ssdm name="p_str3"/></StgValue>
</bind>
</comp>

<comp id="20" class="1001" name="const_20">
<pin_list>
<pin id="21" dir="1" index="0" bw="1" slack="2147483647"/>
</pin_list>
<bind>
<StgValue><ssdm name="p_str4"/></StgValue>
</bind>
</comp>

<comp id="22" class="1001" name="const_22">
<pin_list>
<pin id="23" dir="1" index="0" bw="1" slack="2147483647"/>
</pin_list>
<bind>
<StgValue><ssdm name=""/></StgValue>
</bind>
</comp>

<comp id="24" class="1001" name="const_24">
<pin_list>
<pin id="25" dir="1" index="0" bw="1" slack="2147483647"/>
</pin_list>
<bind>
<StgValue><ssdm name="p_str5"/></StgValue>
</bind>
</comp>

<comp id="26" class="1001" name="const_26">
<pin_list>
<pin id="27" dir="1" index="0" bw="1" slack="2147483647"/>
</pin_list>
<bind>
<StgValue><ssdm name="_ssdm_op_SpecInterface"/></StgValue>
</bind>
</comp>

<comp id="28" class="1001" name="const_28">
<pin_list>
<pin id="29" dir="1" index="0" bw="1" slack="2147483647"/>
</pin_list>
<bind>
<StgValue><ssdm name="ap_fifo_str"/></StgValue>
</bind>
</comp>

<comp id="30" class="1001" name="const_30">
<pin_list>
<pin id="31" dir="1" index="0" bw="1" slack="1"/>
</pin_list>
<bind>
<StgValue><ssdm name=""/></StgValue>
</bind>
</comp>

<comp id="32" class="1001" name="const_32">
<pin_list>
<pin id="33" dir="1" index="0" bw="1" slack="2147483647"/>
</pin_list>
<bind>
<StgValue><ssdm name="p_str290"/></StgValue>
</bind>
</comp>

<comp id="34" class="1001" name="const_34">
<pin_list>
<pin id="35" dir="1" index="0" bw="1" slack="2147483647"/>
</pin_list>
<bind>
<StgValue><ssdm name="p_str291"/></StgValue>
</bind>
</comp>

<comp id="36" class="1001" name="const_36">
<pin_list>
<pin id="37" dir="1" index="0" bw="1" slack="2147483647"/>
</pin_list>
<bind>
<StgValue><ssdm name="p_str292"/></StgValue>
</bind>
</comp>

<comp id="38" class="1001" name="const_38">
<pin_list>
<pin id="39" dir="1" index="0" bw="1" slack="2147483647"/>
</pin_list>
<bind>
<StgValue><ssdm name="p_str293"/></StgValue>
</bind>
</comp>

<comp id="40" class="1001" name="const_40">
<pin_list>
<pin id="41" dir="1" index="0" bw="1" slack="2147483647"/>
</pin_list>
<bind>
<StgValue><ssdm name=""/></StgValue>
</bind>
</comp>

<comp id="42" class="1001" name="const_42">
<pin_list>
<pin id="43" dir="1" index="0" bw="1" slack="2147483647"/>
</pin_list>
<bind>
<StgValue><ssdm name=""/></StgValue>
</bind>
</comp>

<comp id="44" class="1001" name="const_44">
<pin_list>
<pin id="45" dir="1" index="0" bw="1" slack="2147483647"/>
</pin_list>
<bind>
<StgValue><ssdm name="p_str294"/></StgValue>
</bind>
</comp>

<comp id="46" class="1001" name="const_46">
<pin_list>
<pin id="47" dir="1" index="0" bw="1" slack="2147483647"/>
</pin_list>
<bind>
<StgValue><ssdm name="p_str295"/></StgValue>
</bind>
</comp>

<comp id="48" class="1001" name="const_48">
<pin_list>
<pin id="49" dir="1" index="0" bw="1" slack="2147483647"/>
</pin_list>
<bind>
<StgValue><ssdm name="p_str283"/></StgValue>
</bind>
</comp>

<comp id="50" class="1001" name="const_50">
<pin_list>
<pin id="51" dir="1" index="0" bw="1" slack="2147483647"/>
</pin_list>
<bind>
<StgValue><ssdm name="p_str284"/></StgValue>
</bind>
</comp>

<comp id="52" class="1001" name="const_52">
<pin_list>
<pin id="53" dir="1" index="0" bw="1" slack="2147483647"/>
</pin_list>
<bind>
<StgValue><ssdm name="p_str285"/></StgValue>
</bind>
</comp>

<comp id="54" class="1001" name="const_54">
<pin_list>
<pin id="55" dir="1" index="0" bw="1" slack="2147483647"/>
</pin_list>
<bind>
<StgValue><ssdm name="p_str286"/></StgValue>
</bind>
</comp>

<comp id="56" class="1001" name="const_56">
<pin_list>
<pin id="57" dir="1" index="0" bw="1" slack="2147483647"/>
</pin_list>
<bind>
<StgValue><ssdm name="p_str287"/></StgValue>
</bind>
</comp>

<comp id="58" class="1001" name="const_58">
<pin_list>
<pin id="59" dir="1" index="0" bw="1" slack="2147483647"/>
</pin_list>
<bind>
<StgValue><ssdm name="p_str288"/></StgValue>
</bind>
</comp>

<comp id="60" class="1001" name="const_60">
<pin_list>
<pin id="61" dir="1" index="0" bw="1" slack="2147483647"/>
</pin_list>
<bind>
<StgValue><ssdm name="p_str276"/></StgValue>
</bind>
</comp>

<comp id="62" class="1001" name="const_62">
<pin_list>
<pin id="63" dir="1" index="0" bw="1" slack="2147483647"/>
</pin_list>
<bind>
<StgValue><ssdm name="p_str277"/></StgValue>
</bind>
</comp>

<comp id="64" class="1001" name="const_64">
<pin_list>
<pin id="65" dir="1" index="0" bw="1" slack="2147483647"/>
</pin_list>
<bind>
<StgValue><ssdm name="p_str278"/></StgValue>
</bind>
</comp>

<comp id="66" class="1001" name="const_66">
<pin_list>
<pin id="67" dir="1" index="0" bw="1" slack="2147483647"/>
</pin_list>
<bind>
<StgValue><ssdm name="p_str279"/></StgValue>
</bind>
</comp>

<comp id="68" class="1001" name="const_68">
<pin_list>
<pin id="69" dir="1" index="0" bw="1" slack="2147483647"/>
</pin_list>
<bind>
<StgValue><ssdm name="p_str280"/></StgValue>
</bind>
</comp>

<comp id="70" class="1001" name="const_70">
<pin_list>
<pin id="71" dir="1" index="0" bw="1" slack="2147483647"/>
</pin_list>
<bind>
<StgValue><ssdm name="p_str281"/></StgValue>
</bind>
</comp>

<comp id="72" class="1001" name="const_72">
<pin_list>
<pin id="73" dir="1" index="0" bw="1" slack="2147483647"/>
</pin_list>
<bind>
<StgValue><ssdm name="p_str269"/></StgValue>
</bind>
</comp>

<comp id="74" class="1001" name="const_74">
<pin_list>
<pin id="75" dir="1" index="0" bw="1" slack="2147483647"/>
</pin_list>
<bind>
<StgValue><ssdm name="p_str270"/></StgValue>
</bind>
</comp>

<comp id="76" class="1001" name="const_76">
<pin_list>
<pin id="77" dir="1" index="0" bw="1" slack="2147483647"/>
</pin_list>
<bind>
<StgValue><ssdm name="p_str271"/></StgValue>
</bind>
</comp>

<comp id="78" class="1001" name="const_78">
<pin_list>
<pin id="79" dir="1" index="0" bw="1" slack="2147483647"/>
</pin_list>
<bind>
<StgValue><ssdm name="p_str272"/></StgValue>
</bind>
</comp>

<comp id="80" class="1001" name="const_80">
<pin_list>
<pin id="81" dir="1" index="0" bw="1" slack="2147483647"/>
</pin_list>
<bind>
<StgValue><ssdm name="p_str273"/></StgValue>
</bind>
</comp>

<comp id="82" class="1001" name="const_82">
<pin_list>
<pin id="83" dir="1" index="0" bw="1" slack="2147483647"/>
</pin_list>
<bind>
<StgValue><ssdm name="p_str274"/></StgValue>
</bind>
</comp>

<comp id="84" class="1001" name="const_84">
<pin_list>
<pin id="85" dir="1" index="0" bw="1" slack="2147483647"/>
</pin_list>
<bind>
<StgValue><ssdm name="p_str262"/></StgValue>
</bind>
</comp>

<comp id="86" class="1001" name="const_86">
<pin_list>
<pin id="87" dir="1" index="0" bw="1" slack="2147483647"/>
</pin_list>
<bind>
<StgValue><ssdm name="p_str263"/></StgValue>
</bind>
</comp>

<comp id="88" class="1001" name="const_88">
<pin_list>
<pin id="89" dir="1" index="0" bw="1" slack="2147483647"/>
</pin_list>
<bind>
<StgValue><ssdm name="p_str264"/></StgValue>
</bind>
</comp>

<comp id="90" class="1001" name="const_90">
<pin_list>
<pin id="91" dir="1" index="0" bw="1" slack="2147483647"/>
</pin_list>
<bind>
<StgValue><ssdm name="p_str265"/></StgValue>
</bind>
</comp>

<comp id="92" class="1001" name="const_92">
<pin_list>
<pin id="93" dir="1" index="0" bw="1" slack="2147483647"/>
</pin_list>
<bind>
<StgValue><ssdm name="p_str266"/></StgValue>
</bind>
</comp>

<comp id="94" class="1001" name="const_94">
<pin_list>
<pin id="95" dir="1" index="0" bw="1" slack="2147483647"/>
</pin_list>
<bind>
<StgValue><ssdm name="p_str267"/></StgValue>
</bind>
</comp>

<comp id="96" class="1001" name="const_96">
<pin_list>
<pin id="97" dir="1" index="0" bw="1" slack="2147483647"/>
</pin_list>
<bind>
<StgValue><ssdm name="p_str255"/></StgValue>
</bind>
</comp>

<comp id="98" class="1001" name="const_98">
<pin_list>
<pin id="99" dir="1" index="0" bw="1" slack="2147483647"/>
</pin_list>
<bind>
<StgValue><ssdm name="p_str256"/></StgValue>
</bind>
</comp>

<comp id="100" class="1001" name="const_100">
<pin_list>
<pin id="101" dir="1" index="0" bw="1" slack="2147483647"/>
</pin_list>
<bind>
<StgValue><ssdm name="p_str257"/></StgValue>
</bind>
</comp>

<comp id="102" class="1001" name="const_102">
<pin_list>
<pin id="103" dir="1" index="0" bw="1" slack="2147483647"/>
</pin_list>
<bind>
<StgValue><ssdm name="p_str258"/></StgValue>
</bind>
</comp>

<comp id="104" class="1001" name="const_104">
<pin_list>
<pin id="105" dir="1" index="0" bw="1" slack="2147483647"/>
</pin_list>
<bind>
<StgValue><ssdm name="p_str259"/></StgValue>
</bind>
</comp>

<comp id="106" class="1001" name="const_106">
<pin_list>
<pin id="107" dir="1" index="0" bw="1" slack="2147483647"/>
</pin_list>
<bind>
<StgValue><ssdm name="p_str260"/></StgValue>
</bind>
</comp>

<comp id="108" class="1001" name="const_108">
<pin_list>
<pin id="109" dir="1" index="0" bw="1" slack="2147483647"/>
</pin_list>
<bind>
<StgValue><ssdm name="ap_stable_str"/></StgValue>
</bind>
</comp>

<comp id="110" class="1001" name="const_110">
<pin_list>
<pin id="111" dir="1" index="0" bw="1" slack="2147483647"/>
</pin_list>
<bind>
<StgValue><ssdm name="p_str173"/></StgValue>
</bind>
</comp>

<comp id="112" class="1001" name="const_112">
<pin_list>
<pin id="113" dir="1" index="0" bw="1" slack="2147483647"/>
</pin_list>
<bind>
<StgValue><ssdm name="p_str174"/></StgValue>
</bind>
</comp>

<comp id="114" class="1001" name="const_114">
<pin_list>
<pin id="115" dir="1" index="0" bw="1" slack="2147483647"/>
</pin_list>
<bind>
<StgValue><ssdm name="p_str175"/></StgValue>
</bind>
</comp>

<comp id="116" class="1001" name="const_116">
<pin_list>
<pin id="117" dir="1" index="0" bw="1" slack="2147483647"/>
</pin_list>
<bind>
<StgValue><ssdm name="p_str176"/></StgValue>
</bind>
</comp>

<comp id="118" class="1001" name="const_118">
<pin_list>
<pin id="119" dir="1" index="0" bw="1" slack="2147483647"/>
</pin_list>
<bind>
<StgValue><ssdm name="p_str177"/></StgValue>
</bind>
</comp>

<comp id="120" class="1001" name="const_120">
<pin_list>
<pin id="121" dir="1" index="0" bw="1" slack="2147483647"/>
</pin_list>
<bind>
<StgValue><ssdm name="p_str178"/></StgValue>
</bind>
</comp>

<comp id="122" class="1001" name="const_122">
<pin_list>
<pin id="123" dir="1" index="0" bw="1" slack="2147483647"/>
</pin_list>
<bind>
<StgValue><ssdm name="p_str179"/></StgValue>
</bind>
</comp>

<comp id="124" class="1001" name="const_124">
<pin_list>
<pin id="125" dir="1" index="0" bw="1" slack="2147483647"/>
</pin_list>
<bind>
<StgValue><ssdm name="p_str180"/></StgValue>
</bind>
</comp>

<comp id="126" class="1001" name="const_126">
<pin_list>
<pin id="127" dir="1" index="0" bw="1" slack="2147483647"/>
</pin_list>
<bind>
<StgValue><ssdm name="p_str181"/></StgValue>
</bind>
</comp>

<comp id="128" class="1001" name="const_128">
<pin_list>
<pin id="129" dir="1" index="0" bw="1" slack="2147483647"/>
</pin_list>
<bind>
<StgValue><ssdm name="p_str182"/></StgValue>
</bind>
</comp>

<comp id="130" class="1001" name="const_130">
<pin_list>
<pin id="131" dir="1" index="0" bw="1" slack="2147483647"/>
</pin_list>
<bind>
<StgValue><ssdm name="p_str183"/></StgValue>
</bind>
</comp>

<comp id="132" class="1001" name="const_132">
<pin_list>
<pin id="133" dir="1" index="0" bw="1" slack="2147483647"/>
</pin_list>
<bind>
<StgValue><ssdm name="p_str184"/></StgValue>
</bind>
</comp>

<comp id="134" class="1001" name="const_134">
<pin_list>
<pin id="135" dir="1" index="0" bw="1" slack="0"/>
</pin_list>
<bind>
<StgValue><ssdm name="_ssdm_op_Read.ap_stable.i32"/></StgValue>
</bind>
</comp>

<comp id="136" class="1001" name="const_136">
<pin_list>
<pin id="137" dir="1" index="0" bw="1" slack="2147483647"/>
</pin_list>
<bind>
<StgValue><ssdm name="_ssdm_op_SpecLoopTripCount"/></StgValue>
</bind>
</comp>

<comp id="138" class="1001" name="const_138">
<pin_list>
<pin id="139" dir="1" index="0" bw="1" slack="2147483647"/>
</pin_list>
<bind>
<StgValue><ssdm name=""/></StgValue>
</bind>
</comp>

<comp id="140" class="1001" name="const_140">
<pin_list>
<pin id="141" dir="1" index="0" bw="1" slack="2147483647"/>
</pin_list>
<bind>
<StgValue><ssdm name=""/></StgValue>
</bind>
</comp>

<comp id="142" class="1001" name="const_142">
<pin_list>
<pin id="143" dir="1" index="0" bw="1" slack="0"/>
</pin_list>
<bind>
<StgValue><ssdm name=""/></StgValue>
</bind>
</comp>

<comp id="144" class="1001" name="const_144">
<pin_list>
<pin id="145" dir="1" index="0" bw="1" slack="2147483647"/>
</pin_list>
<bind>
<StgValue><ssdm name="_ssdm_op_SpecLoopName"/></StgValue>
</bind>
</comp>

<comp id="146" class="1001" name="const_146">
<pin_list>
<pin id="147" dir="1" index="0" bw="1" slack="2147483647"/>
</pin_list>
<bind>
<StgValue><ssdm name="p_str11"/></StgValue>
</bind>
</comp>

<comp id="148" class="1001" name="const_148">
<pin_list>
<pin id="149" dir="1" index="0" bw="1" slack="2147483647"/>
</pin_list>
<bind>
<StgValue><ssdm name="_ssdm_op_SpecRegionBegin"/></StgValue>
</bind>
</comp>

<comp id="150" class="1001" name="const_150">
<pin_list>
<pin id="151" dir="1" index="0" bw="1" slack="2147483647"/>
</pin_list>
<bind>
<StgValue><ssdm name=""/></StgValue>
</bind>
</comp>

<comp id="152" class="1001" name="const_152">
<pin_list>
<pin id="153" dir="1" index="0" bw="1" slack="2147483647"/>
</pin_list>
<bind>
<StgValue><ssdm name="p_str16"/></StgValue>
</bind>
</comp>

<comp id="154" class="1001" name="const_154">
<pin_list>
<pin id="155" dir="1" index="0" bw="1" slack="2147483647"/>
</pin_list>
<bind>
<StgValue><ssdm name="_ssdm_op_SpecProtocol"/></StgValue>
</bind>
</comp>

<comp id="156" class="1001" name="const_156">
<pin_list>
<pin id="157" dir="1" index="0" bw="1" slack="0"/>
</pin_list>
<bind>
<StgValue><ssdm name="_ssdm_op_Read.ap_fifo.volatile.i8P"/></StgValue>
</bind>
</comp>

<comp id="158" class="1001" name="const_158">
<pin_list>
<pin id="159" dir="1" index="0" bw="1" slack="2147483647"/>
</pin_list>
<bind>
<StgValue><ssdm name="_ssdm_op_SpecRegionEnd"/></StgValue>
</bind>
</comp>

<comp id="160" class="1001" name="const_160">
<pin_list>
<pin id="161" dir="1" index="0" bw="1" slack="2147483647"/>
</pin_list>
<bind>
<StgValue><ssdm name="p_str12"/></StgValue>
</bind>
</comp>

<comp id="162" class="1001" name="const_162">
<pin_list>
<pin id="163" dir="1" index="0" bw="1" slack="2147483647"/>
</pin_list>
<bind>
<StgValue><ssdm name="_ssdm_op_SpecPipeline"/></StgValue>
</bind>
</comp>

<comp id="164" class="1001" name="const_164">
<pin_list>
<pin id="165" dir="1" index="0" bw="1" slack="0"/>
</pin_list>
<bind>
<StgValue><ssdm name=""/></StgValue>
</bind>
</comp>

<comp id="166" class="1001" name="const_166">
<pin_list>
<pin id="167" dir="1" index="0" bw="1" slack="0"/>
</pin_list>
<bind>
<StgValue><ssdm name="_ssdm_op_BitSelect.i1.i9.i32"/></StgValue>
</bind>
</comp>

<comp id="168" class="1001" name="const_168">
<pin_list>
<pin id="169" dir="1" index="0" bw="1" slack="0"/>
</pin_list>
<bind>
<StgValue><ssdm name=""/></StgValue>
</bind>
</comp>

<comp id="170" class="1001" name="const_170">
<pin_list>
<pin id="171" dir="1" index="0" bw="1" slack="0"/>
</pin_list>
<bind>
<StgValue><ssdm name=""/></StgValue>
</bind>
</comp>

<comp id="172" class="1001" name="const_172">
<pin_list>
<pin id="173" dir="1" index="0" bw="1" slack="0"/>
</pin_list>
<bind>
<StgValue><ssdm name=""/></StgValue>
</bind>
</comp>

<comp id="174" class="1001" name="const_174">
<pin_list>
<pin id="175" dir="1" index="0" bw="1" slack="2147483647"/>
</pin_list>
<bind>
<StgValue><ssdm name="p_str45"/></StgValue>
</bind>
</comp>

<comp id="176" class="1001" name="const_176">
<pin_list>
<pin id="177" dir="1" index="0" bw="1" slack="0"/>
</pin_list>
<bind>
<StgValue><ssdm name="_ssdm_op_Write.ap_fifo.volatile.i8P"/></StgValue>
</bind>
</comp>

<comp id="178" class="1004" name="src_cols_V_read_read_fu_178">
<pin_list>
<pin id="179" dir="0" index="0" bw="32" slack="0"/>
<pin id="180" dir="0" index="1" bw="32" slack="0"/>
<pin id="181" dir="1" index="2" bw="32" slack="2"/>
</pin_list>
<bind>
<opcode="read(1150) " fcode="read"/>
<opset="src_cols_V_read/1 "/>
</bind>
</comp>

<comp id="184" class="1004" name="src_rows_V_read_read_fu_184">
<pin_list>
<pin id="185" dir="0" index="0" bw="32" slack="0"/>
<pin id="186" dir="0" index="1" bw="32" slack="0"/>
<pin id="187" dir="1" index="2" bw="32" slack="1"/>
</pin_list>
<bind>
<opcode="read(1150) " fcode="read"/>
<opset="src_rows_V_read/1 "/>
</bind>
</comp>

<comp id="190" class="1004" name="tmp_23_read_fu_190">
<pin_list>
<pin id="191" dir="0" index="0" bw="8" slack="0"/>
<pin id="192" dir="0" index="1" bw="8" slack="0"/>
<pin id="193" dir="1" index="2" bw="8" slack="1"/>
</pin_list>
<bind>
<opcode="read(1150) " fcode="read"/>
<opset="tmp_23/4 "/>
</bind>
</comp>

<comp id="196" class="1004" name="tmp_24_read_fu_196">
<pin_list>
<pin id="197" dir="0" index="0" bw="8" slack="0"/>
<pin id="198" dir="0" index="1" bw="8" slack="0"/>
<pin id="199" dir="1" index="2" bw="8" slack="1"/>
</pin_list>
<bind>
<opcode="read(1150) " fcode="read"/>
<opset="tmp_24/4 "/>
</bind>
</comp>

<comp id="202" class="1004" name="tmp_25_read_fu_202">
<pin_list>
<pin id="203" dir="0" index="0" bw="8" slack="0"/>
<pin id="204" dir="0" index="1" bw="8" slack="0"/>
<pin id="205" dir="1" index="2" bw="8" slack="1"/>
</pin_list>
<bind>
<opcode="read(1150) " fcode="read"/>
<opset="tmp_25/4 "/>
</bind>
</comp>

<comp id="208" class="1004" name="StgValue_60_write_fu_208">
<pin_list>
<pin id="209" dir="0" index="0" bw="0" slack="0"/>
<pin id="210" dir="0" index="1" bw="8" slack="0"/>
<pin id="211" dir="0" index="2" bw="8" slack="0"/>
<pin id="212" dir="1" index="3" bw="0" slack="2147483647"/>
</pin_list>
<bind>
<opcode="write(1151) " fcode="write"/>
<opset="StgValue_60/5 "/>
</bind>
</comp>

<comp id="215" class="1004" name="StgValue_61_write_fu_215">
<pin_list>
<pin id="216" dir="0" index="0" bw="0" slack="0"/>
<pin id="217" dir="0" index="1" bw="8" slack="0"/>
<pin id="218" dir="0" index="2" bw="8" slack="0"/>
<pin id="219" dir="1" index="3" bw="0" slack="2147483647"/>
</pin_list>
<bind>
<opcode="write(1151) " fcode="write"/>
<opset="StgValue_61/5 "/>
</bind>
</comp>

<comp id="222" class="1004" name="StgValue_62_write_fu_222">
<pin_list>
<pin id="223" dir="0" index="0" bw="0" slack="0"/>
<pin id="224" dir="0" index="1" bw="8" slack="0"/>
<pin id="225" dir="0" index="2" bw="8" slack="0"/>
<pin id="226" dir="1" index="3" bw="0" slack="2147483647"/>
</pin_list>
<bind>
<opcode="write(1151) " fcode="write"/>
<opset="StgValue_62/5 "/>
</bind>
</comp>

<comp id="229" class="1005" name="t_V_reg_229">
<pin_list>
<pin id="230" dir="0" index="0" bw="32" slack="1"/>
<pin id="231" dir="1" index="1" bw="32" slack="1"/>
</pin_list>
<bind>
<opset="t_V (phireg) "/>
</bind>
</comp>

<comp id="233" class="1004" name="t_V_phi_fu_233">
<pin_list>
<pin id="234" dir="0" index="0" bw="1" slack="1"/>
<pin id="235" dir="0" index="1" bw="0" slack="2147483647"/>
<pin id="236" dir="0" index="2" bw="32" slack="0"/>
<pin id="237" dir="0" index="3" bw="0" slack="2147483647"/>
<pin id="238" dir="1" index="4" bw="32" slack="0"/>
</pin_list>
<bind>
<opcode="phi(47) " fcode="phi"/>
<opset="t_V/2 "/>
</bind>
</comp>

<comp id="240" class="1005" name="t_V_2_reg_240">
<pin_list>
<pin id="241" dir="0" index="0" bw="32" slack="1"/>
<pin id="242" dir="1" index="1" bw="32" slack="1"/>
</pin_list>
<bind>
<opset="t_V_2 (phireg) "/>
</bind>
</comp>

<comp id="244" class="1004" name="t_V_2_phi_fu_244">
<pin_list>
<pin id="245" dir="0" index="0" bw="1" slack="1"/>
<pin id="246" dir="0" index="1" bw="0" slack="2147483647"/>
<pin id="247" dir="0" index="2" bw="32" slack="0"/>
<pin id="248" dir="0" index="3" bw="0" slack="2147483647"/>
<pin id="249" dir="1" index="4" bw="32" slack="0"/>
</pin_list>
<bind>
<opcode="phi(47) " fcode="phi"/>
<opset="t_V_2/3 "/>
</bind>
</comp>

<comp id="251" class="1004" name="exitcond1_i_fu_251">
<pin_list>
<pin id="252" dir="0" index="0" bw="32" slack="0"/>
<pin id="253" dir="0" index="1" bw="32" slack="1"/>
<pin id="254" dir="1" index="2" bw="1" slack="1"/>
</pin_list>
<bind>
<opcode="icmp(45) " fcode="icmp"/>
<opset="exitcond1_i/2 "/>
</bind>
</comp>

<comp id="256" class="1004" name="i_V_fu_256">
<pin_list>
<pin id="257" dir="0" index="0" bw="32" slack="0"/>
<pin id="258" dir="0" index="1" bw="1" slack="0"/>
<pin id="259" dir="1" index="2" bw="32" slack="0"/>
</pin_list>
<bind>
<opcode="add(8) " fcode="add"/>
<opset="i_V/2 "/>
</bind>
</comp>

<comp id="262" class="1004" name="exitcond_i_fu_262">
<pin_list>
<pin id="263" dir="0" index="0" bw="32" slack="0"/>
<pin id="264" dir="0" index="1" bw="32" slack="2"/>
<pin id="265" dir="1" index="2" bw="1" slack="1"/>
</pin_list>
<bind>
<opcode="icmp(45) " fcode="icmp"/>
<opset="exitcond_i/3 "/>
</bind>
</comp>

<comp id="267" class="1004" name="j_V_fu_267">
<pin_list>
<pin id="268" dir="0" index="0" bw="32" slack="0"/>
<pin id="269" dir="0" index="1" bw="1" slack="0"/>
<pin id="270" dir="1" index="2" bw="32" slack="0"/>
</pin_list>
<bind>
<opcode="add(8) " fcode="add"/>
<opset="j_V/3 "/>
</bind>
</comp>

<comp id="273" class="1004" name="lhs_V_i_fu_273">
<pin_list>
<pin id="274" dir="0" index="0" bw="8" slack="1"/>
<pin id="275" dir="1" index="1" bw="9" slack="0"/>
</pin_list>
<bind>
<opcode="zext(34) " fcode="zext"/>
<opset="lhs_V_i/5 "/>
</bind>
</comp>

<comp id="276" class="1004" name="p_Val2_10_fu_276">
<pin_list>
<pin id="277" dir="0" index="0" bw="8" slack="0"/>
<pin id="278" dir="0" index="1" bw="7" slack="0"/>
<pin id="279" dir="1" index="2" bw="9" slack="0"/>
</pin_list>
<bind>
<opcode="add(8) " fcode="add"/>
<opset="p_Val2_10/5 "/>
</bind>
</comp>

<comp id="282" class="1004" name="tmp_fu_282">
<pin_list>
<pin id="283" dir="0" index="0" bw="1" slack="0"/>
<pin id="284" dir="0" index="1" bw="9" slack="0"/>
<pin id="285" dir="0" index="2" bw="5" slack="0"/>
<pin id="286" dir="1" index="3" bw="1" slack="0"/>
</pin_list>
<bind>
<opcode="bitselect(1000) " fcode="bitselect"/>
<opset="tmp/5 "/>
</bind>
</comp>

<comp id="290" class="1004" name="p_Val2_9_fu_290">
<pin_list>
<pin id="291" dir="0" index="0" bw="8" slack="1"/>
<pin id="292" dir="0" index="1" bw="7" slack="0"/>
<pin id="293" dir="1" index="2" bw="8" slack="0"/>
</pin_list>
<bind>
<opcode="add(8) " fcode="add"/>
<opset="p_Val2_9/5 "/>
</bind>
</comp>

<comp id="295" class="1004" name="p_Val2_17_fu_295">
<pin_list>
<pin id="296" dir="0" index="0" bw="1" slack="0"/>
<pin id="297" dir="0" index="1" bw="1" slack="0"/>
<pin id="298" dir="0" index="2" bw="8" slack="0"/>
<pin id="299" dir="1" index="3" bw="8" slack="0"/>
</pin_list>
<bind>
<opcode="select(49) " fcode="select"/>
<opset="p_Val2_17/5 "/>
</bind>
</comp>

<comp id="304" class="1004" name="lhs_V_1_i_fu_304">
<pin_list>
<pin id="305" dir="0" index="0" bw="8" slack="1"/>
<pin id="306" dir="1" index="1" bw="9" slack="0"/>
</pin_list>
<bind>
<opcode="zext(34) " fcode="zext"/>
<opset="lhs_V_1_i/5 "/>
</bind>
</comp>

<comp id="307" class="1004" name="p_Val2_12_fu_307">
<pin_list>
<pin id="308" dir="0" index="0" bw="8" slack="0"/>
<pin id="309" dir="0" index="1" bw="7" slack="0"/>
<pin id="310" dir="1" index="2" bw="9" slack="0"/>
</pin_list>
<bind>
<opcode="add(8) " fcode="add"/>
<opset="p_Val2_12/5 "/>
</bind>
</comp>

<comp id="313" class="1004" name="tmp_18_fu_313">
<pin_list>
<pin id="314" dir="0" index="0" bw="1" slack="0"/>
<pin id="315" dir="0" index="1" bw="9" slack="0"/>
<pin id="316" dir="0" index="2" bw="5" slack="0"/>
<pin id="317" dir="1" index="3" bw="1" slack="0"/>
</pin_list>
<bind>
<opcode="bitselect(1000) " fcode="bitselect"/>
<opset="tmp_18/5 "/>
</bind>
</comp>

<comp id="321" class="1004" name="p_Val2_13_fu_321">
<pin_list>
<pin id="322" dir="0" index="0" bw="8" slack="1"/>
<pin id="323" dir="0" index="1" bw="7" slack="0"/>
<pin id="324" dir="1" index="2" bw="8" slack="0"/>
</pin_list>
<bind>
<opcode="add(8) " fcode="add"/>
<opset="p_Val2_13/5 "/>
</bind>
</comp>

<comp id="326" class="1004" name="p_Val2_18_fu_326">
<pin_list>
<pin id="327" dir="0" index="0" bw="1" slack="0"/>
<pin id="328" dir="0" index="1" bw="1" slack="0"/>
<pin id="329" dir="0" index="2" bw="8" slack="0"/>
<pin id="330" dir="1" index="3" bw="8" slack="0"/>
</pin_list>
<bind>
<opcode="select(49) " fcode="select"/>
<opset="p_Val2_18/5 "/>
</bind>
</comp>

<comp id="335" class="1004" name="lhs_V_2_i_fu_335">
<pin_list>
<pin id="336" dir="0" index="0" bw="8" slack="1"/>
<pin id="337" dir="1" index="1" bw="9" slack="0"/>
</pin_list>
<bind>
<opcode="zext(34) " fcode="zext"/>
<opset="lhs_V_2_i/5 "/>
</bind>
</comp>

<comp id="338" class="1004" name="p_Val2_s_fu_338">
<pin_list>
<pin id="339" dir="0" index="0" bw="8" slack="0"/>
<pin id="340" dir="0" index="1" bw="7" slack="0"/>
<pin id="341" dir="1" index="2" bw="9" slack="0"/>
</pin_list>
<bind>
<opcode="add(8) " fcode="add"/>
<opset="p_Val2_s/5 "/>
</bind>
</comp>

<comp id="344" class="1004" name="tmp_19_fu_344">
<pin_list>
<pin id="345" dir="0" index="0" bw="1" slack="0"/>
<pin id="346" dir="0" index="1" bw="9" slack="0"/>
<pin id="347" dir="0" index="2" bw="5" slack="0"/>
<pin id="348" dir="1" index="3" bw="1" slack="0"/>
</pin_list>
<bind>
<opcode="bitselect(1000) " fcode="bitselect"/>
<opset="tmp_19/5 "/>
</bind>
</comp>

<comp id="352" class="1004" name="p_Val2_15_fu_352">
<pin_list>
<pin id="353" dir="0" index="0" bw="8" slack="1"/>
<pin id="354" dir="0" index="1" bw="7" slack="0"/>
<pin id="355" dir="1" index="2" bw="8" slack="0"/>
</pin_list>
<bind>
<opcode="add(8) " fcode="add"/>
<opset="p_Val2_15/5 "/>
</bind>
</comp>

<comp id="357" class="1004" name="p_Val2_19_fu_357">
<pin_list>
<pin id="358" dir="0" index="0" bw="1" slack="0"/>
<pin id="359" dir="0" index="1" bw="1" slack="0"/>
<pin id="360" dir="0" index="2" bw="8" slack="0"/>
<pin id="361" dir="1" index="3" bw="8" slack="0"/>
</pin_list>
<bind>
<opcode="select(49) " fcode="select"/>
<opset="p_Val2_19/5 "/>
</bind>
</comp>

<comp id="366" class="1005" name="src_cols_V_read_reg_366">
<pin_list>
<pin id="367" dir="0" index="0" bw="32" slack="2"/>
<pin id="368" dir="1" index="1" bw="32" slack="2"/>
</pin_list>
<bind>
<opset="src_cols_V_read "/>
</bind>
</comp>

<comp id="371" class="1005" name="src_rows_V_read_reg_371">
<pin_list>
<pin id="372" dir="0" index="0" bw="32" slack="1"/>
<pin id="373" dir="1" index="1" bw="32" slack="1"/>
</pin_list>
<bind>
<opset="src_rows_V_read "/>
</bind>
</comp>

<comp id="376" class="1005" name="exitcond1_i_reg_376">
<pin_list>
<pin id="377" dir="0" index="0" bw="1" slack="1"/>
<pin id="378" dir="1" index="1" bw="1" slack="2147483647"/>
</pin_list>
<bind>
<opset="exitcond1_i "/>
</bind>
</comp>

<comp id="380" class="1005" name="i_V_reg_380">
<pin_list>
<pin id="381" dir="0" index="0" bw="32" slack="0"/>
<pin id="382" dir="1" index="1" bw="32" slack="0"/>
</pin_list>
<bind>
<opset="i_V "/>
</bind>
</comp>

<comp id="385" class="1005" name="exitcond_i_reg_385">
<pin_list>
<pin id="386" dir="0" index="0" bw="1" slack="1"/>
<pin id="387" dir="1" index="1" bw="1" slack="2147483647"/>
</pin_list>
<bind>
<opset="exitcond_i "/>
</bind>
</comp>

<comp id="389" class="1005" name="j_V_reg_389">
<pin_list>
<pin id="390" dir="0" index="0" bw="32" slack="0"/>
<pin id="391" dir="1" index="1" bw="32" slack="0"/>
</pin_list>
<bind>
<opset="j_V "/>
</bind>
</comp>

<comp id="394" class="1005" name="tmp_23_reg_394">
<pin_list>
<pin id="395" dir="0" index="0" bw="8" slack="1"/>
<pin id="396" dir="1" index="1" bw="8" slack="1"/>
</pin_list>
<bind>
<opset="tmp_23 "/>
</bind>
</comp>

<comp id="400" class="1005" name="tmp_24_reg_400">
<pin_list>
<pin id="401" dir="0" index="0" bw="8" slack="1"/>
<pin id="402" dir="1" index="1" bw="8" slack="1"/>
</pin_list>
<bind>
<opset="tmp_24 "/>
</bind>
</comp>

<comp id="406" class="1005" name="tmp_25_reg_406">
<pin_list>
<pin id="407" dir="0" index="0" bw="8" slack="1"/>
<pin id="408" dir="1" index="1" bw="8" slack="1"/>
</pin_list>
<bind>
<opset="tmp_25 "/>
</bind>
</comp>

</comp_list>

<net_list>
<net id="182"><net_src comp="134" pin="0"/><net_sink comp="178" pin=0"/></net>

<net id="183"><net_src comp="2" pin="0"/><net_sink comp="178" pin=1"/></net>

<net id="188"><net_src comp="134" pin="0"/><net_sink comp="184" pin=0"/></net>

<net id="189"><net_src comp="0" pin="0"/><net_sink comp="184" pin=1"/></net>

<net id="194"><net_src comp="156" pin="0"/><net_sink comp="190" pin=0"/></net>

<net id="195"><net_src comp="4" pin="0"/><net_sink comp="190" pin=1"/></net>

<net id="200"><net_src comp="156" pin="0"/><net_sink comp="196" pin=0"/></net>

<net id="201"><net_src comp="6" pin="0"/><net_sink comp="196" pin=1"/></net>

<net id="206"><net_src comp="156" pin="0"/><net_sink comp="202" pin=0"/></net>

<net id="207"><net_src comp="8" pin="0"/><net_sink comp="202" pin=1"/></net>

<net id="213"><net_src comp="176" pin="0"/><net_sink comp="208" pin=0"/></net>

<net id="214"><net_src comp="10" pin="0"/><net_sink comp="208" pin=1"/></net>

<net id="220"><net_src comp="176" pin="0"/><net_sink comp="215" pin=0"/></net>

<net id="221"><net_src comp="12" pin="0"/><net_sink comp="215" pin=1"/></net>

<net id="227"><net_src comp="176" pin="0"/><net_sink comp="222" pin=0"/></net>

<net id="228"><net_src comp="14" pin="0"/><net_sink comp="222" pin=1"/></net>

<net id="232"><net_src comp="30" pin="0"/><net_sink comp="229" pin=0"/></net>

<net id="239"><net_src comp="229" pin="1"/><net_sink comp="233" pin=0"/></net>

<net id="243"><net_src comp="30" pin="0"/><net_sink comp="240" pin=0"/></net>

<net id="250"><net_src comp="240" pin="1"/><net_sink comp="244" pin=0"/></net>

<net id="255"><net_src comp="233" pin="4"/><net_sink comp="251" pin=0"/></net>

<net id="260"><net_src comp="233" pin="4"/><net_sink comp="256" pin=0"/></net>

<net id="261"><net_src comp="142" pin="0"/><net_sink comp="256" pin=1"/></net>

<net id="266"><net_src comp="244" pin="4"/><net_sink comp="262" pin=0"/></net>

<net id="271"><net_src comp="244" pin="4"/><net_sink comp="267" pin=0"/></net>

<net id="272"><net_src comp="142" pin="0"/><net_sink comp="267" pin=1"/></net>

<net id="280"><net_src comp="273" pin="1"/><net_sink comp="276" pin=0"/></net>

<net id="281"><net_src comp="164" pin="0"/><net_sink comp="276" pin=1"/></net>

<net id="287"><net_src comp="166" pin="0"/><net_sink comp="282" pin=0"/></net>

<net id="288"><net_src comp="276" pin="2"/><net_sink comp="282" pin=1"/></net>

<net id="289"><net_src comp="168" pin="0"/><net_sink comp="282" pin=2"/></net>

<net id="294"><net_src comp="170" pin="0"/><net_sink comp="290" pin=1"/></net>

<net id="300"><net_src comp="282" pin="3"/><net_sink comp="295" pin=0"/></net>

<net id="301"><net_src comp="172" pin="0"/><net_sink comp="295" pin=1"/></net>

<net id="302"><net_src comp="290" pin="2"/><net_sink comp="295" pin=2"/></net>

<net id="303"><net_src comp="295" pin="3"/><net_sink comp="208" pin=2"/></net>

<net id="311"><net_src comp="304" pin="1"/><net_sink comp="307" pin=0"/></net>

<net id="312"><net_src comp="164" pin="0"/><net_sink comp="307" pin=1"/></net>

<net id="318"><net_src comp="166" pin="0"/><net_sink comp="313" pin=0"/></net>

<net id="319"><net_src comp="307" pin="2"/><net_sink comp="313" pin=1"/></net>

<net id="320"><net_src comp="168" pin="0"/><net_sink comp="313" pin=2"/></net>

<net id="325"><net_src comp="170" pin="0"/><net_sink comp="321" pin=1"/></net>

<net id="331"><net_src comp="313" pin="3"/><net_sink comp="326" pin=0"/></net>

<net id="332"><net_src comp="172" pin="0"/><net_sink comp="326" pin=1"/></net>

<net id="333"><net_src comp="321" pin="2"/><net_sink comp="326" pin=2"/></net>

<net id="334"><net_src comp="326" pin="3"/><net_sink comp="215" pin=2"/></net>

<net id="342"><net_src comp="335" pin="1"/><net_sink comp="338" pin=0"/></net>

<net id="343"><net_src comp="164" pin="0"/><net_sink comp="338" pin=1"/></net>

<net id="349"><net_src comp="166" pin="0"/><net_sink comp="344" pin=0"/></net>

<net id="350"><net_src comp="338" pin="2"/><net_sink comp="344" pin=1"/></net>

<net id="351"><net_src comp="168" pin="0"/><net_sink comp="344" pin=2"/></net>

<net id="356"><net_src comp="170" pin="0"/><net_sink comp="352" pin=1"/></net>

<net id="362"><net_src comp="344" pin="3"/><net_sink comp="357" pin=0"/></net>

<net id="363"><net_src comp="172" pin="0"/><net_sink comp="357" pin=1"/></net>

<net id="364"><net_src comp="352" pin="2"/><net_sink comp="357" pin=2"/></net>

<net id="365"><net_src comp="357" pin="3"/><net_sink comp="222" pin=2"/></net>

<net id="369"><net_src comp="178" pin="2"/><net_sink comp="366" pin=0"/></net>

<net id="370"><net_src comp="366" pin="1"/><net_sink comp="262" pin=1"/></net>

<net id="374"><net_src comp="184" pin="2"/><net_sink comp="371" pin=0"/></net>

<net id="375"><net_src comp="371" pin="1"/><net_sink comp="251" pin=1"/></net>

<net id="379"><net_src comp="251" pin="2"/><net_sink comp="376" pin=0"/></net>

<net id="383"><net_src comp="256" pin="2"/><net_sink comp="380" pin=0"/></net>

<net id="384"><net_src comp="380" pin="1"/><net_sink comp="233" pin=2"/></net>

<net id="388"><net_src comp="262" pin="2"/><net_sink comp="385" pin=0"/></net>

<net id="392"><net_src comp="267" pin="2"/><net_sink comp="389" pin=0"/></net>

<net id="393"><net_src comp="389" pin="1"/><net_sink comp="244" pin=2"/></net>

<net id="397"><net_src comp="190" pin="2"/><net_sink comp="394" pin=0"/></net>

<net id="398"><net_src comp="394" pin="1"/><net_sink comp="273" pin=0"/></net>

<net id="399"><net_src comp="394" pin="1"/><net_sink comp="290" pin=0"/></net>

<net id="403"><net_src comp="196" pin="2"/><net_sink comp="400" pin=0"/></net>

<net id="404"><net_src comp="400" pin="1"/><net_sink comp="304" pin=0"/></net>

<net id="405"><net_src comp="400" pin="1"/><net_sink comp="321" pin=0"/></net>

<net id="409"><net_src comp="202" pin="2"/><net_sink comp="406" pin=0"/></net>

<net id="410"><net_src comp="406" pin="1"/><net_sink comp="335" pin=0"/></net>

<net id="411"><net_src comp="406" pin="1"/><net_sink comp="352" pin=0"/></net>

</net_list>

</model> 
---------------- Datapath Model END ------------------

* FSMD analyzer results:
  - Output states:
	Port: dst_data_stream_0_V | {5 }
	Port: dst_data_stream_1_V | {5 }
	Port: dst_data_stream_2_V | {5 }
 - Input state : 
	Port: SubS : src_rows_V | {1 }
	Port: SubS : src_cols_V | {1 }
	Port: SubS : src_data_stream_0_V | {4 }
	Port: SubS : src_data_stream_1_V | {4 }
	Port: SubS : src_data_stream_2_V | {4 }
  - Chain level:
	State 1
	State 2
		exitcond1_i : 1
		i_V : 1
		StgValue_24 : 2
	State 3
		exitcond_i : 1
		j_V : 1
		StgValue_33 : 2
	State 4
		empty : 1
	State 5
		p_Val2_10 : 1
		tmp : 2
		p_Val2_17 : 3
		p_Val2_12 : 1
		tmp_18 : 2
		p_Val2_18 : 3
		p_Val2_s : 1
		tmp_19 : 2
		p_Val2_19 : 3
		StgValue_60 : 4
		StgValue_61 : 4
		StgValue_62 : 4
		empty_62 : 1
		empty_63 : 1
	State 6


============================================================
+ Verbose Summary: Datapath Resource usage 
============================================================

* Functional unit list:
|----------|-----------------------------|---------|---------|
| Operation|       Functional Unit       |    FF   |   LUT   |
|----------|-----------------------------|---------|---------|
|          |          i_V_fu_256         |    0    |    39   |
|          |          j_V_fu_267         |    0    |    39   |
|          |       p_Val2_10_fu_276      |    0    |    15   |
|    add   |       p_Val2_9_fu_290       |    0    |    15   |
|          |       p_Val2_12_fu_307      |    0    |    15   |
|          |       p_Val2_13_fu_321      |    0    |    15   |
|          |       p_Val2_s_fu_338       |    0    |    15   |
|          |       p_Val2_15_fu_352      |    0    |    15   |
|----------|-----------------------------|---------|---------|
|   icmp   |      exitcond1_i_fu_251     |    0    |    18   |
|          |      exitcond_i_fu_262      |    0    |    18   |
|----------|-----------------------------|---------|---------|
|          |       p_Val2_17_fu_295      |    0    |    8    |
|  select  |       p_Val2_18_fu_326      |    0    |    8    |
|          |       p_Val2_19_fu_357      |    0    |    8    |
|----------|-----------------------------|---------|---------|
|          | src_cols_V_read_read_fu_178 |    0    |    0    |
|          | src_rows_V_read_read_fu_184 |    0    |    0    |
|   read   |      tmp_23_read_fu_190     |    0    |    0    |
|          |      tmp_24_read_fu_196     |    0    |    0    |
|          |      tmp_25_read_fu_202     |    0    |    0    |
|----------|-----------------------------|---------|---------|
|          |   StgValue_60_write_fu_208  |    0    |    0    |
|   write  |   StgValue_61_write_fu_215  |    0    |    0    |
|          |   StgValue_62_write_fu_222  |    0    |    0    |
|----------|-----------------------------|---------|---------|
|          |        lhs_V_i_fu_273       |    0    |    0    |
|   zext   |       lhs_V_1_i_fu_304      |    0    |    0    |
|          |       lhs_V_2_i_fu_335      |    0    |    0    |
|----------|-----------------------------|---------|---------|
|          |          tmp_fu_282         |    0    |    0    |
| bitselect|        tmp_18_fu_313        |    0    |    0    |
|          |        tmp_19_fu_344        |    0    |    0    |
|----------|-----------------------------|---------|---------|
|   Total  |                             |    0    |   228   |
|----------|-----------------------------|---------|---------|

Memories:
N/A

* Register list:
+-----------------------+--------+
|                       |   FF   |
+-----------------------+--------+
|  exitcond1_i_reg_376  |    1   |
|   exitcond_i_reg_385  |    1   |
|      i_V_reg_380      |   32   |
|      j_V_reg_389      |   32   |
|src_cols_V_read_reg_366|   32   |
|src_rows_V_read_reg_371|   32   |
|     t_V_2_reg_240     |   32   |
|      t_V_reg_229      |   32   |
|     tmp_23_reg_394    |    8   |
|     tmp_24_reg_400    |    8   |
|     tmp_25_reg_406    |    8   |
+-----------------------+--------+
|         Total         |   218  |
+-----------------------+--------+

* Multiplexer (MUX) list: 
|--------|------|------|------|--------|
|  Comp  |  Pin | Size |  BW  | S x BW |
|--------|------|------|------|--------|
|  Total |      |      |      |    0   |
|--------|------|------|------|--------|



* Summary:
+-----------+--------+--------+
|           |   FF   |   LUT  |
+-----------+--------+--------+
|  Function |    0   |   228  |
|   Memory  |    -   |    -   |
|Multiplexer|    -   |    -   |
|  Register |   218  |    -   |
+-----------+--------+--------+
|   Total   |   218  |   228  |
+-----------+--------+--------+
