

================================================================
== Vivado HLS Report for 'SubS'
================================================================
* Date:           Wed Jul 28 22:30:25 2021

* Version:        2018.2 (Build 2258646 on Thu Jun 14 20:25:20 MDT 2018)
* Project:        image_filter_prj
* Solution:       solution1
* Product family: artix7
* Target device:  xc7a75tfgg484-1


================================================================
== Performance Estimates
================================================================
+ Timing (ns): 
    * Summary: 
    +--------+-------+----------+------------+
    |  Clock | Target| Estimated| Uncertainty|
    +--------+-------+----------+------------+
    |ap_clk  |  10.00|     7.064|        0.12|
    +--------+-------+----------+------------+

+ Latency (clock cycles): 
    * Summary: 
    +-----+---------+-----+---------+---------+
    |    Latency    |    Interval   | Pipeline|
    | min |   max   | min |   max   |   Type  |
    +-----+---------+-----+---------+---------+
    |    1|  2077921|    1|  2077921|   none  |
    +-----+---------+-----+---------+---------+

    + Detail: 
        * Instance: 
        N/A

        * Loop: 
        +---------------+-----+---------+----------+-----------+-----------+----------+----------+
        |               |    Latency    | Iteration|  Initiation Interval  |   Trip   |          |
        |   Loop Name   | min |   max   |  Latency |  achieved |   target  |   Count  | Pipelined|
        +---------------+-----+---------+----------+-----------+-----------+----------+----------+
        |- loop_height  |    0|  2077920| 3 ~ 1924 |          -|          -| 0 ~ 1080 |    no    |
        | + loop_width  |    0|     1921|         3|          1|          1| 0 ~ 1920 |    yes   |
        +---------------+-----+---------+----------+-----------+-----------+----------+----------+

============================================================
+ Verbose Summary: Synthesis Manager
============================================================
InlineROM: 1
ExposeGlobal: 0
============================================================
+ Verbose Summary: CDFG Model
============================================================
IsTopModel: 0
ResetActiveHigh: 1
IsCombinational: 2
IsDatapathOnly: 0
HasWiredReturn: 1
HasMFsm: 0
HasVarLatency: 1
IsPipeline: 0
IsRtlPipelined: 0
IsInstanceOverlapped: 0
IsDontTouch: 0
HasImplIP: 0
IsGatedGlobalClock: 0

+ Individual pipeline summary: 
  * Pipeline-0: initiation interval (II) = 1, depth = 3


============================================================
+ Verbose Summary: Schedule
============================================================
* Number of FSM states : 6
* Pipeline : 1
  Pipeline-0 : II = 1, D = 3, States = { 3 4 5 }
* Dataflow Pipeline: 0

* FSM state transitions: 
1 --> 
	2  / true
2 --> 
	3  / (!exitcond1_i)
3 --> 
	6  / (exitcond_i)
	4  / (!exitcond_i)
4 --> 
	5  / true
5 --> 
	3  / true
6 --> 
	2  / true

* FSM state operations: 

State 1 <SV = 0> <Delay = 1.66>
ST_1 : Operation 7 [1/1] (0.00ns)   --->   "call void (...)* @_ssdm_op_SpecIFCore(i32 %src_cols_V, [1 x i8]* @p_str3, [10 x i8]* @p_str4, [1 x i8]* @p_str3, i32 -1, [1 x i8]* @p_str3, [1 x i8]* @p_str3, [1 x i8]* @p_str3, [1 x i8]* @p_str3, [24 x i8]* @p_str5)"   --->   Operation 7 'specifcore' <Predicate = true> <Delay = 0.00>
ST_1 : Operation 8 [1/1] (0.00ns)   --->   "call void (...)* @_ssdm_op_SpecIFCore(i32 %src_rows_V, [1 x i8]* @p_str3, [10 x i8]* @p_str4, [1 x i8]* @p_str3, i32 -1, [1 x i8]* @p_str3, [1 x i8]* @p_str3, [1 x i8]* @p_str3, [1 x i8]* @p_str3, [24 x i8]* @p_str5)"   --->   Operation 8 'specifcore' <Predicate = true> <Delay = 0.00>
ST_1 : Operation 9 [1/1] (0.00ns)   --->   "call void (...)* @_ssdm_op_SpecInterface(i8* %dst_data_stream_2_V, [8 x i8]* @ap_fifo_str, i32 0, i32 0, [1 x i8]* @p_str290, i32 0, i32 0, [1 x i8]* @p_str291, [1 x i8]* @p_str292, [1 x i8]* @p_str293, i32 2, i32 2, i32 16, i32 16, [1 x i8]* @p_str294, [1 x i8]* @p_str295)"   --->   Operation 9 'specinterface' <Predicate = true> <Delay = 0.00>
ST_1 : Operation 10 [1/1] (0.00ns)   --->   "call void (...)* @_ssdm_op_SpecInterface(i8* %dst_data_stream_1_V, [8 x i8]* @ap_fifo_str, i32 0, i32 0, [1 x i8]* @p_str283, i32 0, i32 0, [1 x i8]* @p_str284, [1 x i8]* @p_str285, [1 x i8]* @p_str286, i32 2, i32 2, i32 16, i32 16, [1 x i8]* @p_str287, [1 x i8]* @p_str288)"   --->   Operation 10 'specinterface' <Predicate = true> <Delay = 0.00>
ST_1 : Operation 11 [1/1] (0.00ns)   --->   "call void (...)* @_ssdm_op_SpecInterface(i8* %dst_data_stream_0_V, [8 x i8]* @ap_fifo_str, i32 0, i32 0, [1 x i8]* @p_str276, i32 0, i32 0, [1 x i8]* @p_str277, [1 x i8]* @p_str278, [1 x i8]* @p_str279, i32 2, i32 2, i32 16, i32 16, [1 x i8]* @p_str280, [1 x i8]* @p_str281)"   --->   Operation 11 'specinterface' <Predicate = true> <Delay = 0.00>
ST_1 : Operation 12 [1/1] (0.00ns)   --->   "call void (...)* @_ssdm_op_SpecInterface(i8* %src_data_stream_2_V, [8 x i8]* @ap_fifo_str, i32 0, i32 0, [1 x i8]* @p_str269, i32 0, i32 0, [1 x i8]* @p_str270, [1 x i8]* @p_str271, [1 x i8]* @p_str272, i32 2, i32 2, i32 16, i32 16, [1 x i8]* @p_str273, [1 x i8]* @p_str274)"   --->   Operation 12 'specinterface' <Predicate = true> <Delay = 0.00>
ST_1 : Operation 13 [1/1] (0.00ns)   --->   "call void (...)* @_ssdm_op_SpecInterface(i8* %src_data_stream_1_V, [8 x i8]* @ap_fifo_str, i32 0, i32 0, [1 x i8]* @p_str262, i32 0, i32 0, [1 x i8]* @p_str263, [1 x i8]* @p_str264, [1 x i8]* @p_str265, i32 2, i32 2, i32 16, i32 16, [1 x i8]* @p_str266, [1 x i8]* @p_str267)"   --->   Operation 13 'specinterface' <Predicate = true> <Delay = 0.00>
ST_1 : Operation 14 [1/1] (0.00ns)   --->   "call void (...)* @_ssdm_op_SpecInterface(i8* %src_data_stream_0_V, [8 x i8]* @ap_fifo_str, i32 0, i32 0, [1 x i8]* @p_str255, i32 0, i32 0, [1 x i8]* @p_str256, [1 x i8]* @p_str257, [1 x i8]* @p_str258, i32 2, i32 2, i32 16, i32 16, [1 x i8]* @p_str259, [1 x i8]* @p_str260)"   --->   Operation 14 'specinterface' <Predicate = true> <Delay = 0.00>
ST_1 : Operation 15 [1/1] (0.00ns)   --->   "call void (...)* @_ssdm_op_SpecInterface(i32 %src_cols_V, [10 x i8]* @ap_stable_str, i32 0, i32 0, [1 x i8]* @p_str173, i32 0, i32 0, [1 x i8]* @p_str174, [1 x i8]* @p_str175, [1 x i8]* @p_str176, i32 2, i32 2, i32 16, i32 16, [1 x i8]* @p_str177, [1 x i8]* @p_str178)"   --->   Operation 15 'specinterface' <Predicate = true> <Delay = 0.00>
ST_1 : Operation 16 [1/1] (0.00ns)   --->   "call void (...)* @_ssdm_op_SpecInterface(i32 %src_rows_V, [10 x i8]* @ap_stable_str, i32 0, i32 0, [1 x i8]* @p_str179, i32 0, i32 0, [1 x i8]* @p_str180, [1 x i8]* @p_str181, [1 x i8]* @p_str182, i32 2, i32 2, i32 16, i32 16, [1 x i8]* @p_str183, [1 x i8]* @p_str184)"   --->   Operation 16 'specinterface' <Predicate = true> <Delay = 0.00>
ST_1 : Operation 17 [1/1] (0.00ns)   --->   "%src_cols_V_read = call i32 @_ssdm_op_Read.ap_stable.i32(i32 %src_cols_V)"   --->   Operation 17 'read' 'src_cols_V_read' <Predicate = true> <Delay = 0.00> <Core = "AXI4LiteS">   --->   Core 6 'AXI4LiteS' <Latency = 0> <II = 1> <Delay = 1.00> <Adapter> <Opcode : >
ST_1 : Operation 18 [1/1] (0.00ns)   --->   "%src_rows_V_read = call i32 @_ssdm_op_Read.ap_stable.i32(i32 %src_rows_V)"   --->   Operation 18 'read' 'src_rows_V_read' <Predicate = true> <Delay = 0.00> <Core = "AXI4LiteS">   --->   Core 6 'AXI4LiteS' <Latency = 0> <II = 1> <Delay = 1.00> <Adapter> <Opcode : >
ST_1 : Operation 19 [1/1] (1.66ns)   --->   "br label %0" [D:/Xilinx/Vivado/2018.2/common/technology/autopilot/hls/hls_video_arithm.h:426->D:/Xilinx/Vivado/2018.2/common/technology/autopilot/hls/hls_video_arithm.h:761]   --->   Operation 19 'br' <Predicate = true> <Delay = 1.66>

State 2 <SV = 1> <Delay = 3.41>
ST_2 : Operation 20 [1/1] (0.00ns)   --->   "%t_V = phi i32 [ 0, %._crit_edge4 ], [ %i_V, %3 ]"   --->   Operation 20 'phi' 't_V' <Predicate = true> <Delay = 0.00>
ST_2 : Operation 21 [1/1] (2.43ns)   --->   "%exitcond1_i = icmp eq i32 %t_V, %src_rows_V_read" [D:/Xilinx/Vivado/2018.2/common/technology/autopilot/hls/hls_video_arithm.h:426->D:/Xilinx/Vivado/2018.2/common/technology/autopilot/hls/hls_video_arithm.h:761]   --->   Operation 21 'icmp' 'exitcond1_i' <Predicate = true> <Delay = 2.43> <Core = "Cmp">   --->   Core 25 'Cmp' <Latency = 0> <II = 1> <Delay = 2.43> <FuncUnit> <Opcode : 'icmp'> <InPorts = 2> <OutPorts = 1>
ST_2 : Operation 22 [1/1] (0.00ns)   --->   "call void (...)* @_ssdm_op_SpecLoopTripCount(i64 0, i64 1080, i64 0)"   --->   Operation 22 'speclooptripcount' <Predicate = true> <Delay = 0.00>
ST_2 : Operation 23 [1/1] (2.70ns)   --->   "%i_V = add i32 %t_V, 1" [D:/Xilinx/Vivado/2018.2/common/technology/autopilot/hls/hls_video_arithm.h:426->D:/Xilinx/Vivado/2018.2/common/technology/autopilot/hls/hls_video_arithm.h:761]   --->   Operation 23 'add' 'i_V' <Predicate = true> <Delay = 2.70> <Core = "AddSub">   --->   Core 14 'AddSub' <Latency = 0> <II = 1> <Delay = 2.70> <FuncUnit> <Opcode : 'add' 'sub'> <InPorts = 2> <OutPorts = 1>
ST_2 : Operation 24 [1/1] (0.00ns)   --->   "br i1 %exitcond1_i, label %"arithm_pro<kernel_sub, 1080, 1920, 4096, unsigned char, 4096, int, int, int>.exit", label %1" [D:/Xilinx/Vivado/2018.2/common/technology/autopilot/hls/hls_video_arithm.h:426->D:/Xilinx/Vivado/2018.2/common/technology/autopilot/hls/hls_video_arithm.h:761]   --->   Operation 24 'br' <Predicate = true> <Delay = 0.00>
ST_2 : Operation 25 [1/1] (0.00ns)   --->   "call void (...)* @_ssdm_op_SpecLoopName([12 x i8]* @p_str11) nounwind" [D:/Xilinx/Vivado/2018.2/common/technology/autopilot/hls/hls_video_arithm.h:426->D:/Xilinx/Vivado/2018.2/common/technology/autopilot/hls/hls_video_arithm.h:761]   --->   Operation 25 'specloopname' <Predicate = (!exitcond1_i)> <Delay = 0.00>
ST_2 : Operation 26 [1/1] (0.00ns)   --->   "%tmp_i = call i32 (...)* @_ssdm_op_SpecRegionBegin([12 x i8]* @p_str11)" [D:/Xilinx/Vivado/2018.2/common/technology/autopilot/hls/hls_video_arithm.h:426->D:/Xilinx/Vivado/2018.2/common/technology/autopilot/hls/hls_video_arithm.h:761]   --->   Operation 26 'specregionbegin' 'tmp_i' <Predicate = (!exitcond1_i)> <Delay = 0.00>
ST_2 : Operation 27 [1/1] (1.66ns)   --->   "br label %2" [D:/Xilinx/Vivado/2018.2/common/technology/autopilot/hls/hls_video_arithm.h:427->D:/Xilinx/Vivado/2018.2/common/technology/autopilot/hls/hls_video_arithm.h:761]   --->   Operation 27 'br' <Predicate = (!exitcond1_i)> <Delay = 1.66>
ST_2 : Operation 28 [1/1] (0.00ns)   --->   "ret void" [D:/Xilinx/Vivado/2018.2/common/technology/autopilot/hls/hls_video_arithm.h:762]   --->   Operation 28 'ret' <Predicate = (exitcond1_i)> <Delay = 0.00>

State 3 <SV = 2> <Delay = 2.70>
ST_3 : Operation 29 [1/1] (0.00ns)   --->   "%t_V_2 = phi i32 [ 0, %1 ], [ %j_V, %"operator>>.exit.i" ]"   --->   Operation 29 'phi' 't_V_2' <Predicate = true> <Delay = 0.00>
ST_3 : Operation 30 [1/1] (2.43ns)   --->   "%exitcond_i = icmp eq i32 %t_V_2, %src_cols_V_read" [D:/Xilinx/Vivado/2018.2/common/technology/autopilot/hls/hls_video_arithm.h:427->D:/Xilinx/Vivado/2018.2/common/technology/autopilot/hls/hls_video_arithm.h:761]   --->   Operation 30 'icmp' 'exitcond_i' <Predicate = true> <Delay = 2.43> <Core = "Cmp">   --->   Core 25 'Cmp' <Latency = 0> <II = 1> <Delay = 2.43> <FuncUnit> <Opcode : 'icmp'> <InPorts = 2> <OutPorts = 1>
ST_3 : Operation 31 [1/1] (0.00ns)   --->   "call void (...)* @_ssdm_op_SpecLoopTripCount(i64 0, i64 1920, i64 0)"   --->   Operation 31 'speclooptripcount' <Predicate = true> <Delay = 0.00>
ST_3 : Operation 32 [1/1] (2.70ns)   --->   "%j_V = add i32 %t_V_2, 1" [D:/Xilinx/Vivado/2018.2/common/technology/autopilot/hls/hls_video_arithm.h:427->D:/Xilinx/Vivado/2018.2/common/technology/autopilot/hls/hls_video_arithm.h:761]   --->   Operation 32 'add' 'j_V' <Predicate = true> <Delay = 2.70> <Core = "AddSub">   --->   Core 14 'AddSub' <Latency = 0> <II = 1> <Delay = 2.70> <FuncUnit> <Opcode : 'add' 'sub'> <InPorts = 2> <OutPorts = 1>
ST_3 : Operation 33 [1/1] (0.00ns)   --->   "br i1 %exitcond_i, label %3, label %"operator>>.exit.i"" [D:/Xilinx/Vivado/2018.2/common/technology/autopilot/hls/hls_video_arithm.h:427->D:/Xilinx/Vivado/2018.2/common/technology/autopilot/hls/hls_video_arithm.h:761]   --->   Operation 33 'br' <Predicate = true> <Delay = 0.00>

State 4 <SV = 3> <Delay = 3.90>
ST_4 : Operation 34 [1/1] (0.00ns)   --->   "%tmp_3_i = call i32 (...)* @_ssdm_op_SpecRegionBegin([12 x i8]* @p_str16)" [D:/Xilinx/Vivado/2018.2/common/technology/autopilot/hls/hls_video_core.h:617->D:/Xilinx/Vivado/2018.2/common/technology/autopilot/hls/hls_video_core.h:656->D:/Xilinx/Vivado/2018.2/common/technology/autopilot/hls/hls_video_arithm.h:430->D:/Xilinx/Vivado/2018.2/common/technology/autopilot/hls/hls_video_arithm.h:761]   --->   Operation 34 'specregionbegin' 'tmp_3_i' <Predicate = (!exitcond_i)> <Delay = 0.00>
ST_4 : Operation 35 [1/1] (0.00ns)   --->   "call void (...)* @_ssdm_op_SpecProtocol(i32 0, [1 x i8]* @p_str3) nounwind" [D:/Xilinx/Vivado/2018.2/common/technology/autopilot/hls/hls_video_core.h:621->D:/Xilinx/Vivado/2018.2/common/technology/autopilot/hls/hls_video_core.h:656->D:/Xilinx/Vivado/2018.2/common/technology/autopilot/hls/hls_video_arithm.h:430->D:/Xilinx/Vivado/2018.2/common/technology/autopilot/hls/hls_video_arithm.h:761]   --->   Operation 35 'specprotocol' <Predicate = (!exitcond_i)> <Delay = 0.00>
ST_4 : Operation 36 [1/1] (3.90ns)   --->   "%tmp_23 = call i8 @_ssdm_op_Read.ap_fifo.volatile.i8P(i8* %src_data_stream_0_V)" [D:/Xilinx/Vivado/2018.2/common/technology/autopilot/hls/hls_video_core.h:624->D:/Xilinx/Vivado/2018.2/common/technology/autopilot/hls/hls_video_core.h:656->D:/Xilinx/Vivado/2018.2/common/technology/autopilot/hls/hls_video_arithm.h:430->D:/Xilinx/Vivado/2018.2/common/technology/autopilot/hls/hls_video_arithm.h:761]   --->   Operation 36 'read' 'tmp_23' <Predicate = (!exitcond_i)> <Delay = 3.90> <Core = "FIFO">   --->   Core 32 'FIFO' <Latency = 0> <II = 1> <Delay = 3.90> <Storage> <Opcode : 'read' 'write' 'nbread' 'nbwrite'> <Ports = 0> <Width = 8> <Depth = 2> <FIFO>
ST_4 : Operation 37 [1/1] (3.90ns)   --->   "%tmp_24 = call i8 @_ssdm_op_Read.ap_fifo.volatile.i8P(i8* %src_data_stream_1_V)" [D:/Xilinx/Vivado/2018.2/common/technology/autopilot/hls/hls_video_core.h:624->D:/Xilinx/Vivado/2018.2/common/technology/autopilot/hls/hls_video_core.h:656->D:/Xilinx/Vivado/2018.2/common/technology/autopilot/hls/hls_video_arithm.h:430->D:/Xilinx/Vivado/2018.2/common/technology/autopilot/hls/hls_video_arithm.h:761]   --->   Operation 37 'read' 'tmp_24' <Predicate = (!exitcond_i)> <Delay = 3.90> <Core = "FIFO">   --->   Core 32 'FIFO' <Latency = 0> <II = 1> <Delay = 3.90> <Storage> <Opcode : 'read' 'write' 'nbread' 'nbwrite'> <Ports = 0> <Width = 8> <Depth = 2> <FIFO>
ST_4 : Operation 38 [1/1] (3.90ns)   --->   "%tmp_25 = call i8 @_ssdm_op_Read.ap_fifo.volatile.i8P(i8* %src_data_stream_2_V)" [D:/Xilinx/Vivado/2018.2/common/technology/autopilot/hls/hls_video_core.h:624->D:/Xilinx/Vivado/2018.2/common/technology/autopilot/hls/hls_video_core.h:656->D:/Xilinx/Vivado/2018.2/common/technology/autopilot/hls/hls_video_arithm.h:430->D:/Xilinx/Vivado/2018.2/common/technology/autopilot/hls/hls_video_arithm.h:761]   --->   Operation 38 'read' 'tmp_25' <Predicate = (!exitcond_i)> <Delay = 3.90> <Core = "FIFO">   --->   Core 32 'FIFO' <Latency = 0> <II = 1> <Delay = 3.90> <Storage> <Opcode : 'read' 'write' 'nbread' 'nbwrite'> <Ports = 0> <Width = 8> <Depth = 2> <FIFO>
ST_4 : Operation 39 [1/1] (0.00ns)   --->   "%empty = call i32 (...)* @_ssdm_op_SpecRegionEnd([12 x i8]* @p_str16, i32 %tmp_3_i)" [D:/Xilinx/Vivado/2018.2/common/technology/autopilot/hls/hls_video_core.h:626->D:/Xilinx/Vivado/2018.2/common/technology/autopilot/hls/hls_video_core.h:656->D:/Xilinx/Vivado/2018.2/common/technology/autopilot/hls/hls_video_arithm.h:430->D:/Xilinx/Vivado/2018.2/common/technology/autopilot/hls/hls_video_arithm.h:761]   --->   Operation 39 'specregionend' 'empty' <Predicate = (!exitcond_i)> <Delay = 0.00>

State 5 <SV = 4> <Delay = 7.06>
ST_5 : Operation 40 [1/1] (0.00ns)   --->   "call void (...)* @_ssdm_op_SpecLoopName([11 x i8]* @p_str12) nounwind" [D:/Xilinx/Vivado/2018.2/common/technology/autopilot/hls/hls_video_arithm.h:427->D:/Xilinx/Vivado/2018.2/common/technology/autopilot/hls/hls_video_arithm.h:761]   --->   Operation 40 'specloopname' <Predicate = (!exitcond_i)> <Delay = 0.00>
ST_5 : Operation 41 [1/1] (0.00ns)   --->   "%tmp_1_i = call i32 (...)* @_ssdm_op_SpecRegionBegin([11 x i8]* @p_str12)" [D:/Xilinx/Vivado/2018.2/common/technology/autopilot/hls/hls_video_arithm.h:427->D:/Xilinx/Vivado/2018.2/common/technology/autopilot/hls/hls_video_arithm.h:761]   --->   Operation 41 'specregionbegin' 'tmp_1_i' <Predicate = (!exitcond_i)> <Delay = 0.00>
ST_5 : Operation 42 [1/1] (0.00ns)   --->   "call void (...)* @_ssdm_op_SpecPipeline(i32 1, i32 1, i32 1, i32 0, [1 x i8]* @p_str3) nounwind" [D:/Xilinx/Vivado/2018.2/common/technology/autopilot/hls/hls_video_arithm.h:429->D:/Xilinx/Vivado/2018.2/common/technology/autopilot/hls/hls_video_arithm.h:761]   --->   Operation 42 'specpipeline' <Predicate = (!exitcond_i)> <Delay = 0.00>
ST_5 : Operation 43 [1/1] (0.00ns)   --->   "%lhs_V_i = zext i8 %tmp_23 to i9" [D:/Xilinx/Vivado/2018.2/common/technology/autopilot/hls/hls_video_arithm.h:229->D:/Xilinx/Vivado/2018.2/common/technology/autopilot/hls/hls_video_arithm.h:433->D:/Xilinx/Vivado/2018.2/common/technology/autopilot/hls/hls_video_arithm.h:761]   --->   Operation 43 'zext' 'lhs_V_i' <Predicate = (!exitcond_i)> <Delay = 0.00>
ST_5 : Operation 44 [1/1] (2.11ns)   --->   "%p_Val2_10 = add i9 %lhs_V_i, -50" [D:/Xilinx/Vivado/2018.2/common/technology/autopilot/hls/hls_video_arithm.h:229->D:/Xilinx/Vivado/2018.2/common/technology/autopilot/hls/hls_video_arithm.h:433->D:/Xilinx/Vivado/2018.2/common/technology/autopilot/hls/hls_video_arithm.h:761]   --->   Operation 44 'add' 'p_Val2_10' <Predicate = (!exitcond_i)> <Delay = 2.11> <Core = "AddSub">   --->   Core 14 'AddSub' <Latency = 0> <II = 1> <Delay = 2.70> <FuncUnit> <Opcode : 'add' 'sub'> <InPorts = 2> <OutPorts = 1>
ST_5 : Operation 45 [1/1] (0.00ns)   --->   "%tmp = call i1 @_ssdm_op_BitSelect.i1.i9.i32(i9 %p_Val2_10, i32 8)" [D:/Xilinx/Vivado/2018.2/common/technology/autopilot/hls/hls_video_types.h:401->D:/Xilinx/Vivado/2018.2/common/technology/autopilot/hls/hls_video_types.h:500->D:/Xilinx/Vivado/2018.2/common/technology/autopilot/hls/hls_video_arithm.h:230->D:/Xilinx/Vivado/2018.2/common/technology/autopilot/hls/hls_video_arithm.h:433->D:/Xilinx/Vivado/2018.2/common/technology/autopilot/hls/hls_video_arithm.h:761]   --->   Operation 45 'bitselect' 'tmp' <Predicate = (!exitcond_i)> <Delay = 0.00>
ST_5 : Operation 46 [1/1] (2.11ns)   --->   "%p_Val2_9 = add i8 %tmp_23, -50" [D:/Xilinx/Vivado/2018.2/common/technology/autopilot/hls/hls_video_types.h:401->D:/Xilinx/Vivado/2018.2/common/technology/autopilot/hls/hls_video_types.h:500->D:/Xilinx/Vivado/2018.2/common/technology/autopilot/hls/hls_video_arithm.h:230->D:/Xilinx/Vivado/2018.2/common/technology/autopilot/hls/hls_video_arithm.h:433->D:/Xilinx/Vivado/2018.2/common/technology/autopilot/hls/hls_video_arithm.h:761]   --->   Operation 46 'add' 'p_Val2_9' <Predicate = (!exitcond_i)> <Delay = 2.11> <Core = "AddSub">   --->   Core 14 'AddSub' <Latency = 0> <II = 1> <Delay = 2.70> <FuncUnit> <Opcode : 'add' 'sub'> <InPorts = 2> <OutPorts = 1>
ST_5 : Operation 47 [1/1] (1.04ns)   --->   "%p_Val2_17 = select i1 %tmp, i8 0, i8 %p_Val2_9" [D:/Xilinx/Vivado/2018.2/common/technology/autopilot/hls/hls_video_types.h:401->D:/Xilinx/Vivado/2018.2/common/technology/autopilot/hls/hls_video_types.h:500->D:/Xilinx/Vivado/2018.2/common/technology/autopilot/hls/hls_video_arithm.h:230->D:/Xilinx/Vivado/2018.2/common/technology/autopilot/hls/hls_video_arithm.h:433->D:/Xilinx/Vivado/2018.2/common/technology/autopilot/hls/hls_video_arithm.h:761]   --->   Operation 47 'select' 'p_Val2_17' <Predicate = (!exitcond_i)> <Delay = 1.04> <Core = "Sel">   --->   Core 26 'Sel' <Latency = 0> <II = 1> <Delay = 1.04> <FuncUnit> <Opcode : 'select'> <InPorts = 3> <OutPorts = 1>
ST_5 : Operation 48 [1/1] (0.00ns)   --->   "%lhs_V_1_i = zext i8 %tmp_24 to i9" [D:/Xilinx/Vivado/2018.2/common/technology/autopilot/hls/hls_video_arithm.h:229->D:/Xilinx/Vivado/2018.2/common/technology/autopilot/hls/hls_video_arithm.h:433->D:/Xilinx/Vivado/2018.2/common/technology/autopilot/hls/hls_video_arithm.h:761]   --->   Operation 48 'zext' 'lhs_V_1_i' <Predicate = (!exitcond_i)> <Delay = 0.00>
ST_5 : Operation 49 [1/1] (2.11ns)   --->   "%p_Val2_12 = add i9 %lhs_V_1_i, -50" [D:/Xilinx/Vivado/2018.2/common/technology/autopilot/hls/hls_video_arithm.h:229->D:/Xilinx/Vivado/2018.2/common/technology/autopilot/hls/hls_video_arithm.h:433->D:/Xilinx/Vivado/2018.2/common/technology/autopilot/hls/hls_video_arithm.h:761]   --->   Operation 49 'add' 'p_Val2_12' <Predicate = (!exitcond_i)> <Delay = 2.11> <Core = "AddSub">   --->   Core 14 'AddSub' <Latency = 0> <II = 1> <Delay = 2.70> <FuncUnit> <Opcode : 'add' 'sub'> <InPorts = 2> <OutPorts = 1>
ST_5 : Operation 50 [1/1] (0.00ns)   --->   "%tmp_18 = call i1 @_ssdm_op_BitSelect.i1.i9.i32(i9 %p_Val2_12, i32 8)" [D:/Xilinx/Vivado/2018.2/common/technology/autopilot/hls/hls_video_types.h:401->D:/Xilinx/Vivado/2018.2/common/technology/autopilot/hls/hls_video_types.h:500->D:/Xilinx/Vivado/2018.2/common/technology/autopilot/hls/hls_video_arithm.h:230->D:/Xilinx/Vivado/2018.2/common/technology/autopilot/hls/hls_video_arithm.h:433->D:/Xilinx/Vivado/2018.2/common/technology/autopilot/hls/hls_video_arithm.h:761]   --->   Operation 50 'bitselect' 'tmp_18' <Predicate = (!exitcond_i)> <Delay = 0.00>
ST_5 : Operation 51 [1/1] (2.11ns)   --->   "%p_Val2_13 = add i8 %tmp_24, -50" [D:/Xilinx/Vivado/2018.2/common/technology/autopilot/hls/hls_video_types.h:401->D:/Xilinx/Vivado/2018.2/common/technology/autopilot/hls/hls_video_types.h:500->D:/Xilinx/Vivado/2018.2/common/technology/autopilot/hls/hls_video_arithm.h:230->D:/Xilinx/Vivado/2018.2/common/technology/autopilot/hls/hls_video_arithm.h:433->D:/Xilinx/Vivado/2018.2/common/technology/autopilot/hls/hls_video_arithm.h:761]   --->   Operation 51 'add' 'p_Val2_13' <Predicate = (!exitcond_i)> <Delay = 2.11> <Core = "AddSub">   --->   Core 14 'AddSub' <Latency = 0> <II = 1> <Delay = 2.70> <FuncUnit> <Opcode : 'add' 'sub'> <InPorts = 2> <OutPorts = 1>
ST_5 : Operation 52 [1/1] (1.04ns)   --->   "%p_Val2_18 = select i1 %tmp_18, i8 0, i8 %p_Val2_13" [D:/Xilinx/Vivado/2018.2/common/technology/autopilot/hls/hls_video_types.h:401->D:/Xilinx/Vivado/2018.2/common/technology/autopilot/hls/hls_video_types.h:500->D:/Xilinx/Vivado/2018.2/common/technology/autopilot/hls/hls_video_arithm.h:230->D:/Xilinx/Vivado/2018.2/common/technology/autopilot/hls/hls_video_arithm.h:433->D:/Xilinx/Vivado/2018.2/common/technology/autopilot/hls/hls_video_arithm.h:761]   --->   Operation 52 'select' 'p_Val2_18' <Predicate = (!exitcond_i)> <Delay = 1.04> <Core = "Sel">   --->   Core 26 'Sel' <Latency = 0> <II = 1> <Delay = 1.04> <FuncUnit> <Opcode : 'select'> <InPorts = 3> <OutPorts = 1>
ST_5 : Operation 53 [1/1] (0.00ns)   --->   "%lhs_V_2_i = zext i8 %tmp_25 to i9" [D:/Xilinx/Vivado/2018.2/common/technology/autopilot/hls/hls_video_arithm.h:229->D:/Xilinx/Vivado/2018.2/common/technology/autopilot/hls/hls_video_arithm.h:433->D:/Xilinx/Vivado/2018.2/common/technology/autopilot/hls/hls_video_arithm.h:761]   --->   Operation 53 'zext' 'lhs_V_2_i' <Predicate = (!exitcond_i)> <Delay = 0.00>
ST_5 : Operation 54 [1/1] (2.11ns)   --->   "%p_Val2_s = add i9 %lhs_V_2_i, -50" [D:/Xilinx/Vivado/2018.2/common/technology/autopilot/hls/hls_video_arithm.h:229->D:/Xilinx/Vivado/2018.2/common/technology/autopilot/hls/hls_video_arithm.h:433->D:/Xilinx/Vivado/2018.2/common/technology/autopilot/hls/hls_video_arithm.h:761]   --->   Operation 54 'add' 'p_Val2_s' <Predicate = (!exitcond_i)> <Delay = 2.11> <Core = "AddSub">   --->   Core 14 'AddSub' <Latency = 0> <II = 1> <Delay = 2.70> <FuncUnit> <Opcode : 'add' 'sub'> <InPorts = 2> <OutPorts = 1>
ST_5 : Operation 55 [1/1] (0.00ns)   --->   "%tmp_19 = call i1 @_ssdm_op_BitSelect.i1.i9.i32(i9 %p_Val2_s, i32 8)" [D:/Xilinx/Vivado/2018.2/common/technology/autopilot/hls/hls_video_types.h:401->D:/Xilinx/Vivado/2018.2/common/technology/autopilot/hls/hls_video_types.h:500->D:/Xilinx/Vivado/2018.2/common/technology/autopilot/hls/hls_video_arithm.h:230->D:/Xilinx/Vivado/2018.2/common/technology/autopilot/hls/hls_video_arithm.h:433->D:/Xilinx/Vivado/2018.2/common/technology/autopilot/hls/hls_video_arithm.h:761]   --->   Operation 55 'bitselect' 'tmp_19' <Predicate = (!exitcond_i)> <Delay = 0.00>
ST_5 : Operation 56 [1/1] (2.11ns)   --->   "%p_Val2_15 = add i8 %tmp_25, -50" [D:/Xilinx/Vivado/2018.2/common/technology/autopilot/hls/hls_video_types.h:401->D:/Xilinx/Vivado/2018.2/common/technology/autopilot/hls/hls_video_types.h:500->D:/Xilinx/Vivado/2018.2/common/technology/autopilot/hls/hls_video_arithm.h:230->D:/Xilinx/Vivado/2018.2/common/technology/autopilot/hls/hls_video_arithm.h:433->D:/Xilinx/Vivado/2018.2/common/technology/autopilot/hls/hls_video_arithm.h:761]   --->   Operation 56 'add' 'p_Val2_15' <Predicate = (!exitcond_i)> <Delay = 2.11> <Core = "AddSub">   --->   Core 14 'AddSub' <Latency = 0> <II = 1> <Delay = 2.70> <FuncUnit> <Opcode : 'add' 'sub'> <InPorts = 2> <OutPorts = 1>
ST_5 : Operation 57 [1/1] (1.04ns)   --->   "%p_Val2_19 = select i1 %tmp_19, i8 0, i8 %p_Val2_15" [D:/Xilinx/Vivado/2018.2/common/technology/autopilot/hls/hls_video_types.h:401->D:/Xilinx/Vivado/2018.2/common/technology/autopilot/hls/hls_video_types.h:500->D:/Xilinx/Vivado/2018.2/common/technology/autopilot/hls/hls_video_arithm.h:230->D:/Xilinx/Vivado/2018.2/common/technology/autopilot/hls/hls_video_arithm.h:433->D:/Xilinx/Vivado/2018.2/common/technology/autopilot/hls/hls_video_arithm.h:761]   --->   Operation 57 'select' 'p_Val2_19' <Predicate = (!exitcond_i)> <Delay = 1.04> <Core = "Sel">   --->   Core 26 'Sel' <Latency = 0> <II = 1> <Delay = 1.04> <FuncUnit> <Opcode : 'select'> <InPorts = 3> <OutPorts = 1>
ST_5 : Operation 58 [1/1] (0.00ns)   --->   "%tmp_4_i = call i32 (...)* @_ssdm_op_SpecRegionBegin([12 x i8]* @p_str45)" [D:/Xilinx/Vivado/2018.2/common/technology/autopilot/hls/hls_video_core.h:641->D:/Xilinx/Vivado/2018.2/common/technology/autopilot/hls/hls_video_core.h:662->D:/Xilinx/Vivado/2018.2/common/technology/autopilot/hls/hls_video_arithm.h:436->D:/Xilinx/Vivado/2018.2/common/technology/autopilot/hls/hls_video_arithm.h:761]   --->   Operation 58 'specregionbegin' 'tmp_4_i' <Predicate = (!exitcond_i)> <Delay = 0.00>
ST_5 : Operation 59 [1/1] (0.00ns)   --->   "call void (...)* @_ssdm_op_SpecProtocol(i32 0, [1 x i8]* @p_str3) nounwind" [D:/Xilinx/Vivado/2018.2/common/technology/autopilot/hls/hls_video_core.h:645->D:/Xilinx/Vivado/2018.2/common/technology/autopilot/hls/hls_video_core.h:662->D:/Xilinx/Vivado/2018.2/common/technology/autopilot/hls/hls_video_arithm.h:436->D:/Xilinx/Vivado/2018.2/common/technology/autopilot/hls/hls_video_arithm.h:761]   --->   Operation 59 'specprotocol' <Predicate = (!exitcond_i)> <Delay = 0.00>
ST_5 : Operation 60 [1/1] (3.90ns)   --->   "call void @_ssdm_op_Write.ap_fifo.volatile.i8P(i8* %dst_data_stream_0_V, i8 %p_Val2_17)" [D:/Xilinx/Vivado/2018.2/common/technology/autopilot/hls/hls_video_core.h:648->D:/Xilinx/Vivado/2018.2/common/technology/autopilot/hls/hls_video_core.h:662->D:/Xilinx/Vivado/2018.2/common/technology/autopilot/hls/hls_video_arithm.h:436->D:/Xilinx/Vivado/2018.2/common/technology/autopilot/hls/hls_video_arithm.h:761]   --->   Operation 60 'write' <Predicate = (!exitcond_i)> <Delay = 3.90> <Core = "FIFO">   --->   Core 32 'FIFO' <Latency = 0> <II = 1> <Delay = 3.90> <Storage> <Opcode : 'read' 'write' 'nbread' 'nbwrite'> <Ports = 0> <Width = 8> <Depth = 2> <FIFO>
ST_5 : Operation 61 [1/1] (3.90ns)   --->   "call void @_ssdm_op_Write.ap_fifo.volatile.i8P(i8* %dst_data_stream_1_V, i8 %p_Val2_18)" [D:/Xilinx/Vivado/2018.2/common/technology/autopilot/hls/hls_video_core.h:648->D:/Xilinx/Vivado/2018.2/common/technology/autopilot/hls/hls_video_core.h:662->D:/Xilinx/Vivado/2018.2/common/technology/autopilot/hls/hls_video_arithm.h:436->D:/Xilinx/Vivado/2018.2/common/technology/autopilot/hls/hls_video_arithm.h:761]   --->   Operation 61 'write' <Predicate = (!exitcond_i)> <Delay = 3.90> <Core = "FIFO">   --->   Core 32 'FIFO' <Latency = 0> <II = 1> <Delay = 3.90> <Storage> <Opcode : 'read' 'write' 'nbread' 'nbwrite'> <Ports = 0> <Width = 8> <Depth = 2> <FIFO>
ST_5 : Operation 62 [1/1] (3.90ns)   --->   "call void @_ssdm_op_Write.ap_fifo.volatile.i8P(i8* %dst_data_stream_2_V, i8 %p_Val2_19)" [D:/Xilinx/Vivado/2018.2/common/technology/autopilot/hls/hls_video_core.h:648->D:/Xilinx/Vivado/2018.2/common/technology/autopilot/hls/hls_video_core.h:662->D:/Xilinx/Vivado/2018.2/common/technology/autopilot/hls/hls_video_arithm.h:436->D:/Xilinx/Vivado/2018.2/common/technology/autopilot/hls/hls_video_arithm.h:761]   --->   Operation 62 'write' <Predicate = (!exitcond_i)> <Delay = 3.90> <Core = "FIFO">   --->   Core 32 'FIFO' <Latency = 0> <II = 1> <Delay = 3.90> <Storage> <Opcode : 'read' 'write' 'nbread' 'nbwrite'> <Ports = 0> <Width = 8> <Depth = 2> <FIFO>
ST_5 : Operation 63 [1/1] (0.00ns)   --->   "%empty_62 = call i32 (...)* @_ssdm_op_SpecRegionEnd([12 x i8]* @p_str45, i32 %tmp_4_i)" [D:/Xilinx/Vivado/2018.2/common/technology/autopilot/hls/hls_video_core.h:650->D:/Xilinx/Vivado/2018.2/common/technology/autopilot/hls/hls_video_core.h:662->D:/Xilinx/Vivado/2018.2/common/technology/autopilot/hls/hls_video_arithm.h:436->D:/Xilinx/Vivado/2018.2/common/technology/autopilot/hls/hls_video_arithm.h:761]   --->   Operation 63 'specregionend' 'empty_62' <Predicate = (!exitcond_i)> <Delay = 0.00>
ST_5 : Operation 64 [1/1] (0.00ns)   --->   "%empty_63 = call i32 (...)* @_ssdm_op_SpecRegionEnd([11 x i8]* @p_str12, i32 %tmp_1_i)" [D:/Xilinx/Vivado/2018.2/common/technology/autopilot/hls/hls_video_arithm.h:437->D:/Xilinx/Vivado/2018.2/common/technology/autopilot/hls/hls_video_arithm.h:761]   --->   Operation 64 'specregionend' 'empty_63' <Predicate = (!exitcond_i)> <Delay = 0.00>
ST_5 : Operation 65 [1/1] (0.00ns)   --->   "br label %2" [D:/Xilinx/Vivado/2018.2/common/technology/autopilot/hls/hls_video_arithm.h:427->D:/Xilinx/Vivado/2018.2/common/technology/autopilot/hls/hls_video_arithm.h:761]   --->   Operation 65 'br' <Predicate = (!exitcond_i)> <Delay = 0.00>

State 6 <SV = 3> <Delay = 0.00>
ST_6 : Operation 66 [1/1] (0.00ns)   --->   "%empty_64 = call i32 (...)* @_ssdm_op_SpecRegionEnd([12 x i8]* @p_str11, i32 %tmp_i)" [D:/Xilinx/Vivado/2018.2/common/technology/autopilot/hls/hls_video_arithm.h:438->D:/Xilinx/Vivado/2018.2/common/technology/autopilot/hls/hls_video_arithm.h:761]   --->   Operation 66 'specregionend' 'empty_64' <Predicate = true> <Delay = 0.00>
ST_6 : Operation 67 [1/1] (0.00ns)   --->   "br label %0" [D:/Xilinx/Vivado/2018.2/common/technology/autopilot/hls/hls_video_arithm.h:426->D:/Xilinx/Vivado/2018.2/common/technology/autopilot/hls/hls_video_arithm.h:761]   --->   Operation 67 'br' <Predicate = true> <Delay = 0.00>


============================================================
+ Verbose Summary: Timing violations
============================================================
Target clock period: 10ns, clock uncertainty: 0.125ns.

 <State 1>: 1.66ns
The critical path consists of the following:
	multiplexor before 'phi' operation ('i.V') with incoming values : ('i.V', D:/Xilinx/Vivado/2018.2/common/technology/autopilot/hls/hls_video_arithm.h:426->D:/Xilinx/Vivado/2018.2/common/technology/autopilot/hls/hls_video_arithm.h:761) [23]  (1.66 ns)

 <State 2>: 3.42ns
The critical path consists of the following:
	'icmp' operation ('exitcond1_i', D:/Xilinx/Vivado/2018.2/common/technology/autopilot/hls/hls_video_arithm.h:426->D:/Xilinx/Vivado/2018.2/common/technology/autopilot/hls/hls_video_arithm.h:761) [24]  (2.44 ns)
	blocking operation 0.978 ns on control path)

 <State 3>: 2.7ns
The critical path consists of the following:
	'phi' operation ('j.V') with incoming values : ('j.V', D:/Xilinx/Vivado/2018.2/common/technology/autopilot/hls/hls_video_arithm.h:427->D:/Xilinx/Vivado/2018.2/common/technology/autopilot/hls/hls_video_arithm.h:761) [33]  (0 ns)
	'add' operation ('j.V', D:/Xilinx/Vivado/2018.2/common/technology/autopilot/hls/hls_video_arithm.h:427->D:/Xilinx/Vivado/2018.2/common/technology/autopilot/hls/hls_video_arithm.h:761) [36]  (2.7 ns)

 <State 4>: 3.91ns
The critical path consists of the following:
	fifo read on port 'src_data_stream_0_V' (D:/Xilinx/Vivado/2018.2/common/technology/autopilot/hls/hls_video_core.h:624->D:/Xilinx/Vivado/2018.2/common/technology/autopilot/hls/hls_video_core.h:656->D:/Xilinx/Vivado/2018.2/common/technology/autopilot/hls/hls_video_arithm.h:430->D:/Xilinx/Vivado/2018.2/common/technology/autopilot/hls/hls_video_arithm.h:761) [44]  (3.91 ns)

 <State 5>: 7.06ns
The critical path consists of the following:
	'add' operation ('op.V', D:/Xilinx/Vivado/2018.2/common/technology/autopilot/hls/hls_video_arithm.h:229->D:/Xilinx/Vivado/2018.2/common/technology/autopilot/hls/hls_video_arithm.h:433->D:/Xilinx/Vivado/2018.2/common/technology/autopilot/hls/hls_video_arithm.h:761) [49]  (2.12 ns)
	'select' operation ('__Val2__', D:/Xilinx/Vivado/2018.2/common/technology/autopilot/hls/hls_video_types.h:401->D:/Xilinx/Vivado/2018.2/common/technology/autopilot/hls/hls_video_types.h:500->D:/Xilinx/Vivado/2018.2/common/technology/autopilot/hls/hls_video_arithm.h:230->D:/Xilinx/Vivado/2018.2/common/technology/autopilot/hls/hls_video_arithm.h:433->D:/Xilinx/Vivado/2018.2/common/technology/autopilot/hls/hls_video_arithm.h:761) [52]  (1.04 ns)
	fifo write on port 'dst_data_stream_0_V' (D:/Xilinx/Vivado/2018.2/common/technology/autopilot/hls/hls_video_core.h:648->D:/Xilinx/Vivado/2018.2/common/technology/autopilot/hls/hls_video_core.h:662->D:/Xilinx/Vivado/2018.2/common/technology/autopilot/hls/hls_video_arithm.h:436->D:/Xilinx/Vivado/2018.2/common/technology/autopilot/hls/hls_video_arithm.h:761) [65]  (3.91 ns)

 <State 6>: 0ns
The critical path consists of the following:


============================================================
+ Verbose Summary: Binding
============================================================
N/A
* FSMD analyzer results:
  - Output states:
 - Input state : 
  - Chain level:
	State 1
	State 2
	State 3
	State 4
	State 5
	State 6


============================================================
+ Verbose Summary: Datapath Resource usage 
============================================================
N/A
