

================================================================
== Vivado HLS Report for 'Filter2D'
================================================================
* Date:           Wed Jul 28 22:30:30 2021

* Version:        2018.2 (Build 2258646 on Thu Jun 14 20:25:20 MDT 2018)
* Project:        image_filter_prj
* Solution:       solution1
* Product family: artix7
* Target device:  xc7a75tfgg484-1


================================================================
== Performance Estimates
================================================================
+ Timing (ns): 
    * Summary: 
    +--------+-------+----------+------------+
    |  Clock | Target| Estimated| Uncertainty|
    +--------+-------+----------+------------+
    |ap_clk  |  10.00|     9.698|        0.12|
    +--------+-------+----------+------------+

+ Latency (clock cycles): 
    * Summary: 
    +-----+---------+-----+---------+---------+
    |    Latency    |    Interval   | Pipeline|
    | min |   max   | min |   max   |   Type  |
    +-----+---------+-----+---------+---------+
    |  157|  2089111|  157|  2089111|   none  |
    +-----+---------+-----+---------+---------+

    + Detail: 
        * Instance: 
        N/A

        * Loop: 
        +---------------+-----+---------+-----------+-----------+-----------+-----------+----------+
        |               |    Latency    | Iteration |  Initiation Interval  |    Trip   |          |
        |   Loop Name   | min |   max   |  Latency  |  achieved |   target  |   Count   | Pipelined|
        +---------------+-----+---------+-----------+-----------+-----------+-----------+----------+
        |- Loop 1       |    2|        2|          1|          -|          -|          3|    no    |
        |- loop_height  |  153|  2089107| 17 ~ 1929 |          -|          -|  9 ~ 1083 |    no    |
        | + loop_width  |   13|     1925|          5|          1|          1| 10 ~ 1922 |    yes   |
        +---------------+-----+---------+-----------+-----------+-----------+-----------+----------+



================================================================
== Utilization Estimates
================================================================
* Summary: 
+-----------------+---------+-------+-------+-------+
|       Name      | BRAM_18K| DSP48E|   FF  |  LUT  |
+-----------------+---------+-------+-------+-------+
|DSP              |        -|      -|      -|      -|
|Expression       |        -|      -|      0|   2322|
|FIFO             |        -|      -|      -|      -|
|Instance         |        -|      -|      0|    270|
|Memory           |        9|      -|      0|      0|
|Multiplexer      |        -|      -|      -|    227|
|Register         |        0|      -|    876|     64|
+-----------------+---------+-------+-------+-------+
|Total            |        9|      0|    876|   2883|
+-----------------+---------+-------+-------+-------+
|Available        |      210|    180|  94400|  47200|
+-----------------+---------+-------+-------+-------+
|Utilization (%)  |        4|      0|   ~0  |      6|
+-----------------+---------+-------+-------+-------+

+ Detail: 
    * Instance: 
    +--------------------------+----------------------+---------+-------+---+----+
    |         Instance         |        Module        | BRAM_18K| DSP48E| FF| LUT|
    +--------------------------+----------------------+---------+-------+---+----+
    |image_filter_mux_kbM_U13  |image_filter_mux_kbM  |        0|      0|  0|  15|
    |image_filter_mux_kbM_U14  |image_filter_mux_kbM  |        0|      0|  0|  15|
    |image_filter_mux_kbM_U15  |image_filter_mux_kbM  |        0|      0|  0|  15|
    |image_filter_mux_kbM_U16  |image_filter_mux_kbM  |        0|      0|  0|  15|
    |image_filter_mux_kbM_U17  |image_filter_mux_kbM  |        0|      0|  0|  15|
    |image_filter_mux_kbM_U18  |image_filter_mux_kbM  |        0|      0|  0|  15|
    |image_filter_mux_kbM_U19  |image_filter_mux_kbM  |        0|      0|  0|  15|
    |image_filter_mux_kbM_U20  |image_filter_mux_kbM  |        0|      0|  0|  15|
    |image_filter_mux_kbM_U21  |image_filter_mux_kbM  |        0|      0|  0|  15|
    |image_filter_mux_kbM_U22  |image_filter_mux_kbM  |        0|      0|  0|  15|
    |image_filter_mux_kbM_U23  |image_filter_mux_kbM  |        0|      0|  0|  15|
    |image_filter_mux_kbM_U24  |image_filter_mux_kbM  |        0|      0|  0|  15|
    |image_filter_mux_kbM_U25  |image_filter_mux_kbM  |        0|      0|  0|  15|
    |image_filter_mux_kbM_U26  |image_filter_mux_kbM  |        0|      0|  0|  15|
    |image_filter_mux_kbM_U27  |image_filter_mux_kbM  |        0|      0|  0|  15|
    |image_filter_mux_kbM_U28  |image_filter_mux_kbM  |        0|      0|  0|  15|
    |image_filter_mux_kbM_U29  |image_filter_mux_kbM  |        0|      0|  0|  15|
    |image_filter_mux_kbM_U30  |image_filter_mux_kbM  |        0|      0|  0|  15|
    +--------------------------+----------------------+---------+-------+---+----+
    |Total                     |                      |        0|      0|  0| 270|
    +--------------------------+----------------------+---------+-------+---+----+

    * DSP48: 
    N/A

    * Memory: 
    +-----------------+----------------------+---------+---+----+------+-----+------+-------------+
    |      Memory     |        Module        | BRAM_18K| FF| LUT| Words| Bits| Banks| W*Bits*Banks|
    +-----------------+----------------------+---------+---+----+------+-----+------+-------------+
    |k_buf_0_val_3_U  |Filter2D_k_buf_0_bkb  |        1|  0|   0|  1920|    8|     1|        15360|
    |k_buf_0_val_4_U  |Filter2D_k_buf_0_bkb  |        1|  0|   0|  1920|    8|     1|        15360|
    |k_buf_0_val_5_U  |Filter2D_k_buf_0_bkb  |        1|  0|   0|  1920|    8|     1|        15360|
    |k_buf_1_val_3_U  |Filter2D_k_buf_0_bkb  |        1|  0|   0|  1920|    8|     1|        15360|
    |k_buf_1_val_4_U  |Filter2D_k_buf_0_bkb  |        1|  0|   0|  1920|    8|     1|        15360|
    |k_buf_1_val_5_U  |Filter2D_k_buf_0_bkb  |        1|  0|   0|  1920|    8|     1|        15360|
    |k_buf_2_val_3_U  |Filter2D_k_buf_0_bkb  |        1|  0|   0|  1920|    8|     1|        15360|
    |k_buf_2_val_4_U  |Filter2D_k_buf_0_bkb  |        1|  0|   0|  1920|    8|     1|        15360|
    |k_buf_2_val_5_U  |Filter2D_k_buf_0_bkb  |        1|  0|   0|  1920|    8|     1|        15360|
    +-----------------+----------------------+---------+---+----+------+-----+------+-------------+
    |Total            |                      |        9|  0|   0| 17280|   72|     9|       138240|
    +-----------------+----------------------+---------+---+----+------+-----+------+-------------+

    * FIFO: 
    N/A

    * Expression: 
    +-----------------------------------+----------+-------+---+----+------------+------------+
    |           Variable Name           | Operation| DSP48E| FF| LUT| Bitwidth P0| Bitwidth P1|
    +-----------------------------------+----------+-------+---+----+------------+------------+
    |ImagLoc_x_fu_1015_p2               |     +    |      0|  0|  39|           2|          32|
    |i_V_fu_678_p2                      |     +    |      0|  0|  39|          32|           1|
    |j_V_fu_993_p2                      |     +    |      0|  0|  39|          32|           1|
    |p_Val2_20_fu_1726_p2               |     +    |      0|  0|   8|          11|          11|
    |p_Val2_21_fu_1757_p2               |     +    |      0|  0|   8|           8|           8|
    |p_Val2_23_fu_1894_p2               |     +    |      0|  0|   8|          11|          11|
    |p_Val2_24_fu_1925_p2               |     +    |      0|  0|   8|           8|           8|
    |p_Val2_26_fu_2093_p2               |     +    |      0|  0|   8|           8|           8|
    |p_Val2_s_fu_2062_p2                |     +    |      0|  0|   8|          11|          11|
    |p_assign_6_0_1_fu_785_p2           |     +    |      0|  0|  39|           3|          32|
    |p_assign_6_0_2_fu_848_p2           |     +    |      0|  0|  39|           3|          32|
    |p_neg394_i_fu_641_p2               |     +    |      0|  0|  39|           2|          32|
    |tmp21_fu_1704_p2                   |     +    |      0|  0|  18|          11|          11|
    |tmp22_fu_1720_p2                   |     +    |      0|  0|   8|          11|          11|
    |tmp23_fu_1710_p2                   |     +    |      0|  0|  17|          10|          10|
    |tmp24_fu_1740_p2                   |     +    |      0|  0|  15|           8|           8|
    |tmp25_fu_1751_p2                   |     +    |      0|  0|   8|           8|           8|
    |tmp26_fu_1746_p2                   |     +    |      0|  0|  15|           8|           8|
    |tmp29_fu_1872_p2                   |     +    |      0|  0|  18|          11|          11|
    |tmp30_fu_1888_p2                   |     +    |      0|  0|   8|          11|          11|
    |tmp31_fu_1878_p2                   |     +    |      0|  0|  17|          10|          10|
    |tmp32_fu_1908_p2                   |     +    |      0|  0|  15|           8|           8|
    |tmp33_fu_1919_p2                   |     +    |      0|  0|   8|           8|           8|
    |tmp34_fu_1914_p2                   |     +    |      0|  0|  15|           8|           8|
    |tmp37_fu_2040_p2                   |     +    |      0|  0|  18|          11|          11|
    |tmp38_fu_2056_p2                   |     +    |      0|  0|   8|          11|          11|
    |tmp39_fu_2046_p2                   |     +    |      0|  0|  17|          10|          10|
    |tmp40_fu_2076_p2                   |     +    |      0|  0|  15|           8|           8|
    |tmp41_fu_2087_p2                   |     +    |      0|  0|   8|           8|           8|
    |tmp42_fu_2082_p2                   |     +    |      0|  0|  15|           8|           8|
    |tmp_11_fu_722_p2                   |     +    |      0|  0|  39|           2|          32|
    |tmp_3_fu_619_p2                    |     +    |      0|  0|  10|           2|           1|
    |tmp_5_fu_636_p2                    |     +    |      0|  0|  39|           2|          32|
    |tmp_6_fu_646_p2                    |     +    |      0|  0|  39|           2|          32|
    |tmp_7_fu_656_p2                    |     +    |      0|  0|  39|           2|          32|
    |tmp_80_2_fu_667_p2                 |     +    |      0|  0|  39|           3|          32|
    |tmp_s_fu_631_p2                    |     +    |      0|  0|  39|           2|          32|
    |col_assign_2_fu_1094_p2            |     -    |      0|  0|  39|          32|          32|
    |p_Val2_8_0_0_2_fu_1627_p2          |     -    |      0|  0|  16|           9|           9|
    |p_Val2_8_1_0_2_fu_1795_p2          |     -    |      0|  0|  16|           9|           9|
    |p_Val2_8_2_0_2_fu_1963_p2          |     -    |      0|  0|  16|           9|           9|
    |p_assign_1_fu_1054_p2              |     -    |      0|  0|  39|           1|          32|
    |p_assign_2_fu_1073_p2              |     -    |      0|  0|  39|          32|          32|
    |p_assign_7_0_1_fu_824_p2           |     -    |      0|  0|  39|           2|          32|
    |p_assign_7_0_2_fu_887_p2           |     -    |      0|  0|  39|           2|          32|
    |p_assign_7_fu_761_p2               |     -    |      0|  0|  39|           1|          32|
    |p_assign_8_0_1_fu_843_p2           |     -    |      0|  0|  39|          32|          32|
    |p_assign_8_0_2_fu_906_p2           |     -    |      0|  0|  39|          32|          32|
    |p_assign_8_fu_780_p2               |     -    |      0|  0|  39|          32|          32|
    |r_V_2_0_1_fu_1649_p2               |     -    |      0|  0|  17|           1|          10|
    |r_V_2_0_2_fu_1687_p2               |     -    |      0|  0|  16|           1|           9|
    |r_V_2_1_1_fu_1817_p2               |     -    |      0|  0|  17|           1|          10|
    |r_V_2_1_2_fu_1855_p2               |     -    |      0|  0|  16|           1|           9|
    |r_V_2_2_1_fu_1985_p2               |     -    |      0|  0|  17|           1|          10|
    |r_V_2_2_2_fu_2023_p2               |     -    |      0|  0|  16|           1|           9|
    |row_assign_9_0_1_fu_972_p2         |     -    |      0|  0|  39|          32|          32|
    |row_assign_9_0_2_fu_980_p2         |     -    |      0|  0|  39|          32|          32|
    |row_assign_9_fu_964_p2             |     -    |      0|  0|  39|          32|          32|
    |ap_condition_596                   |    and   |      0|  0|   2|           1|           1|
    |ap_condition_602                   |    and   |      0|  0|   2|           1|           1|
    |ap_predicate_op228_read_state7     |    and   |      0|  0|   2|           1|           1|
    |ap_predicate_op240_read_state7     |    and   |      0|  0|   2|           1|           1|
    |or_cond_i427_i_fu_1040_p2          |    and   |      0|  0|   2|           1|           1|
    |or_cond_i_fu_1108_p2               |    and   |      0|  0|   2|           1|           1|
    |or_cond_i_i_0_1_fu_810_p2          |    and   |      0|  0|   2|           1|           1|
    |or_cond_i_i_0_2_fu_873_p2          |    and   |      0|  0|   2|           1|           1|
    |or_cond_i_i_fu_747_p2              |    and   |      0|  0|   2|           1|           1|
    |overflow_3_fu_2259_p2              |    and   |      0|  0|   2|           1|           1|
    |overflow_4_fu_2290_p2              |    and   |      0|  0|   2|           1|           1|
    |overflow_fu_2228_p2                |    and   |      0|  0|   2|           1|           1|
    |exitcond389_i_fu_988_p2            |   icmp   |      0|  0|  18|          32|          32|
    |exitcond390_i_fu_673_p2            |   icmp   |      0|  0|  18|          32|          32|
    |icmp1_fu_1009_p2                   |   icmp   |      0|  0|  18|          31|           1|
    |icmp_fu_699_p2                     |   icmp   |      0|  0|  18|          31|           1|
    |not_i_i_i1_fu_1941_p2              |   icmp   |      0|  0|   9|           3|           1|
    |not_i_i_i2_fu_2109_p2              |   icmp   |      0|  0|   9|           3|           1|
    |not_i_i_i_fu_1773_p2               |   icmp   |      0|  0|   9|           3|           1|
    |tmp_10_fu_717_p2                   |   icmp   |      0|  0|  18|          32|          32|
    |tmp_128_0_1_fu_711_p2              |   icmp   |      0|  0|  18|          32|           1|
    |tmp_12_fu_742_p2                   |   icmp   |      0|  0|  18|          32|          32|
    |tmp_14_fu_775_p2                   |   icmp   |      0|  0|  18|          32|          32|
    |tmp_154_0_1_fu_805_p2              |   icmp   |      0|  0|  18|          32|          32|
    |tmp_154_0_2_fu_868_p2              |   icmp   |      0|  0|  18|          32|          32|
    |tmp_15_fu_1035_p2                  |   icmp   |      0|  0|  18|          32|          32|
    |tmp_164_0_1_fu_838_p2              |   icmp   |      0|  0|  18|          32|          32|
    |tmp_164_0_2_fu_901_p2              |   icmp   |      0|  0|  18|          32|          32|
    |tmp_16_fu_1068_p2                  |   icmp   |      0|  0|  18|          32|          32|
    |tmp_1_fu_705_p2                    |   icmp   |      0|  0|  18|          32|           1|
    |tmp_4_fu_625_p2                    |   icmp   |      0|  0|   9|           2|           3|
    |tmp_8_fu_684_p2                    |   icmp   |      0|  0|  18|          32|          32|
    |ap_block_pp0_stage0_01001          |    or    |      0|  0|   2|           1|           1|
    |ap_block_state7_pp0_stage0_iter2   |    or    |      0|  0|   2|           1|           1|
    |ap_block_state9_pp0_stage0_iter4   |    or    |      0|  0|   2|           1|           1|
    |brmerge_fu_1099_p2                 |    or    |      0|  0|   2|           1|           1|
    |tmp_i_i2_fu_2272_p2                |    or    |      0|  0|   2|           1|           1|
    |tmp_i_i3_fu_2303_p2                |    or    |      0|  0|   2|           1|           1|
    |tmp_i_i_fu_2241_p2                 |    or    |      0|  0|   2|           1|           1|
    |col_buf_0_val_0_0_fu_1163_p3       |  select  |      0|  0|   8|           1|           8|
    |col_buf_0_val_1_0_fu_1181_p3       |  select  |      0|  0|   8|           1|           8|
    |col_buf_0_val_2_0_fu_1199_p3       |  select  |      0|  0|   8|           1|           8|
    |col_buf_1_val_0_0_fu_1328_p3       |  select  |      0|  0|   8|           1|           8|
    |col_buf_1_val_1_0_fu_1346_p3       |  select  |      0|  0|   8|           1|           8|
    |col_buf_1_val_2_0_fu_1364_p3       |  select  |      0|  0|   8|           1|           8|
    |col_buf_2_val_0_0_fu_1484_p3       |  select  |      0|  0|   8|           1|           8|
    |col_buf_2_val_1_0_fu_1502_p3       |  select  |      0|  0|   8|           1|           8|
    |col_buf_2_val_2_0_fu_1520_p3       |  select  |      0|  0|   8|           1|           8|
    |p_dst_data_stream_0_V_din          |  select  |      0|  0|   8|           1|           8|
    |p_dst_data_stream_1_V_din          |  select  |      0|  0|   8|           1|           8|
    |p_dst_data_stream_2_V_din          |  select  |      0|  0|   8|           1|           8|
    |p_mux_i_i30_cast_fu_2264_p3        |  select  |      0|  0|   2|           1|           2|
    |p_mux_i_i39_cast_fu_2295_p3        |  select  |      0|  0|   2|           1|           2|
    |p_mux_i_i_cast_fu_2233_p3          |  select  |      0|  0|   2|           1|           2|
    |p_p2_i429_i_fu_1060_p3             |  select  |      0|  0|  32|           1|          32|
    |p_p2_i429_i_p_assign_2_fu_1078_p3  |  select  |      0|  0|  32|           1|          32|
    |p_p2_i_i_0_1_fu_830_p3             |  select  |      0|  0|  32|           1|          32|
    |p_p2_i_i_0_1_p_assign_fu_927_p3    |  select  |      0|  0|  32|           1|          32|
    |p_p2_i_i_0_2_fu_893_p3             |  select  |      0|  0|  32|           1|          32|
    |p_p2_i_i_0_2_p_assign_fu_943_p3    |  select  |      0|  0|  32|           1|          32|
    |p_p2_i_i_0_p_assign_8_fu_911_p3    |  select  |      0|  0|  32|           1|          32|
    |p_p2_i_i_fu_767_p3                 |  select  |      0|  0|  32|           1|          32|
    |src_kernel_win_0_va_6_fu_1256_p3   |  select  |      0|  0|   8|           1|           8|
    |src_kernel_win_0_va_7_fu_1274_p3   |  select  |      0|  0|   8|           1|           8|
    |src_kernel_win_0_va_8_fu_1292_p3   |  select  |      0|  0|   8|           1|           8|
    |src_kernel_win_1_va_6_fu_1421_p3   |  select  |      0|  0|   8|           1|           8|
    |src_kernel_win_1_va_7_fu_1439_p3   |  select  |      0|  0|   8|           1|           8|
    |src_kernel_win_1_va_8_fu_1457_p3   |  select  |      0|  0|   8|           1|           8|
    |src_kernel_win_2_va_10_fu_1586_p3  |  select  |      0|  0|   8|           1|           8|
    |src_kernel_win_2_va_11_fu_1604_p3  |  select  |      0|  0|   8|           1|           8|
    |src_kernel_win_2_va_9_fu_1568_p3   |  select  |      0|  0|   8|           1|           8|
    |x_fu_1086_p3                       |  select  |      0|  0|  32|           1|          32|
    |y_1_0_1_fu_935_p3                  |  select  |      0|  0|  32|           1|          32|
    |y_1_0_2_fu_951_p3                  |  select  |      0|  0|  32|           1|          32|
    |y_1_fu_919_p3                      |  select  |      0|  0|  32|           1|          32|
    |ap_enable_pp0                      |    xor   |      0|  0|   2|           1|           2|
    |rev1_fu_799_p2                     |    xor   |      0|  0|   2|           1|           2|
    |rev2_fu_862_p2                     |    xor   |      0|  0|   2|           1|           2|
    |rev3_fu_1029_p2                    |    xor   |      0|  0|   2|           1|           2|
    |rev_fu_736_p2                      |    xor   |      0|  0|   2|           1|           2|
    |tmp_84_0_0_not_fu_959_p2           |    xor   |      0|  0|   2|           1|           2|
    |tmp_8_i_i1_fu_2254_p2              |    xor   |      0|  0|   2|           1|           2|
    |tmp_8_i_i2_fu_2285_p2              |    xor   |      0|  0|   2|           1|           2|
    |tmp_8_i_i_fu_2223_p2               |    xor   |      0|  0|   2|           1|           2|
    +-----------------------------------+----------+-------+---+----+------------+------------+
    |Total                              |          |      0|  0|2322|        1194|        2005|
    +-----------------------------------+----------+-------+---+----+------------+------------+

    * Multiplexer: 
    +-----------------------------+----+-----------+-----+-----------+
    |             Name            | LUT| Input Size| Bits| Total Bits|
    +-----------------------------+----+-----------+-----+-----------+
    |ap_NS_fsm                    |  38|          7|    1|          7|
    |ap_enable_reg_pp0_iter3      |   9|          2|    1|          2|
    |ap_enable_reg_pp0_iter4      |   9|          2|    1|          2|
    |k_buf_0_val_4_d1             |  15|          3|    8|         24|
    |k_buf_0_val_5_d1             |  15|          3|    8|         24|
    |k_buf_1_val_4_d1             |  15|          3|    8|         24|
    |k_buf_1_val_5_d1             |  15|          3|    8|         24|
    |k_buf_2_val_4_d1             |  15|          3|    8|         24|
    |k_buf_2_val_5_d1             |  15|          3|    8|         24|
    |p_dst_data_stream_0_V_blk_n  |   9|          2|    1|          2|
    |p_dst_data_stream_1_V_blk_n  |   9|          2|    1|          2|
    |p_dst_data_stream_2_V_blk_n  |   9|          2|    1|          2|
    |p_src_data_stream_0_V_blk_n  |   9|          2|    1|          2|
    |p_src_data_stream_1_V_blk_n  |   9|          2|    1|          2|
    |p_src_data_stream_2_V_blk_n  |   9|          2|    1|          2|
    |t_V_4_reg_608                |   9|          2|   32|         64|
    |t_V_reg_597                  |   9|          2|   32|         64|
    |tmp_2_reg_586                |   9|          2|    2|          4|
    +-----------------------------+----+-----------+-----+-----------+
    |Total                        | 227|         47|  123|        299|
    +-----------------------------+----+-----------+-----+-----------+

    * Register: 
    +---------------------------------------+----+----+-----+-----------+
    |                  Name                 | FF | LUT| Bits| Const Bits|
    +---------------------------------------+----+----+-----+-----------+
    |ap_CS_fsm                              |   6|   0|    6|          0|
    |ap_enable_reg_pp0_iter0                |   1|   0|    1|          0|
    |ap_enable_reg_pp0_iter1                |   1|   0|    1|          0|
    |ap_enable_reg_pp0_iter2                |   1|   0|    1|          0|
    |ap_enable_reg_pp0_iter3                |   1|   0|    1|          0|
    |ap_enable_reg_pp0_iter4                |   1|   0|    1|          0|
    |brmerge_reg_2702                       |   1|   0|    1|          0|
    |brmerge_reg_2702_pp0_iter1_reg         |   1|   0|    1|          0|
    |exitcond389_i_reg_2684                 |   1|   0|    1|          0|
    |i_V_reg_2607                           |  32|   0|   32|          0|
    |icmp_reg_2617                          |   1|   0|    1|          0|
    |isneg_1_reg_2862                       |   1|   0|    1|          0|
    |isneg_2_reg_2878                       |   1|   0|    1|          0|
    |isneg_reg_2846                         |   1|   0|    1|          0|
    |k_buf_0_val_3_addr_reg_2732            |  11|   0|   11|          0|
    |k_buf_0_val_4_addr_reg_2738            |  11|   0|   11|          0|
    |k_buf_0_val_5_addr_reg_2744            |  11|   0|   11|          0|
    |k_buf_1_val_3_addr_reg_2750            |  11|   0|   11|          0|
    |k_buf_1_val_4_addr_reg_2756            |  11|   0|   11|          0|
    |k_buf_1_val_5_addr_reg_2762            |  11|   0|   11|          0|
    |k_buf_2_val_3_addr_reg_2768            |  11|   0|   11|          0|
    |k_buf_2_val_4_addr_reg_2774            |  11|   0|   11|          0|
    |k_buf_2_val_5_addr_reg_2780            |  11|   0|   11|          0|
    |not_i_i_i1_reg_2873                    |   1|   0|    1|          0|
    |not_i_i_i2_reg_2889                    |   1|   0|    1|          0|
    |not_i_i_i_reg_2857                     |   1|   0|    1|          0|
    |or_cond_i427_i_reg_2693                |   1|   0|    1|          0|
    |or_cond_i427_i_reg_2693_pp0_iter1_reg  |   1|   0|    1|          0|
    |or_cond_i_reg_2728                     |   1|   0|    1|          0|
    |p_Val2_21_reg_2852                     |   8|   0|    8|          0|
    |p_Val2_24_reg_2868                     |   8|   0|    8|          0|
    |p_Val2_26_reg_2884                     |   8|   0|    8|          0|
    |right_border_buf_0_1_fu_308            |   8|   0|    8|          0|
    |right_border_buf_0_2_fu_316            |   8|   0|    8|          0|
    |right_border_buf_0_3_fu_320            |   8|   0|    8|          0|
    |right_border_buf_0_4_fu_328            |   8|   0|    8|          0|
    |right_border_buf_0_5_fu_332            |   8|   0|    8|          0|
    |right_border_buf_0_s_fu_304            |   8|   0|    8|          0|
    |right_border_buf_1_1_fu_344            |   8|   0|    8|          0|
    |right_border_buf_1_2_fu_352            |   8|   0|    8|          0|
    |right_border_buf_1_3_fu_356            |   8|   0|    8|          0|
    |right_border_buf_1_4_fu_364            |   8|   0|    8|          0|
    |right_border_buf_1_5_fu_368            |   8|   0|    8|          0|
    |right_border_buf_1_s_fu_340            |   8|   0|    8|          0|
    |right_border_buf_2_1_fu_324            |   8|   0|    8|          0|
    |right_border_buf_2_2_fu_336            |   8|   0|    8|          0|
    |right_border_buf_2_3_fu_348            |   8|   0|    8|          0|
    |right_border_buf_2_4_fu_360            |   8|   0|    8|          0|
    |right_border_buf_2_5_fu_372            |   8|   0|    8|          0|
    |right_border_buf_2_s_fu_312            |   8|   0|    8|          0|
    |src_kernel_win_0_va_1_fu_236           |   8|   0|    8|          0|
    |src_kernel_win_0_va_2_fu_240           |   8|   0|    8|          0|
    |src_kernel_win_0_va_3_fu_244           |   8|   0|    8|          0|
    |src_kernel_win_0_va_4_fu_248           |   8|   0|    8|          0|
    |src_kernel_win_0_va_5_fu_252           |   8|   0|    8|          0|
    |src_kernel_win_0_va_6_reg_2786         |   8|   0|    8|          0|
    |src_kernel_win_0_va_7_reg_2793         |   8|   0|    8|          0|
    |src_kernel_win_0_va_8_reg_2800         |   8|   0|    8|          0|
    |src_kernel_win_0_va_fu_232             |   8|   0|    8|          0|
    |src_kernel_win_1_va_1_fu_260           |   8|   0|    8|          0|
    |src_kernel_win_1_va_2_fu_264           |   8|   0|    8|          0|
    |src_kernel_win_1_va_3_fu_268           |   8|   0|    8|          0|
    |src_kernel_win_1_va_4_fu_272           |   8|   0|    8|          0|
    |src_kernel_win_1_va_5_fu_276           |   8|   0|    8|          0|
    |src_kernel_win_1_va_6_reg_2806         |   8|   0|    8|          0|
    |src_kernel_win_1_va_7_reg_2813         |   8|   0|    8|          0|
    |src_kernel_win_1_va_8_reg_2820         |   8|   0|    8|          0|
    |src_kernel_win_1_va_fu_256             |   8|   0|    8|          0|
    |src_kernel_win_2_va_10_reg_2833        |   8|   0|    8|          0|
    |src_kernel_win_2_va_11_reg_2840        |   8|   0|    8|          0|
    |src_kernel_win_2_va_1_fu_284           |   8|   0|    8|          0|
    |src_kernel_win_2_va_2_fu_288           |   8|   0|    8|          0|
    |src_kernel_win_2_va_3_fu_292           |   8|   0|    8|          0|
    |src_kernel_win_2_va_4_fu_296           |   8|   0|    8|          0|
    |src_kernel_win_2_va_5_fu_300           |   8|   0|    8|          0|
    |src_kernel_win_2_va_9_reg_2826         |   8|   0|    8|          0|
    |src_kernel_win_2_va_fu_280             |   8|   0|    8|          0|
    |t_V_4_reg_608                          |  32|   0|   32|          0|
    |t_V_reg_597                            |  32|   0|   32|          0|
    |tmp_10_reg_2630                        |   1|   0|    1|          0|
    |tmp_128_0_1_reg_2626                   |   1|   0|    1|          0|
    |tmp_1_reg_2622                         |   1|   0|    1|          0|
    |tmp_2_reg_586                          |   2|   0|    2|          0|
    |tmp_48_reg_2663                        |   2|   0|    2|          0|
    |tmp_50_reg_2670                        |   2|   0|    2|          0|
    |tmp_57_reg_2677                        |   2|   0|    2|          0|
    |tmp_62_reg_2715                        |   2|   0|    2|          0|
    |tmp_62_reg_2715_pp0_iter1_reg          |   2|   0|    2|          0|
    |tmp_84_0_0_not_reg_2658                |   1|   0|    1|          0|
    |tmp_8_reg_2612                         |   1|   0|    1|          0|
    |x_reg_2697                             |  32|   0|   32|          0|
    |y_1_0_1_reg_2648                       |  32|   0|   32|          0|
    |y_1_0_2_reg_2653                       |  32|   0|   32|          0|
    |y_1_reg_2643                           |  32|   0|   32|          0|
    |exitcond389_i_reg_2684                 |  64|  32|    1|          0|
    |or_cond_i_reg_2728                     |  64|  32|    1|          0|
    +---------------------------------------+----+----+-----+-----------+
    |Total                                  | 876|  64|  750|          0|
    +---------------------------------------+----+----+-----+-----------+



================================================================
== Interface
================================================================
* Summary: 
+-------------------------------+-----+-----+------------+-----------------------+--------------+
|           RTL Ports           | Dir | Bits|  Protocol  |     Source Object     |    C Type    |
+-------------------------------+-----+-----+------------+-----------------------+--------------+
|ap_clk                         |  in |    1| ap_ctrl_hs |        Filter2D       | return value |
|ap_rst                         |  in |    1| ap_ctrl_hs |        Filter2D       | return value |
|ap_start                       |  in |    1| ap_ctrl_hs |        Filter2D       | return value |
|ap_done                        | out |    1| ap_ctrl_hs |        Filter2D       | return value |
|ap_idle                        | out |    1| ap_ctrl_hs |        Filter2D       | return value |
|ap_ready                       | out |    1| ap_ctrl_hs |        Filter2D       | return value |
|p_src_rows_V_read              |  in |   32|  ap_stable |   p_src_rows_V_read   |    scalar    |
|p_src_cols_V_read              |  in |   32|  ap_stable |   p_src_cols_V_read   |    scalar    |
|p_src_data_stream_0_V_dout     |  in |    8|   ap_fifo  | p_src_data_stream_0_V |    pointer   |
|p_src_data_stream_0_V_empty_n  |  in |    1|   ap_fifo  | p_src_data_stream_0_V |    pointer   |
|p_src_data_stream_0_V_read     | out |    1|   ap_fifo  | p_src_data_stream_0_V |    pointer   |
|p_src_data_stream_1_V_dout     |  in |    8|   ap_fifo  | p_src_data_stream_1_V |    pointer   |
|p_src_data_stream_1_V_empty_n  |  in |    1|   ap_fifo  | p_src_data_stream_1_V |    pointer   |
|p_src_data_stream_1_V_read     | out |    1|   ap_fifo  | p_src_data_stream_1_V |    pointer   |
|p_src_data_stream_2_V_dout     |  in |    8|   ap_fifo  | p_src_data_stream_2_V |    pointer   |
|p_src_data_stream_2_V_empty_n  |  in |    1|   ap_fifo  | p_src_data_stream_2_V |    pointer   |
|p_src_data_stream_2_V_read     | out |    1|   ap_fifo  | p_src_data_stream_2_V |    pointer   |
|p_dst_data_stream_0_V_din      | out |    8|   ap_fifo  | p_dst_data_stream_0_V |    pointer   |
|p_dst_data_stream_0_V_full_n   |  in |    1|   ap_fifo  | p_dst_data_stream_0_V |    pointer   |
|p_dst_data_stream_0_V_write    | out |    1|   ap_fifo  | p_dst_data_stream_0_V |    pointer   |
|p_dst_data_stream_1_V_din      | out |    8|   ap_fifo  | p_dst_data_stream_1_V |    pointer   |
|p_dst_data_stream_1_V_full_n   |  in |    1|   ap_fifo  | p_dst_data_stream_1_V |    pointer   |
|p_dst_data_stream_1_V_write    | out |    1|   ap_fifo  | p_dst_data_stream_1_V |    pointer   |
|p_dst_data_stream_2_V_din      | out |    8|   ap_fifo  | p_dst_data_stream_2_V |    pointer   |
|p_dst_data_stream_2_V_full_n   |  in |    1|   ap_fifo  | p_dst_data_stream_2_V |    pointer   |
|p_dst_data_stream_2_V_write    | out |    1|   ap_fifo  | p_dst_data_stream_2_V |    pointer   |
+-------------------------------+-----+-----+------------+-----------------------+--------------+

