

================================================================
== Vivado HLS Report for 'Sobel'
================================================================
* Date:           Wed Jul 28 22:30:31 2021

* Version:        2018.2 (Build 2258646 on Thu Jun 14 20:25:20 MDT 2018)
* Project:        image_filter_prj
* Solution:       solution1
* Product family: artix7
* Target device:  xc7a75tfgg484-1


================================================================
== Performance Estimates
================================================================
+ Timing (ns): 
    * Summary: 
    +--------+-------+----------+------------+
    |  Clock | Target| Estimated| Uncertainty|
    +--------+-------+----------+------------+
    |ap_clk  |  10.00|     9.698|        0.12|
    +--------+-------+----------+------------+

+ Latency (clock cycles): 
    * Summary: 
    +-----+---------+-----+---------+---------+
    |    Latency    |    Interval   | Pipeline|
    | min |   max   | min |   max   |   Type  |
    +-----+---------+-----+---------+---------+
    |  158|  2089112|  158|  2089112|   none  |
    +-----+---------+-----+---------+---------+

    + Detail: 
        * Instance: 
        +---------------------+----------+-----+---------+-----+---------+---------+
        |                     |          |    Latency    |    Interval   | Pipeline|
        |       Instance      |  Module  | min |   max   | min |   max   |   Type  |
        +---------------------+----------+-----+---------+-----+---------+---------+
        |grp_Filter2D_fu_150  |Filter2D  |  157|  2089111|  157|  2089111|   none  |
        +---------------------+----------+-----+---------+-----+---------+---------+

        * Loop: 
        N/A



================================================================
== Utilization Estimates
================================================================
* Summary: 
+-----------------+---------+-------+-------+-------+
|       Name      | BRAM_18K| DSP48E|   FF  |  LUT  |
+-----------------+---------+-------+-------+-------+
|DSP              |        -|      -|      -|      -|
|Expression       |        -|      -|      0|      2|
|FIFO             |        -|      -|      -|      -|
|Instance         |        9|      -|    876|   2883|
|Memory           |        -|      -|      -|      -|
|Multiplexer      |        -|      -|      -|     78|
|Register         |        -|      -|      4|      -|
+-----------------+---------+-------+-------+-------+
|Total            |        9|      0|    880|   2963|
+-----------------+---------+-------+-------+-------+
|Available        |      210|    180|  94400|  47200|
+-----------------+---------+-------+-------+-------+
|Utilization (%)  |        4|      0|   ~0  |      6|
+-----------------+---------+-------+-------+-------+

+ Detail: 
    * Instance: 
    +---------------------+----------+---------+-------+-----+------+
    |       Instance      |  Module  | BRAM_18K| DSP48E|  FF |  LUT |
    +---------------------+----------+---------+-------+-----+------+
    |grp_Filter2D_fu_150  |Filter2D  |        9|      0|  876|  2883|
    +---------------------+----------+---------+-------+-----+------+
    |Total                |          |        9|      0|  876|  2883|
    +---------------------+----------+---------+-------+-----+------+

    * DSP48: 
    N/A

    * Memory: 
    N/A

    * FIFO: 
    N/A

    * Expression: 
    +-----------------+----------+-------+---+----+------------+------------+
    |  Variable Name  | Operation| DSP48E| FF| LUT| Bitwidth P0| Bitwidth P1|
    +-----------------+----------+-------+---+----+------------+------------+
    |ap_block_state1  |    or    |      0|  0|   2|           1|           1|
    +-----------------+----------+-------+---+----+------------+------------+
    |Total            |          |      0|  0|   2|           1|           1|
    +-----------------+----------+-------+---+----+------------+------------+

    * Multiplexer: 
    +-----------------------------+----+-----------+-----+-----------+
    |             Name            | LUT| Input Size| Bits| Total Bits|
    +-----------------------------+----+-----------+-----+-----------+
    |ap_NS_fsm                    |  15|          3|    1|          3|
    |ap_done                      |   9|          2|    1|          2|
    |p_dst_data_stream_0_V_write  |   9|          2|    1|          2|
    |p_dst_data_stream_1_V_write  |   9|          2|    1|          2|
    |p_dst_data_stream_2_V_write  |   9|          2|    1|          2|
    |p_src_data_stream_0_V_read   |   9|          2|    1|          2|
    |p_src_data_stream_1_V_read   |   9|          2|    1|          2|
    |p_src_data_stream_2_V_read   |   9|          2|    1|          2|
    +-----------------------------+----+-----------+-----+-----------+
    |Total                        |  78|         17|    8|         17|
    +-----------------------------+----+-----------+-----+-----------+

    * Register: 
    +----------------------------------+---+----+-----+-----------+
    |               Name               | FF| LUT| Bits| Const Bits|
    +----------------------------------+---+----+-----+-----------+
    |ap_CS_fsm                         |  2|   0|    2|          0|
    |ap_done_reg                       |  1|   0|    1|          0|
    |grp_Filter2D_fu_150_ap_start_reg  |  1|   0|    1|          0|
    +----------------------------------+---+----+-----+-----------+
    |Total                             |  4|   0|    4|          0|
    +----------------------------------+---+----+-----+-----------+



================================================================
== Interface
================================================================
* Summary: 
+-------------------------------+-----+-----+------------+-----------------------+--------------+
|           RTL Ports           | Dir | Bits|  Protocol  |     Source Object     |    C Type    |
+-------------------------------+-----+-----+------------+-----------------------+--------------+
|ap_clk                         |  in |    1| ap_ctrl_hs |         Sobel         | return value |
|ap_rst                         |  in |    1| ap_ctrl_hs |         Sobel         | return value |
|ap_start                       |  in |    1| ap_ctrl_hs |         Sobel         | return value |
|ap_done                        | out |    1| ap_ctrl_hs |         Sobel         | return value |
|ap_continue                    |  in |    1| ap_ctrl_hs |         Sobel         | return value |
|ap_idle                        | out |    1| ap_ctrl_hs |         Sobel         | return value |
|ap_ready                       | out |    1| ap_ctrl_hs |         Sobel         | return value |
|p_src_rows_V                   |  in |   32|  ap_stable |      p_src_rows_V     |    scalar    |
|p_src_cols_V                   |  in |   32|  ap_stable |      p_src_cols_V     |    scalar    |
|p_src_data_stream_0_V_dout     |  in |    8|   ap_fifo  | p_src_data_stream_0_V |    pointer   |
|p_src_data_stream_0_V_empty_n  |  in |    1|   ap_fifo  | p_src_data_stream_0_V |    pointer   |
|p_src_data_stream_0_V_read     | out |    1|   ap_fifo  | p_src_data_stream_0_V |    pointer   |
|p_src_data_stream_1_V_dout     |  in |    8|   ap_fifo  | p_src_data_stream_1_V |    pointer   |
|p_src_data_stream_1_V_empty_n  |  in |    1|   ap_fifo  | p_src_data_stream_1_V |    pointer   |
|p_src_data_stream_1_V_read     | out |    1|   ap_fifo  | p_src_data_stream_1_V |    pointer   |
|p_src_data_stream_2_V_dout     |  in |    8|   ap_fifo  | p_src_data_stream_2_V |    pointer   |
|p_src_data_stream_2_V_empty_n  |  in |    1|   ap_fifo  | p_src_data_stream_2_V |    pointer   |
|p_src_data_stream_2_V_read     | out |    1|   ap_fifo  | p_src_data_stream_2_V |    pointer   |
|p_dst_data_stream_0_V_din      | out |    8|   ap_fifo  | p_dst_data_stream_0_V |    pointer   |
|p_dst_data_stream_0_V_full_n   |  in |    1|   ap_fifo  | p_dst_data_stream_0_V |    pointer   |
|p_dst_data_stream_0_V_write    | out |    1|   ap_fifo  | p_dst_data_stream_0_V |    pointer   |
|p_dst_data_stream_1_V_din      | out |    8|   ap_fifo  | p_dst_data_stream_1_V |    pointer   |
|p_dst_data_stream_1_V_full_n   |  in |    1|   ap_fifo  | p_dst_data_stream_1_V |    pointer   |
|p_dst_data_stream_1_V_write    | out |    1|   ap_fifo  | p_dst_data_stream_1_V |    pointer   |
|p_dst_data_stream_2_V_din      | out |    8|   ap_fifo  | p_dst_data_stream_2_V |    pointer   |
|p_dst_data_stream_2_V_full_n   |  in |    1|   ap_fifo  | p_dst_data_stream_2_V |    pointer   |
|p_dst_data_stream_2_V_write    | out |    1|   ap_fifo  | p_dst_data_stream_2_V |    pointer   |
+-------------------------------+-----+-----+------------+-----------------------+--------------+

