INFO: [COSIM-47] Using XSIM for RTL simulation.
INFO: [COSIM-14] Instrumenting C test bench ...
   Build using "D:/Xilinx/Vivado/2018.2/msys64/mingw64/bin/g++"
   Compiling image_filter.cpp_pre.cpp.tb.cpp
   Compiling test.cpp_pre.cpp.tb.cpp
   Compiling apatb_image_filter.cpp
   Compiling opencv_top.cpp_pre.cpp.tb.cpp
   Generating cosim.tv.exe
INFO: [COSIM-302] Starting C TB testing ... 
INFO: [COSIM-333] Generating C post check test bench ...
   Build using "D:/Xilinx/Vivado/2018.2/msys64/mingw64/bin/g++"
   Compiling image_filter.cpp_pre.cpp.tb.cpp
   Compiling test.cpp_pre.cpp.tb.cpp
   Compiling apatb_image_filter.cpp
   Compiling opencv_top.cpp_pre.cpp.tb.cpp
   Generating cosim.tv.exe
INFO: [COSIM-12] Generating RTL test bench ...
INFO: [COSIM-323] Starting verilog simulation. 
Test Passed!
INFO: [COSIM-1000] *** C/RTL co-simulation finished: PASS ***
INFO: [COSIM-211] II is measurable only when transaction number is greater than 1 in RTL simulation. Otherwise, they will be marked as all NA. If user wants to calculate them, please make sure there are at least 2 transactions in RTL simulation.
